   1              	 .syntax unified
   2              	 .cpu cortex-m4
   3              	 .eabi_attribute 27,3
   4              	 .fpu fpv4-sp-d16
   5              	 .eabi_attribute 20,1
   6              	 .eabi_attribute 21,1
   7              	 .eabi_attribute 23,3
   8              	 .eabi_attribute 24,1
   9              	 .eabi_attribute 25,1
  10              	 .eabi_attribute 26,1
  11              	 .eabi_attribute 30,6
  12              	 .eabi_attribute 34,1
  13              	 .eabi_attribute 18,4
  14              	 .thumb
  15              	 .file "global_can.c"
  16              	 .text
  17              	.Ltext0:
  18              	 .cfi_sections .debug_frame
  19              	 .section .text.GLOBAL_CAN_GetAppVersion,"ax",%progbits
  20              	 .align 2
  21              	 .global GLOBAL_CAN_GetAppVersion
  22              	 .thumb
  23              	 .thumb_func
  25              	GLOBAL_CAN_GetAppVersion:
  26              	.LFB233:
  27              	 .file 1 "../Dave/Generated/GLOBAL_CAN/global_can.c"
   1:../Dave/Generated/GLOBAL_CAN/global_can.c **** /**
   2:../Dave/Generated/GLOBAL_CAN/global_can.c ****  * @file global_can.c
   3:../Dave/Generated/GLOBAL_CAN/global_can.c ****  * @date 2015-06-30
   4:../Dave/Generated/GLOBAL_CAN/global_can.c ****  *
   5:../Dave/Generated/GLOBAL_CAN/global_can.c ****  * NOTE:
   6:../Dave/Generated/GLOBAL_CAN/global_can.c ****  * This file is generated by DAVE. Any manual modification done to this file will be lost when the 
   7:../Dave/Generated/GLOBAL_CAN/global_can.c ****  *
   8:../Dave/Generated/GLOBAL_CAN/global_can.c ****  * @cond
   9:../Dave/Generated/GLOBAL_CAN/global_can.c ****  **************************************************************************************************
  10:../Dave/Generated/GLOBAL_CAN/global_can.c ****  * GLOBAL_CAN v4.0.16 - Configures global resources of MultiCAN module.
  11:../Dave/Generated/GLOBAL_CAN/global_can.c ****  *
  12:../Dave/Generated/GLOBAL_CAN/global_can.c ****  * Copyright (c) 2015-2016, Infineon Technologies AG
  13:../Dave/Generated/GLOBAL_CAN/global_can.c ****  * All rights reserved.
  14:../Dave/Generated/GLOBAL_CAN/global_can.c ****  *
  15:../Dave/Generated/GLOBAL_CAN/global_can.c ****  * Redistribution and use in source and binary forms, with or without modification,are permitted pr
  16:../Dave/Generated/GLOBAL_CAN/global_can.c ****  * following conditions are met:
  17:../Dave/Generated/GLOBAL_CAN/global_can.c ****  *
  18:../Dave/Generated/GLOBAL_CAN/global_can.c ****  *   Redistributions of source code must retain the above copyright notice, this list of conditions
  19:../Dave/Generated/GLOBAL_CAN/global_can.c ****  *   disclaimer.
  20:../Dave/Generated/GLOBAL_CAN/global_can.c ****  *
  21:../Dave/Generated/GLOBAL_CAN/global_can.c ****  *   Redistributions in binary form must reproduce the above copyright notice, this list of conditi
  22:../Dave/Generated/GLOBAL_CAN/global_can.c ****  *   following disclaimer in the documentation and/or other materials provided with the distributio
  23:../Dave/Generated/GLOBAL_CAN/global_can.c ****  *
  24:../Dave/Generated/GLOBAL_CAN/global_can.c ****  *   Neither the name of the copyright holders nor the names of its contributors may be used to end
  25:../Dave/Generated/GLOBAL_CAN/global_can.c ****  *   products derived from this software without specific prior written permission.
  26:../Dave/Generated/GLOBAL_CAN/global_can.c ****  *
  27:../Dave/Generated/GLOBAL_CAN/global_can.c ****  * THIS SOFTWARE IS PROVIDED BY THE COPYRIGHT HOLDERS AND CONTRIBUTORS "AS IS" AND ANY EXPRESS OR I
  28:../Dave/Generated/GLOBAL_CAN/global_can.c ****  * INCLUDING, BUT NOT LIMITED TO, THE IMPLIED WARRANTIES OF MERCHANTABILITY AND FITNESS FOR A PARTI
  29:../Dave/Generated/GLOBAL_CAN/global_can.c ****  * DISCLAIMED. IN NO EVENT SHALL THE COPYRIGHT HOLDER OR CONTRIBUTORS BE LIABLE  FOR ANY DIRECT, IN
  30:../Dave/Generated/GLOBAL_CAN/global_can.c ****  * SPECIAL, EXEMPLARY, OR CONSEQUENTIAL DAMAGES (INCLUDING, BUT NOT LIMITED TO, PROCUREMENT OF SUBS
  31:../Dave/Generated/GLOBAL_CAN/global_can.c ****  * SERVICES; LOSS OF USE, DATA, OR PROFITS; OR BUSINESS INTERRUPTION) HOWEVER CAUSED AND ON ANY THE
  32:../Dave/Generated/GLOBAL_CAN/global_can.c ****  * WHETHER IN CONTRACT, STRICT LIABILITY,OR TORT (INCLUDING NEGLIGENCE OR OTHERWISE) ARISING IN ANY
  33:../Dave/Generated/GLOBAL_CAN/global_can.c ****  * USE OF THIS SOFTWARE, EVEN IF ADVISED OF THE POSSIBILITY OF SUCH DAMAGE.
  34:../Dave/Generated/GLOBAL_CAN/global_can.c ****  *
  35:../Dave/Generated/GLOBAL_CAN/global_can.c ****  * To improve the quality of the software, users are encouraged to share modifications, enhancement
  36:../Dave/Generated/GLOBAL_CAN/global_can.c ****  * with Infineon Technologies AG (dave@infineon.com).
  37:../Dave/Generated/GLOBAL_CAN/global_can.c ****  **************************************************************************************************
  38:../Dave/Generated/GLOBAL_CAN/global_can.c ****  * Change History
  39:../Dave/Generated/GLOBAL_CAN/global_can.c ****  * --------------
  40:../Dave/Generated/GLOBAL_CAN/global_can.c ****  *
  41:../Dave/Generated/GLOBAL_CAN/global_can.c ****  * 2015-02-16:
  42:../Dave/Generated/GLOBAL_CAN/global_can.c ****  *     - Initial version<br>
  43:../Dave/Generated/GLOBAL_CAN/global_can.c ****  *
  44:../Dave/Generated/GLOBAL_CAN/global_can.c ****  * 2015-05-19:
  45:../Dave/Generated/GLOBAL_CAN/global_can.c ****  *     - XMC_ASSERT debug statement is added in all API's.<br>
  46:../Dave/Generated/GLOBAL_CAN/global_can.c ****  *
  47:../Dave/Generated/GLOBAL_CAN/global_can.c ****  * 2015-06-18:
  48:../Dave/Generated/GLOBAL_CAN/global_can.c ****  *     - LLD version change is removed.<br>
  49:../Dave/Generated/GLOBAL_CAN/global_can.c ****  *
  50:../Dave/Generated/GLOBAL_CAN/global_can.c ****  * 2015-06-30:
  51:../Dave/Generated/GLOBAL_CAN/global_can.c ****  *     - GLOBAL_CAN_Enable() and GLOBAL_CAN_Disable() APIs are removed.<br>
  52:../Dave/Generated/GLOBAL_CAN/global_can.c ****  *
  53:../Dave/Generated/GLOBAL_CAN/global_can.c ****  *
  54:../Dave/Generated/GLOBAL_CAN/global_can.c ****  * @endcond
  55:../Dave/Generated/GLOBAL_CAN/global_can.c ****  *
  56:../Dave/Generated/GLOBAL_CAN/global_can.c ****  */
  57:../Dave/Generated/GLOBAL_CAN/global_can.c **** 
  58:../Dave/Generated/GLOBAL_CAN/global_can.c **** /**************************************************************************************************
  59:../Dave/Generated/GLOBAL_CAN/global_can.c ****  * HEADER FILES
  60:../Dave/Generated/GLOBAL_CAN/global_can.c ****  **************************************************************************************************
  61:../Dave/Generated/GLOBAL_CAN/global_can.c **** #include "global_can.h"
  62:../Dave/Generated/GLOBAL_CAN/global_can.c **** 
  63:../Dave/Generated/GLOBAL_CAN/global_can.c **** /**************************************************************************************************
  64:../Dave/Generated/GLOBAL_CAN/global_can.c ****  * MACROS
  65:../Dave/Generated/GLOBAL_CAN/global_can.c ****  **************************************************************************************************
  66:../Dave/Generated/GLOBAL_CAN/global_can.c **** 
  67:../Dave/Generated/GLOBAL_CAN/global_can.c **** /**************************************************************************************************
  68:../Dave/Generated/GLOBAL_CAN/global_can.c ****  * LOCAL DATA
  69:../Dave/Generated/GLOBAL_CAN/global_can.c ****  **************************************************************************************************
  70:../Dave/Generated/GLOBAL_CAN/global_can.c **** 
  71:../Dave/Generated/GLOBAL_CAN/global_can.c **** /**************************************************************************************************
  72:../Dave/Generated/GLOBAL_CAN/global_can.c ****  * LOCAL ROUTINES
  73:../Dave/Generated/GLOBAL_CAN/global_can.c ****  **************************************************************************************************
  74:../Dave/Generated/GLOBAL_CAN/global_can.c **** 
  75:../Dave/Generated/GLOBAL_CAN/global_can.c **** /**************************************************************************************************
  76:../Dave/Generated/GLOBAL_CAN/global_can.c ****  * API IMPLEMENTATION
  77:../Dave/Generated/GLOBAL_CAN/global_can.c ****  **************************************************************************************************
  78:../Dave/Generated/GLOBAL_CAN/global_can.c **** 
  79:../Dave/Generated/GLOBAL_CAN/global_can.c **** /* API to retrieve the version of the GLOBAL_CAN APP  */
  80:../Dave/Generated/GLOBAL_CAN/global_can.c **** DAVE_APP_VERSION_t GLOBAL_CAN_GetAppVersion()
  81:../Dave/Generated/GLOBAL_CAN/global_can.c **** {
  28              	 .loc 1 81 0
  29              	 .cfi_startproc
  30              	 
  31              	 
  32              	 
  33 0000 80B4     	 push {r7}
  34              	 .cfi_def_cfa_offset 4
  35              	 .cfi_offset 7,-4
  36 0002 83B0     	 sub sp,sp,#12
  37              	 .cfi_def_cfa_offset 16
  38 0004 00AF     	 add r7,sp,#0
  39              	 .cfi_def_cfa_register 7
  82:../Dave/Generated/GLOBAL_CAN/global_can.c ****   DAVE_APP_VERSION_t version;
  83:../Dave/Generated/GLOBAL_CAN/global_can.c **** 
  84:../Dave/Generated/GLOBAL_CAN/global_can.c ****   version.major = (uint8_t)GLOBAL_CAN_MAJOR_VERSION;
  40              	 .loc 1 84 0
  41 0006 0423     	 movs r3,#4
  42 0008 3B70     	 strb r3,[r7]
  85:../Dave/Generated/GLOBAL_CAN/global_can.c ****   version.minor = (uint8_t)GLOBAL_CAN_MINOR_VERSION;
  43              	 .loc 1 85 0
  44 000a 0023     	 movs r3,#0
  45 000c 7B70     	 strb r3,[r7,#1]
  86:../Dave/Generated/GLOBAL_CAN/global_can.c ****   version.patch = (uint8_t)GLOBAL_CAN_PATCH_VERSION;
  46              	 .loc 1 86 0
  47 000e 1023     	 movs r3,#16
  48 0010 BB70     	 strb r3,[r7,#2]
  87:../Dave/Generated/GLOBAL_CAN/global_can.c **** 
  88:../Dave/Generated/GLOBAL_CAN/global_can.c ****   return (version);
  49              	 .loc 1 88 0
  50 0012 3B1D     	 adds r3,r7,#4
  51 0014 3A46     	 mov r2,r7
  52 0016 1268     	 ldr r2,[r2]
  53 0018 1146     	 mov r1,r2
  54 001a 1980     	 strh r1,[r3]
  55 001c 0233     	 adds r3,r3,#2
  56 001e 120C     	 lsrs r2,r2,#16
  57 0020 1A70     	 strb r2,[r3]
  58 0022 0023     	 movs r3,#0
  59 0024 3A79     	 ldrb r2,[r7,#4]
  60 0026 62F30703 	 bfi r3,r2,#0,#8
  61 002a 7A79     	 ldrb r2,[r7,#5]
  62 002c 62F30F23 	 bfi r3,r2,#8,#8
  63 0030 BA79     	 ldrb r2,[r7,#6]
  64 0032 62F31743 	 bfi r3,r2,#16,#8
  89:../Dave/Generated/GLOBAL_CAN/global_can.c **** }
  65              	 .loc 1 89 0
  66 0036 1846     	 mov r0,r3
  67 0038 0C37     	 adds r7,r7,#12
  68              	 .cfi_def_cfa_offset 4
  69 003a BD46     	 mov sp,r7
  70              	 .cfi_def_cfa_register 13
  71              	 
  72 003c 5DF8047B 	 ldr r7,[sp],#4
  73              	 .cfi_restore 7
  74              	 .cfi_def_cfa_offset 0
  75 0040 7047     	 bx lr
  76              	 .cfi_endproc
  77              	.LFE233:
  79 0042 00BF     	 .section .text.GLOBAL_CAN_Init,"ax",%progbits
  80              	 .align 2
  81              	 .global GLOBAL_CAN_Init
  82              	 .thumb
  83              	 .thumb_func
  85              	GLOBAL_CAN_Init:
  86              	.LFB234:
  90:../Dave/Generated/GLOBAL_CAN/global_can.c **** 
  91:../Dave/Generated/GLOBAL_CAN/global_can.c **** /*  Function to initialize the CAN Peripheral module clock.  */
  92:../Dave/Generated/GLOBAL_CAN/global_can.c **** GLOBAL_CAN_STATUS_t GLOBAL_CAN_Init(GLOBAL_CAN_t *handle)
  93:../Dave/Generated/GLOBAL_CAN/global_can.c **** {
  87              	 .loc 1 93 0
  88              	 .cfi_startproc
  89              	 
  90              	 
  91 0000 80B5     	 push {r7,lr}
  92              	 .cfi_def_cfa_offset 8
  93              	 .cfi_offset 7,-8
  94              	 .cfi_offset 14,-4
  95 0002 84B0     	 sub sp,sp,#16
  96              	 .cfi_def_cfa_offset 24
  97 0004 00AF     	 add r7,sp,#0
  98              	 .cfi_def_cfa_register 7
  99 0006 7860     	 str r0,[r7,#4]
  94:../Dave/Generated/GLOBAL_CAN/global_can.c ****   GLOBAL_CAN_STATUS_t status = GLOBAL_CAN_STATUS_SUCCESS;
 100              	 .loc 1 94 0
 101 0008 0023     	 movs r3,#0
 102 000a FB73     	 strb r3,[r7,#15]
  95:../Dave/Generated/GLOBAL_CAN/global_can.c **** 
  96:../Dave/Generated/GLOBAL_CAN/global_can.c ****   XMC_ASSERT("GLOBAL_CAN_Init: handle null", handle != NULL);
  97:../Dave/Generated/GLOBAL_CAN/global_can.c **** 
  98:../Dave/Generated/GLOBAL_CAN/global_can.c ****   if (handle->init_status != true)
 103              	 .loc 1 98 0
 104 000c 7B68     	 ldr r3,[r7,#4]
 105 000e 5B7A     	 ldrb r3,[r3,#9]
 106 0010 83F00103 	 eor r3,r3,#1
 107 0014 DBB2     	 uxtb r3,r3
 108 0016 002B     	 cmp r3,#0
 109 0018 0CD0     	 beq .L4
  99:../Dave/Generated/GLOBAL_CAN/global_can.c ****   {
 100:../Dave/Generated/GLOBAL_CAN/global_can.c **** #if defined(MULTICAN_PLUS)
 101:../Dave/Generated/GLOBAL_CAN/global_can.c ****     XMC_CAN_Init(handle->canglobal_ptr, (XMC_CAN_CANCLKSRC_t)handle->can_clock_src, handle->can_fre
 102:../Dave/Generated/GLOBAL_CAN/global_can.c **** #else
 103:../Dave/Generated/GLOBAL_CAN/global_can.c ****     XMC_CAN_Init(handle->canglobal_ptr, handle->can_frequency);
 110              	 .loc 1 103 0
 111 001a 7B68     	 ldr r3,[r7,#4]
 112 001c 5A68     	 ldr r2,[r3,#4]
 113 001e 7B68     	 ldr r3,[r7,#4]
 114 0020 1B68     	 ldr r3,[r3]
 115 0022 1046     	 mov r0,r2
 116 0024 1946     	 mov r1,r3
 117 0026 FFF7FEFF 	 bl XMC_CAN_Init
 104:../Dave/Generated/GLOBAL_CAN/global_can.c **** #endif
 105:../Dave/Generated/GLOBAL_CAN/global_can.c ****     handle->init_status = true;
 118              	 .loc 1 105 0
 119 002a 7B68     	 ldr r3,[r7,#4]
 120 002c 0122     	 movs r2,#1
 121 002e 5A72     	 strb r2,[r3,#9]
 106:../Dave/Generated/GLOBAL_CAN/global_can.c ****     status = GLOBAL_CAN_STATUS_SUCCESS;
 122              	 .loc 1 106 0
 123 0030 0023     	 movs r3,#0
 124 0032 FB73     	 strb r3,[r7,#15]
 125              	.L4:
 107:../Dave/Generated/GLOBAL_CAN/global_can.c ****   }
 108:../Dave/Generated/GLOBAL_CAN/global_can.c ****   return (status);
 126              	 .loc 1 108 0
 127 0034 FB7B     	 ldrb r3,[r7,#15]
 109:../Dave/Generated/GLOBAL_CAN/global_can.c **** 
 110:../Dave/Generated/GLOBAL_CAN/global_can.c **** }
 128              	 .loc 1 110 0
 129 0036 1846     	 mov r0,r3
 130 0038 1037     	 adds r7,r7,#16
 131              	 .cfi_def_cfa_offset 8
 132 003a BD46     	 mov sp,r7
 133              	 .cfi_def_cfa_register 13
 134              	 
 135 003c 80BD     	 pop {r7,pc}
 136              	 .cfi_endproc
 137              	.LFE234:
 139 003e 00BF     	 .text
 140              	.Letext0:
 141              	 .file 2 "c:\\infineon\\tools\\dave ide\\4.5.0.202105191637\\eclipse\\arm-gcc-49\\arm-none-eabi\\include\\machine\\_default_types.h"
 142              	 .file 3 "c:\\infineon\\tools\\dave ide\\4.5.0.202105191637\\eclipse\\arm-gcc-49\\arm-none-eabi\\include\\stdint.h"
 143              	 .file 4 "C:/Users/Yoshi/Documents/GitHub/Software/01_jrg/04_CANModule/CAN_Modul_keckvale_AH/Libraries/CMSIS/Infineon/XMC4500_series/Include/XMC4500.h"
 144              	 .file 5 "C:/Users/Yoshi/Documents/GitHub/Software/01_jrg/04_CANModule/CAN_Modul_keckvale_AH/Libraries/XMCLib/inc/xmc_can.h"
 145              	 .file 6 "C:/Users/Yoshi/Documents/GitHub/Software/01_jrg/04_CANModule/CAN_Modul_keckvale_AH/Dave/Generated/DAVE_Common.h"
 146              	 .file 7 "../Dave/Generated/GLOBAL_CAN/global_can.h"
 147              	 .file 8 "C:/Users/Yoshi/Documents/GitHub/Software/01_jrg/04_CANModule/CAN_Modul_keckvale_AH/Libraries/CMSIS/Include/cmsis_gcc.h"
 148              	 .file 9 "C:/Users/Yoshi/Documents/GitHub/Software/01_jrg/04_CANModule/CAN_Modul_keckvale_AH/Libraries/CMSIS/Include/core_cm4.h"
 149              	 .file 10 "C:/Users/Yoshi/Documents/GitHub/Software/01_jrg/04_CANModule/CAN_Modul_keckvale_AH/Libraries/CMSIS/Infineon/XMC4500_series/Include/system_XMC4500.h"
DEFINED SYMBOLS
                            *ABS*:00000000 global_can.c
    {standard input}:20     .text.GLOBAL_CAN_GetAppVersion:00000000 $t
    {standard input}:25     .text.GLOBAL_CAN_GetAppVersion:00000000 GLOBAL_CAN_GetAppVersion
    {standard input}:80     .text.GLOBAL_CAN_Init:00000000 $t
    {standard input}:85     .text.GLOBAL_CAN_Init:00000000 GLOBAL_CAN_Init
                     .debug_frame:00000010 $d

UNDEFINED SYMBOLS
XMC_CAN_Init
