   1              	 .syntax unified
   2              	 .cpu cortex-m4
   3              	 .eabi_attribute 27,3
   4              	 .fpu fpv4-sp-d16
   5              	 .eabi_attribute 20,1
   6              	 .eabi_attribute 21,1
   7              	 .eabi_attribute 23,3
   8              	 .eabi_attribute 24,1
   9              	 .eabi_attribute 25,1
  10              	 .eabi_attribute 26,1
  11              	 .eabi_attribute 30,4
  12              	 .eabi_attribute 34,1
  13              	 .eabi_attribute 18,4
  14              	 .thumb
  15              	 .file "watchdog.c"
  16              	 .section .text.WATCHDOG_GetAppVersion,"ax",%progbits
  17              	 .align 1
  18              	 .global WATCHDOG_GetAppVersion
  19              	 .thumb
  20              	 .thumb_func
  22              	WATCHDOG_GetAppVersion:
  23              	 
  24              	 
  25              	 
  26 0000 0023     	 movs r3,#0
  27 0002 1846     	 mov r0,r3
  28 0004 0422     	 movs r2,#4
  29 0006 62F30700 	 bfi r0,r2,#0,#8
  30 000a 63F30F20 	 bfi r0,r3,#8,#8
  31 000e 0E23     	 movs r3,#14
  32 0010 63F31740 	 bfi r0,r3,#16,#8
  33 0014 82B0     	 sub sp,sp,#8
  34 0016 02B0     	 add sp,sp,#8
  35              	 
  36 0018 7047     	 bx lr
  38              	 .section .text.WATCHDOG_lPrewarning_Configure,"ax",%progbits
  39              	 .align 1
  40              	 .global WATCHDOG_lPrewarning_Configure
  41              	 .thumb
  42              	 .thumb_func
  44              	WATCHDOG_lPrewarning_Configure:
  45              	 
  46              	 
  47 0000 08B5     	 push {r3,lr}
  48 0002 0120     	 movs r0,#1
  49 0004 FFF7FEFF 	 bl XMC_SCU_INTERRUPT_EnableEvent
  50 0008 0120     	 movs r0,#1
  51 000a FFF7FEFF 	 bl XMC_SCU_INTERRUPT_EnableNmiRequest
  52 000e 0020     	 movs r0,#0
  53 0010 08BD     	 pop {r3,pc}
  55              	 .section .text.WATCHDOG_Init,"ax",%progbits
  56              	 .align 1
  57              	 .global WATCHDOG_Init
  58              	 .thumb
  59              	 .thumb_func
  61              	WATCHDOG_Init:
  62              	 
  63              	 
  64 0000 38B5     	 push {r3,r4,r5,lr}
  65 0002 0379     	 ldrb r3,[r0,#4]
  66 0004 0546     	 mov r5,r0
  67 0006 53B9     	 cbnz r3,.L5
  68 0008 FFF7FEFF 	 bl WATCHDOG_lPrewarning_Configure
  69 000c 0128     	 cmp r0,#1
  70 000e 0446     	 mov r4,r0
  71 0010 06D0     	 beq .L4
  72 0012 2868     	 ldr r0,[r5]
  73 0014 FFF7FEFF 	 bl XMC_WDT_Init
  74 0018 0123     	 movs r3,#1
  75 001a 2B71     	 strb r3,[r5,#4]
  76 001c 00E0     	 b .L4
  77              	.L5:
  78 001e 0024     	 movs r4,#0
  79              	.L4:
  80 0020 2046     	 mov r0,r4
  81 0022 38BD     	 pop {r3,r4,r5,pc}
  83              	 .ident "GCC: (GNU Tools for ARM Embedded Processors) 4.9.3 20141119 (release) [ARM/embedded-4_9-branch revision 218278]"
DEFINED SYMBOLS
                            *ABS*:00000000 watchdog.c
    {standard input}:17     .text.WATCHDOG_GetAppVersion:00000000 $t
    {standard input}:22     .text.WATCHDOG_GetAppVersion:00000000 WATCHDOG_GetAppVersion
    {standard input}:39     .text.WATCHDOG_lPrewarning_Configure:00000000 $t
    {standard input}:44     .text.WATCHDOG_lPrewarning_Configure:00000000 WATCHDOG_lPrewarning_Configure
    {standard input}:56     .text.WATCHDOG_Init:00000000 $t
    {standard input}:61     .text.WATCHDOG_Init:00000000 WATCHDOG_Init

UNDEFINED SYMBOLS
XMC_SCU_INTERRUPT_EnableEvent
XMC_SCU_INTERRUPT_EnableNmiRequest
XMC_WDT_Init
