   1              	 .syntax unified
   2              	 .cpu cortex-m4
   3              	 .eabi_attribute 27,3
   4              	 .fpu fpv4-sp-d16
   5              	 .eabi_attribute 20,1
   6              	 .eabi_attribute 21,1
   7              	 .eabi_attribute 23,3
   8              	 .eabi_attribute 24,1
   9              	 .eabi_attribute 25,1
  10              	 .eabi_attribute 26,1
  11              	 .eabi_attribute 30,6
  12              	 .eabi_attribute 34,1
  13              	 .eabi_attribute 18,4
  14              	 .thumb
  15              	 .file "ANA_Read.c"
  16              	 .text
  17              	.Ltext0:
  18              	 .cfi_sections .debug_frame
  19              	 .comm time,4,4
  20              	 .comm T_Oil,44,4
  21              	 .comm T_Water,44,4
  22              	 .comm p_Oil,44,4
  23              	 .comm p_Pneu,44,4
  24              	 .comm x_DP_RL,44,4
  25              	 .comm x_DP_RR,44,4
  26              	 .comm x_RH_RL,44,4
  27              	 .comm x_RH_RR,44,4
  28              	 .comm f_LC_RL,44,4
  29              	 .comm f_LC_RR,44,4
  30              	 .comm T_Board,44,4
  31              	 .comm u_12V_Meas,44,4
  32              	 .comm u_5V_ANA_Meas,44,4
  33              	 .comm u_OUT1_Meas,44,4
  34              	 .comm u_OUT2_Meas,44,4
  35              	 .comm NTC1,44,4
  36              	 .comm Buffer_Average_Filter,10,4
  37              	 .comm i_Buffer_average,1,1
  38              	 .section .text.ANA_Read,"ax",%progbits
  39              	 .align 2
  40              	 .global ANA_Read
  41              	 .thumb
  42              	 .thumb_func
  44              	ANA_Read:
  45              	.LFB387:
  46              	 .file 1 "../ANA_Read.c"
   1:../ANA_Read.c **** /*
   2:../ANA_Read.c ****  * ANA_Read.c
   3:../ANA_Read.c ****  *
   4:../ANA_Read.c ****  *  Created on: 3 Dec 2019
   5:../ANA_Read.c ****  *      Author: Valentin Keck
   6:../ANA_Read.c ****  */
   7:../ANA_Read.c **** #include "Header.h"
   8:../ANA_Read.c **** #include "ANA_Init.h"
   9:../ANA_Read.c **** #include "Average_Filter.h"
  10:../ANA_Read.c **** 
  11:../ANA_Read.c **** void ANA_Read(Analog_Sensor_t *const Sensor)
  12:../ANA_Read.c **** {
  47              	 .loc 1 12 0
  48              	 .cfi_startproc
  49              	 
  50              	 
  51 0000 80B5     	 push {r7,lr}
  52              	 .cfi_def_cfa_offset 8
  53              	 .cfi_offset 7,-8
  54              	 .cfi_offset 14,-4
  55 0002 82B0     	 sub sp,sp,#8
  56              	 .cfi_def_cfa_offset 16
  57 0004 00AF     	 add r7,sp,#0
  58              	 .cfi_def_cfa_register 7
  59 0006 7860     	 str r0,[r7,#4]
  13:../ANA_Read.c **** 
  14:../ANA_Read.c **** 	//-----------Read-------------
  15:../ANA_Read.c **** 
  16:../ANA_Read.c **** 	if(Sensor->Type == Linear)
  60              	 .loc 1 16 0
  61 0008 7B68     	 ldr r3,[r7,#4]
  62 000a 93F82030 	 ldrb r3,[r3,#32]
  63 000e 002B     	 cmp r3,#0
  64 0010 09D1     	 bne .L2
  17:../ANA_Read.c **** 		Sensor->Value = ADC_MEASUREMENT_GetResult(Sensor->Channel); //3.3V = 4095 uint16_t
  65              	 .loc 1 17 0
  66 0012 7B68     	 ldr r3,[r7,#4]
  67 0014 DB69     	 ldr r3,[r3,#28]
  68 0016 1846     	 mov r0,r3
  69 0018 FFF7FEFF 	 bl ADC_MEASUREMENT_GetResult
  70 001c 0346     	 mov r3,r0
  71 001e 1A46     	 mov r2,r3
  72 0020 7B68     	 ldr r3,[r7,#4]
  73 0022 1A80     	 strh r2,[r3]
  74 0024 5DE0     	 b .L3
  75              	.L2:
  18:../ANA_Read.c **** 
  19:../ANA_Read.c **** 	else if(Sensor->Type == Pressure)
  76              	 .loc 1 19 0
  77 0026 7B68     	 ldr r3,[r7,#4]
  78 0028 93F82030 	 ldrb r3,[r3,#32]
  79 002c 032B     	 cmp r3,#3
  80 002e 09D1     	 bne .L4
  20:../ANA_Read.c **** 		Sensor->Value = ADC_MEASUREMENT_GetResult(Sensor->Channel);
  81              	 .loc 1 20 0
  82 0030 7B68     	 ldr r3,[r7,#4]
  83 0032 DB69     	 ldr r3,[r3,#28]
  84 0034 1846     	 mov r0,r3
  85 0036 FFF7FEFF 	 bl ADC_MEASUREMENT_GetResult
  86 003a 0346     	 mov r3,r0
  87 003c 1A46     	 mov r2,r3
  88 003e 7B68     	 ldr r3,[r7,#4]
  89 0040 1A80     	 strh r2,[r3]
  90 0042 4EE0     	 b .L3
  91              	.L4:
  21:../ANA_Read.c **** 
  22:../ANA_Read.c **** 	else if(Sensor->Type == RideHeight)
  92              	 .loc 1 22 0
  93 0044 7B68     	 ldr r3,[r7,#4]
  94 0046 93F82030 	 ldrb r3,[r3,#32]
  95 004a 012B     	 cmp r3,#1
  96 004c 09D1     	 bne .L5
  23:../ANA_Read.c **** 		Sensor->Value = ADC_MEASUREMENT_GetResult(Sensor->Channel);
  97              	 .loc 1 23 0
  98 004e 7B68     	 ldr r3,[r7,#4]
  99 0050 DB69     	 ldr r3,[r3,#28]
 100 0052 1846     	 mov r0,r3
 101 0054 FFF7FEFF 	 bl ADC_MEASUREMENT_GetResult
 102 0058 0346     	 mov r3,r0
 103 005a 1A46     	 mov r2,r3
 104 005c 7B68     	 ldr r3,[r7,#4]
 105 005e 1A80     	 strh r2,[r3]
 106 0060 3FE0     	 b .L3
 107              	.L5:
  24:../ANA_Read.c **** 
  25:../ANA_Read.c **** 	else if((Sensor->Type == NTC)||(Sensor->Type == NTC_Board))
 108              	 .loc 1 25 0
 109 0062 7B68     	 ldr r3,[r7,#4]
 110 0064 93F82030 	 ldrb r3,[r3,#32]
 111 0068 022B     	 cmp r3,#2
 112 006a 04D0     	 beq .L6
 113              	 .loc 1 25 0 is_stmt 0 discriminator 1
 114 006c 7B68     	 ldr r3,[r7,#4]
 115 006e 93F82030 	 ldrb r3,[r3,#32]
 116 0072 062B     	 cmp r3,#6
 117 0074 09D1     	 bne .L7
 118              	.L6:
  26:../ANA_Read.c **** 		Sensor->Value = ADC_MEASUREMENT_GetResult(Sensor->Channel);
 119              	 .loc 1 26 0 is_stmt 1
 120 0076 7B68     	 ldr r3,[r7,#4]
 121 0078 DB69     	 ldr r3,[r3,#28]
 122 007a 1846     	 mov r0,r3
 123 007c FFF7FEFF 	 bl ADC_MEASUREMENT_GetResult
 124 0080 0346     	 mov r3,r0
 125 0082 1A46     	 mov r2,r3
 126 0084 7B68     	 ldr r3,[r7,#4]
 127 0086 1A80     	 strh r2,[r3]
 128 0088 2BE0     	 b .L3
 129              	.L7:
  27:../ANA_Read.c **** 
  28:../ANA_Read.c **** 	else if(Sensor->Type == LoadCell_RL)
 130              	 .loc 1 28 0
 131 008a 7B68     	 ldr r3,[r7,#4]
 132 008c 93F82030 	 ldrb r3,[r3,#32]
 133 0090 042B     	 cmp r3,#4
 134 0092 09D1     	 bne .L8
  29:../ANA_Read.c **** 		Sensor->Value = ADC_MEASUREMENT_GetResult(Sensor->Channel);
 135              	 .loc 1 29 0
 136 0094 7B68     	 ldr r3,[r7,#4]
 137 0096 DB69     	 ldr r3,[r3,#28]
 138 0098 1846     	 mov r0,r3
 139 009a FFF7FEFF 	 bl ADC_MEASUREMENT_GetResult
 140 009e 0346     	 mov r3,r0
 141 00a0 1A46     	 mov r2,r3
 142 00a2 7B68     	 ldr r3,[r7,#4]
 143 00a4 1A80     	 strh r2,[r3]
 144 00a6 1CE0     	 b .L3
 145              	.L8:
  30:../ANA_Read.c **** 
  31:../ANA_Read.c **** 	else if(Sensor->Type == LoadCell_RR)
 146              	 .loc 1 31 0
 147 00a8 7B68     	 ldr r3,[r7,#4]
 148 00aa 93F82030 	 ldrb r3,[r3,#32]
 149 00ae 052B     	 cmp r3,#5
 150 00b0 09D1     	 bne .L9
  32:../ANA_Read.c **** 		Sensor->Value = ADC_MEASUREMENT_GetResult(Sensor->Channel);
 151              	 .loc 1 32 0
 152 00b2 7B68     	 ldr r3,[r7,#4]
 153 00b4 DB69     	 ldr r3,[r3,#28]
 154 00b6 1846     	 mov r0,r3
 155 00b8 FFF7FEFF 	 bl ADC_MEASUREMENT_GetResult
 156 00bc 0346     	 mov r3,r0
 157 00be 1A46     	 mov r2,r3
 158 00c0 7B68     	 ldr r3,[r7,#4]
 159 00c2 1A80     	 strh r2,[r3]
 160 00c4 0DE0     	 b .L3
 161              	.L9:
  33:../ANA_Read.c **** 
  34:../ANA_Read.c **** 	else if(Sensor->Type == Voltage)
 162              	 .loc 1 34 0
 163 00c6 7B68     	 ldr r3,[r7,#4]
 164 00c8 93F82030 	 ldrb r3,[r3,#32]
 165 00cc 072B     	 cmp r3,#7
 166 00ce 08D1     	 bne .L3
  35:../ANA_Read.c **** 		Sensor->Value = ADC_MEASUREMENT_GetResult(Sensor->Channel);
 167              	 .loc 1 35 0
 168 00d0 7B68     	 ldr r3,[r7,#4]
 169 00d2 DB69     	 ldr r3,[r3,#28]
 170 00d4 1846     	 mov r0,r3
 171 00d6 FFF7FEFF 	 bl ADC_MEASUREMENT_GetResult
 172 00da 0346     	 mov r3,r0
 173 00dc 1A46     	 mov r2,r3
 174 00de 7B68     	 ldr r3,[r7,#4]
 175 00e0 1A80     	 strh r2,[r3]
 176              	.L3:
  36:../ANA_Read.c **** 
  37:../ANA_Read.c **** 	//-------------Filter-------------
  38:../ANA_Read.c **** 
  39:../ANA_Read.c **** 	if(Sensor->FilterType == Average)
 177              	 .loc 1 39 0
 178 00e2 7B68     	 ldr r3,[r7,#4]
 179 00e4 93F82130 	 ldrb r3,[r3,#33]
 180 00e8 002B     	 cmp r3,#0
 181 00ea 03D1     	 bne .L10
  40:../ANA_Read.c **** 		Average_Filter(Sensor);
 182              	 .loc 1 40 0
 183 00ec 7868     	 ldr r0,[r7,#4]
 184 00ee FFF7FEFF 	 bl Average_Filter
 185 00f2 16E0     	 b .L11
 186              	.L10:
  41:../ANA_Read.c **** 
  42:../ANA_Read.c **** 	else if(Sensor->FilterType == LowPass)
 187              	 .loc 1 42 0
 188 00f4 7B68     	 ldr r3,[r7,#4]
 189 00f6 93F82130 	 ldrb r3,[r3,#33]
 190 00fa 012B     	 cmp r3,#1
 191 00fc 03D1     	 bne .L12
  43:../ANA_Read.c **** 		Low_Pass_Filter(Sensor);
 192              	 .loc 1 43 0
 193 00fe 7868     	 ldr r0,[r7,#4]
 194 0100 FFF7FEFF 	 bl Low_Pass_Filter
 195 0104 0DE0     	 b .L11
 196              	.L12:
  44:../ANA_Read.c **** 
  45:../ANA_Read.c **** 	else if(Sensor->FilterType == No_Filter)
 197              	 .loc 1 45 0
 198 0106 7B68     	 ldr r3,[r7,#4]
 199 0108 93F82130 	 ldrb r3,[r3,#33]
 200 010c 022B     	 cmp r3,#2
 201 010e 08D1     	 bne .L11
  46:../ANA_Read.c **** 		Sensor->FilteredValue = Sensor->Value;
 202              	 .loc 1 46 0
 203 0110 7B68     	 ldr r3,[r7,#4]
 204 0112 1B88     	 ldrh r3,[r3]
 205 0114 07EE903A 	 fmsr s15,r3
 206 0118 F8EE677A 	 fuitos s15,s15
 207 011c 7B68     	 ldr r3,[r7,#4]
 208 011e C3ED017A 	 fsts s15,[r3,#4]
 209              	.L11:
  47:../ANA_Read.c **** 
  48:../ANA_Read.c **** 
  49:../ANA_Read.c **** 	UnitConversion(Sensor);
 210              	 .loc 1 49 0
 211 0122 7868     	 ldr r0,[r7,#4]
 212 0124 FFF7FEFF 	 bl UnitConversion
  50:../ANA_Read.c **** 
  51:../ANA_Read.c **** }
 213              	 .loc 1 51 0
 214 0128 0837     	 adds r7,r7,#8
 215              	 .cfi_def_cfa_offset 8
 216 012a BD46     	 mov sp,r7
 217              	 .cfi_def_cfa_register 13
 218              	 
 219 012c 80BD     	 pop {r7,pc}
 220              	 .cfi_endproc
 221              	.LFE387:
 223 012e 00BF     	 .section .text.Filter_Time,"ax",%progbits
 224              	 .align 2
 225              	 .global Filter_Time
 226              	 .thumb
 227              	 .thumb_func
 229              	Filter_Time:
 230              	.LFB388:
  52:../ANA_Read.c **** 
  53:../ANA_Read.c **** void Filter_Time()
  54:../ANA_Read.c **** {
 231              	 .loc 1 54 0
 232              	 .cfi_startproc
 233              	 
 234              	 
 235 0000 80B5     	 push {r7,lr}
 236              	 .cfi_def_cfa_offset 8
 237              	 .cfi_offset 7,-8
 238              	 .cfi_offset 14,-4
 239 0002 00AF     	 add r7,sp,#0
 240              	 .cfi_def_cfa_register 7
  55:../ANA_Read.c **** 	  //------Filter------
  56:../ANA_Read.c **** 	  time = TIMER_GetTime(&TIMER_0);
 241              	 .loc 1 56 0
 242 0004 0D48     	 ldr r0,.L16
 243 0006 FFF7FEFF 	 bl TIMER_GetTime
 244 000a 0246     	 mov r2,r0
 245 000c 0C4B     	 ldr r3,.L16+4
 246 000e 1A60     	 str r2,[r3]
  57:../ANA_Read.c **** 
  58:../ANA_Read.c **** 	  	if(time >= 1)   // 1 micro second --- every new sample from ADC
 247              	 .loc 1 58 0
 248 0010 0B4B     	 ldr r3,.L16+4
 249 0012 1B68     	 ldr r3,[r3]
 250 0014 002B     	 cmp r3,#0
 251 0016 0FD0     	 beq .L13
  59:../ANA_Read.c **** 	  	{
  60:../ANA_Read.c **** 	  		i_Buffer_average++;
 252              	 .loc 1 60 0
 253 0018 0A4B     	 ldr r3,.L16+8
 254 001a 1B78     	 ldrb r3,[r3]
 255 001c 0133     	 adds r3,r3,#1
 256 001e DAB2     	 uxtb r2,r3
 257 0020 084B     	 ldr r3,.L16+8
 258 0022 1A70     	 strb r2,[r3]
  61:../ANA_Read.c **** 
  62:../ANA_Read.c **** 	  		if(i_Buffer_average == 4)
 259              	 .loc 1 62 0
 260 0024 074B     	 ldr r3,.L16+8
 261 0026 1B78     	 ldrb r3,[r3]
 262 0028 042B     	 cmp r3,#4
 263 002a 02D1     	 bne .L15
  63:../ANA_Read.c **** 	  			i_Buffer_average = 0;
 264              	 .loc 1 63 0
 265 002c 054B     	 ldr r3,.L16+8
 266 002e 0022     	 movs r2,#0
 267 0030 1A70     	 strb r2,[r3]
 268              	.L15:
  64:../ANA_Read.c **** 
  65:../ANA_Read.c **** 	  		TIMER_Clear(&TIMER_0);
 269              	 .loc 1 65 0
 270 0032 0248     	 ldr r0,.L16
 271 0034 FFF7FEFF 	 bl TIMER_Clear
 272              	.L13:
  66:../ANA_Read.c **** 	  	}
  67:../ANA_Read.c **** }
 273              	 .loc 1 67 0
 274 0038 80BD     	 pop {r7,pc}
 275              	.L17:
 276 003a 00BF     	 .align 2
 277              	.L16:
 278 003c 00000000 	 .word TIMER_0
 279 0040 00000000 	 .word time
 280 0044 00000000 	 .word i_Buffer_average
 281              	 .cfi_endproc
 282              	.LFE388:
 284              	 .section .text.Task_ANA_Read,"ax",%progbits
 285              	 .align 2
 286              	 .global Task_ANA_Read
 287              	 .thumb
 288              	 .thumb_func
 290              	Task_ANA_Read:
 291              	.LFB389:
  68:../ANA_Read.c **** 
  69:../ANA_Read.c **** void Task_ANA_Read()
  70:../ANA_Read.c **** {
 292              	 .loc 1 70 0
 293              	 .cfi_startproc
 294              	 
 295              	 
 296 0000 80B5     	 push {r7,lr}
 297              	 .cfi_def_cfa_offset 8
 298              	 .cfi_offset 7,-8
 299              	 .cfi_offset 14,-4
 300 0002 00AF     	 add r7,sp,#0
 301              	 .cfi_def_cfa_register 7
 302              	.L19:
  71:../ANA_Read.c **** 	while(1){
  72:../ANA_Read.c **** 
  73:../ANA_Read.c **** 	ANA_Read(&T_Oil);
 303              	 .loc 1 73 0 discriminator 1
 304 0004 1748     	 ldr r0,.L20
 305 0006 FFF7FEFF 	 bl ANA_Read
  74:../ANA_Read.c **** 	ANA_Read(&T_Water);
 306              	 .loc 1 74 0 discriminator 1
 307 000a 1748     	 ldr r0,.L20+4
 308 000c FFF7FEFF 	 bl ANA_Read
  75:../ANA_Read.c **** 	ANA_Read(&T_Board);
 309              	 .loc 1 75 0 discriminator 1
 310 0010 1648     	 ldr r0,.L20+8
 311 0012 FFF7FEFF 	 bl ANA_Read
  76:../ANA_Read.c **** 	ANA_Read(&p_Oil);
 312              	 .loc 1 76 0 discriminator 1
 313 0016 1648     	 ldr r0,.L20+12
 314 0018 FFF7FEFF 	 bl ANA_Read
  77:../ANA_Read.c **** 	ANA_Read(&p_Pneu);
 315              	 .loc 1 77 0 discriminator 1
 316 001c 1548     	 ldr r0,.L20+16
 317 001e FFF7FEFF 	 bl ANA_Read
  78:../ANA_Read.c **** 	ANA_Read(&x_DP_RL);
 318              	 .loc 1 78 0 discriminator 1
 319 0022 1548     	 ldr r0,.L20+20
 320 0024 FFF7FEFF 	 bl ANA_Read
  79:../ANA_Read.c **** 	ANA_Read(&x_DP_RR);
 321              	 .loc 1 79 0 discriminator 1
 322 0028 1448     	 ldr r0,.L20+24
 323 002a FFF7FEFF 	 bl ANA_Read
  80:../ANA_Read.c **** 	ANA_Read(&x_RH_RL);
 324              	 .loc 1 80 0 discriminator 1
 325 002e 1448     	 ldr r0,.L20+28
 326 0030 FFF7FEFF 	 bl ANA_Read
  81:../ANA_Read.c **** 	ANA_Read(&x_RH_RR);
 327              	 .loc 1 81 0 discriminator 1
 328 0034 1348     	 ldr r0,.L20+32
 329 0036 FFF7FEFF 	 bl ANA_Read
  82:../ANA_Read.c **** 	ANA_Read(&f_LC_RL);
 330              	 .loc 1 82 0 discriminator 1
 331 003a 1348     	 ldr r0,.L20+36
 332 003c FFF7FEFF 	 bl ANA_Read
  83:../ANA_Read.c **** 	ANA_Read(&f_LC_RR);
 333              	 .loc 1 83 0 discriminator 1
 334 0040 1248     	 ldr r0,.L20+40
 335 0042 FFF7FEFF 	 bl ANA_Read
  84:../ANA_Read.c **** 	ANA_Read(&u_12V_Meas);
 336              	 .loc 1 84 0 discriminator 1
 337 0046 1248     	 ldr r0,.L20+44
 338 0048 FFF7FEFF 	 bl ANA_Read
  85:../ANA_Read.c **** 	ANA_Read(&u_5V_ANA_Meas);
 339              	 .loc 1 85 0 discriminator 1
 340 004c 1148     	 ldr r0,.L20+48
 341 004e FFF7FEFF 	 bl ANA_Read
  86:../ANA_Read.c **** 	ANA_Read(&u_OUT1_Meas);
 342              	 .loc 1 86 0 discriminator 1
 343 0052 1148     	 ldr r0,.L20+52
 344 0054 FFF7FEFF 	 bl ANA_Read
  87:../ANA_Read.c **** 	ANA_Read(&u_OUT2_Meas);
 345              	 .loc 1 87 0 discriminator 1
 346 0058 1048     	 ldr r0,.L20+56
 347 005a FFF7FEFF 	 bl ANA_Read
  88:../ANA_Read.c **** 	//ANA_Read(NTC1);            // comment/uncomment if used or not
  89:../ANA_Read.c **** 
  90:../ANA_Read.c **** 	Filter_Time();
 348              	 .loc 1 90 0 discriminator 1
 349 005e FFF7FEFF 	 bl Filter_Time
  91:../ANA_Read.c **** 
  92:../ANA_Read.c **** 	}
 350              	 .loc 1 92 0 discriminator 1
 351 0062 CFE7     	 b .L19
 352              	.L21:
 353              	 .align 2
 354              	.L20:
 355 0064 00000000 	 .word T_Oil
 356 0068 00000000 	 .word T_Water
 357 006c 00000000 	 .word T_Board
 358 0070 00000000 	 .word p_Oil
 359 0074 00000000 	 .word p_Pneu
 360 0078 00000000 	 .word x_DP_RL
 361 007c 00000000 	 .word x_DP_RR
 362 0080 00000000 	 .word x_RH_RL
 363 0084 00000000 	 .word x_RH_RR
 364 0088 00000000 	 .word f_LC_RL
 365 008c 00000000 	 .word f_LC_RR
 366 0090 00000000 	 .word u_12V_Meas
 367 0094 00000000 	 .word u_5V_ANA_Meas
 368 0098 00000000 	 .word u_OUT1_Meas
 369 009c 00000000 	 .word u_OUT2_Meas
 370              	 .cfi_endproc
 371              	.LFE389:
 373              	 .text
 374              	.Letext0:
 375              	 .file 2 "c:\\dave\\dave-ide-4.4.2-64bit\\eclipse\\arm-gcc-49\\arm-none-eabi\\include\\machine\\_default_types.h"
 376              	 .file 3 "c:\\dave\\dave-ide-4.4.2-64bit\\eclipse\\arm-gcc-49\\arm-none-eabi\\include\\stdint.h"
 377              	 .file 4 "C:/Users/Yoshi/Documents/GitHub/Software/01_jrg/04_CANModule/CAN_Modul_keckvale_AH/Libraries/CMSIS/Infineon/XMC4500_series/Include/XMC4500.h"
 378              	 .file 5 "C:/Users/Yoshi/Documents/GitHub/Software/01_jrg/04_CANModule/CAN_Modul_keckvale_AH/Libraries/XMCLib/inc/xmc4_scu.h"
 379              	 .file 6 "C:/Users/Yoshi/Documents/GitHub/Software/01_jrg/04_CANModule/CAN_Modul_keckvale_AH/Libraries/XMCLib/inc/xmc4_gpio.h"
 380              	 .file 7 "C:/Users/Yoshi/Documents/GitHub/Software/01_jrg/04_CANModule/CAN_Modul_keckvale_AH/Libraries/XMCLib/inc/xmc_vadc.h"
 381              	 .file 8 "C:/Users/Yoshi/Documents/GitHub/Software/01_jrg/04_CANModule/CAN_Modul_keckvale_AH/Dave/Generated/ANALOG_IO/analog_io.h"
 382              	 .file 9 "C:/Users/Yoshi/Documents/GitHub/Software/01_jrg/04_CANModule/CAN_Modul_keckvale_AH/Dave/Generated/ADC_MEASUREMENT/adc_measurement.h"
 383              	 .file 10 "C:/Users/Yoshi/Documents/GitHub/Software/01_jrg/04_CANModule/CAN_Modul_keckvale_AH/Libraries/XMCLib/inc/xmc_ccu4.h"
 384              	 .file 11 "C:/Users/Yoshi/Documents/GitHub/Software/01_jrg/04_CANModule/CAN_Modul_keckvale_AH/Dave/Generated/GLOBAL_CCU4/global_ccu4.h"
 385              	 .file 12 "C:/Users/Yoshi/Documents/GitHub/Software/01_jrg/04_CANModule/CAN_Modul_keckvale_AH/Dave/Generated/TIMER/timer.h"
 386              	 .file 13 "../Header.h"
 387              	 .file 14 "C:/Users/Yoshi/Documents/GitHub/Software/01_jrg/04_CANModule/CAN_Modul_keckvale_AH/Libraries/CMSIS/Include/cmsis_gcc.h"
 388              	 .file 15 "C:/Users/Yoshi/Documents/GitHub/Software/01_jrg/04_CANModule/CAN_Modul_keckvale_AH/Libraries/CMSIS/Include/core_cm4.h"
 389              	 .file 16 "C:/Users/Yoshi/Documents/GitHub/Software/01_jrg/04_CANModule/CAN_Modul_keckvale_AH/Libraries/CMSIS/Infineon/XMC4500_series/Include/system_XMC4500.h"
 390              	 .file 17 "C:/Users/Yoshi/Documents/GitHub/Software/01_jrg/04_CANModule/CAN_Modul_keckvale_AH/Dave/Generated/TIMER/timer_extern.h"
 391              	 .file 18 "../Average_Filter.h"
 392              	 .file 19 "../ANA_Init.h"
DEFINED SYMBOLS
                            *ABS*:00000000 ANA_Read.c
                            *COM*:00000004 time
                            *COM*:0000002c T_Oil
                            *COM*:0000002c T_Water
                            *COM*:0000002c p_Oil
                            *COM*:0000002c p_Pneu
                            *COM*:0000002c x_DP_RL
                            *COM*:0000002c x_DP_RR
                            *COM*:0000002c x_RH_RL
                            *COM*:0000002c x_RH_RR
                            *COM*:0000002c f_LC_RL
                            *COM*:0000002c f_LC_RR
                            *COM*:0000002c T_Board
                            *COM*:0000002c u_12V_Meas
                            *COM*:0000002c u_5V_ANA_Meas
                            *COM*:0000002c u_OUT1_Meas
                            *COM*:0000002c u_OUT2_Meas
                            *COM*:0000002c NTC1
                            *COM*:0000000a Buffer_Average_Filter
                            *COM*:00000001 i_Buffer_average
    {standard input}:39     .text.ANA_Read:00000000 $t
    {standard input}:44     .text.ANA_Read:00000000 ANA_Read
    {standard input}:224    .text.Filter_Time:00000000 $t
    {standard input}:229    .text.Filter_Time:00000000 Filter_Time
    {standard input}:278    .text.Filter_Time:0000003c $d
    {standard input}:285    .text.Task_ANA_Read:00000000 $t
    {standard input}:290    .text.Task_ANA_Read:00000000 Task_ANA_Read
    {standard input}:355    .text.Task_ANA_Read:00000064 $d
                     .debug_frame:00000010 $d

UNDEFINED SYMBOLS
ADC_MEASUREMENT_GetResult
Average_Filter
Low_Pass_Filter
UnitConversion
TIMER_GetTime
TIMER_Clear
TIMER_0
