   1              	 .syntax unified
   2              	 .cpu cortex-m4
   3              	 .eabi_attribute 27,3
   4              	 .fpu fpv4-sp-d16
   5              	 .eabi_attribute 20,1
   6              	 .eabi_attribute 21,1
   7              	 .eabi_attribute 23,3
   8              	 .eabi_attribute 24,1
   9              	 .eabi_attribute 25,1
  10              	 .eabi_attribute 26,1
  11              	 .eabi_attribute 30,4
  12              	 .eabi_attribute 34,1
  13              	 .eabi_attribute 18,4
  14              	 .thumb
  15              	 .file "Subsystem_OutputData.c"
  16              	 .global __aeabi_dmul
  17              	 .global __aeabi_dcmplt
  18              	 .global __aeabi_d2uiz
  19              	 .global __aeabi_ui2d
  20              	 .global __aeabi_dcmpgt
  21              	 .section .text.FUNC_OutputData,"ax",%progbits
  22              	 .align 1
  23              	 .global FUNC_OutputData
  24              	 .thumb
  25              	 .thumb_func
  27              	FUNC_OutputData:
  28              	 
  29              	 
  30 0000 2DE9F84F 	 push {r3,r4,r5,r6,r7,r8,r9,r10,fp,lr}
  31 0004 BA4C     	 ldr r4,.L227+8
  32 0006 04F58963 	 add r3,r4,#1096
  33 000a D3E90001 	 ldrd r0,[r3]
  34 000e B6A3     	 adr r3,.L227
  35 0010 D3E90023 	 ldrd r2,[r3]
  36 0014 FFF7FEFF 	 bl __aeabi_dmul
  37 0018 0022     	 movs r2,#0
  38 001a B64B     	 ldr r3,.L227+12
  39 001c C4E99C01 	 strd r0,[r4,#624]
  40 0020 FFF7FEFF 	 bl __aeabi_dmul
  41 0024 0246     	 mov r2,r0
  42 0026 0B46     	 mov r3,r1
  43 0028 C4E99E23 	 strd r2,[r4,#632]
  44 002c C4E9A023 	 strd r2,[r4,#640]
  45 0030 FFF7FEFF 	 bl floor
  46 0034 0646     	 mov r6,r0
  47 0036 0F46     	 mov r7,r1
  48 0038 FFF7FEFF 	 bl rtIsNaN
  49 003c D0B9     	 cbnz r0,.L2
  50 003e 3046     	 mov r0,r6
  51 0040 3946     	 mov r1,r7
  52 0042 FFF7FEFF 	 bl rtIsInf
  53 0046 A8B9     	 cbnz r0,.L2
  54 0048 3046     	 mov r0,r6
  55 004a 3946     	 mov r1,r7
  56 004c 0022     	 movs r2,#0
  57 004e AA4B     	 ldr r3,.L227+16
  58 0050 FFF7FEFF 	 bl fmod
  59 0054 0022     	 movs r2,#0
  60 0056 0023     	 movs r3,#0
  61 0058 0646     	 mov r6,r0
  62 005a 0F46     	 mov r7,r1
  63 005c 8046     	 mov r8,r0
  64 005e 8946     	 mov r9,r1
  65 0060 FFF7FEFF 	 bl __aeabi_dcmplt
  66 0064 50B1     	 cbz r0,.L3
  67 0066 3046     	 mov r0,r6
  68 0068 07F10041 	 add r1,r7,#-2147483648
  69 006c FFF7FEFF 	 bl __aeabi_d2uiz
  70 0070 4042     	 negs r0,r0
  71 0072 07E0     	 b .L191
  72              	.L2:
  73 0074 4FF00008 	 mov r8,#0
  74 0078 4FF00009 	 mov r9,#0
  75              	.L3:
  76 007c 4046     	 mov r0,r8
  77 007e 4946     	 mov r1,r9
  78 0080 FFF7FEFF 	 bl __aeabi_d2uiz
  79              	.L191:
  80 0084 9D4B     	 ldr r3,.L227+20
  81 0086 9E4D     	 ldr r5,.L227+24
  82 0088 80B2     	 uxth r0,r0
  83 008a A4F84006 	 strh r0,[r4,#1600]
  84 008e A5F8A000 	 strh r0,[r5,#160]
  85 0092 D3E90001 	 ldrd r0,[r3]
  86 0096 94A3     	 adr r3,.L227
  87 0098 D3E90023 	 ldrd r2,[r3]
  88 009c FFF7FEFF 	 bl __aeabi_dmul
  89 00a0 0022     	 movs r2,#0
  90 00a2 944B     	 ldr r3,.L227+12
  91 00a4 C4E9A201 	 strd r0,[r4,#648]
  92 00a8 FFF7FEFF 	 bl __aeabi_dmul
  93 00ac 0246     	 mov r2,r0
  94 00ae 0B46     	 mov r3,r1
  95 00b0 C4E9A423 	 strd r2,[r4,#656]
  96 00b4 C4E9A623 	 strd r2,[r4,#664]
  97 00b8 FFF7FEFF 	 bl floor
  98 00bc 0646     	 mov r6,r0
  99 00be 0F46     	 mov r7,r1
 100 00c0 FFF7FEFF 	 bl rtIsNaN
 101 00c4 D0B9     	 cbnz r0,.L6
 102 00c6 3046     	 mov r0,r6
 103 00c8 3946     	 mov r1,r7
 104 00ca FFF7FEFF 	 bl rtIsInf
 105 00ce A8B9     	 cbnz r0,.L6
 106 00d0 3046     	 mov r0,r6
 107 00d2 3946     	 mov r1,r7
 108 00d4 0022     	 movs r2,#0
 109 00d6 884B     	 ldr r3,.L227+16
 110 00d8 FFF7FEFF 	 bl fmod
 111 00dc 0022     	 movs r2,#0
 112 00de 0023     	 movs r3,#0
 113 00e0 0646     	 mov r6,r0
 114 00e2 0F46     	 mov r7,r1
 115 00e4 8046     	 mov r8,r0
 116 00e6 8946     	 mov r9,r1
 117 00e8 FFF7FEFF 	 bl __aeabi_dcmplt
 118 00ec 50B1     	 cbz r0,.L7
 119 00ee 3046     	 mov r0,r6
 120 00f0 07F10041 	 add r1,r7,#-2147483648
 121 00f4 FFF7FEFF 	 bl __aeabi_d2uiz
 122 00f8 4042     	 negs r0,r0
 123 00fa 07E0     	 b .L192
 124              	.L6:
 125 00fc 4FF00008 	 mov r8,#0
 126 0100 4FF00009 	 mov r9,#0
 127              	.L7:
 128 0104 4046     	 mov r0,r8
 129 0106 4946     	 mov r1,r9
 130 0108 FFF7FEFF 	 bl __aeabi_d2uiz
 131              	.L192:
 132 010c 7D4B     	 ldr r3,.L227+28
 133 010e 80B2     	 uxth r0,r0
 134 0110 A4F84206 	 strh r0,[r4,#1602]
 135 0114 A5F8A200 	 strh r0,[r5,#162]
 136 0118 D3E90001 	 ldrd r0,[r3]
 137 011c 72A3     	 adr r3,.L227
 138 011e D3E90023 	 ldrd r2,[r3]
 139 0122 FFF7FEFF 	 bl __aeabi_dmul
 140 0126 0022     	 movs r2,#0
 141 0128 724B     	 ldr r3,.L227+12
 142 012a C4E9A801 	 strd r0,[r4,#672]
 143 012e FFF7FEFF 	 bl __aeabi_dmul
 144 0132 0246     	 mov r2,r0
 145 0134 0B46     	 mov r3,r1
 146 0136 C4E9AA23 	 strd r2,[r4,#680]
 147 013a C4E9AC23 	 strd r2,[r4,#688]
 148 013e FFF7FEFF 	 bl floor
 149 0142 0646     	 mov r6,r0
 150 0144 0F46     	 mov r7,r1
 151 0146 FFF7FEFF 	 bl rtIsNaN
 152 014a D0B9     	 cbnz r0,.L10
 153 014c 3046     	 mov r0,r6
 154 014e 3946     	 mov r1,r7
 155 0150 FFF7FEFF 	 bl rtIsInf
 156 0154 A8B9     	 cbnz r0,.L10
 157 0156 3046     	 mov r0,r6
 158 0158 3946     	 mov r1,r7
 159 015a 0022     	 movs r2,#0
 160 015c 664B     	 ldr r3,.L227+16
 161 015e FFF7FEFF 	 bl fmod
 162 0162 0022     	 movs r2,#0
 163 0164 0023     	 movs r3,#0
 164 0166 0646     	 mov r6,r0
 165 0168 0F46     	 mov r7,r1
 166 016a 8046     	 mov r8,r0
 167 016c 8946     	 mov r9,r1
 168 016e FFF7FEFF 	 bl __aeabi_dcmplt
 169 0172 50B1     	 cbz r0,.L11
 170 0174 3046     	 mov r0,r6
 171 0176 07F10041 	 add r1,r7,#-2147483648
 172 017a FFF7FEFF 	 bl __aeabi_d2uiz
 173 017e 4042     	 negs r0,r0
 174 0180 07E0     	 b .L193
 175              	.L10:
 176 0182 4FF00008 	 mov r8,#0
 177 0186 4FF00009 	 mov r9,#0
 178              	.L11:
 179 018a 4046     	 mov r0,r8
 180 018c 4946     	 mov r1,r9
 181 018e FFF7FEFF 	 bl __aeabi_d2uiz
 182              	.L193:
 183 0192 5D4B     	 ldr r3,.L227+32
 184 0194 80B2     	 uxth r0,r0
 185 0196 A4F84406 	 strh r0,[r4,#1604]
 186 019a A5F8A400 	 strh r0,[r5,#164]
 187 019e D3E90001 	 ldrd r0,[r3]
 188 01a2 51A3     	 adr r3,.L227
 189 01a4 D3E90023 	 ldrd r2,[r3]
 190 01a8 FFF7FEFF 	 bl __aeabi_dmul
 191 01ac 0022     	 movs r2,#0
 192 01ae 514B     	 ldr r3,.L227+12
 193 01b0 C4E9AE01 	 strd r0,[r4,#696]
 194 01b4 FFF7FEFF 	 bl __aeabi_dmul
 195 01b8 0246     	 mov r2,r0
 196 01ba 0B46     	 mov r3,r1
 197 01bc C4E9B023 	 strd r2,[r4,#704]
 198 01c0 C4E9B223 	 strd r2,[r4,#712]
 199 01c4 FFF7FEFF 	 bl floor
 200 01c8 0646     	 mov r6,r0
 201 01ca 0F46     	 mov r7,r1
 202 01cc FFF7FEFF 	 bl rtIsNaN
 203 01d0 D0B9     	 cbnz r0,.L14
 204 01d2 3046     	 mov r0,r6
 205 01d4 3946     	 mov r1,r7
 206 01d6 FFF7FEFF 	 bl rtIsInf
 207 01da A8B9     	 cbnz r0,.L14
 208 01dc 3046     	 mov r0,r6
 209 01de 3946     	 mov r1,r7
 210 01e0 0022     	 movs r2,#0
 211 01e2 454B     	 ldr r3,.L227+16
 212 01e4 FFF7FEFF 	 bl fmod
 213 01e8 0022     	 movs r2,#0
 214 01ea 0023     	 movs r3,#0
 215 01ec 0646     	 mov r6,r0
 216 01ee 0F46     	 mov r7,r1
 217 01f0 8046     	 mov r8,r0
 218 01f2 8946     	 mov r9,r1
 219 01f4 FFF7FEFF 	 bl __aeabi_dcmplt
 220 01f8 50B1     	 cbz r0,.L15
 221 01fa 3046     	 mov r0,r6
 222 01fc 07F10041 	 add r1,r7,#-2147483648
 223 0200 FFF7FEFF 	 bl __aeabi_d2uiz
 224 0204 4042     	 negs r0,r0
 225 0206 07E0     	 b .L194
 226              	.L14:
 227 0208 4FF00008 	 mov r8,#0
 228 020c 4FF00009 	 mov r9,#0
 229              	.L15:
 230 0210 4046     	 mov r0,r8
 231 0212 4946     	 mov r1,r9
 232 0214 FFF7FEFF 	 bl __aeabi_d2uiz
 233              	.L194:
 234 0218 3C4B     	 ldr r3,.L227+36
 235 021a 80B2     	 uxth r0,r0
 236 021c A4F84606 	 strh r0,[r4,#1606]
 237 0220 A5F8A600 	 strh r0,[r5,#166]
 238 0224 D3E90001 	 ldrd r0,[r3]
 239 0228 C4E9B401 	 strd r0,[r4,#720]
 240 022c FFF7FEFF 	 bl floor
 241 0230 0646     	 mov r6,r0
 242 0232 0F46     	 mov r7,r1
 243 0234 FFF7FEFF 	 bl rtIsNaN
 244 0238 D0B9     	 cbnz r0,.L18
 245 023a 3046     	 mov r0,r6
 246 023c 3946     	 mov r1,r7
 247 023e FFF7FEFF 	 bl rtIsInf
 248 0242 A8B9     	 cbnz r0,.L18
 249 0244 3046     	 mov r0,r6
 250 0246 3946     	 mov r1,r7
 251 0248 0022     	 movs r2,#0
 252 024a 314B     	 ldr r3,.L227+40
 253 024c FFF7FEFF 	 bl fmod
 254 0250 0022     	 movs r2,#0
 255 0252 0023     	 movs r3,#0
 256 0254 0646     	 mov r6,r0
 257 0256 0F46     	 mov r7,r1
 258 0258 8046     	 mov r8,r0
 259 025a 8946     	 mov r9,r1
 260 025c FFF7FEFF 	 bl __aeabi_dcmplt
 261 0260 50B1     	 cbz r0,.L19
 262 0262 3046     	 mov r0,r6
 263 0264 07F10041 	 add r1,r7,#-2147483648
 264 0268 FFF7FEFF 	 bl __aeabi_d2uiz
 265 026c 4042     	 negs r0,r0
 266 026e 07E0     	 b .L195
 267              	.L18:
 268 0270 4FF00008 	 mov r8,#0
 269 0274 4FF00009 	 mov r9,#0
 270              	.L19:
 271 0278 4046     	 mov r0,r8
 272 027a 4946     	 mov r1,r9
 273 027c FFF7FEFF 	 bl __aeabi_d2uiz
 274              	.L195:
 275 0280 244B     	 ldr r3,.L227+44
 276 0282 C0B2     	 uxtb r0,r0
 277 0284 84F88E06 	 strb r0,[r4,#1678]
 278 0288 85F8FE00 	 strb r0,[r5,#254]
 279 028c 0022     	 movs r2,#0
 280 028e D3E90001 	 ldrd r0,[r3]
 281 0292 214B     	 ldr r3,.L227+48
 282 0294 FFF7FEFF 	 bl __aeabi_dmul
 283 0298 0246     	 mov r2,r0
 284 029a 0B46     	 mov r3,r1
 285 029c C4E9B623 	 strd r2,[r4,#728]
 286 02a0 C4E9B823 	 strd r2,[r4,#736]
 287 02a4 FFF7FEFF 	 bl floor
 288 02a8 0646     	 mov r6,r0
 289 02aa 0F46     	 mov r7,r1
 290 02ac FFF7FEFF 	 bl rtIsNaN
 291 02b0 A0BB     	 cbnz r0,.L22
 292 02b2 3046     	 mov r0,r6
 293 02b4 3946     	 mov r1,r7
 294 02b6 FFF7FEFF 	 bl rtIsInf
 295 02ba 78BB     	 cbnz r0,.L22
 296 02bc 3046     	 mov r0,r6
 297 02be 3946     	 mov r1,r7
 298 02c0 0022     	 movs r2,#0
 299 02c2 134B     	 ldr r3,.L227+40
 300 02c4 FFF7FEFF 	 bl fmod
 301 02c8 0022     	 movs r2,#0
 302 02ca 0023     	 movs r3,#0
 303 02cc 0646     	 mov r6,r0
 304 02ce 0F46     	 mov r7,r1
 305 02d0 8046     	 mov r8,r0
 306 02d2 8946     	 mov r9,r1
 307 02d4 FFF7FEFF 	 bl __aeabi_dcmplt
 308 02d8 20B3     	 cbz r0,.L23
 309 02da 3046     	 mov r0,r6
 310 02dc 07F10041 	 add r1,r7,#-2147483648
 311 02e0 FFF7FEFF 	 bl __aeabi_d2uiz
 312 02e4 4042     	 negs r0,r0
 313 02e6 21E0     	 b .L196
 314              	.L228:
 315              	 .align 3
 316              	.L227:
 317 02e8 CDCCCCCC 	 .word -858993459
 318 02ec CCCC0C40 	 .word 1074580684
 319 02f0 00000000 	 .word VCU_B
 320 02f4 00002440 	 .word 1076101120
 321 02f8 0000F040 	 .word 1089470464
 322 02fc 50040000 	 .word VCU_B+1104
 323 0300 00000000 	 .word VCU_DW
 324 0304 68040000 	 .word VCU_B+1128
 325 0308 70040000 	 .word VCU_B+1136
 326 030c 88050000 	 .word VCU_B+1416
 327 0310 00007040 	 .word 1081081856
 328 0314 D8040000 	 .word VCU_B+1240
 329 0318 00005940 	 .word 1079574528
 330              	.L22:
 331 031c 4FF00008 	 mov r8,#0
 332 0320 4FF00009 	 mov r9,#0
 333              	.L23:
 334 0324 4046     	 mov r0,r8
 335 0326 4946     	 mov r1,r9
 336 0328 FFF7FEFF 	 bl __aeabi_d2uiz
 337              	.L196:
 338 032c C0B2     	 uxtb r0,r0
 339 032e 84F88F06 	 strb r0,[r4,#1679]
 340 0332 85F8FF00 	 strb r0,[r5,#255]
 341 0336 0022     	 movs r2,#0
 342 0338 AD4B     	 ldr r3,.L229+8
 343 033a D4E91001 	 ldrd r0,[r4,#64]
 344 033e FFF7FEFF 	 bl __aeabi_dmul
 345 0342 0246     	 mov r2,r0
 346 0344 0B46     	 mov r3,r1
 347 0346 C4E9BA23 	 strd r2,[r4,#744]
 348 034a C4E9BC23 	 strd r2,[r4,#752]
 349 034e FFF7FEFF 	 bl floor
 350 0352 0646     	 mov r6,r0
 351 0354 0F46     	 mov r7,r1
 352 0356 FFF7FEFF 	 bl rtIsNaN
 353 035a D0B9     	 cbnz r0,.L26
 354 035c 3046     	 mov r0,r6
 355 035e 3946     	 mov r1,r7
 356 0360 FFF7FEFF 	 bl rtIsInf
 357 0364 A8B9     	 cbnz r0,.L26
 358 0366 3046     	 mov r0,r6
 359 0368 3946     	 mov r1,r7
 360 036a 0022     	 movs r2,#0
 361 036c A14B     	 ldr r3,.L229+12
 362 036e FFF7FEFF 	 bl fmod
 363 0372 0022     	 movs r2,#0
 364 0374 0023     	 movs r3,#0
 365 0376 0646     	 mov r6,r0
 366 0378 0F46     	 mov r7,r1
 367 037a 8046     	 mov r8,r0
 368 037c 8946     	 mov r9,r1
 369 037e FFF7FEFF 	 bl __aeabi_dcmplt
 370 0382 50B1     	 cbz r0,.L27
 371 0384 3046     	 mov r0,r6
 372 0386 07F10041 	 add r1,r7,#-2147483648
 373 038a FFF7FEFF 	 bl __aeabi_d2uiz
 374 038e 4042     	 negs r0,r0
 375 0390 07E0     	 b .L197
 376              	.L26:
 377 0392 4FF00008 	 mov r8,#0
 378 0396 4FF00009 	 mov r9,#0
 379              	.L27:
 380 039a 4046     	 mov r0,r8
 381 039c 4946     	 mov r1,r9
 382 039e FFF7FEFF 	 bl __aeabi_d2uiz
 383              	.L197:
 384 03a2 C0B2     	 uxtb r0,r0
 385 03a4 84F89006 	 strb r0,[r4,#1680]
 386 03a8 85F80001 	 strb r0,[r5,#256]
 387 03ac 94F87F07 	 ldrb r0,[r4,#1919]
 388 03b0 C001     	 lsls r0,r0,#7
 389 03b2 C0B2     	 uxtb r0,r0
 390 03b4 84F8C506 	 strb r0,[r4,#1733]
 391 03b8 FFF7FEFF 	 bl __aeabi_ui2d
 392 03bc 0022     	 movs r2,#0
 393 03be 4FF07E53 	 mov r3,#1065353216
 394 03c2 FFF7FEFF 	 bl __aeabi_dmul
 395 03c6 C4E9BE01 	 strd r0,[r4,#760]
 396 03ca FFF7FEFF 	 bl floor
 397 03ce 0646     	 mov r6,r0
 398 03d0 0F46     	 mov r7,r1
 399 03d2 FFF7FEFF 	 bl rtIsNaN
 400 03d6 D0B9     	 cbnz r0,.L30
 401 03d8 3046     	 mov r0,r6
 402 03da 3946     	 mov r1,r7
 403 03dc FFF7FEFF 	 bl rtIsInf
 404 03e0 A8B9     	 cbnz r0,.L30
 405 03e2 3046     	 mov r0,r6
 406 03e4 3946     	 mov r1,r7
 407 03e6 0022     	 movs r2,#0
 408 03e8 824B     	 ldr r3,.L229+12
 409 03ea FFF7FEFF 	 bl fmod
 410 03ee 0022     	 movs r2,#0
 411 03f0 0023     	 movs r3,#0
 412 03f2 0646     	 mov r6,r0
 413 03f4 0F46     	 mov r7,r1
 414 03f6 8046     	 mov r8,r0
 415 03f8 8946     	 mov r9,r1
 416 03fa FFF7FEFF 	 bl __aeabi_dcmplt
 417 03fe 50B1     	 cbz r0,.L31
 418 0400 3046     	 mov r0,r6
 419 0402 07F10041 	 add r1,r7,#-2147483648
 420 0406 FFF7FEFF 	 bl __aeabi_d2uiz
 421 040a 4042     	 negs r0,r0
 422 040c 07E0     	 b .L198
 423              	.L30:
 424 040e 4FF00008 	 mov r8,#0
 425 0412 4FF00009 	 mov r9,#0
 426              	.L31:
 427 0416 4046     	 mov r0,r8
 428 0418 4946     	 mov r1,r9
 429 041a FFF7FEFF 	 bl __aeabi_d2uiz
 430              	.L198:
 431 041e C0B2     	 uxtb r0,r0
 432 0420 84F89106 	 strb r0,[r4,#1681]
 433 0424 85F80101 	 strb r0,[r5,#257]
 434 0428 94F8CE06 	 ldrb r0,[r4,#1742]
 435 042c 84F87807 	 strb r0,[r4,#1912]
 436 0430 C001     	 lsls r0,r0,#7
 437 0432 C0B2     	 uxtb r0,r0
 438 0434 84F8C606 	 strb r0,[r4,#1734]
 439 0438 FFF7FEFF 	 bl __aeabi_ui2d
 440 043c 0022     	 movs r2,#0
 441 043e 4FF07E53 	 mov r3,#1065353216
 442 0442 FFF7FEFF 	 bl __aeabi_dmul
 443 0446 C4E9C001 	 strd r0,[r4,#768]
 444 044a FFF7FEFF 	 bl floor
 445 044e 0646     	 mov r6,r0
 446 0450 0F46     	 mov r7,r1
 447 0452 FFF7FEFF 	 bl rtIsNaN
 448 0456 D0B9     	 cbnz r0,.L34
 449 0458 3046     	 mov r0,r6
 450 045a 3946     	 mov r1,r7
 451 045c FFF7FEFF 	 bl rtIsInf
 452 0460 A8B9     	 cbnz r0,.L34
 453 0462 3046     	 mov r0,r6
 454 0464 3946     	 mov r1,r7
 455 0466 0022     	 movs r2,#0
 456 0468 624B     	 ldr r3,.L229+12
 457 046a FFF7FEFF 	 bl fmod
 458 046e 0022     	 movs r2,#0
 459 0470 0023     	 movs r3,#0
 460 0472 0646     	 mov r6,r0
 461 0474 0F46     	 mov r7,r1
 462 0476 8046     	 mov r8,r0
 463 0478 8946     	 mov r9,r1
 464 047a FFF7FEFF 	 bl __aeabi_dcmplt
 465 047e 50B1     	 cbz r0,.L35
 466 0480 3046     	 mov r0,r6
 467 0482 07F10041 	 add r1,r7,#-2147483648
 468 0486 FFF7FEFF 	 bl __aeabi_d2uiz
 469 048a 4042     	 negs r0,r0
 470 048c 07E0     	 b .L199
 471              	.L34:
 472 048e 4FF00008 	 mov r8,#0
 473 0492 4FF00009 	 mov r9,#0
 474              	.L35:
 475 0496 4046     	 mov r0,r8
 476 0498 4946     	 mov r1,r9
 477 049a FFF7FEFF 	 bl __aeabi_d2uiz
 478              	.L199:
 479 049e C0B2     	 uxtb r0,r0
 480 04a0 84F89206 	 strb r0,[r4,#1682]
 481 04a4 85F80201 	 strb r0,[r5,#258]
 482 04a8 94F8CF06 	 ldrb r0,[r4,#1743]
 483 04ac C001     	 lsls r0,r0,#7
 484 04ae C0B2     	 uxtb r0,r0
 485 04b0 84F8C706 	 strb r0,[r4,#1735]
 486 04b4 FFF7FEFF 	 bl __aeabi_ui2d
 487 04b8 0022     	 movs r2,#0
 488 04ba 4FF07E53 	 mov r3,#1065353216
 489 04be FFF7FEFF 	 bl __aeabi_dmul
 490 04c2 C4E9C201 	 strd r0,[r4,#776]
 491 04c6 FFF7FEFF 	 bl floor
 492 04ca 0646     	 mov r6,r0
 493 04cc 0F46     	 mov r7,r1
 494 04ce FFF7FEFF 	 bl rtIsNaN
 495 04d2 D0B9     	 cbnz r0,.L38
 496 04d4 3046     	 mov r0,r6
 497 04d6 3946     	 mov r1,r7
 498 04d8 FFF7FEFF 	 bl rtIsInf
 499 04dc A8B9     	 cbnz r0,.L38
 500 04de 3046     	 mov r0,r6
 501 04e0 3946     	 mov r1,r7
 502 04e2 0022     	 movs r2,#0
 503 04e4 434B     	 ldr r3,.L229+12
 504 04e6 FFF7FEFF 	 bl fmod
 505 04ea 0022     	 movs r2,#0
 506 04ec 0023     	 movs r3,#0
 507 04ee 0646     	 mov r6,r0
 508 04f0 0F46     	 mov r7,r1
 509 04f2 8046     	 mov r8,r0
 510 04f4 8946     	 mov r9,r1
 511 04f6 FFF7FEFF 	 bl __aeabi_dcmplt
 512 04fa 50B1     	 cbz r0,.L39
 513 04fc 3046     	 mov r0,r6
 514 04fe 07F10041 	 add r1,r7,#-2147483648
 515 0502 FFF7FEFF 	 bl __aeabi_d2uiz
 516 0506 4042     	 negs r0,r0
 517 0508 07E0     	 b .L200
 518              	.L38:
 519 050a 4FF00008 	 mov r8,#0
 520 050e 4FF00009 	 mov r9,#0
 521              	.L39:
 522 0512 4046     	 mov r0,r8
 523 0514 4946     	 mov r1,r9
 524 0516 FFF7FEFF 	 bl __aeabi_d2uiz
 525              	.L200:
 526 051a C0B2     	 uxtb r0,r0
 527 051c 84F89306 	 strb r0,[r4,#1683]
 528 0520 85F80301 	 strb r0,[r5,#259]
 529 0524 D4E91201 	 ldrd r0,[r4,#72]
 530 0528 C4E9C401 	 strd r0,[r4,#784]
 531 052c FFF7FEFF 	 bl floor
 532 0530 0646     	 mov r6,r0
 533 0532 0F46     	 mov r7,r1
 534 0534 FFF7FEFF 	 bl rtIsNaN
 535 0538 D0B9     	 cbnz r0,.L42
 536 053a 3046     	 mov r0,r6
 537 053c 3946     	 mov r1,r7
 538 053e FFF7FEFF 	 bl rtIsInf
 539 0542 A8B9     	 cbnz r0,.L42
 540 0544 3046     	 mov r0,r6
 541 0546 3946     	 mov r1,r7
 542 0548 0022     	 movs r2,#0
 543 054a 2A4B     	 ldr r3,.L229+12
 544 054c FFF7FEFF 	 bl fmod
 545 0550 0022     	 movs r2,#0
 546 0552 0023     	 movs r3,#0
 547 0554 0646     	 mov r6,r0
 548 0556 0F46     	 mov r7,r1
 549 0558 8046     	 mov r8,r0
 550 055a 8946     	 mov r9,r1
 551 055c FFF7FEFF 	 bl __aeabi_dcmplt
 552 0560 50B1     	 cbz r0,.L43
 553 0562 3046     	 mov r0,r6
 554 0564 07F10041 	 add r1,r7,#-2147483648
 555 0568 FFF7FEFF 	 bl __aeabi_d2uiz
 556 056c 4042     	 negs r0,r0
 557 056e 07E0     	 b .L201
 558              	.L42:
 559 0570 4FF00008 	 mov r8,#0
 560 0574 4FF00009 	 mov r9,#0
 561              	.L43:
 562 0578 4046     	 mov r0,r8
 563 057a 4946     	 mov r1,r9
 564 057c FFF7FEFF 	 bl __aeabi_d2uiz
 565              	.L201:
 566 0580 C0B2     	 uxtb r0,r0
 567 0582 19A3     	 adr r3,.L229
 568 0584 D3E90023 	 ldrd r2,[r3]
 569 0588 84F89406 	 strb r0,[r4,#1684]
 570 058c 85F80401 	 strb r0,[r5,#260]
 571 0590 D4E90201 	 ldrd r0,[r4,#8]
 572 0594 FFF7FEFF 	 bl __aeabi_dmul
 573 0598 0246     	 mov r2,r0
 574 059a 0B46     	 mov r3,r1
 575 059c C4E9C623 	 strd r2,[r4,#792]
 576 05a0 C4E9C823 	 strd r2,[r4,#800]
 577 05a4 FFF7FEFF 	 bl floor
 578 05a8 0646     	 mov r6,r0
 579 05aa 0F46     	 mov r7,r1
 580 05ac FFF7FEFF 	 bl rtIsNaN
 581 05b0 10BB     	 cbnz r0,.L46
 582 05b2 3046     	 mov r0,r6
 583 05b4 3946     	 mov r1,r7
 584 05b6 FFF7FEFF 	 bl rtIsInf
 585 05ba E8B9     	 cbnz r0,.L46
 586 05bc 3046     	 mov r0,r6
 587 05be 3946     	 mov r1,r7
 588 05c0 0022     	 movs r2,#0
 589 05c2 0C4B     	 ldr r3,.L229+12
 590 05c4 FFF7FEFF 	 bl fmod
 591 05c8 0022     	 movs r2,#0
 592 05ca 0023     	 movs r3,#0
 593 05cc 0646     	 mov r6,r0
 594 05ce 0F46     	 mov r7,r1
 595 05d0 8046     	 mov r8,r0
 596 05d2 8946     	 mov r9,r1
 597 05d4 FFF7FEFF 	 bl __aeabi_dcmplt
 598 05d8 90B1     	 cbz r0,.L47
 599 05da 3046     	 mov r0,r6
 600 05dc 07F10041 	 add r1,r7,#-2147483648
 601 05e0 FFF7FEFF 	 bl __aeabi_d2uiz
 602 05e4 4042     	 negs r0,r0
 603 05e6 0FE0     	 b .L202
 604              	.L230:
 605              	 .align 3
 606              	.L229:
 607 05e8 9A999999 	 .word -1717986918
 608 05ec 9999B93F 	 .word 1069128089
 609 05f0 00002440 	 .word 1076101120
 610 05f4 00007040 	 .word 1081081856
 611              	.L46:
 612 05f8 4FF00008 	 mov r8,#0
 613 05fc 4FF00009 	 mov r9,#0
 614              	.L47:
 615 0600 4046     	 mov r0,r8
 616 0602 4946     	 mov r1,r9
 617 0604 FFF7FEFF 	 bl __aeabi_d2uiz
 618              	.L202:
 619 0608 B54B     	 ldr r3,.L231
 620 060a C0B2     	 uxtb r0,r0
 621 060c 84F89506 	 strb r0,[r4,#1685]
 622 0610 85F80501 	 strb r0,[r5,#261]
 623 0614 D3E90001 	 ldrd r0,[r3]
 624 0618 C4E9CA01 	 strd r0,[r4,#808]
 625 061c FFF7FEFF 	 bl floor
 626 0620 0646     	 mov r6,r0
 627 0622 0F46     	 mov r7,r1
 628 0624 FFF7FEFF 	 bl rtIsNaN
 629 0628 D0B9     	 cbnz r0,.L50
 630 062a 3046     	 mov r0,r6
 631 062c 3946     	 mov r1,r7
 632 062e FFF7FEFF 	 bl rtIsInf
 633 0632 A8B9     	 cbnz r0,.L50
 634 0634 3046     	 mov r0,r6
 635 0636 3946     	 mov r1,r7
 636 0638 0022     	 movs r2,#0
 637 063a AA4B     	 ldr r3,.L231+4
 638 063c FFF7FEFF 	 bl fmod
 639 0640 0022     	 movs r2,#0
 640 0642 0023     	 movs r3,#0
 641 0644 0646     	 mov r6,r0
 642 0646 0F46     	 mov r7,r1
 643 0648 8046     	 mov r8,r0
 644 064a 8946     	 mov r9,r1
 645 064c FFF7FEFF 	 bl __aeabi_dcmplt
 646 0650 50B1     	 cbz r0,.L51
 647 0652 3046     	 mov r0,r6
 648 0654 07F10041 	 add r1,r7,#-2147483648
 649 0658 FFF7FEFF 	 bl __aeabi_d2uiz
 650 065c 4042     	 negs r0,r0
 651 065e 07E0     	 b .L203
 652              	.L50:
 653 0660 4FF00008 	 mov r8,#0
 654 0664 4FF00009 	 mov r9,#0
 655              	.L51:
 656 0668 4046     	 mov r0,r8
 657 066a 4946     	 mov r1,r9
 658 066c FFF7FEFF 	 bl __aeabi_d2uiz
 659              	.L203:
 660 0670 9D4B     	 ldr r3,.L231+8
 661 0672 C0B2     	 uxtb r0,r0
 662 0674 84F89606 	 strb r0,[r4,#1686]
 663 0678 85F80601 	 strb r0,[r5,#262]
 664 067c D3E90001 	 ldrd r0,[r3]
 665 0680 C4E9CC01 	 strd r0,[r4,#816]
 666 0684 FFF7FEFF 	 bl floor
 667 0688 0646     	 mov r6,r0
 668 068a 0F46     	 mov r7,r1
 669 068c FFF7FEFF 	 bl rtIsNaN
 670 0690 D0B9     	 cbnz r0,.L54
 671 0692 3046     	 mov r0,r6
 672 0694 3946     	 mov r1,r7
 673 0696 FFF7FEFF 	 bl rtIsInf
 674 069a A8B9     	 cbnz r0,.L54
 675 069c 3046     	 mov r0,r6
 676 069e 3946     	 mov r1,r7
 677 06a0 0022     	 movs r2,#0
 678 06a2 924B     	 ldr r3,.L231+12
 679 06a4 FFF7FEFF 	 bl fmod
 680 06a8 0022     	 movs r2,#0
 681 06aa 0023     	 movs r3,#0
 682 06ac 0646     	 mov r6,r0
 683 06ae 0F46     	 mov r7,r1
 684 06b0 8046     	 mov r8,r0
 685 06b2 8946     	 mov r9,r1
 686 06b4 FFF7FEFF 	 bl __aeabi_dcmplt
 687 06b8 50B1     	 cbz r0,.L55
 688 06ba 3046     	 mov r0,r6
 689 06bc 07F10041 	 add r1,r7,#-2147483648
 690 06c0 FFF7FEFF 	 bl __aeabi_d2uiz
 691 06c4 4042     	 negs r0,r0
 692 06c6 07E0     	 b .L204
 693              	.L54:
 694 06c8 4FF00008 	 mov r8,#0
 695 06cc 4FF00009 	 mov r9,#0
 696              	.L55:
 697 06d0 4046     	 mov r0,r8
 698 06d2 4946     	 mov r1,r9
 699 06d4 FFF7FEFF 	 bl __aeabi_d2uiz
 700              	.L204:
 701 06d8 854B     	 ldr r3,.L231+16
 702 06da 80B2     	 uxth r0,r0
 703 06dc A4F84806 	 strh r0,[r4,#1608]
 704 06e0 A5F8A800 	 strh r0,[r5,#168]
 705 06e4 D3E90001 	 ldrd r0,[r3]
 706 06e8 C4E9CE01 	 strd r0,[r4,#824]
 707 06ec FFF7FEFF 	 bl floor
 708 06f0 0646     	 mov r6,r0
 709 06f2 0F46     	 mov r7,r1
 710 06f4 FFF7FEFF 	 bl rtIsNaN
 711 06f8 D0B9     	 cbnz r0,.L58
 712 06fa 3046     	 mov r0,r6
 713 06fc 3946     	 mov r1,r7
 714 06fe FFF7FEFF 	 bl rtIsInf
 715 0702 A8B9     	 cbnz r0,.L58
 716 0704 3046     	 mov r0,r6
 717 0706 3946     	 mov r1,r7
 718 0708 0022     	 movs r2,#0
 719 070a 764B     	 ldr r3,.L231+4
 720 070c FFF7FEFF 	 bl fmod
 721 0710 0022     	 movs r2,#0
 722 0712 0023     	 movs r3,#0
 723 0714 0646     	 mov r6,r0
 724 0716 0F46     	 mov r7,r1
 725 0718 8046     	 mov r8,r0
 726 071a 8946     	 mov r9,r1
 727 071c FFF7FEFF 	 bl __aeabi_dcmplt
 728 0720 50B1     	 cbz r0,.L59
 729 0722 3046     	 mov r0,r6
 730 0724 07F10041 	 add r1,r7,#-2147483648
 731 0728 FFF7FEFF 	 bl __aeabi_d2uiz
 732 072c 4042     	 negs r0,r0
 733 072e 07E0     	 b .L205
 734              	.L58:
 735 0730 4FF00008 	 mov r8,#0
 736 0734 4FF00009 	 mov r9,#0
 737              	.L59:
 738 0738 4046     	 mov r0,r8
 739 073a 4946     	 mov r1,r9
 740 073c FFF7FEFF 	 bl __aeabi_d2uiz
 741              	.L205:
 742 0740 6C4B     	 ldr r3,.L231+20
 743 0742 C0B2     	 uxtb r0,r0
 744 0744 84F89706 	 strb r0,[r4,#1687]
 745 0748 85F80701 	 strb r0,[r5,#263]
 746 074c D3E90001 	 ldrd r0,[r3]
 747 0750 C4E9D001 	 strd r0,[r4,#832]
 748 0754 FFF7FEFF 	 bl floor
 749 0758 0646     	 mov r6,r0
 750 075a 0F46     	 mov r7,r1
 751 075c FFF7FEFF 	 bl rtIsNaN
 752 0760 D0B9     	 cbnz r0,.L62
 753 0762 3046     	 mov r0,r6
 754 0764 3946     	 mov r1,r7
 755 0766 FFF7FEFF 	 bl rtIsInf
 756 076a A8B9     	 cbnz r0,.L62
 757 076c 3046     	 mov r0,r6
 758 076e 3946     	 mov r1,r7
 759 0770 0022     	 movs r2,#0
 760 0772 5C4B     	 ldr r3,.L231+4
 761 0774 FFF7FEFF 	 bl fmod
 762 0778 0022     	 movs r2,#0
 763 077a 0023     	 movs r3,#0
 764 077c 0646     	 mov r6,r0
 765 077e 0F46     	 mov r7,r1
 766 0780 8046     	 mov r8,r0
 767 0782 8946     	 mov r9,r1
 768 0784 FFF7FEFF 	 bl __aeabi_dcmplt
 769 0788 50B1     	 cbz r0,.L63
 770 078a 3046     	 mov r0,r6
 771 078c 07F10041 	 add r1,r7,#-2147483648
 772 0790 FFF7FEFF 	 bl __aeabi_d2uiz
 773 0794 4042     	 negs r0,r0
 774 0796 07E0     	 b .L206
 775              	.L62:
 776 0798 4FF00008 	 mov r8,#0
 777 079c 4FF00009 	 mov r9,#0
 778              	.L63:
 779 07a0 4046     	 mov r0,r8
 780 07a2 4946     	 mov r1,r9
 781 07a4 FFF7FEFF 	 bl __aeabi_d2uiz
 782              	.L206:
 783 07a8 534B     	 ldr r3,.L231+24
 784 07aa C0B2     	 uxtb r0,r0
 785 07ac 84F89806 	 strb r0,[r4,#1688]
 786 07b0 85F80801 	 strb r0,[r5,#264]
 787 07b4 D3E90001 	 ldrd r0,[r3]
 788 07b8 C4E9D201 	 strd r0,[r4,#840]
 789 07bc FFF7FEFF 	 bl floor
 790 07c0 0646     	 mov r6,r0
 791 07c2 0F46     	 mov r7,r1
 792 07c4 FFF7FEFF 	 bl rtIsNaN
 793 07c8 D0B9     	 cbnz r0,.L66
 794 07ca 3046     	 mov r0,r6
 795 07cc 3946     	 mov r1,r7
 796 07ce FFF7FEFF 	 bl rtIsInf
 797 07d2 A8B9     	 cbnz r0,.L66
 798 07d4 3046     	 mov r0,r6
 799 07d6 3946     	 mov r1,r7
 800 07d8 0022     	 movs r2,#0
 801 07da 424B     	 ldr r3,.L231+4
 802 07dc FFF7FEFF 	 bl fmod
 803 07e0 0022     	 movs r2,#0
 804 07e2 0023     	 movs r3,#0
 805 07e4 0646     	 mov r6,r0
 806 07e6 0F46     	 mov r7,r1
 807 07e8 8046     	 mov r8,r0
 808 07ea 8946     	 mov r9,r1
 809 07ec FFF7FEFF 	 bl __aeabi_dcmplt
 810 07f0 50B1     	 cbz r0,.L67
 811 07f2 3046     	 mov r0,r6
 812 07f4 07F10041 	 add r1,r7,#-2147483648
 813 07f8 FFF7FEFF 	 bl __aeabi_d2uiz
 814 07fc 4042     	 negs r0,r0
 815 07fe 07E0     	 b .L207
 816              	.L66:
 817 0800 4FF00008 	 mov r8,#0
 818 0804 4FF00009 	 mov r9,#0
 819              	.L67:
 820 0808 4046     	 mov r0,r8
 821 080a 4946     	 mov r1,r9
 822 080c FFF7FEFF 	 bl __aeabi_d2uiz
 823              	.L207:
 824 0810 3A4B     	 ldr r3,.L231+28
 825 0812 C0B2     	 uxtb r0,r0
 826 0814 84F89906 	 strb r0,[r4,#1689]
 827 0818 85F80901 	 strb r0,[r5,#265]
 828 081c D3E90001 	 ldrd r0,[r3]
 829 0820 C4E9D401 	 strd r0,[r4,#848]
 830 0824 FFF7FEFF 	 bl floor
 831 0828 0646     	 mov r6,r0
 832 082a 0F46     	 mov r7,r1
 833 082c FFF7FEFF 	 bl rtIsNaN
 834 0830 D0B9     	 cbnz r0,.L70
 835 0832 3046     	 mov r0,r6
 836 0834 3946     	 mov r1,r7
 837 0836 FFF7FEFF 	 bl rtIsInf
 838 083a A8B9     	 cbnz r0,.L70
 839 083c 3046     	 mov r0,r6
 840 083e 3946     	 mov r1,r7
 841 0840 0022     	 movs r2,#0
 842 0842 284B     	 ldr r3,.L231+4
 843 0844 FFF7FEFF 	 bl fmod
 844 0848 0022     	 movs r2,#0
 845 084a 0023     	 movs r3,#0
 846 084c 0646     	 mov r6,r0
 847 084e 0F46     	 mov r7,r1
 848 0850 8046     	 mov r8,r0
 849 0852 8946     	 mov r9,r1
 850 0854 FFF7FEFF 	 bl __aeabi_dcmplt
 851 0858 50B1     	 cbz r0,.L71
 852 085a 3046     	 mov r0,r6
 853 085c 07F10041 	 add r1,r7,#-2147483648
 854 0860 FFF7FEFF 	 bl __aeabi_d2uiz
 855 0864 4042     	 negs r0,r0
 856 0866 07E0     	 b .L208
 857              	.L70:
 858 0868 4FF00008 	 mov r8,#0
 859 086c 4FF00009 	 mov r9,#0
 860              	.L71:
 861 0870 4046     	 mov r0,r8
 862 0872 4946     	 mov r1,r9
 863 0874 FFF7FEFF 	 bl __aeabi_d2uiz
 864              	.L208:
 865 0878 214B     	 ldr r3,.L231+32
 866 087a C0B2     	 uxtb r0,r0
 867 087c 84F89A06 	 strb r0,[r4,#1690]
 868 0880 85F80A01 	 strb r0,[r5,#266]
 869 0884 0022     	 movs r2,#0
 870 0886 D3E90001 	 ldrd r0,[r3]
 871 088a 1E4B     	 ldr r3,.L231+36
 872 088c FFF7FEFF 	 bl __aeabi_dmul
 873 0890 0246     	 mov r2,r0
 874 0892 0B46     	 mov r3,r1
 875 0894 C4E9D623 	 strd r2,[r4,#856]
 876 0898 C4E9D823 	 strd r2,[r4,#864]
 877 089c FFF7FEFF 	 bl floor
 878 08a0 0646     	 mov r6,r0
 879 08a2 0F46     	 mov r7,r1
 880 08a4 FFF7FEFF 	 bl rtIsNaN
 881 08a8 70BB     	 cbnz r0,.L74
 882 08aa 3046     	 mov r0,r6
 883 08ac 3946     	 mov r1,r7
 884 08ae FFF7FEFF 	 bl rtIsInf
 885 08b2 48BB     	 cbnz r0,.L74
 886 08b4 3046     	 mov r0,r6
 887 08b6 3946     	 mov r1,r7
 888 08b8 0022     	 movs r2,#0
 889 08ba 0C4B     	 ldr r3,.L231+12
 890 08bc FFF7FEFF 	 bl fmod
 891 08c0 0022     	 movs r2,#0
 892 08c2 0023     	 movs r3,#0
 893 08c4 0646     	 mov r6,r0
 894 08c6 0F46     	 mov r7,r1
 895 08c8 8046     	 mov r8,r0
 896 08ca 8946     	 mov r9,r1
 897 08cc FFF7FEFF 	 bl __aeabi_dcmplt
 898 08d0 F0B1     	 cbz r0,.L75
 899 08d2 3046     	 mov r0,r6
 900 08d4 07F10041 	 add r1,r7,#-2147483648
 901 08d8 FFF7FEFF 	 bl __aeabi_d2uiz
 902 08dc 4042     	 negs r0,r0
 903 08de 1BE0     	 b .L209
 904              	.L232:
 905              	 .align 2
 906              	.L231:
 907 08e0 28040000 	 .word VCU_B+1064
 908 08e4 00007040 	 .word 1081081856
 909 08e8 18040000 	 .word VCU_B+1048
 910 08ec 0000F040 	 .word 1089470464
 911 08f0 20040000 	 .word VCU_B+1056
 912 08f4 38040000 	 .word VCU_B+1080
 913 08f8 30040000 	 .word VCU_B+1072
 914 08fc 40040000 	 .word VCU_B+1088
 915 0900 B8050000 	 .word VCU_B+1464
 916 0904 00002440 	 .word 1076101120
 917              	.L74:
 918 0908 4FF00008 	 mov r8,#0
 919 090c 4FF00009 	 mov r9,#0
 920              	.L75:
 921 0910 4046     	 mov r0,r8
 922 0912 4946     	 mov r1,r9
 923 0914 FFF7FEFF 	 bl __aeabi_d2uiz
 924              	.L209:
 925 0918 B34B     	 ldr r3,.L233+8
 926 091a 80B2     	 uxth r0,r0
 927 091c A4F84A06 	 strh r0,[r4,#1610]
 928 0920 A5F8AA00 	 strh r0,[r5,#170]
 929 0924 0022     	 movs r2,#0
 930 0926 D3E90001 	 ldrd r0,[r3]
 931 092a B04B     	 ldr r3,.L233+12
 932 092c FFF7FEFF 	 bl __aeabi_dmul
 933 0930 0246     	 mov r2,r0
 934 0932 0B46     	 mov r3,r1
 935 0934 C4E9DA23 	 strd r2,[r4,#872]
 936 0938 C4E9DC23 	 strd r2,[r4,#880]
 937 093c FFF7FEFF 	 bl floor
 938 0940 0646     	 mov r6,r0
 939 0942 0F46     	 mov r7,r1
 940 0944 FFF7FEFF 	 bl rtIsNaN
 941 0948 D0B9     	 cbnz r0,.L78
 942 094a 3046     	 mov r0,r6
 943 094c 3946     	 mov r1,r7
 944 094e FFF7FEFF 	 bl rtIsInf
 945 0952 A8B9     	 cbnz r0,.L78
 946 0954 3046     	 mov r0,r6
 947 0956 3946     	 mov r1,r7
 948 0958 0022     	 movs r2,#0
 949 095a A54B     	 ldr r3,.L233+16
 950 095c FFF7FEFF 	 bl fmod
 951 0960 0022     	 movs r2,#0
 952 0962 0023     	 movs r3,#0
 953 0964 0646     	 mov r6,r0
 954 0966 0F46     	 mov r7,r1
 955 0968 8046     	 mov r8,r0
 956 096a 8946     	 mov r9,r1
 957 096c FFF7FEFF 	 bl __aeabi_dcmplt
 958 0970 50B1     	 cbz r0,.L79
 959 0972 3046     	 mov r0,r6
 960 0974 07F10041 	 add r1,r7,#-2147483648
 961 0978 FFF7FEFF 	 bl __aeabi_d2uiz
 962 097c 4042     	 negs r0,r0
 963 097e 07E0     	 b .L210
 964              	.L78:
 965 0980 4FF00008 	 mov r8,#0
 966 0984 4FF00009 	 mov r9,#0
 967              	.L79:
 968 0988 4046     	 mov r0,r8
 969 098a 4946     	 mov r1,r9
 970 098c FFF7FEFF 	 bl __aeabi_d2uiz
 971              	.L210:
 972 0990 984B     	 ldr r3,.L233+20
 973 0992 80B2     	 uxth r0,r0
 974 0994 A4F84C06 	 strh r0,[r4,#1612]
 975 0998 A5F8AC00 	 strh r0,[r5,#172]
 976 099c 0022     	 movs r2,#0
 977 099e D3E90001 	 ldrd r0,[r3]
 978 09a2 924B     	 ldr r3,.L233+12
 979 09a4 FFF7FEFF 	 bl __aeabi_dmul
 980 09a8 0246     	 mov r2,r0
 981 09aa 0B46     	 mov r3,r1
 982 09ac C4E9DE23 	 strd r2,[r4,#888]
 983 09b0 C4E9E023 	 strd r2,[r4,#896]
 984 09b4 FFF7FEFF 	 bl floor
 985 09b8 0646     	 mov r6,r0
 986 09ba 0F46     	 mov r7,r1
 987 09bc FFF7FEFF 	 bl rtIsNaN
 988 09c0 D0B9     	 cbnz r0,.L82
 989 09c2 3046     	 mov r0,r6
 990 09c4 3946     	 mov r1,r7
 991 09c6 FFF7FEFF 	 bl rtIsInf
 992 09ca A8B9     	 cbnz r0,.L82
 993 09cc 3046     	 mov r0,r6
 994 09ce 3946     	 mov r1,r7
 995 09d0 0022     	 movs r2,#0
 996 09d2 874B     	 ldr r3,.L233+16
 997 09d4 FFF7FEFF 	 bl fmod
 998 09d8 0022     	 movs r2,#0
 999 09da 0023     	 movs r3,#0
 1000 09dc 0646     	 mov r6,r0
 1001 09de 0F46     	 mov r7,r1
 1002 09e0 8046     	 mov r8,r0
 1003 09e2 8946     	 mov r9,r1
 1004 09e4 FFF7FEFF 	 bl __aeabi_dcmplt
 1005 09e8 50B1     	 cbz r0,.L83
 1006 09ea 3046     	 mov r0,r6
 1007 09ec 07F10041 	 add r1,r7,#-2147483648
 1008 09f0 FFF7FEFF 	 bl __aeabi_d2uiz
 1009 09f4 4042     	 negs r0,r0
 1010 09f6 07E0     	 b .L211
 1011              	.L82:
 1012 09f8 4FF00008 	 mov r8,#0
 1013 09fc 4FF00009 	 mov r9,#0
 1014              	.L83:
 1015 0a00 4046     	 mov r0,r8
 1016 0a02 4946     	 mov r1,r9
 1017 0a04 FFF7FEFF 	 bl __aeabi_d2uiz
 1018              	.L211:
 1019 0a08 7B4B     	 ldr r3,.L233+24
 1020 0a0a 80B2     	 uxth r0,r0
 1021 0a0c A4F84E06 	 strh r0,[r4,#1614]
 1022 0a10 A5F8AE00 	 strh r0,[r5,#174]
 1023 0a14 0022     	 movs r2,#0
 1024 0a16 D3E90001 	 ldrd r0,[r3]
 1025 0a1a 744B     	 ldr r3,.L233+12
 1026 0a1c FFF7FEFF 	 bl __aeabi_dmul
 1027 0a20 0246     	 mov r2,r0
 1028 0a22 0B46     	 mov r3,r1
 1029 0a24 C4E9E223 	 strd r2,[r4,#904]
 1030 0a28 C4E9E423 	 strd r2,[r4,#912]
 1031 0a2c FFF7FEFF 	 bl floor
 1032 0a30 0646     	 mov r6,r0
 1033 0a32 0F46     	 mov r7,r1
 1034 0a34 FFF7FEFF 	 bl rtIsNaN
 1035 0a38 D0B9     	 cbnz r0,.L86
 1036 0a3a 3046     	 mov r0,r6
 1037 0a3c 3946     	 mov r1,r7
 1038 0a3e FFF7FEFF 	 bl rtIsInf
 1039 0a42 A8B9     	 cbnz r0,.L86
 1040 0a44 3046     	 mov r0,r6
 1041 0a46 3946     	 mov r1,r7
 1042 0a48 0022     	 movs r2,#0
 1043 0a4a 694B     	 ldr r3,.L233+16
 1044 0a4c FFF7FEFF 	 bl fmod
 1045 0a50 0022     	 movs r2,#0
 1046 0a52 0023     	 movs r3,#0
 1047 0a54 0646     	 mov r6,r0
 1048 0a56 0F46     	 mov r7,r1
 1049 0a58 8046     	 mov r8,r0
 1050 0a5a 8946     	 mov r9,r1
 1051 0a5c FFF7FEFF 	 bl __aeabi_dcmplt
 1052 0a60 50B1     	 cbz r0,.L87
 1053 0a62 3046     	 mov r0,r6
 1054 0a64 07F10041 	 add r1,r7,#-2147483648
 1055 0a68 FFF7FEFF 	 bl __aeabi_d2uiz
 1056 0a6c 4042     	 negs r0,r0
 1057 0a6e 07E0     	 b .L212
 1058              	.L86:
 1059 0a70 4FF00008 	 mov r8,#0
 1060 0a74 4FF00009 	 mov r9,#0
 1061              	.L87:
 1062 0a78 4046     	 mov r0,r8
 1063 0a7a 4946     	 mov r1,r9
 1064 0a7c FFF7FEFF 	 bl __aeabi_d2uiz
 1065              	.L212:
 1066 0a80 5E4B     	 ldr r3,.L233+28
 1067 0a82 80B2     	 uxth r0,r0
 1068 0a84 A4F85006 	 strh r0,[r4,#1616]
 1069 0a88 A5F8B000 	 strh r0,[r5,#176]
 1070 0a8c D3E90001 	 ldrd r0,[r3]
 1071 0a90 53A3     	 adr r3,.L233
 1072 0a92 D3E90023 	 ldrd r2,[r3]
 1073 0a96 FFF7FEFF 	 bl __aeabi_dmul
 1074 0a9a 0246     	 mov r2,r0
 1075 0a9c 0B46     	 mov r3,r1
 1076 0a9e C4E9E623 	 strd r2,[r4,#920]
 1077 0aa2 C4E9E823 	 strd r2,[r4,#928]
 1078 0aa6 FFF7FEFF 	 bl floor
 1079 0aaa 0646     	 mov r6,r0
 1080 0aac 0F46     	 mov r7,r1
 1081 0aae FFF7FEFF 	 bl rtIsNaN
 1082 0ab2 D0B9     	 cbnz r0,.L90
 1083 0ab4 3046     	 mov r0,r6
 1084 0ab6 3946     	 mov r1,r7
 1085 0ab8 FFF7FEFF 	 bl rtIsInf
 1086 0abc A8B9     	 cbnz r0,.L90
 1087 0abe 3046     	 mov r0,r6
 1088 0ac0 3946     	 mov r1,r7
 1089 0ac2 0022     	 movs r2,#0
 1090 0ac4 4E4B     	 ldr r3,.L233+32
 1091 0ac6 FFF7FEFF 	 bl fmod
 1092 0aca 0022     	 movs r2,#0
 1093 0acc 0023     	 movs r3,#0
 1094 0ace 0646     	 mov r6,r0
 1095 0ad0 0F46     	 mov r7,r1
 1096 0ad2 8046     	 mov r8,r0
 1097 0ad4 8946     	 mov r9,r1
 1098 0ad6 FFF7FEFF 	 bl __aeabi_dcmplt
 1099 0ada 50B1     	 cbz r0,.L91
 1100 0adc 3046     	 mov r0,r6
 1101 0ade 07F10041 	 add r1,r7,#-2147483648
 1102 0ae2 FFF7FEFF 	 bl __aeabi_d2uiz
 1103 0ae6 4042     	 negs r0,r0
 1104 0ae8 07E0     	 b .L213
 1105              	.L90:
 1106 0aea 4FF00008 	 mov r8,#0
 1107 0aee 4FF00009 	 mov r9,#0
 1108              	.L91:
 1109 0af2 4046     	 mov r0,r8
 1110 0af4 4946     	 mov r1,r9
 1111 0af6 FFF7FEFF 	 bl __aeabi_d2uiz
 1112              	.L213:
 1113 0afa 424B     	 ldr r3,.L233+36
 1114 0afc C0B2     	 uxtb r0,r0
 1115 0afe 84F89B06 	 strb r0,[r4,#1691]
 1116 0b02 85F80B01 	 strb r0,[r5,#267]
 1117 0b06 D3E90001 	 ldrd r0,[r3]
 1118 0b0a 35A3     	 adr r3,.L233
 1119 0b0c D3E90023 	 ldrd r2,[r3]
 1120 0b10 FFF7FEFF 	 bl __aeabi_dmul
 1121 0b14 0246     	 mov r2,r0
 1122 0b16 0B46     	 mov r3,r1
 1123 0b18 C4E9EA23 	 strd r2,[r4,#936]
 1124 0b1c C4E9EC23 	 strd r2,[r4,#944]
 1125 0b20 FFF7FEFF 	 bl floor
 1126 0b24 0646     	 mov r6,r0
 1127 0b26 0F46     	 mov r7,r1
 1128 0b28 FFF7FEFF 	 bl rtIsNaN
 1129 0b2c D0B9     	 cbnz r0,.L94
 1130 0b2e 3046     	 mov r0,r6
 1131 0b30 3946     	 mov r1,r7
 1132 0b32 FFF7FEFF 	 bl rtIsInf
 1133 0b36 A8B9     	 cbnz r0,.L94
 1134 0b38 3046     	 mov r0,r6
 1135 0b3a 3946     	 mov r1,r7
 1136 0b3c 0022     	 movs r2,#0
 1137 0b3e 304B     	 ldr r3,.L233+32
 1138 0b40 FFF7FEFF 	 bl fmod
 1139 0b44 0022     	 movs r2,#0
 1140 0b46 0023     	 movs r3,#0
 1141 0b48 0646     	 mov r6,r0
 1142 0b4a 0F46     	 mov r7,r1
 1143 0b4c 8046     	 mov r8,r0
 1144 0b4e 8946     	 mov r9,r1
 1145 0b50 FFF7FEFF 	 bl __aeabi_dcmplt
 1146 0b54 50B1     	 cbz r0,.L95
 1147 0b56 3046     	 mov r0,r6
 1148 0b58 07F10041 	 add r1,r7,#-2147483648
 1149 0b5c FFF7FEFF 	 bl __aeabi_d2uiz
 1150 0b60 4042     	 negs r0,r0
 1151 0b62 07E0     	 b .L214
 1152              	.L94:
 1153 0b64 4FF00008 	 mov r8,#0
 1154 0b68 4FF00009 	 mov r9,#0
 1155              	.L95:
 1156 0b6c 4046     	 mov r0,r8
 1157 0b6e 4946     	 mov r1,r9
 1158 0b70 FFF7FEFF 	 bl __aeabi_d2uiz
 1159              	.L214:
 1160 0b74 244B     	 ldr r3,.L233+40
 1161 0b76 C0B2     	 uxtb r0,r0
 1162 0b78 84F89C06 	 strb r0,[r4,#1692]
 1163 0b7c 85F80C01 	 strb r0,[r5,#268]
 1164 0b80 D3E90001 	 ldrd r0,[r3]
 1165 0b84 16A3     	 adr r3,.L233
 1166 0b86 D3E90023 	 ldrd r2,[r3]
 1167 0b8a FFF7FEFF 	 bl __aeabi_dmul
 1168 0b8e 0246     	 mov r2,r0
 1169 0b90 0B46     	 mov r3,r1
 1170 0b92 C4E9EE23 	 strd r2,[r4,#952]
 1171 0b96 C4E9F023 	 strd r2,[r4,#960]
 1172 0b9a FFF7FEFF 	 bl floor
 1173 0b9e 0646     	 mov r6,r0
 1174 0ba0 0F46     	 mov r7,r1
 1175 0ba2 FFF7FEFF 	 bl rtIsNaN
 1176 0ba6 88BB     	 cbnz r0,.L98
 1177 0ba8 3046     	 mov r0,r6
 1178 0baa 3946     	 mov r1,r7
 1179 0bac FFF7FEFF 	 bl rtIsInf
 1180 0bb0 60BB     	 cbnz r0,.L98
 1181 0bb2 3046     	 mov r0,r6
 1182 0bb4 3946     	 mov r1,r7
 1183 0bb6 0022     	 movs r2,#0
 1184 0bb8 114B     	 ldr r3,.L233+32
 1185 0bba FFF7FEFF 	 bl fmod
 1186 0bbe 0022     	 movs r2,#0
 1187 0bc0 0023     	 movs r3,#0
 1188 0bc2 0646     	 mov r6,r0
 1189 0bc4 0F46     	 mov r7,r1
 1190 0bc6 8046     	 mov r8,r0
 1191 0bc8 8946     	 mov r9,r1
 1192 0bca FFF7FEFF 	 bl __aeabi_dcmplt
 1193 0bce 08B3     	 cbz r0,.L99
 1194 0bd0 3046     	 mov r0,r6
 1195 0bd2 07F10041 	 add r1,r7,#-2147483648
 1196 0bd6 FFF7FEFF 	 bl __aeabi_d2uiz
 1197 0bda 4042     	 negs r0,r0
 1198 0bdc 1EE0     	 b .L215
 1199              	.L234:
 1200 0bde 00BF     	 .align 3
 1201              	.L233:
 1202 0be0 CDCCCCCC 	 .word -858993459
 1203 0be4 CCCCF43F 	 .word 1073007820
 1204 0be8 D8050000 	 .word VCU_B+1496
 1205 0bec 00002440 	 .word 1076101120
 1206 0bf0 0000F040 	 .word 1089470464
 1207 0bf4 F8050000 	 .word VCU_B+1528
 1208 0bf8 18060000 	 .word VCU_B+1560
 1209 0bfc 20050000 	 .word VCU_B+1312
 1210 0c00 00007040 	 .word 1081081856
 1211 0c04 38050000 	 .word VCU_B+1336
 1212 0c08 08050000 	 .word VCU_B+1288
 1213              	.L98:
 1214 0c0c 4FF00008 	 mov r8,#0
 1215 0c10 4FF00009 	 mov r9,#0
 1216              	.L99:
 1217 0c14 4046     	 mov r0,r8
 1218 0c16 4946     	 mov r1,r9
 1219 0c18 FFF7FEFF 	 bl __aeabi_d2uiz
 1220              	.L215:
 1221 0c1c A64B     	 ldr r3,.L235+8
 1222 0c1e C0B2     	 uxtb r0,r0
 1223 0c20 84F89D06 	 strb r0,[r4,#1693]
 1224 0c24 85F80D01 	 strb r0,[r5,#269]
 1225 0c28 0022     	 movs r2,#0
 1226 0c2a D3E90001 	 ldrd r0,[r3]
 1227 0c2e A34B     	 ldr r3,.L235+12
 1228 0c30 FFF7FEFF 	 bl __aeabi_dmul
 1229 0c34 0246     	 mov r2,r0
 1230 0c36 0B46     	 mov r3,r1
 1231 0c38 C4E9F223 	 strd r2,[r4,#968]
 1232 0c3c C4E9F423 	 strd r2,[r4,#976]
 1233 0c40 FFF7FEFF 	 bl floor
 1234 0c44 0646     	 mov r6,r0
 1235 0c46 0F46     	 mov r7,r1
 1236 0c48 FFF7FEFF 	 bl rtIsNaN
 1237 0c4c D0B9     	 cbnz r0,.L102
 1238 0c4e 3046     	 mov r0,r6
 1239 0c50 3946     	 mov r1,r7
 1240 0c52 FFF7FEFF 	 bl rtIsInf
 1241 0c56 A8B9     	 cbnz r0,.L102
 1242 0c58 3046     	 mov r0,r6
 1243 0c5a 3946     	 mov r1,r7
 1244 0c5c 0022     	 movs r2,#0
 1245 0c5e 984B     	 ldr r3,.L235+16
 1246 0c60 FFF7FEFF 	 bl fmod
 1247 0c64 0022     	 movs r2,#0
 1248 0c66 0023     	 movs r3,#0
 1249 0c68 0646     	 mov r6,r0
 1250 0c6a 0F46     	 mov r7,r1
 1251 0c6c 8046     	 mov r8,r0
 1252 0c6e 8946     	 mov r9,r1
 1253 0c70 FFF7FEFF 	 bl __aeabi_dcmplt
 1254 0c74 50B1     	 cbz r0,.L103
 1255 0c76 3046     	 mov r0,r6
 1256 0c78 07F10041 	 add r1,r7,#-2147483648
 1257 0c7c FFF7FEFF 	 bl __aeabi_d2uiz
 1258 0c80 4042     	 negs r0,r0
 1259 0c82 07E0     	 b .L216
 1260              	.L102:
 1261 0c84 4FF00008 	 mov r8,#0
 1262 0c88 4FF00009 	 mov r9,#0
 1263              	.L103:
 1264 0c8c 4046     	 mov r0,r8
 1265 0c8e 4946     	 mov r1,r9
 1266 0c90 FFF7FEFF 	 bl __aeabi_d2uiz
 1267              	.L216:
 1268 0c94 8B4B     	 ldr r3,.L235+20
 1269 0c96 C0B2     	 uxtb r0,r0
 1270 0c98 84F89E06 	 strb r0,[r4,#1694]
 1271 0c9c 85F80E01 	 strb r0,[r5,#270]
 1272 0ca0 0022     	 movs r2,#0
 1273 0ca2 D3E90001 	 ldrd r0,[r3]
 1274 0ca6 854B     	 ldr r3,.L235+12
 1275 0ca8 FFF7FEFF 	 bl __aeabi_dmul
 1276 0cac 0246     	 mov r2,r0
 1277 0cae 0B46     	 mov r3,r1
 1278 0cb0 C4E9F623 	 strd r2,[r4,#984]
 1279 0cb4 C4E9F823 	 strd r2,[r4,#992]
 1280 0cb8 FFF7FEFF 	 bl floor
 1281 0cbc 0646     	 mov r6,r0
 1282 0cbe 0F46     	 mov r7,r1
 1283 0cc0 FFF7FEFF 	 bl rtIsNaN
 1284 0cc4 D0B9     	 cbnz r0,.L106
 1285 0cc6 3046     	 mov r0,r6
 1286 0cc8 3946     	 mov r1,r7
 1287 0cca FFF7FEFF 	 bl rtIsInf
 1288 0cce A8B9     	 cbnz r0,.L106
 1289 0cd0 3046     	 mov r0,r6
 1290 0cd2 3946     	 mov r1,r7
 1291 0cd4 0022     	 movs r2,#0
 1292 0cd6 7A4B     	 ldr r3,.L235+16
 1293 0cd8 FFF7FEFF 	 bl fmod
 1294 0cdc 0022     	 movs r2,#0
 1295 0cde 0023     	 movs r3,#0
 1296 0ce0 0646     	 mov r6,r0
 1297 0ce2 0F46     	 mov r7,r1
 1298 0ce4 8046     	 mov r8,r0
 1299 0ce6 8946     	 mov r9,r1
 1300 0ce8 FFF7FEFF 	 bl __aeabi_dcmplt
 1301 0cec 50B1     	 cbz r0,.L107
 1302 0cee 3046     	 mov r0,r6
 1303 0cf0 07F10041 	 add r1,r7,#-2147483648
 1304 0cf4 FFF7FEFF 	 bl __aeabi_d2uiz
 1305 0cf8 4042     	 negs r0,r0
 1306 0cfa 07E0     	 b .L217
 1307              	.L106:
 1308 0cfc 4FF00008 	 mov r8,#0
 1309 0d00 4FF00009 	 mov r9,#0
 1310              	.L107:
 1311 0d04 4046     	 mov r0,r8
 1312 0d06 4946     	 mov r1,r9
 1313 0d08 FFF7FEFF 	 bl __aeabi_d2uiz
 1314              	.L217:
 1315 0d0c C0B2     	 uxtb r0,r0
 1316 0d0e 84F89F06 	 strb r0,[r4,#1695]
 1317 0d12 85F80F01 	 strb r0,[r5,#271]
 1318 0d16 B4F86A06 	 ldrh r0,[r4,#1642]
 1319 0d1a 4FF42043 	 mov r3,#40960
 1320 0d1e 5843     	 muls r0,r3,r0
 1321 0d20 C4F82806 	 str r0,[r4,#1576]
 1322 0d24 FFF7FEFF 	 bl __aeabi_ui2d
 1323 0d28 0022     	 movs r2,#0
 1324 0d2a 674B     	 ldr r3,.L235+24
 1325 0d2c FFF7FEFF 	 bl __aeabi_dmul
 1326 0d30 C4E9FA01 	 strd r0,[r4,#1000]
 1327 0d34 FFF7FEFF 	 bl floor
 1328 0d38 0646     	 mov r6,r0
 1329 0d3a 0F46     	 mov r7,r1
 1330 0d3c FFF7FEFF 	 bl rtIsNaN
 1331 0d40 D0B9     	 cbnz r0,.L110
 1332 0d42 3046     	 mov r0,r6
 1333 0d44 3946     	 mov r1,r7
 1334 0d46 FFF7FEFF 	 bl rtIsInf
 1335 0d4a A8B9     	 cbnz r0,.L110
 1336 0d4c 3046     	 mov r0,r6
 1337 0d4e 3946     	 mov r1,r7
 1338 0d50 0022     	 movs r2,#0
 1339 0d52 5B4B     	 ldr r3,.L235+16
 1340 0d54 FFF7FEFF 	 bl fmod
 1341 0d58 0022     	 movs r2,#0
 1342 0d5a 0023     	 movs r3,#0
 1343 0d5c 0646     	 mov r6,r0
 1344 0d5e 0F46     	 mov r7,r1
 1345 0d60 8046     	 mov r8,r0
 1346 0d62 8946     	 mov r9,r1
 1347 0d64 FFF7FEFF 	 bl __aeabi_dcmplt
 1348 0d68 50B1     	 cbz r0,.L111
 1349 0d6a 3046     	 mov r0,r6
 1350 0d6c 07F10041 	 add r1,r7,#-2147483648
 1351 0d70 FFF7FEFF 	 bl __aeabi_d2uiz
 1352 0d74 4042     	 negs r0,r0
 1353 0d76 07E0     	 b .L218
 1354              	.L110:
 1355 0d78 4FF00008 	 mov r8,#0
 1356 0d7c 4FF00009 	 mov r9,#0
 1357              	.L111:
 1358 0d80 4046     	 mov r0,r8
 1359 0d82 4946     	 mov r1,r9
 1360 0d84 FFF7FEFF 	 bl __aeabi_d2uiz
 1361              	.L218:
 1362 0d88 504B     	 ldr r3,.L235+28
 1363 0d8a C0B2     	 uxtb r0,r0
 1364 0d8c 84F8A006 	 strb r0,[r4,#1696]
 1365 0d90 85F81001 	 strb r0,[r5,#272]
 1366 0d94 0022     	 movs r2,#0
 1367 0d96 D3E90001 	 ldrd r0,[r3]
 1368 0d9a 484B     	 ldr r3,.L235+12
 1369 0d9c FFF7FEFF 	 bl __aeabi_dmul
 1370 0da0 0246     	 mov r2,r0
 1371 0da2 0B46     	 mov r3,r1
 1372 0da4 C4E9FC23 	 strd r2,[r4,#1008]
 1373 0da8 C4E9FE23 	 strd r2,[r4,#1016]
 1374 0dac FFF7FEFF 	 bl floor
 1375 0db0 0646     	 mov r6,r0
 1376 0db2 0F46     	 mov r7,r1
 1377 0db4 FFF7FEFF 	 bl rtIsNaN
 1378 0db8 D0B9     	 cbnz r0,.L114
 1379 0dba 3046     	 mov r0,r6
 1380 0dbc 3946     	 mov r1,r7
 1381 0dbe FFF7FEFF 	 bl rtIsInf
 1382 0dc2 A8B9     	 cbnz r0,.L114
 1383 0dc4 3046     	 mov r0,r6
 1384 0dc6 3946     	 mov r1,r7
 1385 0dc8 0022     	 movs r2,#0
 1386 0dca 3D4B     	 ldr r3,.L235+16
 1387 0dcc FFF7FEFF 	 bl fmod
 1388 0dd0 0022     	 movs r2,#0
 1389 0dd2 0023     	 movs r3,#0
 1390 0dd4 0646     	 mov r6,r0
 1391 0dd6 0F46     	 mov r7,r1
 1392 0dd8 8046     	 mov r8,r0
 1393 0dda 8946     	 mov r9,r1
 1394 0ddc FFF7FEFF 	 bl __aeabi_dcmplt
 1395 0de0 50B1     	 cbz r0,.L115
 1396 0de2 3046     	 mov r0,r6
 1397 0de4 07F10041 	 add r1,r7,#-2147483648
 1398 0de8 FFF7FEFF 	 bl __aeabi_d2uiz
 1399 0dec 4042     	 negs r0,r0
 1400 0dee 07E0     	 b .L219
 1401              	.L114:
 1402 0df0 4FF00008 	 mov r8,#0
 1403 0df4 4FF00009 	 mov r9,#0
 1404              	.L115:
 1405 0df8 4046     	 mov r0,r8
 1406 0dfa 4946     	 mov r1,r9
 1407 0dfc FFF7FEFF 	 bl __aeabi_d2uiz
 1408              	.L219:
 1409 0e00 D4E99667 	 ldrd r6,[r4,#600]
 1410 0e04 324B     	 ldr r3,.L235+32
 1411 0e06 DFF8D4B0 	 ldr fp,.L235+44
 1412 0e0a C3E90067 	 strd r6,[r3]
 1413 0e0e DBE90223 	 ldrd r2,[fp,#8]
 1414 0e12 C0B2     	 uxtb r0,r0
 1415 0e14 C5E90A23 	 strd r2,[r5,#40]
 1416 0e18 84F8A106 	 strb r0,[r4,#1697]
 1417 0e1c 85F81101 	 strb r0,[r5,#273]
 1418 0e20 C5E90867 	 strd r6,[r5,#32]
 1419 0e24 D4E90001 	 ldrd r0,[r4]
 1420 0e28 0022     	 movs r2,#0
 1421 0e2a 0023     	 movs r3,#0
 1422 0e2c 4FF00108 	 mov r8,#1
 1423 0e30 FFF7FEFF 	 bl __aeabi_dcmpgt
 1424 0e34 00B9     	 cbnz r0,.L118
 1425 0e36 8046     	 mov r8,r0
 1426              	.L118:
 1427 0e38 84F87987 	 strb r8,[r4,#1913]
 1428 0e3c 85F84681 	 strb r8,[r5,#326]
 1429 0e40 D4E90401 	 ldrd r0,[r4,#16]
 1430 0e44 0022     	 movs r2,#0
 1431 0e46 0023     	 movs r3,#0
 1432 0e48 4FF00108 	 mov r8,#1
 1433 0e4c FFF7FEFF 	 bl __aeabi_dcmpgt
 1434 0e50 00B9     	 cbnz r0,.L119
 1435 0e52 8046     	 mov r8,r0
 1436              	.L119:
 1437 0e54 1F4C     	 ldr r4,.L235+36
 1438 0e56 85F84781 	 strb r8,[r5,#327]
 1439 0e5a 3046     	 mov r0,r6
 1440 0e5c 3946     	 mov r1,r7
 1441 0e5e 14A3     	 adr r3,.L235
 1442 0e60 D3E90023 	 ldrd r2,[r3]
 1443 0e64 84F87A87 	 strb r8,[r4,#1914]
 1444 0e68 FFF7FEFF 	 bl __aeabi_dmul
 1445 0e6c FFF7FEFF 	 bl floor
 1446 0e70 0646     	 mov r6,r0
 1447 0e72 0F46     	 mov r7,r1
 1448 0e74 FFF7FEFF 	 bl rtIsNaN
 1449 0e78 90BB     	 cbnz r0,.L120
 1450 0e7a 3046     	 mov r0,r6
 1451 0e7c 3946     	 mov r1,r7
 1452 0e7e FFF7FEFF 	 bl rtIsInf
 1453 0e82 68BB     	 cbnz r0,.L120
 1454 0e84 3046     	 mov r0,r6
 1455 0e86 3946     	 mov r1,r7
 1456 0e88 0022     	 movs r2,#0
 1457 0e8a 134B     	 ldr r3,.L235+40
 1458 0e8c FFF7FEFF 	 bl fmod
 1459 0e90 0022     	 movs r2,#0
 1460 0e92 0023     	 movs r3,#0
 1461 0e94 0646     	 mov r6,r0
 1462 0e96 0F46     	 mov r7,r1
 1463 0e98 8046     	 mov r8,r0
 1464 0e9a 8946     	 mov r9,r1
 1465 0e9c FFF7FEFF 	 bl __aeabi_dcmplt
 1466 0ea0 10B3     	 cbz r0,.L121
 1467 0ea2 3046     	 mov r0,r6
 1468 0ea4 07F10041 	 add r1,r7,#-2147483648
 1469 0ea8 FFF7FEFF 	 bl __aeabi_d2uiz
 1470 0eac 4042     	 negs r0,r0
 1471 0eae 1FE0     	 b .L220
 1472              	.L236:
 1473              	 .align 3
 1474              	.L235:
 1475 0eb0 00000000 	 .word 0
 1476 0eb4 E0FFEF40 	 .word 1089470432
 1477 0eb8 58050000 	 .word VCU_B+1368
 1478 0ebc 00002440 	 .word 1076101120
 1479 0ec0 00007040 	 .word 1081081856
 1480 0ec4 D0040000 	 .word VCU_B+1232
 1481 0ec8 0000703E 	 .word 1047527424
 1482 0ecc 98050000 	 .word VCU_B+1432
 1483 0ed0 00040000 	 .word VCU_B+1024
 1484 0ed4 00000000 	 .word VCU_B
 1485 0ed8 0000F040 	 .word 1089470464
 1486 0edc 00000000 	 .word VCU_ConstB
 1487              	.L120:
 1488 0ee0 4FF00008 	 mov r8,#0
 1489 0ee4 4FF00009 	 mov r9,#0
 1490              	.L121:
 1491 0ee8 4046     	 mov r0,r8
 1492 0eea 4946     	 mov r1,r9
 1493 0eec FFF7FEFF 	 bl __aeabi_d2uiz
 1494              	.L220:
 1495 0ef0 914D     	 ldr r5,.L237+8
 1496 0ef2 80B2     	 uxth r0,r0
 1497 0ef4 A4F85206 	 strh r0,[r4,#1618]
 1498 0ef8 A5F8B200 	 strh r0,[r5,#178]
 1499 0efc 0022     	 movs r2,#0
 1500 0efe D4E90601 	 ldrd r0,[r4,#24]
 1501 0f02 0023     	 movs r3,#0
 1502 0f04 4FF00106 	 mov r6,#1
 1503 0f08 FFF7FEFF 	 bl __aeabi_dcmpgt
 1504 0f0c 00B9     	 cbnz r0,.L124
 1505 0f0e 0646     	 mov r6,r0
 1506              	.L124:
 1507 0f10 84F87B67 	 strb r6,[r4,#1915]
 1508 0f14 85F84961 	 strb r6,[r5,#329]
 1509 0f18 D4E90801 	 ldrd r0,[r4,#32]
 1510 0f1c 0022     	 movs r2,#0
 1511 0f1e 0023     	 movs r3,#0
 1512 0f20 4FF00106 	 mov r6,#1
 1513 0f24 FFF7FEFF 	 bl __aeabi_dcmpgt
 1514 0f28 00B9     	 cbnz r0,.L125
 1515 0f2a 0646     	 mov r6,r0
 1516              	.L125:
 1517 0f2c 84F87C67 	 strb r6,[r4,#1916]
 1518 0f30 85F84A61 	 strb r6,[r5,#330]
 1519 0f34 D4E90A01 	 ldrd r0,[r4,#40]
 1520 0f38 0022     	 movs r2,#0
 1521 0f3a 0023     	 movs r3,#0
 1522 0f3c 4FF00106 	 mov r6,#1
 1523 0f40 FFF7FEFF 	 bl __aeabi_dcmpgt
 1524 0f44 00B9     	 cbnz r0,.L126
 1525 0f46 0646     	 mov r6,r0
 1526              	.L126:
 1527 0f48 84F87D67 	 strb r6,[r4,#1917]
 1528 0f4c 85F84B61 	 strb r6,[r5,#331]
 1529 0f50 D4E90C67 	 ldrd r6,[r4,#48]
 1530 0f54 DFF8E891 	 ldr r9,.L237+16
 1531 0f58 DFF8E8A1 	 ldr r10,.L237+20
 1532 0f5c 4FF00008 	 mov r8,#0
 1533 0f60 3046     	 mov r0,r6
 1534 0f62 3946     	 mov r1,r7
 1535 0f64 4246     	 mov r2,r8
 1536 0f66 4B46     	 mov r3,r9
 1537 0f68 FFF7FEFF 	 bl __aeabi_dcmpgt
 1538 0f6c 50B9     	 cbnz r0,.L221
 1539 0f6e 4FF00008 	 mov r8,#0
 1540 0f72 4FF00009 	 mov r9,#0
 1541 0f76 3046     	 mov r0,r6
 1542 0f78 3946     	 mov r1,r7
 1543 0f7a 4246     	 mov r2,r8
 1544 0f7c 4B46     	 mov r3,r9
 1545 0f7e FFF7FEFF 	 bl __aeabi_dcmplt
 1546 0f82 10B1     	 cbz r0,.L187
 1547              	.L221:
 1548 0f84 CAE90089 	 strd r8,[r10]
 1549 0f88 01E0     	 b .L129
 1550              	.L187:
 1551 0f8a CAE90067 	 strd r6,[r10]
 1552              	.L129:
 1553 0f8e 68A3     	 adr r3,.L237
 1554 0f90 D3E90023 	 ldrd r2,[r3]
 1555 0f94 DAE90001 	 ldrd r0,[r10]
 1556 0f98 FFF7FEFF 	 bl __aeabi_dmul
 1557 0f9c FFF7FEFF 	 bl floor
 1558 0fa0 0646     	 mov r6,r0
 1559 0fa2 0F46     	 mov r7,r1
 1560 0fa4 FFF7FEFF 	 bl rtIsNaN
 1561 0fa8 D0B9     	 cbnz r0,.L132
 1562 0faa 3046     	 mov r0,r6
 1563 0fac 3946     	 mov r1,r7
 1564 0fae FFF7FEFF 	 bl rtIsInf
 1565 0fb2 A8B9     	 cbnz r0,.L132
 1566 0fb4 3046     	 mov r0,r6
 1567 0fb6 3946     	 mov r1,r7
 1568 0fb8 0022     	 movs r2,#0
 1569 0fba 604B     	 ldr r3,.L237+12
 1570 0fbc FFF7FEFF 	 bl fmod
 1571 0fc0 0022     	 movs r2,#0
 1572 0fc2 0023     	 movs r3,#0
 1573 0fc4 0646     	 mov r6,r0
 1574 0fc6 0F46     	 mov r7,r1
 1575 0fc8 8046     	 mov r8,r0
 1576 0fca 8946     	 mov r9,r1
 1577 0fcc FFF7FEFF 	 bl __aeabi_dcmplt
 1578 0fd0 50B1     	 cbz r0,.L133
 1579 0fd2 3046     	 mov r0,r6
 1580 0fd4 07F10041 	 add r1,r7,#-2147483648
 1581 0fd8 FFF7FEFF 	 bl __aeabi_d2uiz
 1582 0fdc 4042     	 negs r0,r0
 1583 0fde 07E0     	 b .L222
 1584              	.L132:
 1585 0fe0 4FF00008 	 mov r8,#0
 1586 0fe4 4FF00009 	 mov r9,#0
 1587              	.L133:
 1588 0fe8 4046     	 mov r0,r8
 1589 0fea 4946     	 mov r1,r9
 1590 0fec FFF7FEFF 	 bl __aeabi_d2uiz
 1591              	.L222:
 1592 0ff0 D4E90E67 	 ldrd r6,[r4,#56]
 1593 0ff4 DFF84891 	 ldr r9,.L237+16
 1594 0ff8 DFF84CA1 	 ldr r10,.L237+24
 1595 0ffc 80B2     	 uxth r0,r0
 1596 0ffe 4FF00008 	 mov r8,#0
 1597 1002 A4F85406 	 strh r0,[r4,#1620]
 1598 1006 A5F8B400 	 strh r0,[r5,#180]
 1599 100a 3946     	 mov r1,r7
 1600 100c 3046     	 mov r0,r6
 1601 100e 4246     	 mov r2,r8
 1602 1010 4B46     	 mov r3,r9
 1603 1012 FFF7FEFF 	 bl __aeabi_dcmpgt
 1604 1016 50B9     	 cbnz r0,.L223
 1605 1018 4FF00008 	 mov r8,#0
 1606 101c 4FF00009 	 mov r9,#0
 1607 1020 3046     	 mov r0,r6
 1608 1022 3946     	 mov r1,r7
 1609 1024 4246     	 mov r2,r8
 1610 1026 4B46     	 mov r3,r9
 1611 1028 FFF7FEFF 	 bl __aeabi_dcmplt
 1612 102c 10B1     	 cbz r0,.L189
 1613              	.L223:
 1614 102e CAE90089 	 strd r8,[r10]
 1615 1032 01E0     	 b .L138
 1616              	.L189:
 1617 1034 CAE90067 	 strd r6,[r10]
 1618              	.L138:
 1619 1038 3DA3     	 adr r3,.L237
 1620 103a D3E90023 	 ldrd r2,[r3]
 1621 103e DAE90001 	 ldrd r0,[r10]
 1622 1042 FFF7FEFF 	 bl __aeabi_dmul
 1623 1046 FFF7FEFF 	 bl floor
 1624 104a 0646     	 mov r6,r0
 1625 104c 0F46     	 mov r7,r1
 1626 104e FFF7FEFF 	 bl rtIsNaN
 1627 1052 D0B9     	 cbnz r0,.L141
 1628 1054 3046     	 mov r0,r6
 1629 1056 3946     	 mov r1,r7
 1630 1058 FFF7FEFF 	 bl rtIsInf
 1631 105c A8B9     	 cbnz r0,.L141
 1632 105e 3046     	 mov r0,r6
 1633 1060 3946     	 mov r1,r7
 1634 1062 0022     	 movs r2,#0
 1635 1064 354B     	 ldr r3,.L237+12
 1636 1066 FFF7FEFF 	 bl fmod
 1637 106a 0022     	 movs r2,#0
 1638 106c 0023     	 movs r3,#0
 1639 106e 0646     	 mov r6,r0
 1640 1070 0F46     	 mov r7,r1
 1641 1072 8046     	 mov r8,r0
 1642 1074 8946     	 mov r9,r1
 1643 1076 FFF7FEFF 	 bl __aeabi_dcmplt
 1644 107a 50B1     	 cbz r0,.L142
 1645 107c 3046     	 mov r0,r6
 1646 107e 07F10041 	 add r1,r7,#-2147483648
 1647 1082 FFF7FEFF 	 bl __aeabi_d2uiz
 1648 1086 4042     	 negs r0,r0
 1649 1088 07E0     	 b .L224
 1650              	.L141:
 1651 108a 4FF00008 	 mov r8,#0
 1652 108e 4FF00009 	 mov r9,#0
 1653              	.L142:
 1654 1092 4046     	 mov r0,r8
 1655 1094 4946     	 mov r1,r9
 1656 1096 FFF7FEFF 	 bl __aeabi_d2uiz
 1657              	.L224:
 1658 109a 80B2     	 uxth r0,r0
 1659 109c BBF81030 	 ldrh r3,[fp,#16]
 1660 10a0 A4F85606 	 strh r0,[r4,#1622]
 1661 10a4 A5F8B600 	 strh r0,[r5,#182]
 1662 10a8 A5F8B830 	 strh r3,[r5,#184]
 1663 10ac D4E99601 	 ldrd r0,[r4,#600]
 1664 10b0 1FA3     	 adr r3,.L237
 1665 10b2 D3E90023 	 ldrd r2,[r3]
 1666 10b6 FFF7FEFF 	 bl __aeabi_dmul
 1667 10ba FFF7FEFF 	 bl floor
 1668 10be 0646     	 mov r6,r0
 1669 10c0 0F46     	 mov r7,r1
 1670 10c2 FFF7FEFF 	 bl rtIsNaN
 1671 10c6 D0B9     	 cbnz r0,.L145
 1672 10c8 3046     	 mov r0,r6
 1673 10ca 3946     	 mov r1,r7
 1674 10cc FFF7FEFF 	 bl rtIsInf
 1675 10d0 A8B9     	 cbnz r0,.L145
 1676 10d2 3046     	 mov r0,r6
 1677 10d4 3946     	 mov r1,r7
 1678 10d6 0022     	 movs r2,#0
 1679 10d8 184B     	 ldr r3,.L237+12
 1680 10da FFF7FEFF 	 bl fmod
 1681 10de 0022     	 movs r2,#0
 1682 10e0 0023     	 movs r3,#0
 1683 10e2 0646     	 mov r6,r0
 1684 10e4 0F46     	 mov r7,r1
 1685 10e6 8046     	 mov r8,r0
 1686 10e8 8946     	 mov r9,r1
 1687 10ea FFF7FEFF 	 bl __aeabi_dcmplt
 1688 10ee 50B1     	 cbz r0,.L146
 1689 10f0 3046     	 mov r0,r6
 1690 10f2 07F10041 	 add r1,r7,#-2147483648
 1691 10f6 FFF7FEFF 	 bl __aeabi_d2uiz
 1692 10fa 4042     	 negs r0,r0
 1693 10fc 07E0     	 b .L225
 1694              	.L145:
 1695 10fe 4FF00008 	 mov r8,#0
 1696 1102 4FF00009 	 mov r9,#0
 1697              	.L146:
 1698 1106 4046     	 mov r0,r8
 1699 1108 4946     	 mov r1,r9
 1700 110a FFF7FEFF 	 bl __aeabi_d2uiz
 1701              	.L225:
 1702 110e 94F87737 	 ldrb r3,[r4,#1911]
 1703 1112 85F84831 	 strb r3,[r5,#328]
 1704 1116 94F88237 	 ldrb r3,[r4,#1922]
 1705 111a 85F84C31 	 strb r3,[r5,#332]
 1706 111e 80B2     	 uxth r0,r0
 1707 1120 A4F85806 	 strh r0,[r4,#1624]
 1708 1124 A5F8BA00 	 strh r0,[r5,#186]
 1709 1128 BDE8F88F 	 pop {r3,r4,r5,r6,r7,r8,r9,r10,fp,pc}
 1710              	.L238:
 1711 112c AFF30080 	 .align 3
 1712              	.L237:
 1713 1130 00000000 	 .word 0
 1714 1134 E0FFEF40 	 .word 1089470432
 1715 1138 00000000 	 .word VCU_DW
 1716 113c 0000F040 	 .word 1089470464
 1717 1140 0000F03F 	 .word 1072693248
 1718 1144 08040000 	 .word VCU_B+1032
 1719 1148 10040000 	 .word VCU_B+1040
 1721 114c AFF30080 	 .ident "GCC: (GNU Tools for ARM Embedded Processors) 4.9.3 20141119 (release) [ARM/embedded-4_9-branch revision 218278]"
DEFINED SYMBOLS
                            *ABS*:00000000 Subsystem_OutputData.c
    {standard input}:22     .text.FUNC_OutputData:00000000 $t
    {standard input}:27     .text.FUNC_OutputData:00000000 FUNC_OutputData
    {standard input}:317    .text.FUNC_OutputData:000002e8 $d
    {standard input}:331    .text.FUNC_OutputData:0000031c $t
    {standard input}:607    .text.FUNC_OutputData:000005e8 $d
    {standard input}:612    .text.FUNC_OutputData:000005f8 $t
    {standard input}:907    .text.FUNC_OutputData:000008e0 $d
    {standard input}:918    .text.FUNC_OutputData:00000908 $t
    {standard input}:1202   .text.FUNC_OutputData:00000be0 $d
    {standard input}:1214   .text.FUNC_OutputData:00000c0c $t
    {standard input}:1475   .text.FUNC_OutputData:00000eb0 $d
    {standard input}:1488   .text.FUNC_OutputData:00000ee0 $t
    {standard input}:1713   .text.FUNC_OutputData:00001130 $d
    {standard input}:1721   .text.FUNC_OutputData:0000114c $t

UNDEFINED SYMBOLS
__aeabi_dmul
__aeabi_dcmplt
__aeabi_d2uiz
__aeabi_ui2d
__aeabi_dcmpgt
floor
rtIsNaN
rtIsInf
fmod
VCU_B
VCU_DW
VCU_ConstB
