   1              	 .syntax unified
   2              	 .cpu cortex-m4
   3              	 .eabi_attribute 27,3
   4              	 .fpu fpv4-sp-d16
   5              	 .eabi_attribute 20,1
   6              	 .eabi_attribute 21,1
   7              	 .eabi_attribute 23,3
   8              	 .eabi_attribute 24,1
   9              	 .eabi_attribute 25,1
  10              	 .eabi_attribute 26,1
  11              	 .eabi_attribute 30,4
  12              	 .eabi_attribute 34,1
  13              	 .eabi_attribute 18,4
  14              	 .thumb
  15              	 .file "DAVE.c"
  16              	 .section .text.DAVE_Init,"ax",%progbits
  17              	 .align 1
  18              	 .weak DAVE_Init
  19              	 .thumb
  20              	 .thumb_func
  22              	DAVE_Init:
  23              	 
  24              	 
  25 0000 08B5     	 push {r3,lr}
  26 0002 1148     	 ldr r0,.L9
  27 0004 FFF7FEFF 	 bl CLOCK_XMC4_Init
  28 0008 E0B9     	 cbnz r0,.L7
  29 000a 1048     	 ldr r0,.L9+4
  30 000c FFF7FEFF 	 bl ADC_MEASUREMENT_Init
  31 0010 C0B9     	 cbnz r0,.L7
  32 0012 0F48     	 ldr r0,.L9+8
  33 0014 FFF7FEFF 	 bl TIMER_Init
  34 0018 A0B9     	 cbnz r0,.L7
  35 001a 0E48     	 ldr r0,.L9+12
  36 001c FFF7FEFF 	 bl CAN_NODE_Init
  37 0020 80B9     	 cbnz r0,.L7
  38 0022 0D48     	 ldr r0,.L9+16
  39 0024 FFF7FEFF 	 bl DIGITAL_IO_Init
  40 0028 60B9     	 cbnz r0,.L7
  41 002a 0C48     	 ldr r0,.L9+20
  42 002c FFF7FEFF 	 bl DIGITAL_IO_Init
  43 0030 40B9     	 cbnz r0,.L7
  44 0032 0B48     	 ldr r0,.L9+24
  45 0034 FFF7FEFF 	 bl DIGITAL_IO_Init
  46 0038 20B9     	 cbnz r0,.L7
  47 003a 0A48     	 ldr r0,.L9+28
  48 003c BDE80840 	 pop {r3,lr}
  49 0040 FFF7FEBF 	 b CAN_NODE_Init
  50              	.L7:
  51 0044 08BD     	 pop {r3,pc}
  52              	.L10:
  53 0046 00BF     	 .align 2
  54              	.L9:
  55 0048 00000000 	 .word CLOCK_XMC4_0
  56 004c 00000000 	 .word ADC_MEASUREMENT_0
  57 0050 00000000 	 .word TIMER_0
  58 0054 00000000 	 .word CAN_2
  59 0058 00000000 	 .word Brake_Light
  60 005c 00000000 	 .word CAN_2_RES_CTRL
  61 0060 00000000 	 .word CAN_1_RES_CTRL
  62 0064 00000000 	 .word CAN_1
  64              	 .ident "GCC: (GNU Tools for ARM Embedded Processors) 4.9.3 20141119 (release) [ARM/embedded-4_9-branch revision 218278]"
DEFINED SYMBOLS
                            *ABS*:00000000 DAVE.c
    {standard input}:17     .text.DAVE_Init:00000000 $t
    {standard input}:22     .text.DAVE_Init:00000000 DAVE_Init
    {standard input}:55     .text.DAVE_Init:00000048 $d

UNDEFINED SYMBOLS
CLOCK_XMC4_Init
ADC_MEASUREMENT_Init
TIMER_Init
CAN_NODE_Init
DIGITAL_IO_Init
CLOCK_XMC4_0
ADC_MEASUREMENT_0
TIMER_0
CAN_2
Brake_Light
CAN_2_RES_CTRL
CAN_1_RES_CTRL
CAN_1
