14:27:36 **** Incremental Build of configuration Debug for project 01_Getting_Started_CM4 ****
make -j8 all 
arm-none-eabi-size   01_Getting_Started_CM4.elf 
   text	   data	    bss	    dec	    hex	filename
   4320	     24	   1568	   5912	   1718	01_Getting_Started_CM4.elf
Finished building: default.size.stdout
 
14:31:36 **** Incremental Build of configuration Debug for project 01_Getting_Started_CM4 ****
make -j8 all 
arm-none-eabi-size   01_Getting_Started_CM4.elf 
   text	   data	    bss	    dec	    hex	filename
   4320	     24	   1568	   5912	   1718	01_Getting_Started_CM4.elf
Finished building: default.size.stdout
 
14:31:38 **** Incremental Build of configuration Debug for project 01_Getting_Started_CM7 ****
make -j8 all 
arm-none-eabi-size   01_Getting_Started_CM7.elf 
   text	   data	    bss	    dec	    hex	filename
   7800	     24	   1568	   9392	   24b0	01_Getting_Started_CM7.elf
Finished building: default.size.stdout
 
14:32:32 **** Incremental Build of configuration Debug for project 01_Getting_Started_CM4 ****
make -j8 all 
arm-none-eabi-size   01_Getting_Started_CM4.elf 
   text	   data	    bss	    dec	    hex	filename
   4320	     24	   1568	   5912	   1718	01_Getting_Started_CM4.elf
Finished building: default.size.stdout
 
14:54:35 **** Incremental Build of configuration Debug for project 01_Getting_Started_CM4 ****
make -j8 all 
arm-none-eabi-size   01_Getting_Started_CM4.elf 
   text	   data	    bss	    dec	    hex	filename
   4320	     24	   1568	   5912	   1718	01_Getting_Started_CM4.elf
Finished building: default.size.stdout
 
14:54:36 **** Incremental Build of configuration Debug for project 01_Getting_Started_CM7 ****
make -j8 all 
arm-none-eabi-size   01_Getting_Started_CM7.elf 
   text	   data	    bss	    dec	    hex	filename
   7800	     24	   1568	   9392	   24b0	01_Getting_Started_CM7.elf
Finished building: default.size.stdout
 
14:54:51 **** Incremental Build of configuration Debug for project 01_Getting_Started_CM4 ****
make -j8 all 
arm-none-eabi-size   01_Getting_Started_CM4.elf 
   text	   data	    bss	    dec	    hex	filename
   4320	     24	   1568	   5912	   1718	01_Getting_Started_CM4.elf
Finished building: default.size.stdout
 
14:59:34 **** Incremental Build of configuration Debug for project 01_Getting_Started_CM4 ****
make -j8 all 
arm-none-eabi-size   01_Getting_Started_CM4.elf 
   text	   data	    bss	    dec	    hex	filename
   4320	     24	   1568	   5912	   1718	01_Getting_Started_CM4.elf
Finished building: default.size.stdout
 
14:59:36 **** Incremental Build of configuration Debug for project 01_Getting_Started_CM7 ****
make -j8 all 
arm-none-eabi-size   01_Getting_Started_CM7.elf 
   text	   data	    bss	    dec	    hex	filename
   7800	     24	   1568	   9392	   24b0	01_Getting_Started_CM7.elf
Finished building: default.size.stdout
 
