Copyright 1986-2019 Xilinx, Inc. All Rights Reserved.
------------------------------------------------------------------------------------
| Tool Version : Vivado v.2019.1 (win64) Build 2552052 Fri May 24 14:49:42 MDT 2019
| Date         : Wed Jun 22 11:51:12 2022
| Host         : M00443 running 64-bit major release  (build 9200)
| Command      : upgrade_ip
| Device       : xc7z010clg400-1
------------------------------------------------------------------------------------

Upgrade Log for IP 'system_sbus_awfg_0_0'

1. Summary
----------

SUCCESS in the upgrade of system_sbus_awfg_0_0 (fh-joanneum.local:user:sbus_awfg:1.0) from (Rev. 5) to (Rev. 6)






Copyright 1986-2019 Xilinx, Inc. All Rights Reserved.
------------------------------------------------------------------------------------
| Tool Version : Vivado v.2019.1 (win64) Build 2552052 Fri May 24 14:49:42 MDT 2019
| Date         : Wed Jun 22 11:12:18 2022
| Host         : M00443 running 64-bit major release  (build 9200)
| Command      : upgrade_ip
| Device       : xc7z010clg400-1
------------------------------------------------------------------------------------

Upgrade Log for IP 'system_sbus_awfg_0_0'

1. Summary
----------

SUCCESS in the upgrade of system_sbus_awfg_0_0 (fh-joanneum.local:user:sbus_awfg:1.0) from (Rev. 3) to (Rev. 5)






Copyright 1986-2019 Xilinx, Inc. All Rights Reserved.
------------------------------------------------------------------------------------
| Tool Version : Vivado v.2019.1 (win64) Build 2552052 Fri May 24 14:49:42 MDT 2019
| Date         : Wed Jun 22 10:57:41 2022
| Host         : M00443 running 64-bit major release  (build 9200)
| Command      : upgrade_ip
| Device       : xc7z010clg400-1
------------------------------------------------------------------------------------

Upgrade Log for IP 'system_sbus_awfg_0_0'

1. Summary
----------

SUCCESS in the conversion of system_sbus_awfg_0_0 (fh-joanneum.local:user:sbus_awfg:1.0 (Rev. 3)) to Vivado generation flows.






Copyright 1986-2019 Xilinx, Inc. All Rights Reserved.
------------------------------------------------------------------------------------
| Tool Version : Vivado v.2019.1 (win64) Build 2552052 Fri May 24 14:49:42 MDT 2019
| Date         : Wed Jun 22 10:10:27 2022
| Host         : M00443 running 64-bit major release  (build 9200)
| Command      : upgrade_ip
| Device       : xc7z010clg400-1
------------------------------------------------------------------------------------

Upgrade Log for IP 'system_sbus_awfg_0_0'

1. Summary
----------

SUCCESS in the conversion of system_sbus_awfg_0_0 (fh-joanneum.local:user:sbus_awfg:1.0 (Rev. 3)) to Vivado generation flows.






Copyright 1986-2019 Xilinx, Inc. All Rights Reserved.
------------------------------------------------------------------------------------
| Tool Version : Vivado v.2019.1 (win64) Build 2552052 Fri May 24 14:49:42 MDT 2019
| Date         : Tue Jun 21 22:29:42 2022
| Host         : M00443 running 64-bit major release  (build 9200)
| Command      : upgrade_ip
| Device       : xc7z010clg400-1
------------------------------------------------------------------------------------

Upgrade Log for IP 'system_sbus_awfg_0_0'

1. Summary
----------

SUCCESS in the conversion of system_sbus_awfg_0_0 (fh-joanneum.local:user:sbus_awfg:1.0 (Rev. 3)) to Vivado generation flows.






Copyright 1986-2019 Xilinx, Inc. All Rights Reserved.
------------------------------------------------------------------------------------
| Tool Version : Vivado v.2019.1 (win64) Build 2552052 Fri May 24 14:49:42 MDT 2019
| Date         : Tue Jun 21 21:29:06 2022
| Host         : M00443 running 64-bit major release  (build 9200)
| Command      : upgrade_ip
| Device       : xc7z010clg400-1
------------------------------------------------------------------------------------

Upgrade Log for IP 'system_sbus_awfg_0_0'

1. Summary
----------

SUCCESS in the conversion of system_sbus_awfg_0_0 (fh-joanneum.local:user:sbus_awfg:1.0 (Rev. 3)) to Vivado generation flows.






Copyright 1986-2019 Xilinx, Inc. All Rights Reserved.
------------------------------------------------------------------------------------
| Tool Version : Vivado v.2019.1 (win64) Build 2552052 Fri May 24 14:49:42 MDT 2019
| Date         : Tue Jun 21 20:47:06 2022
| Host         : M00443 running 64-bit major release  (build 9200)
| Command      : upgrade_ip
| Device       : xc7z010clg400-1
------------------------------------------------------------------------------------

Upgrade Log for IP 'system_sbus_awfg_0_0'

1. Summary
----------

SUCCESS in the conversion of system_sbus_awfg_0_0 (fh-joanneum.local:user:sbus_awfg:1.0 (Rev. 3)) to Vivado generation flows.






Copyright 1986-2019 Xilinx, Inc. All Rights Reserved.
------------------------------------------------------------------------------------
| Tool Version : Vivado v.2019.1 (win64) Build 2552052 Fri May 24 14:49:42 MDT 2019
| Date         : Tue Jun 21 20:40:51 2022
| Host         : M00443 running 64-bit major release  (build 9200)
| Command      : upgrade_ip
| Device       : xc7z010clg400-1
------------------------------------------------------------------------------------

Upgrade Log for IP 'system_sbus_awfg_0_0'

1. Summary
----------

SUCCESS in the conversion of system_sbus_awfg_0_0 (fh-joanneum.local:user:sbus_awfg:1.0 (Rev. 3)) to Vivado generation flows.






Copyright 1986-2019 Xilinx, Inc. All Rights Reserved.
------------------------------------------------------------------------------------
| Tool Version : Vivado v.2019.1 (win64) Build 2552052 Fri May 24 14:49:42 MDT 2019
| Date         : Tue Jun 21 18:05:44 2022
| Host         : M00443 running 64-bit major release  (build 9200)
| Command      : upgrade_ip
| Device       : xc7z010clg400-1
------------------------------------------------------------------------------------

Upgrade Log for IP 'system_sbus_awfg_0_0'

1. Summary
----------

CAUTION (success, with warnings) in the upgrade of system_sbus_awfg_0_0 (fh-joanneum.local:user:sbus_awfg:1.0) from (Rev. 2) to (Rev. 3)

After upgrade, an IP may have parameter and port differences compared to the original customization. Please review the parameters within the IP customization GUI to ensure proper functionality. Also, please review the updated IP instantiation template to ensure proper connectivity, and update your design if required.

2. Interface Information
------------------------

Detected external interface differences while upgrading 'system_sbus_awfg_0_0'.


-Upgrade has added interface 'dac' (fh-joanneum.local:user:seg7:1.0)


3. Connection Warnings
----------------------

Detected external port differences while upgrading 'system_sbus_awfg_0_0'. These changes may impact your design.


-Upgrade has added port 'rxd'

-Upgrade has added port 'txd'







Copyright 1986-2019 Xilinx, Inc. All Rights Reserved.
------------------------------------------------------------------------------------
| Tool Version : Vivado v.2019.1 (win64) Build 2552052 Fri May 24 14:49:42 MDT 2019
| Date         : Wed Jun 15 14:04:20 2022
| Host         : M00443 running 64-bit major release  (build 9200)
| Command      : upgrade_ip
| Device       : xc7z010clg400-1
------------------------------------------------------------------------------------

Upgrade Log for IP 'system_sbus_awfg_0_0'

1. Summary
----------

CAUTION (success, with warnings) in the upgrade of system_sbus_awfg_0_0 (fh-joanneum.local:user:sbus_awfg:1.0) from (Rev. 2) to (Rev. 3)

After upgrade, an IP may have parameter and port differences compared to the original customization. Please review the parameters within the IP customization GUI to ensure proper functionality. Also, please review the updated IP instantiation template to ensure proper connectivity, and update your design if required.

2. Interface Information
------------------------

Detected external interface differences while upgrading 'system_sbus_awfg_0_0'.


-Upgrade has added interface 'dac' (fh-joanneum.local:user:seg7:1.0)


3. Connection Warnings
----------------------

Detected external port differences while upgrading 'system_sbus_awfg_0_0'. These changes may impact your design.


-Upgrade has added port 'rxd'

-Upgrade has added port 'txd'







Copyright 1986-2019 Xilinx, Inc. All Rights Reserved.
------------------------------------------------------------------------------------
| Tool Version : Vivado v.2019.1 (win64) Build 2552052 Fri May 24 14:49:42 MDT 2019
| Date         : Fri Jun 10 16:19:50 2022
| Host         : M00443 running 64-bit major release  (build 9200)
| Command      : upgrade_ip
| Device       : xc7z010clg400-1
------------------------------------------------------------------------------------

Upgrade Log for IP 'system_sbus_awfg_0_0'

1. Summary
----------

CAUTION (success, with warnings) in the upgrade of system_sbus_awfg_0_0 (fh-joanneum.local:user:sbus_awfg:1.0) from (Rev. 3) to (Rev. 2)

After upgrade, an IP may have parameter and port differences compared to the original customization. Please review the parameters within the IP customization GUI to ensure proper functionality. Also, please review the updated IP instantiation template to ensure proper connectivity, and update your design if required.

2. Connection Warnings
----------------------

Detected external port differences while upgrading 'system_sbus_awfg_0_0'. These changes may impact your design.


-Upgrade has added port 'buttons'

-Upgrade has added port 'pmod_jc'

-Upgrade has added port 'sliders'







Copyright 1986-2019 Xilinx, Inc. All Rights Reserved.
------------------------------------------------------------------------------------
| Tool Version : Vivado v.2019.1 (win64) Build 2552052 Fri May 24 14:49:42 MDT 2019
| Date         : Fri Jun 10 13:06:59 2022
| Host         : M00443 running 64-bit major release  (build 9200)
| Command      : upgrade_ip
| Device       : xc7z010clg400-1
------------------------------------------------------------------------------------

Upgrade Log for IP 'system_sbus_awfg_0_0'

1. Summary
----------

SUCCESS in the conversion of system_sbus_awfg_0_0 (fh-joanneum.local:user:sbus_awfg:1.0 (Rev. 3)) to Vivado generation flows.






Copyright 1986-2019 Xilinx, Inc. All Rights Reserved.
------------------------------------------------------------------------------------
| Tool Version : Vivado v.2019.1 (win64) Build 2552052 Fri May 24 14:49:42 MDT 2019
| Date         : Fri Jun 10 11:04:52 2022
| Host         : M00443 running 64-bit major release  (build 9200)
| Command      : upgrade_ip
| Device       : xc7z010clg400-1
------------------------------------------------------------------------------------

Upgrade Log for IP 'system_sbus_awfg_0_0'

1. Summary
----------

CAUTION (success, with warnings) in the upgrade of system_sbus_awfg_0_0 (fh-joanneum.local:user:sbus_awfg:1.0) from (Rev. 2) to (Rev. 3)

2. Interface Information
------------------------

Detected external interface differences while upgrading 'system_sbus_awfg_0_0'.


-Upgrade has removed interface 'dac'


