   1              	 .syntax unified
   2              	 .cpu cortex-m4
   3              	 .eabi_attribute 27,3
   4              	 .fpu fpv4-sp-d16
   5              	 .eabi_attribute 20,1
   6              	 .eabi_attribute 21,1
   7              	 .eabi_attribute 23,3
   8              	 .eabi_attribute 24,1
   9              	 .eabi_attribute 25,1
  10              	 .eabi_attribute 26,1
  11              	 .eabi_attribute 30,4
  12              	 .eabi_attribute 34,1
  13              	 .eabi_attribute 18,4
  14              	 .thumb
  15              	 .file "freertos.c"
  16              	 .section .text.FREERTOS_GetAppVersion,"ax",%progbits
  17              	 .align 1
  18              	 .global FREERTOS_GetAppVersion
  19              	 .thumb
  20              	 .thumb_func
  22              	FREERTOS_GetAppVersion:
  23              	 
  24              	 
  25              	 
  26 0000 0423     	 movs r3,#4
  27 0002 0020     	 movs r0,#0
  28 0004 63F30700 	 bfi r0,r3,#0,#8
  29 0008 0123     	 movs r3,#1
  30 000a 63F30F20 	 bfi r0,r3,#8,#8
  31 000e 0223     	 movs r3,#2
  32 0010 63F31740 	 bfi r0,r3,#16,#8
  33 0014 82B0     	 sub sp,sp,#8
  34 0016 02B0     	 add sp,sp,#8
  35              	 
  36 0018 7047     	 bx lr
  38              	 .ident "GCC: (GNU Tools for ARM Embedded Processors) 4.9.3 20141119 (release) [ARM/embedded-4_9-branch revision 218278]"
DEFINED SYMBOLS
                            *ABS*:00000000 freertos.c
    {standard input}:17     .text.FREERTOS_GetAppVersion:00000000 $t
    {standard input}:22     .text.FREERTOS_GetAppVersion:00000000 FREERTOS_GetAppVersion

NO UNDEFINED SYMBOLS
