   1              	 .syntax unified
   2              	 .cpu cortex-m4
   3              	 .eabi_attribute 27,3
   4              	 .fpu fpv4-sp-d16
   5              	 .eabi_attribute 20,1
   6              	 .eabi_attribute 21,1
   7              	 .eabi_attribute 23,3
   8              	 .eabi_attribute 24,1
   9              	 .eabi_attribute 25,1
  10              	 .eabi_attribute 26,1
  11              	 .eabi_attribute 30,6
  12              	 .eabi_attribute 34,1
  13              	 .eabi_attribute 18,4
  14              	 .thumb
  15              	 .file "DAVE.c"
  16              	 .text
  17              	.Ltext0:
  18              	 .cfi_sections .debug_frame
  19              	 .section .text.DAVE_Init,"ax",%progbits
  20              	 .align 2
  21              	 .weak DAVE_Init
  22              	 .thumb
  23              	 .thumb_func
  25              	DAVE_Init:
  26              	.LFB387:
  27              	 .file 1 "../Dave/Generated/DAVE.c"
   1:../Dave/Generated/DAVE.c **** 
   2:../Dave/Generated/DAVE.c **** /**
   3:../Dave/Generated/DAVE.c ****  * @cond
   4:../Dave/Generated/DAVE.c ****  **************************************************************************************************
   5:../Dave/Generated/DAVE.c ****  *
   6:../Dave/Generated/DAVE.c ****  * Copyright (c) 2015-2019, Infineon Technologies AG
   7:../Dave/Generated/DAVE.c ****  * All rights reserved.
   8:../Dave/Generated/DAVE.c ****  *
   9:../Dave/Generated/DAVE.c ****  * Redistribution and use in source and binary forms, with or without modification,are permitted pr
  10:../Dave/Generated/DAVE.c ****  * following conditions are met:
  11:../Dave/Generated/DAVE.c ****  *
  12:../Dave/Generated/DAVE.c ****  *   Redistributions of source code must retain the above copyright notice, this list of conditions
  13:../Dave/Generated/DAVE.c ****  *   disclaimer.
  14:../Dave/Generated/DAVE.c ****  *
  15:../Dave/Generated/DAVE.c ****  *   Redistributions in binary form must reproduce the above copyright notice, this list of conditi
  16:../Dave/Generated/DAVE.c ****  *   following disclaimer in the documentation and/or other materials provided with the distributio
  17:../Dave/Generated/DAVE.c ****  *
  18:../Dave/Generated/DAVE.c ****  *   Neither the name of the copyright holders nor the names of its contributors may be used to end
  19:../Dave/Generated/DAVE.c ****  *   products derived from this software without specific prior written permission.
  20:../Dave/Generated/DAVE.c ****  *
  21:../Dave/Generated/DAVE.c ****  * THIS SOFTWARE IS PROVIDED BY THE COPYRIGHT HOLDERS AND CONTRIBUTORS "AS IS" AND ANY EXPRESS OR I
  22:../Dave/Generated/DAVE.c ****  * INCLUDING, BUT NOT LIMITED TO, THE IMPLIED WARRANTIES OF MERCHANTABILITY AND FITNESS FOR A PARTI
  23:../Dave/Generated/DAVE.c ****  * DISCLAIMED. IN NO EVENT SHALL THE COPYRIGHT HOLDER OR CONTRIBUTORS BE LIABLE  FOR ANY DIRECT, IN
  24:../Dave/Generated/DAVE.c ****  * SPECIAL, EXEMPLARY, OR CONSEQUENTIAL DAMAGES (INCLUDING, BUT NOT LIMITED TO, PROCUREMENT OF SUBS
  25:../Dave/Generated/DAVE.c ****  * SERVICES; LOSS OF USE, DATA, OR PROFITS; OR BUSINESS INTERRUPTION) HOWEVER CAUSED AND ON ANY THE
  26:../Dave/Generated/DAVE.c ****  * WHETHER IN CONTRACT, STRICT LIABILITY,OR TORT (INCLUDING NEGLIGENCE OR OTHERWISE) ARISING IN ANY
  27:../Dave/Generated/DAVE.c ****  * USE OF THIS SOFTWARE, EVEN IF ADVISED OF THE POSSIBILITY OF SUCH DAMAGE.
  28:../Dave/Generated/DAVE.c ****  *
  29:../Dave/Generated/DAVE.c ****  * To improve the quality of the software, users are encouraged to share modifications, enhancement
  30:../Dave/Generated/DAVE.c ****  * with Infineon Technologies AG (dave@infineon.com).
  31:../Dave/Generated/DAVE.c ****  **************************************************************************************************
  32:../Dave/Generated/DAVE.c ****  *
  33:../Dave/Generated/DAVE.c ****  * Change History
  34:../Dave/Generated/DAVE.c ****  * --------------
  35:../Dave/Generated/DAVE.c ****  *
  36:../Dave/Generated/DAVE.c ****  * 2014-06-16:
  37:../Dave/Generated/DAVE.c ****  *     - Initial version<br>
  38:../Dave/Generated/DAVE.c ****  * 2015-08-28:
  39:../Dave/Generated/DAVE.c ****  *     - Added CLOCK_XMC1_Init conditionally
  40:../Dave/Generated/DAVE.c ****  * 2018-08-08:
  41:../Dave/Generated/DAVE.c ****  *     - Add creation of projectData.bak file
  42:../Dave/Generated/DAVE.c ****  * 2019-01-30:
  43:../Dave/Generated/DAVE.c ****  *     - Fix creation of projectData.bak file
  44:../Dave/Generated/DAVE.c ****  * 2019-04-29:
  45:../Dave/Generated/DAVE.c ****  *     - Make DAVE_Init() weak, the user can reimplement the function
  46:../Dave/Generated/DAVE.c ****  *
  47:../Dave/Generated/DAVE.c ****  * @endcond
  48:../Dave/Generated/DAVE.c ****  *
  49:../Dave/Generated/DAVE.c ****  */
  50:../Dave/Generated/DAVE.c **** 
  51:../Dave/Generated/DAVE.c **** /**************************************************************************************************
  52:../Dave/Generated/DAVE.c ****  * HEADER FILES
  53:../Dave/Generated/DAVE.c ****  **************************************************************************************************
  54:../Dave/Generated/DAVE.c **** #include "DAVE.h"
  55:../Dave/Generated/DAVE.c **** 
  56:../Dave/Generated/DAVE.c **** /**************************************************************************************************
  57:../Dave/Generated/DAVE.c ****  * API IMPLEMENTATION
  58:../Dave/Generated/DAVE.c ****  **************************************************************************************************
  59:../Dave/Generated/DAVE.c **** 
  60:../Dave/Generated/DAVE.c **** /*******************************************************************************
  61:../Dave/Generated/DAVE.c ****  * @brief This function initializes the APPs Init Functions.
  62:../Dave/Generated/DAVE.c ****  *
  63:../Dave/Generated/DAVE.c ****  * @param[in]  None
  64:../Dave/Generated/DAVE.c ****  *
  65:../Dave/Generated/DAVE.c ****  * @return  DAVE_STATUS_t <BR>
  66:../Dave/Generated/DAVE.c ****  ******************************************************************************/
  67:../Dave/Generated/DAVE.c **** __WEAK DAVE_STATUS_t DAVE_Init(void)
  68:../Dave/Generated/DAVE.c **** {
  28              	 .loc 1 68 0
  29              	 .cfi_startproc
  30              	 
  31              	 
  32 0000 80B5     	 push {r7,lr}
  33              	 .cfi_def_cfa_offset 8
  34              	 .cfi_offset 7,-8
  35              	 .cfi_offset 14,-4
  36 0002 82B0     	 sub sp,sp,#8
  37              	 .cfi_def_cfa_offset 16
  38 0004 00AF     	 add r7,sp,#0
  39              	 .cfi_def_cfa_register 7
  69:../Dave/Generated/DAVE.c ****   DAVE_STATUS_t init_status;
  70:../Dave/Generated/DAVE.c ****   
  71:../Dave/Generated/DAVE.c ****   init_status = DAVE_STATUS_SUCCESS;
  40              	 .loc 1 71 0
  41 0006 0023     	 movs r3,#0
  42 0008 FB71     	 strb r3,[r7,#7]
  72:../Dave/Generated/DAVE.c ****      /** @Initialization of APPs Init Functions */
  73:../Dave/Generated/DAVE.c ****      init_status = (DAVE_STATUS_t)CLOCK_XMC4_Init(&CLOCK_XMC4_0);
  43              	 .loc 1 73 0
  44 000a 2548     	 ldr r0,.L11
  45 000c FFF7FEFF 	 bl CLOCK_XMC4_Init
  46 0010 0346     	 mov r3,r0
  47 0012 FB71     	 strb r3,[r7,#7]
  74:../Dave/Generated/DAVE.c **** 
  75:../Dave/Generated/DAVE.c ****   if (init_status == DAVE_STATUS_SUCCESS)
  48              	 .loc 1 75 0
  49 0014 FB79     	 ldrb r3,[r7,#7]
  50 0016 002B     	 cmp r3,#0
  51 0018 04D1     	 bne .L2
  76:../Dave/Generated/DAVE.c ****   {
  77:../Dave/Generated/DAVE.c **** 	 /**  Initialization of ADC_MEASUREMENT APP instance ADC_MEASUREMENT_0 */
  78:../Dave/Generated/DAVE.c **** 	 init_status = (DAVE_STATUS_t)ADC_MEASUREMENT_Init(&ADC_MEASUREMENT_0); 
  52              	 .loc 1 78 0
  53 001a 2248     	 ldr r0,.L11+4
  54 001c FFF7FEFF 	 bl ADC_MEASUREMENT_Init
  55 0020 0346     	 mov r3,r0
  56 0022 FB71     	 strb r3,[r7,#7]
  57              	.L2:
  79:../Dave/Generated/DAVE.c ****    } 
  80:../Dave/Generated/DAVE.c ****   if (init_status == DAVE_STATUS_SUCCESS)
  58              	 .loc 1 80 0
  59 0024 FB79     	 ldrb r3,[r7,#7]
  60 0026 002B     	 cmp r3,#0
  61 0028 04D1     	 bne .L3
  81:../Dave/Generated/DAVE.c ****   {
  82:../Dave/Generated/DAVE.c **** 	 /**  Initialization of TIMER APP instance TIMER_0 */
  83:../Dave/Generated/DAVE.c **** 	 init_status = (DAVE_STATUS_t)TIMER_Init(&TIMER_0); 
  62              	 .loc 1 83 0
  63 002a 1F48     	 ldr r0,.L11+8
  64 002c FFF7FEFF 	 bl TIMER_Init
  65 0030 0346     	 mov r3,r0
  66 0032 FB71     	 strb r3,[r7,#7]
  67              	.L3:
  84:../Dave/Generated/DAVE.c ****    } 
  85:../Dave/Generated/DAVE.c ****   if (init_status == DAVE_STATUS_SUCCESS)
  68              	 .loc 1 85 0
  69 0034 FB79     	 ldrb r3,[r7,#7]
  70 0036 002B     	 cmp r3,#0
  71 0038 04D1     	 bne .L4
  86:../Dave/Generated/DAVE.c ****   {
  87:../Dave/Generated/DAVE.c **** 	 /**  Initialization of CAN_NODE APP instance CAN_2 */
  88:../Dave/Generated/DAVE.c **** 	 init_status = (DAVE_STATUS_t)CAN_NODE_Init(&CAN_2); 
  72              	 .loc 1 88 0
  73 003a 1C48     	 ldr r0,.L11+12
  74 003c FFF7FEFF 	 bl CAN_NODE_Init
  75 0040 0346     	 mov r3,r0
  76 0042 FB71     	 strb r3,[r7,#7]
  77              	.L4:
  89:../Dave/Generated/DAVE.c ****    } 
  90:../Dave/Generated/DAVE.c ****   if (init_status == DAVE_STATUS_SUCCESS)
  78              	 .loc 1 90 0
  79 0044 FB79     	 ldrb r3,[r7,#7]
  80 0046 002B     	 cmp r3,#0
  81 0048 04D1     	 bne .L5
  91:../Dave/Generated/DAVE.c ****   {
  92:../Dave/Generated/DAVE.c **** 	 /**  Initialization of DIGITAL_IO APP instance Brake_Light */
  93:../Dave/Generated/DAVE.c **** 	 init_status = (DAVE_STATUS_t)DIGITAL_IO_Init(&Brake_Light); 
  82              	 .loc 1 93 0
  83 004a 1948     	 ldr r0,.L11+16
  84 004c FFF7FEFF 	 bl DIGITAL_IO_Init
  85 0050 0346     	 mov r3,r0
  86 0052 FB71     	 strb r3,[r7,#7]
  87              	.L5:
  94:../Dave/Generated/DAVE.c ****    } 
  95:../Dave/Generated/DAVE.c ****   if (init_status == DAVE_STATUS_SUCCESS)
  88              	 .loc 1 95 0
  89 0054 FB79     	 ldrb r3,[r7,#7]
  90 0056 002B     	 cmp r3,#0
  91 0058 04D1     	 bne .L6
  96:../Dave/Generated/DAVE.c ****   {
  97:../Dave/Generated/DAVE.c **** 	 /**  Initialization of DIGITAL_IO APP instance CAN_2_RES_CTRL */
  98:../Dave/Generated/DAVE.c **** 	 init_status = (DAVE_STATUS_t)DIGITAL_IO_Init(&CAN_2_RES_CTRL); 
  92              	 .loc 1 98 0
  93 005a 1648     	 ldr r0,.L11+20
  94 005c FFF7FEFF 	 bl DIGITAL_IO_Init
  95 0060 0346     	 mov r3,r0
  96 0062 FB71     	 strb r3,[r7,#7]
  97              	.L6:
  99:../Dave/Generated/DAVE.c ****    } 
 100:../Dave/Generated/DAVE.c ****   if (init_status == DAVE_STATUS_SUCCESS)
  98              	 .loc 1 100 0
  99 0064 FB79     	 ldrb r3,[r7,#7]
 100 0066 002B     	 cmp r3,#0
 101 0068 04D1     	 bne .L7
 101:../Dave/Generated/DAVE.c ****   {
 102:../Dave/Generated/DAVE.c **** 	 /**  Initialization of DIGITAL_IO APP instance CAN_1_RES_CTRL */
 103:../Dave/Generated/DAVE.c **** 	 init_status = (DAVE_STATUS_t)DIGITAL_IO_Init(&CAN_1_RES_CTRL); 
 102              	 .loc 1 103 0
 103 006a 1348     	 ldr r0,.L11+24
 104 006c FFF7FEFF 	 bl DIGITAL_IO_Init
 105 0070 0346     	 mov r3,r0
 106 0072 FB71     	 strb r3,[r7,#7]
 107              	.L7:
 104:../Dave/Generated/DAVE.c ****    } 
 105:../Dave/Generated/DAVE.c ****   if (init_status == DAVE_STATUS_SUCCESS)
 108              	 .loc 1 105 0
 109 0074 FB79     	 ldrb r3,[r7,#7]
 110 0076 002B     	 cmp r3,#0
 111 0078 04D1     	 bne .L8
 106:../Dave/Generated/DAVE.c ****   {
 107:../Dave/Generated/DAVE.c **** 	 /**  Initialization of CAN_NODE APP instance CAN_1 */
 108:../Dave/Generated/DAVE.c **** 	 init_status = (DAVE_STATUS_t)CAN_NODE_Init(&CAN_1); 
 112              	 .loc 1 108 0
 113 007a 1048     	 ldr r0,.L11+28
 114 007c FFF7FEFF 	 bl CAN_NODE_Init
 115 0080 0346     	 mov r3,r0
 116 0082 FB71     	 strb r3,[r7,#7]
 117              	.L8:
 109:../Dave/Generated/DAVE.c ****    } 
 110:../Dave/Generated/DAVE.c ****   if (init_status == DAVE_STATUS_SUCCESS)
 118              	 .loc 1 110 0
 119 0084 FB79     	 ldrb r3,[r7,#7]
 120 0086 002B     	 cmp r3,#0
 121 0088 04D1     	 bne .L9
 111:../Dave/Generated/DAVE.c ****   {
 112:../Dave/Generated/DAVE.c **** 	 /**  Initialization of DIGITAL_IO APP instance DIGITAL_IO_0 */
 113:../Dave/Generated/DAVE.c **** 	 init_status = (DAVE_STATUS_t)DIGITAL_IO_Init(&Debug_LED);
 122              	 .loc 1 113 0
 123 008a 0D48     	 ldr r0,.L11+32
 124 008c FFF7FEFF 	 bl DIGITAL_IO_Init
 125 0090 0346     	 mov r3,r0
 126 0092 FB71     	 strb r3,[r7,#7]
 127              	.L9:
 114:../Dave/Generated/DAVE.c ****    }  
 115:../Dave/Generated/DAVE.c ****   return init_status;
 128              	 .loc 1 115 0
 129 0094 FB79     	 ldrb r3,[r7,#7]
 116:../Dave/Generated/DAVE.c **** } /**  End of function DAVE_Init */
 130              	 .loc 1 116 0
 131 0096 1846     	 mov r0,r3
 132 0098 0837     	 adds r7,r7,#8
 133              	 .cfi_def_cfa_offset 8
 134 009a BD46     	 mov sp,r7
 135              	 .cfi_def_cfa_register 13
 136              	 
 137 009c 80BD     	 pop {r7,pc}
 138              	.L12:
 139 009e 00BF     	 .align 2
 140              	.L11:
 141 00a0 00000000 	 .word CLOCK_XMC4_0
 142 00a4 00000000 	 .word ADC_MEASUREMENT_0
 143 00a8 00000000 	 .word TIMER_0
 144 00ac 00000000 	 .word CAN_2
 145 00b0 00000000 	 .word Brake_Light
 146 00b4 00000000 	 .word CAN_2_RES_CTRL
 147 00b8 00000000 	 .word CAN_1_RES_CTRL
 148 00bc 00000000 	 .word CAN_1
 149 00c0 00000000 	 .word Debug_LED
 150              	 .cfi_endproc
 151              	.LFE387:
 153              	 .text
 154              	.Letext0:
 155              	 .file 2 "c:\\dave\\dave-ide-4.4.2-64bit\\eclipse\\arm-gcc-49\\arm-none-eabi\\include\\machine\\_default_types.h"
 156              	 .file 3 "c:\\dave\\dave-ide-4.4.2-64bit\\eclipse\\arm-gcc-49\\arm-none-eabi\\include\\stdint.h"
 157              	 .file 4 "C:/Users/Yoshi/Documents/GitHub/Software/01_jrg/04_CANModule/CAN_Modul_keckvale_AH/Libraries/CMSIS/Infineon/XMC4500_series/Include/XMC4500.h"
 158              	 .file 5 "C:/Users/Yoshi/Documents/GitHub/Software/01_jrg/04_CANModule/CAN_Modul_keckvale_AH/Libraries/XMCLib/inc/xmc4_scu.h"
 159              	 .file 6 "C:/Users/Yoshi/Documents/GitHub/Software/01_jrg/04_CANModule/CAN_Modul_keckvale_AH/Libraries/XMCLib/inc/xmc_gpio.h"
 160              	 .file 7 "C:/Users/Yoshi/Documents/GitHub/Software/01_jrg/04_CANModule/CAN_Modul_keckvale_AH/Libraries/XMCLib/inc/xmc4_gpio.h"
 161              	 .file 8 "../Dave/Generated/CLOCK_XMC4/clock_xmc4.h"
 162              	 .file 9 "C:/Users/Yoshi/Documents/GitHub/Software/01_jrg/04_CANModule/CAN_Modul_keckvale_AH/Libraries/XMCLib/inc/xmc_vadc.h"
 163              	 .file 10 "../Dave/Generated/GLOBAL_ADC/global_adc.h"
 164              	 .file 11 "../Dave/Generated/ANALOG_IO/analog_io.h"
 165              	 .file 12 "../Dave/Generated/ADC_MEASUREMENT/adc_measurement.h"
 166              	 .file 13 "C:/Users/Yoshi/Documents/GitHub/Software/01_jrg/04_CANModule/CAN_Modul_keckvale_AH/Libraries/XMCLib/inc/xmc_ccu4.h"
 167              	 .file 14 "../Dave/Generated/GLOBAL_CCU4/global_ccu4.h"
 168              	 .file 15 "../Dave/Generated/TIMER/timer.h"
 169              	 .file 16 "C:/Users/Yoshi/Documents/GitHub/Software/01_jrg/04_CANModule/CAN_Modul_keckvale_AH/Libraries/XMCLib/inc/xmc_can.h"
 170              	 .file 17 "../Dave/Generated/GLOBAL_CAN/global_can.h"
 171              	 .file 18 "../Dave/Generated/CAN_NODE/can_node.h"
 172              	 .file 19 "../Dave/Generated/DIGITAL_IO/digital_io.h"
 173              	 .file 20 "../Dave/Generated/DAVE.h"
 174              	 .file 21 "C:/Users/Yoshi/Documents/GitHub/Software/01_jrg/04_CANModule/CAN_Modul_keckvale_AH/Libraries/CMSIS/Include/cmsis_gcc.h"
 175              	 .file 22 "C:/Users/Yoshi/Documents/GitHub/Software/01_jrg/04_CANModule/CAN_Modul_keckvale_AH/Libraries/CMSIS/Include/core_cm4.h"
 176              	 .file 23 "C:/Users/Yoshi/Documents/GitHub/Software/01_jrg/04_CANModule/CAN_Modul_keckvale_AH/Libraries/CMSIS/Infineon/XMC4500_series/Include/system_XMC4500.h"
 177              	 .file 24 "../Dave/Generated/CLOCK_XMC4/clock_xmc4_extern.h"
 178              	 .file 25 "../Dave/Generated/ADC_MEASUREMENT/ADC_MEASUREMENT_Extern.h"
 179              	 .file 26 "../Dave/Generated/TIMER/timer_extern.h"
 180              	 .file 27 "../Dave/Generated/CAN_NODE/can_node_extern.h"
 181              	 .file 28 "../Dave/Generated/DIGITAL_IO/digital_io_extern.h"
DEFINED SYMBOLS
                            *ABS*:00000000 DAVE.c
    {standard input}:20     .text.DAVE_Init:00000000 $t
    {standard input}:25     .text.DAVE_Init:00000000 DAVE_Init
    {standard input}:141    .text.DAVE_Init:000000a0 $d
                     .debug_frame:00000010 $d

UNDEFINED SYMBOLS
CLOCK_XMC4_Init
ADC_MEASUREMENT_Init
TIMER_Init
CAN_NODE_Init
DIGITAL_IO_Init
CLOCK_XMC4_0
ADC_MEASUREMENT_0
TIMER_0
CAN_2
Brake_Light
CAN_2_RES_CTRL
CAN_1_RES_CTRL
CAN_1
Debug_LED
