   1              	 .syntax unified
   2              	 .cpu cortex-m4
   3              	 .eabi_attribute 27,3
   4              	 .fpu fpv4-sp-d16
   5              	 .eabi_attribute 20,1
   6              	 .eabi_attribute 21,1
   7              	 .eabi_attribute 23,3
   8              	 .eabi_attribute 24,1
   9              	 .eabi_attribute 25,1
  10              	 .eabi_attribute 26,1
  11              	 .eabi_attribute 30,6
  12              	 .eabi_attribute 34,1
  13              	 .eabi_attribute 18,4
  14              	 .thumb
  15              	 .file "main.c"
  16              	 .text
  17              	.Ltext0:
  18              	 .cfi_sections .debug_frame
  19              	 .comm VAR_boardTemp,8,8
  20              	 .comm VAR_TR1_VSense_WP,8,8
  21              	 .comm VAR_TR2_VSense_FAN1,8,8
  22              	 .comm VAR_TR3_VSense_FAN2,8,8
  23              	 .comm shiftUpInterrupt,1,1
  24              	 .comm shiftDownInterrupt,1,1
  25              	 .comm canData,368,8
  26              	 .comm IOportData,116,4
  27              	 .section .text.main,"ax",%progbits
  28              	 .align 2
  29              	 .global main
  30              	 .thumb
  31              	 .thumb_func
  33              	main:
  34              	.LFB415:
  35              	 .file 1 "../main.c"
   1:../main.c     **** /*
   2:../main.c     ****  * main.c
   3:../main.c     ****  *
   4:../main.c     ****  *  Created on: 17 Oct 2019
   5:../main.c     ****  *      Author: Paul
   6:../main.c     ****  *
   7:../main.c     ****  *  jr20 VCU XMC-Software
   8:../main.c     ****  */
   9:../main.c     **** 
  10:../main.c     **** #include <stdio.h>
  11:../main.c     **** #include <stdbool.h>
  12:../main.c     **** #include <math.h>
  13:../main.c     **** #include "XMC4500.h"
  14:../main.c     **** #include "Header.h"
  15:../main.c     **** 
  16:../main.c     **** struct data_can canData;
  17:../main.c     **** struct data_IOPort IOportData;
  18:../main.c     **** 
  19:../main.c     **** /****************************************************
  20:../main.c     ****    Main Function
  21:../main.c     ****  *****************************************************/
  22:../main.c     **** int main (void)
  23:../main.c     **** {
  36              	 .loc 1 23 0
  37              	 .cfi_startproc
  38              	 
  39              	 
  40 0000 80B5     	 push {r7,lr}
  41              	.LCFI0:
  42              	 .cfi_def_cfa_offset 8
  43              	 .cfi_offset 7,-8
  44              	 .cfi_offset 14,-4
  45 0002 00AF     	 add r7,sp,#0
  46              	.LCFI1:
  47              	 .cfi_def_cfa_register 7
  24:../main.c     ****   DAVE_Init();
  48              	 .loc 1 24 0
  49 0004 FFF7FEFF 	 bl DAVE_Init
  25:../main.c     ****   Watchdog_Start();
  50              	 .loc 1 25 0
  51 0008 FFF7FEFF 	 bl Watchdog_Start
  26:../main.c     ****   VCU_initialize();
  52              	 .loc 1 26 0
  53 000c FFF7FEFF 	 bl VCU_initialize
  27:../main.c     ****   CAN_1_ini();
  54              	 .loc 1 27 0
  55 0010 FFF7FEFF 	 bl CAN_1_ini
  28:../main.c     ****   CAN_2_ini();
  56              	 .loc 1 28 0
  57 0014 FFF7FEFF 	 bl CAN_2_ini
  29:../main.c     ****   IOPort_ini();
  58              	 .loc 1 29 0
  59 0018 FFF7FEFF 	 bl IOPort_ini
  30:../main.c     ****   RTOS_Handling_ini();  //Kupplung, Detect increase Block ???
  60              	 .loc 1 30 0
  61 001c FFF7FEFF 	 bl RTOS_Handling_ini
  62 0020 0023     	 movs r3,#0
  31:../main.c     **** }
  63              	 .loc 1 31 0
  64 0022 1846     	 mov r0,r3
  65 0024 80BD     	 pop {r7,pc}
  66              	 .cfi_endproc
  67              	.LFE415:
  69 0026 00BF     	 .text
  70              	.Letext0:
  71              	 .file 2 "c:\\dave\\dave-ide-4.4.2-64bit\\eclipse\\arm-gcc-49\\arm-none-eabi\\include\\machine\\_default_types.h"
  72              	 .file 3 "c:\\dave\\dave-ide-4.4.2-64bit\\eclipse\\arm-gcc-49\\arm-none-eabi\\include\\stdint.h"
  73              	 .file 4 "../Simulink/rtwtypes.h"
  74              	 .file 5 "../Header.h"
  75              	 .file 6 "C:/Users/Yoshi/Documents/GitHub/Software/01_jrg/03_VCUJR20/2021_07_14_VCU_jr20_Source/Libraries/CMSIS/Include/cmsis_gcc.h"
  76              	 .file 7 "C:/Users/Yoshi/Documents/GitHub/Software/01_jrg/03_VCUJR20/2021_07_14_VCU_jr20_Source/Libraries/CMSIS/Include/core_cm4.h"
  77              	 .file 8 "C:/Users/Yoshi/Documents/GitHub/Software/01_jrg/03_VCUJR20/2021_07_14_VCU_jr20_Source/Libraries/CMSIS/Infineon/XMC4500_series/Include/system_XMC4500.h"
DEFINED SYMBOLS
                            *ABS*:00000000 main.c
                            *COM*:00000008 VAR_boardTemp
                            *COM*:00000008 VAR_TR1_VSense_WP
                            *COM*:00000008 VAR_TR2_VSense_FAN1
                            *COM*:00000008 VAR_TR3_VSense_FAN2
                            *COM*:00000001 shiftUpInterrupt
                            *COM*:00000001 shiftDownInterrupt
                            *COM*:00000170 canData
                            *COM*:00000074 IOportData
    {standard input}:28     .text.main:00000000 $t
    {standard input}:33     .text.main:00000000 main
                     .debug_frame:00000010 $d

UNDEFINED SYMBOLS
DAVE_Init
Watchdog_Start
VCU_initialize
CAN_1_ini
CAN_2_ini
IOPort_ini
RTOS_Handling_ini
