   1              	 .syntax unified
   2              	 .cpu cortex-m4
   3              	 .eabi_attribute 27,3
   4              	 .fpu fpv4-sp-d16
   5              	 .eabi_attribute 20,1
   6              	 .eabi_attribute 21,1
   7              	 .eabi_attribute 23,3
   8              	 .eabi_attribute 24,1
   9              	 .eabi_attribute 25,1
  10              	 .eabi_attribute 26,1
  11              	 .eabi_attribute 30,6
  12              	 .eabi_attribute 34,1
  13              	 .eabi_attribute 18,4
  14              	 .thumb
  15              	 .file "xmc_common.c"
  16              	 .text
  17              	.Ltext0:
  18              	 .cfi_sections .debug_frame
  19              	 .section .text.XMC_PRIOARRAY_GetHead,"ax",%progbits
  20              	 .align 2
  21              	 .thumb
  22              	 .thumb_func
  24              	XMC_PRIOARRAY_GetHead:
  25              	.LFB132:
  26              	 .file 1 "C:/Users/Yoshi/Documents/GitHub/Software/01_jrg/04_CANModule/CAN_Modul_keckvale_AH/Libraries/XMCLib/inc/xmc_common.h"
   1:C:/Users/Yoshi/Documents/GitHub/Software/01_jrg/04_CANModule/CAN_Modul_keckvale_AH/Libraries/XMCLib/inc\xmc_common.h **** /**
   2:C:/Users/Yoshi/Documents/GitHub/Software/01_jrg/04_CANModule/CAN_Modul_keckvale_AH/Libraries/XMCLib/inc\xmc_common.h ****  * @file xmc_common.h
   3:C:/Users/Yoshi/Documents/GitHub/Software/01_jrg/04_CANModule/CAN_Modul_keckvale_AH/Libraries/XMCLib/inc\xmc_common.h ****  * @date 2019-07-12
   4:C:/Users/Yoshi/Documents/GitHub/Software/01_jrg/04_CANModule/CAN_Modul_keckvale_AH/Libraries/XMCLib/inc\xmc_common.h ****  *
   5:C:/Users/Yoshi/Documents/GitHub/Software/01_jrg/04_CANModule/CAN_Modul_keckvale_AH/Libraries/XMCLib/inc\xmc_common.h ****  * @cond
   6:C:/Users/Yoshi/Documents/GitHub/Software/01_jrg/04_CANModule/CAN_Modul_keckvale_AH/Libraries/XMCLib/inc\xmc_common.h ****   *************************************************************************************************
   7:C:/Users/Yoshi/Documents/GitHub/Software/01_jrg/04_CANModule/CAN_Modul_keckvale_AH/Libraries/XMCLib/inc\xmc_common.h ****  * XMClib v2.1.24 - XMC Peripheral Driver Library 
   8:C:/Users/Yoshi/Documents/GitHub/Software/01_jrg/04_CANModule/CAN_Modul_keckvale_AH/Libraries/XMCLib/inc\xmc_common.h ****  *
   9:C:/Users/Yoshi/Documents/GitHub/Software/01_jrg/04_CANModule/CAN_Modul_keckvale_AH/Libraries/XMCLib/inc\xmc_common.h ****  * Copyright (c) 2015-2019, Infineon Technologies AG
  10:C:/Users/Yoshi/Documents/GitHub/Software/01_jrg/04_CANModule/CAN_Modul_keckvale_AH/Libraries/XMCLib/inc\xmc_common.h ****  * All rights reserved.                        
  11:C:/Users/Yoshi/Documents/GitHub/Software/01_jrg/04_CANModule/CAN_Modul_keckvale_AH/Libraries/XMCLib/inc\xmc_common.h ****  *                                             
  12:C:/Users/Yoshi/Documents/GitHub/Software/01_jrg/04_CANModule/CAN_Modul_keckvale_AH/Libraries/XMCLib/inc\xmc_common.h ****  * Redistribution and use in source and binary forms, with or without modification,are permitted pr
  13:C:/Users/Yoshi/Documents/GitHub/Software/01_jrg/04_CANModule/CAN_Modul_keckvale_AH/Libraries/XMCLib/inc\xmc_common.h ****  * following conditions are met:   
  14:C:/Users/Yoshi/Documents/GitHub/Software/01_jrg/04_CANModule/CAN_Modul_keckvale_AH/Libraries/XMCLib/inc\xmc_common.h ****  *                                                                              
  15:C:/Users/Yoshi/Documents/GitHub/Software/01_jrg/04_CANModule/CAN_Modul_keckvale_AH/Libraries/XMCLib/inc\xmc_common.h ****  * Redistributions of source code must retain the above copyright notice, this list of conditions a
  16:C:/Users/Yoshi/Documents/GitHub/Software/01_jrg/04_CANModule/CAN_Modul_keckvale_AH/Libraries/XMCLib/inc\xmc_common.h ****  * disclaimer.                        
  17:C:/Users/Yoshi/Documents/GitHub/Software/01_jrg/04_CANModule/CAN_Modul_keckvale_AH/Libraries/XMCLib/inc\xmc_common.h ****  * 
  18:C:/Users/Yoshi/Documents/GitHub/Software/01_jrg/04_CANModule/CAN_Modul_keckvale_AH/Libraries/XMCLib/inc\xmc_common.h ****  * Redistributions in binary form must reproduce the above copyright notice, this list of condition
  19:C:/Users/Yoshi/Documents/GitHub/Software/01_jrg/04_CANModule/CAN_Modul_keckvale_AH/Libraries/XMCLib/inc\xmc_common.h ****  * disclaimer in the documentation and/or other materials provided with the distribution.          
  20:C:/Users/Yoshi/Documents/GitHub/Software/01_jrg/04_CANModule/CAN_Modul_keckvale_AH/Libraries/XMCLib/inc\xmc_common.h ****  * 
  21:C:/Users/Yoshi/Documents/GitHub/Software/01_jrg/04_CANModule/CAN_Modul_keckvale_AH/Libraries/XMCLib/inc\xmc_common.h ****  * Neither the name of the copyright holders nor the names of its contributors may be used to endor
  22:C:/Users/Yoshi/Documents/GitHub/Software/01_jrg/04_CANModule/CAN_Modul_keckvale_AH/Libraries/XMCLib/inc\xmc_common.h ****  * products derived from this software without specific prior written permission.                  
  23:C:/Users/Yoshi/Documents/GitHub/Software/01_jrg/04_CANModule/CAN_Modul_keckvale_AH/Libraries/XMCLib/inc\xmc_common.h ****  *                                                                              
  24:C:/Users/Yoshi/Documents/GitHub/Software/01_jrg/04_CANModule/CAN_Modul_keckvale_AH/Libraries/XMCLib/inc\xmc_common.h ****  * THIS SOFTWARE IS PROVIDED BY THE COPYRIGHT HOLDERS AND CONTRIBUTORS "AS IS" AND ANY EXPRESS OR I
  25:C:/Users/Yoshi/Documents/GitHub/Software/01_jrg/04_CANModule/CAN_Modul_keckvale_AH/Libraries/XMCLib/inc\xmc_common.h ****  * INCLUDING, BUT NOT LIMITED TO, THE IMPLIED WARRANTIES OF MERCHANTABILITY AND FITNESS FOR A PARTI
  26:C:/Users/Yoshi/Documents/GitHub/Software/01_jrg/04_CANModule/CAN_Modul_keckvale_AH/Libraries/XMCLib/inc\xmc_common.h ****  * DISCLAIMED. IN NO EVENT SHALL THE COPYRIGHT HOLDER OR CONTRIBUTORS BE LIABLE  FOR ANY DIRECT, IN
  27:C:/Users/Yoshi/Documents/GitHub/Software/01_jrg/04_CANModule/CAN_Modul_keckvale_AH/Libraries/XMCLib/inc\xmc_common.h ****  * SPECIAL, EXEMPLARY, OR CONSEQUENTIAL DAMAGES (INCLUDING, BUT NOT LIMITED TO, PROCUREMENT OF SUBS
  28:C:/Users/Yoshi/Documents/GitHub/Software/01_jrg/04_CANModule/CAN_Modul_keckvale_AH/Libraries/XMCLib/inc\xmc_common.h ****  * SERVICES; LOSS OF USE, DATA, OR PROFITS; OR BUSINESS INTERRUPTION) HOWEVER CAUSED AND ON ANY THE
  29:C:/Users/Yoshi/Documents/GitHub/Software/01_jrg/04_CANModule/CAN_Modul_keckvale_AH/Libraries/XMCLib/inc\xmc_common.h ****  * WHETHER IN CONTRACT, STRICT LIABILITY,OR TORT (INCLUDING NEGLIGENCE OR OTHERWISE) ARISING IN ANY
  30:C:/Users/Yoshi/Documents/GitHub/Software/01_jrg/04_CANModule/CAN_Modul_keckvale_AH/Libraries/XMCLib/inc\xmc_common.h ****  * OF THIS SOFTWARE, EVEN IF ADVISED OF THE POSSIBILITY OF SUCH DAMAGE.                            
  31:C:/Users/Yoshi/Documents/GitHub/Software/01_jrg/04_CANModule/CAN_Modul_keckvale_AH/Libraries/XMCLib/inc\xmc_common.h ****  *                                                                              
  32:C:/Users/Yoshi/Documents/GitHub/Software/01_jrg/04_CANModule/CAN_Modul_keckvale_AH/Libraries/XMCLib/inc\xmc_common.h ****  * To improve the quality of the software, users are encouraged to share modifications, enhancement
  33:C:/Users/Yoshi/Documents/GitHub/Software/01_jrg/04_CANModule/CAN_Modul_keckvale_AH/Libraries/XMCLib/inc\xmc_common.h ****  * Infineon Technologies AG dave@infineon.com).                                                    
  34:C:/Users/Yoshi/Documents/GitHub/Software/01_jrg/04_CANModule/CAN_Modul_keckvale_AH/Libraries/XMCLib/inc\xmc_common.h ****  **************************************************************************************************
  35:C:/Users/Yoshi/Documents/GitHub/Software/01_jrg/04_CANModule/CAN_Modul_keckvale_AH/Libraries/XMCLib/inc\xmc_common.h ****  *
  36:C:/Users/Yoshi/Documents/GitHub/Software/01_jrg/04_CANModule/CAN_Modul_keckvale_AH/Libraries/XMCLib/inc\xmc_common.h ****  * Change History
  37:C:/Users/Yoshi/Documents/GitHub/Software/01_jrg/04_CANModule/CAN_Modul_keckvale_AH/Libraries/XMCLib/inc\xmc_common.h ****  * --------------
  38:C:/Users/Yoshi/Documents/GitHub/Software/01_jrg/04_CANModule/CAN_Modul_keckvale_AH/Libraries/XMCLib/inc\xmc_common.h ****  *
  39:C:/Users/Yoshi/Documents/GitHub/Software/01_jrg/04_CANModule/CAN_Modul_keckvale_AH/Libraries/XMCLib/inc\xmc_common.h ****  * 2015-06-20:
  40:C:/Users/Yoshi/Documents/GitHub/Software/01_jrg/04_CANModule/CAN_Modul_keckvale_AH/Libraries/XMCLib/inc\xmc_common.h ****  *     - Initial
  41:C:/Users/Yoshi/Documents/GitHub/Software/01_jrg/04_CANModule/CAN_Modul_keckvale_AH/Libraries/XMCLib/inc\xmc_common.h ****  *     - Brief section updated
  42:C:/Users/Yoshi/Documents/GitHub/Software/01_jrg/04_CANModule/CAN_Modul_keckvale_AH/Libraries/XMCLib/inc\xmc_common.h ****  *     - Added XMC_LIB_VERSION macro
  43:C:/Users/Yoshi/Documents/GitHub/Software/01_jrg/04_CANModule/CAN_Modul_keckvale_AH/Libraries/XMCLib/inc\xmc_common.h ****  *
  44:C:/Users/Yoshi/Documents/GitHub/Software/01_jrg/04_CANModule/CAN_Modul_keckvale_AH/Libraries/XMCLib/inc\xmc_common.h ****  * 2016-02-26:
  45:C:/Users/Yoshi/Documents/GitHub/Software/01_jrg/04_CANModule/CAN_Modul_keckvale_AH/Libraries/XMCLib/inc\xmc_common.h ****  *     - Updated XMC_LIB_VERSION macro to v2.1.6
  46:C:/Users/Yoshi/Documents/GitHub/Software/01_jrg/04_CANModule/CAN_Modul_keckvale_AH/Libraries/XMCLib/inc\xmc_common.h ****  *      
  47:C:/Users/Yoshi/Documents/GitHub/Software/01_jrg/04_CANModule/CAN_Modul_keckvale_AH/Libraries/XMCLib/inc\xmc_common.h ****  * 2016-05-30:
  48:C:/Users/Yoshi/Documents/GitHub/Software/01_jrg/04_CANModule/CAN_Modul_keckvale_AH/Libraries/XMCLib/inc\xmc_common.h ****  *     - Updated XMC_LIB_VERSION macro to v2.1.8
  49:C:/Users/Yoshi/Documents/GitHub/Software/01_jrg/04_CANModule/CAN_Modul_keckvale_AH/Libraries/XMCLib/inc\xmc_common.h ****  *
  50:C:/Users/Yoshi/Documents/GitHub/Software/01_jrg/04_CANModule/CAN_Modul_keckvale_AH/Libraries/XMCLib/inc\xmc_common.h ****  * 2016-11-18:
  51:C:/Users/Yoshi/Documents/GitHub/Software/01_jrg/04_CANModule/CAN_Modul_keckvale_AH/Libraries/XMCLib/inc\xmc_common.h ****  *     - Updated XMC_LIB_VERSION macro to v2.1.10
  52:C:/Users/Yoshi/Documents/GitHub/Software/01_jrg/04_CANModule/CAN_Modul_keckvale_AH/Libraries/XMCLib/inc\xmc_common.h ****  *     - Changed type of size in XMC_PRIOARRAY_t to fix compilation warnings
  53:C:/Users/Yoshi/Documents/GitHub/Software/01_jrg/04_CANModule/CAN_Modul_keckvale_AH/Libraries/XMCLib/inc\xmc_common.h ****  *
  54:C:/Users/Yoshi/Documents/GitHub/Software/01_jrg/04_CANModule/CAN_Modul_keckvale_AH/Libraries/XMCLib/inc\xmc_common.h ****  * 2017-04-04:
  55:C:/Users/Yoshi/Documents/GitHub/Software/01_jrg/04_CANModule/CAN_Modul_keckvale_AH/Libraries/XMCLib/inc\xmc_common.h ****  *     - Updated XMC_LIB_VERSION macro to v2.1.12
  56:C:/Users/Yoshi/Documents/GitHub/Software/01_jrg/04_CANModule/CAN_Modul_keckvale_AH/Libraries/XMCLib/inc\xmc_common.h ****  *
  57:C:/Users/Yoshi/Documents/GitHub/Software/01_jrg/04_CANModule/CAN_Modul_keckvale_AH/Libraries/XMCLib/inc\xmc_common.h ****  * 2017-06-24:
  58:C:/Users/Yoshi/Documents/GitHub/Software/01_jrg/04_CANModule/CAN_Modul_keckvale_AH/Libraries/XMCLib/inc\xmc_common.h ****  *     - Updated XMC_LIB_VERSION macro to v2.1.14
  59:C:/Users/Yoshi/Documents/GitHub/Software/01_jrg/04_CANModule/CAN_Modul_keckvale_AH/Libraries/XMCLib/inc\xmc_common.h ****  *
  60:C:/Users/Yoshi/Documents/GitHub/Software/01_jrg/04_CANModule/CAN_Modul_keckvale_AH/Libraries/XMCLib/inc\xmc_common.h ****  * 2017-08-03:
  61:C:/Users/Yoshi/Documents/GitHub/Software/01_jrg/04_CANModule/CAN_Modul_keckvale_AH/Libraries/XMCLib/inc\xmc_common.h ****  *     - Updated XMC_LIB_VERSION macro to v2.1.16
  62:C:/Users/Yoshi/Documents/GitHub/Software/01_jrg/04_CANModule/CAN_Modul_keckvale_AH/Libraries/XMCLib/inc\xmc_common.h ****  *     - Added __RAM_FUNC macro
  63:C:/Users/Yoshi/Documents/GitHub/Software/01_jrg/04_CANModule/CAN_Modul_keckvale_AH/Libraries/XMCLib/inc\xmc_common.h ****  *
  64:C:/Users/Yoshi/Documents/GitHub/Software/01_jrg/04_CANModule/CAN_Modul_keckvale_AH/Libraries/XMCLib/inc\xmc_common.h ****  * 2018-06-29:
  65:C:/Users/Yoshi/Documents/GitHub/Software/01_jrg/04_CANModule/CAN_Modul_keckvale_AH/Libraries/XMCLib/inc\xmc_common.h ****  *     - Updated XMC_LIB_VERSION macro to v2.1.20
  66:C:/Users/Yoshi/Documents/GitHub/Software/01_jrg/04_CANModule/CAN_Modul_keckvale_AH/Libraries/XMCLib/inc\xmc_common.h ****  *
  67:C:/Users/Yoshi/Documents/GitHub/Software/01_jrg/04_CANModule/CAN_Modul_keckvale_AH/Libraries/XMCLib/inc\xmc_common.h ****  * 2019-05-29:
  68:C:/Users/Yoshi/Documents/GitHub/Software/01_jrg/04_CANModule/CAN_Modul_keckvale_AH/Libraries/XMCLib/inc\xmc_common.h ****  *     - Updated XMC_LIB_VERSION macro to v2.1.22
  69:C:/Users/Yoshi/Documents/GitHub/Software/01_jrg/04_CANModule/CAN_Modul_keckvale_AH/Libraries/XMCLib/inc\xmc_common.h ****  *
  70:C:/Users/Yoshi/Documents/GitHub/Software/01_jrg/04_CANModule/CAN_Modul_keckvale_AH/Libraries/XMCLib/inc\xmc_common.h ****  * 2019-07-12:
  71:C:/Users/Yoshi/Documents/GitHub/Software/01_jrg/04_CANModule/CAN_Modul_keckvale_AH/Libraries/XMCLib/inc\xmc_common.h ****  *     - Updated XMC_LIB_VERSION macro to v2.1.24
  72:C:/Users/Yoshi/Documents/GitHub/Software/01_jrg/04_CANModule/CAN_Modul_keckvale_AH/Libraries/XMCLib/inc\xmc_common.h ****  *
  73:C:/Users/Yoshi/Documents/GitHub/Software/01_jrg/04_CANModule/CAN_Modul_keckvale_AH/Libraries/XMCLib/inc\xmc_common.h ****  * @endcond 
  74:C:/Users/Yoshi/Documents/GitHub/Software/01_jrg/04_CANModule/CAN_Modul_keckvale_AH/Libraries/XMCLib/inc\xmc_common.h ****  *
  75:C:/Users/Yoshi/Documents/GitHub/Software/01_jrg/04_CANModule/CAN_Modul_keckvale_AH/Libraries/XMCLib/inc\xmc_common.h ****  */
  76:C:/Users/Yoshi/Documents/GitHub/Software/01_jrg/04_CANModule/CAN_Modul_keckvale_AH/Libraries/XMCLib/inc\xmc_common.h **** 
  77:C:/Users/Yoshi/Documents/GitHub/Software/01_jrg/04_CANModule/CAN_Modul_keckvale_AH/Libraries/XMCLib/inc\xmc_common.h **** #ifndef XMC_COMMON_H
  78:C:/Users/Yoshi/Documents/GitHub/Software/01_jrg/04_CANModule/CAN_Modul_keckvale_AH/Libraries/XMCLib/inc\xmc_common.h **** #define XMC_COMMON_H
  79:C:/Users/Yoshi/Documents/GitHub/Software/01_jrg/04_CANModule/CAN_Modul_keckvale_AH/Libraries/XMCLib/inc\xmc_common.h **** 
  80:C:/Users/Yoshi/Documents/GitHub/Software/01_jrg/04_CANModule/CAN_Modul_keckvale_AH/Libraries/XMCLib/inc\xmc_common.h **** #include <stddef.h>
  81:C:/Users/Yoshi/Documents/GitHub/Software/01_jrg/04_CANModule/CAN_Modul_keckvale_AH/Libraries/XMCLib/inc\xmc_common.h **** #include <stdint.h>
  82:C:/Users/Yoshi/Documents/GitHub/Software/01_jrg/04_CANModule/CAN_Modul_keckvale_AH/Libraries/XMCLib/inc\xmc_common.h **** #include <stdbool.h>
  83:C:/Users/Yoshi/Documents/GitHub/Software/01_jrg/04_CANModule/CAN_Modul_keckvale_AH/Libraries/XMCLib/inc\xmc_common.h **** #include <string.h>
  84:C:/Users/Yoshi/Documents/GitHub/Software/01_jrg/04_CANModule/CAN_Modul_keckvale_AH/Libraries/XMCLib/inc\xmc_common.h **** 
  85:C:/Users/Yoshi/Documents/GitHub/Software/01_jrg/04_CANModule/CAN_Modul_keckvale_AH/Libraries/XMCLib/inc\xmc_common.h **** #include "xmc_device.h"
  86:C:/Users/Yoshi/Documents/GitHub/Software/01_jrg/04_CANModule/CAN_Modul_keckvale_AH/Libraries/XMCLib/inc\xmc_common.h **** 
  87:C:/Users/Yoshi/Documents/GitHub/Software/01_jrg/04_CANModule/CAN_Modul_keckvale_AH/Libraries/XMCLib/inc\xmc_common.h **** /**
  88:C:/Users/Yoshi/Documents/GitHub/Software/01_jrg/04_CANModule/CAN_Modul_keckvale_AH/Libraries/XMCLib/inc\xmc_common.h ****  * @addtogroup XMClib XMC Peripheral Library
  89:C:/Users/Yoshi/Documents/GitHub/Software/01_jrg/04_CANModule/CAN_Modul_keckvale_AH/Libraries/XMCLib/inc\xmc_common.h ****  * @{
  90:C:/Users/Yoshi/Documents/GitHub/Software/01_jrg/04_CANModule/CAN_Modul_keckvale_AH/Libraries/XMCLib/inc\xmc_common.h ****  */
  91:C:/Users/Yoshi/Documents/GitHub/Software/01_jrg/04_CANModule/CAN_Modul_keckvale_AH/Libraries/XMCLib/inc\xmc_common.h **** 
  92:C:/Users/Yoshi/Documents/GitHub/Software/01_jrg/04_CANModule/CAN_Modul_keckvale_AH/Libraries/XMCLib/inc\xmc_common.h **** /**
  93:C:/Users/Yoshi/Documents/GitHub/Software/01_jrg/04_CANModule/CAN_Modul_keckvale_AH/Libraries/XMCLib/inc\xmc_common.h ****  * @addtogroup COMMON
  94:C:/Users/Yoshi/Documents/GitHub/Software/01_jrg/04_CANModule/CAN_Modul_keckvale_AH/Libraries/XMCLib/inc\xmc_common.h ****  * @brief Common APIs to all peripherals for XMC microcontroller family 
  95:C:/Users/Yoshi/Documents/GitHub/Software/01_jrg/04_CANModule/CAN_Modul_keckvale_AH/Libraries/XMCLib/inc\xmc_common.h ****  * @{
  96:C:/Users/Yoshi/Documents/GitHub/Software/01_jrg/04_CANModule/CAN_Modul_keckvale_AH/Libraries/XMCLib/inc\xmc_common.h ****  */
  97:C:/Users/Yoshi/Documents/GitHub/Software/01_jrg/04_CANModule/CAN_Modul_keckvale_AH/Libraries/XMCLib/inc\xmc_common.h **** 
  98:C:/Users/Yoshi/Documents/GitHub/Software/01_jrg/04_CANModule/CAN_Modul_keckvale_AH/Libraries/XMCLib/inc\xmc_common.h **** /**************************************************************************************************
  99:C:/Users/Yoshi/Documents/GitHub/Software/01_jrg/04_CANModule/CAN_Modul_keckvale_AH/Libraries/XMCLib/inc\xmc_common.h ****  * MACROS
 100:C:/Users/Yoshi/Documents/GitHub/Software/01_jrg/04_CANModule/CAN_Modul_keckvale_AH/Libraries/XMCLib/inc\xmc_common.h ****  **************************************************************************************************
 101:C:/Users/Yoshi/Documents/GitHub/Software/01_jrg/04_CANModule/CAN_Modul_keckvale_AH/Libraries/XMCLib/inc\xmc_common.h **** #define XMC_LIB_MAJOR_VERSION	(2U)
 102:C:/Users/Yoshi/Documents/GitHub/Software/01_jrg/04_CANModule/CAN_Modul_keckvale_AH/Libraries/XMCLib/inc\xmc_common.h **** #define XMC_LIB_MINOR_VERSION	(1U)
 103:C:/Users/Yoshi/Documents/GitHub/Software/01_jrg/04_CANModule/CAN_Modul_keckvale_AH/Libraries/XMCLib/inc\xmc_common.h **** #define XMC_LIB_PATCH_VERSION	(24U)
 104:C:/Users/Yoshi/Documents/GitHub/Software/01_jrg/04_CANModule/CAN_Modul_keckvale_AH/Libraries/XMCLib/inc\xmc_common.h ****  
 105:C:/Users/Yoshi/Documents/GitHub/Software/01_jrg/04_CANModule/CAN_Modul_keckvale_AH/Libraries/XMCLib/inc\xmc_common.h **** #define XMC_LIB_VERSION         ((XMC_LIB_MAJOR_VERSION << 16U) + (XMC_LIB_MINOR_VERSION << 8U) + X
 106:C:/Users/Yoshi/Documents/GitHub/Software/01_jrg/04_CANModule/CAN_Modul_keckvale_AH/Libraries/XMCLib/inc\xmc_common.h **** 
 107:C:/Users/Yoshi/Documents/GitHub/Software/01_jrg/04_CANModule/CAN_Modul_keckvale_AH/Libraries/XMCLib/inc\xmc_common.h **** /* Define WEAK attribute */
 108:C:/Users/Yoshi/Documents/GitHub/Software/01_jrg/04_CANModule/CAN_Modul_keckvale_AH/Libraries/XMCLib/inc\xmc_common.h **** #if !defined(__WEAK)
 109:C:/Users/Yoshi/Documents/GitHub/Software/01_jrg/04_CANModule/CAN_Modul_keckvale_AH/Libraries/XMCLib/inc\xmc_common.h **** #if defined ( __CC_ARM )
 110:C:/Users/Yoshi/Documents/GitHub/Software/01_jrg/04_CANModule/CAN_Modul_keckvale_AH/Libraries/XMCLib/inc\xmc_common.h **** #define __WEAK __attribute__ ((weak))
 111:C:/Users/Yoshi/Documents/GitHub/Software/01_jrg/04_CANModule/CAN_Modul_keckvale_AH/Libraries/XMCLib/inc\xmc_common.h **** #elif defined (__ARMCC_VERSION) && (__ARMCC_VERSION >= 6010050)
 112:C:/Users/Yoshi/Documents/GitHub/Software/01_jrg/04_CANModule/CAN_Modul_keckvale_AH/Libraries/XMCLib/inc\xmc_common.h **** #define __WEAK __attribute__ ((weak))
 113:C:/Users/Yoshi/Documents/GitHub/Software/01_jrg/04_CANModule/CAN_Modul_keckvale_AH/Libraries/XMCLib/inc\xmc_common.h **** #elif defined ( __ICCARM__ )
 114:C:/Users/Yoshi/Documents/GitHub/Software/01_jrg/04_CANModule/CAN_Modul_keckvale_AH/Libraries/XMCLib/inc\xmc_common.h **** #define __WEAK __weak
 115:C:/Users/Yoshi/Documents/GitHub/Software/01_jrg/04_CANModule/CAN_Modul_keckvale_AH/Libraries/XMCLib/inc\xmc_common.h **** #elif defined ( __GNUC__ )
 116:C:/Users/Yoshi/Documents/GitHub/Software/01_jrg/04_CANModule/CAN_Modul_keckvale_AH/Libraries/XMCLib/inc\xmc_common.h **** #define __WEAK __attribute__ ((weak))
 117:C:/Users/Yoshi/Documents/GitHub/Software/01_jrg/04_CANModule/CAN_Modul_keckvale_AH/Libraries/XMCLib/inc\xmc_common.h **** #elif defined ( __TASKING__ )
 118:C:/Users/Yoshi/Documents/GitHub/Software/01_jrg/04_CANModule/CAN_Modul_keckvale_AH/Libraries/XMCLib/inc\xmc_common.h **** #define __WEAK __attribute__ ((weak))
 119:C:/Users/Yoshi/Documents/GitHub/Software/01_jrg/04_CANModule/CAN_Modul_keckvale_AH/Libraries/XMCLib/inc\xmc_common.h **** #endif
 120:C:/Users/Yoshi/Documents/GitHub/Software/01_jrg/04_CANModule/CAN_Modul_keckvale_AH/Libraries/XMCLib/inc\xmc_common.h **** #endif
 121:C:/Users/Yoshi/Documents/GitHub/Software/01_jrg/04_CANModule/CAN_Modul_keckvale_AH/Libraries/XMCLib/inc\xmc_common.h **** 
 122:C:/Users/Yoshi/Documents/GitHub/Software/01_jrg/04_CANModule/CAN_Modul_keckvale_AH/Libraries/XMCLib/inc\xmc_common.h **** #if !defined(__RAM_FUNC)
 123:C:/Users/Yoshi/Documents/GitHub/Software/01_jrg/04_CANModule/CAN_Modul_keckvale_AH/Libraries/XMCLib/inc\xmc_common.h **** #if defined ( __CC_ARM )
 124:C:/Users/Yoshi/Documents/GitHub/Software/01_jrg/04_CANModule/CAN_Modul_keckvale_AH/Libraries/XMCLib/inc\xmc_common.h **** // http://www.keil.com/support/docs/3723.htm
 125:C:/Users/Yoshi/Documents/GitHub/Software/01_jrg/04_CANModule/CAN_Modul_keckvale_AH/Libraries/XMCLib/inc\xmc_common.h **** #define __RAM_FUNC __attribute__((section("RAMCODESECTION")))
 126:C:/Users/Yoshi/Documents/GitHub/Software/01_jrg/04_CANModule/CAN_Modul_keckvale_AH/Libraries/XMCLib/inc\xmc_common.h **** #elif defined (__ARMCC_VERSION) && (__ARMCC_VERSION >= 6010050)
 127:C:/Users/Yoshi/Documents/GitHub/Software/01_jrg/04_CANModule/CAN_Modul_keckvale_AH/Libraries/XMCLib/inc\xmc_common.h **** #define __RAM_FUNC __attribute__((section("RAMCODESECTION")))
 128:C:/Users/Yoshi/Documents/GitHub/Software/01_jrg/04_CANModule/CAN_Modul_keckvale_AH/Libraries/XMCLib/inc\xmc_common.h **** #elif defined ( __ICCARM__ )
 129:C:/Users/Yoshi/Documents/GitHub/Software/01_jrg/04_CANModule/CAN_Modul_keckvale_AH/Libraries/XMCLib/inc\xmc_common.h **** // https://www.iar.com/support/tech-notes/linker/controlling-placement-of-the-section-where-__ramfu
 130:C:/Users/Yoshi/Documents/GitHub/Software/01_jrg/04_CANModule/CAN_Modul_keckvale_AH/Libraries/XMCLib/inc\xmc_common.h **** #define __RAM_FUNC __ramfunc
 131:C:/Users/Yoshi/Documents/GitHub/Software/01_jrg/04_CANModule/CAN_Modul_keckvale_AH/Libraries/XMCLib/inc\xmc_common.h **** #elif defined ( __GNUC__ )
 132:C:/Users/Yoshi/Documents/GitHub/Software/01_jrg/04_CANModule/CAN_Modul_keckvale_AH/Libraries/XMCLib/inc\xmc_common.h **** #define __RAM_FUNC __attribute__((section(".ram_code"), long_call))
 133:C:/Users/Yoshi/Documents/GitHub/Software/01_jrg/04_CANModule/CAN_Modul_keckvale_AH/Libraries/XMCLib/inc\xmc_common.h **** #elif defined ( __TASKING__ )
 134:C:/Users/Yoshi/Documents/GitHub/Software/01_jrg/04_CANModule/CAN_Modul_keckvale_AH/Libraries/XMCLib/inc\xmc_common.h **** #define __RAM_FUNC __attribute__((section(".ram_code")))
 135:C:/Users/Yoshi/Documents/GitHub/Software/01_jrg/04_CANModule/CAN_Modul_keckvale_AH/Libraries/XMCLib/inc\xmc_common.h **** #endif
 136:C:/Users/Yoshi/Documents/GitHub/Software/01_jrg/04_CANModule/CAN_Modul_keckvale_AH/Libraries/XMCLib/inc\xmc_common.h **** #endif
 137:C:/Users/Yoshi/Documents/GitHub/Software/01_jrg/04_CANModule/CAN_Modul_keckvale_AH/Libraries/XMCLib/inc\xmc_common.h **** 
 138:C:/Users/Yoshi/Documents/GitHub/Software/01_jrg/04_CANModule/CAN_Modul_keckvale_AH/Libraries/XMCLib/inc\xmc_common.h **** #ifdef XMC_ASSERT_ENABLE
 139:C:/Users/Yoshi/Documents/GitHub/Software/01_jrg/04_CANModule/CAN_Modul_keckvale_AH/Libraries/XMCLib/inc\xmc_common.h ****  #define XMC_ASSERT(msg, exp) { if(!(exp)) {XMC_AssertHandler(msg, __FILE__, __LINE__);} }
 140:C:/Users/Yoshi/Documents/GitHub/Software/01_jrg/04_CANModule/CAN_Modul_keckvale_AH/Libraries/XMCLib/inc\xmc_common.h **** #else
 141:C:/Users/Yoshi/Documents/GitHub/Software/01_jrg/04_CANModule/CAN_Modul_keckvale_AH/Libraries/XMCLib/inc\xmc_common.h ****  #define XMC_ASSERT(msg, exp) { ; }
 142:C:/Users/Yoshi/Documents/GitHub/Software/01_jrg/04_CANModule/CAN_Modul_keckvale_AH/Libraries/XMCLib/inc\xmc_common.h **** #endif
 143:C:/Users/Yoshi/Documents/GitHub/Software/01_jrg/04_CANModule/CAN_Modul_keckvale_AH/Libraries/XMCLib/inc\xmc_common.h **** 
 144:C:/Users/Yoshi/Documents/GitHub/Software/01_jrg/04_CANModule/CAN_Modul_keckvale_AH/Libraries/XMCLib/inc\xmc_common.h **** #ifdef XMC_DEBUG_ENABLE
 145:C:/Users/Yoshi/Documents/GitHub/Software/01_jrg/04_CANModule/CAN_Modul_keckvale_AH/Libraries/XMCLib/inc\xmc_common.h ****  #include <stdio.h>
 146:C:/Users/Yoshi/Documents/GitHub/Software/01_jrg/04_CANModule/CAN_Modul_keckvale_AH/Libraries/XMCLib/inc\xmc_common.h ****  #define XMC_DEBUG(...) { printf(__VA_ARGS__); }
 147:C:/Users/Yoshi/Documents/GitHub/Software/01_jrg/04_CANModule/CAN_Modul_keckvale_AH/Libraries/XMCLib/inc\xmc_common.h **** #else
 148:C:/Users/Yoshi/Documents/GitHub/Software/01_jrg/04_CANModule/CAN_Modul_keckvale_AH/Libraries/XMCLib/inc\xmc_common.h ****  #define XMC_DEBUG(...) { ; }
 149:C:/Users/Yoshi/Documents/GitHub/Software/01_jrg/04_CANModule/CAN_Modul_keckvale_AH/Libraries/XMCLib/inc\xmc_common.h **** #endif
 150:C:/Users/Yoshi/Documents/GitHub/Software/01_jrg/04_CANModule/CAN_Modul_keckvale_AH/Libraries/XMCLib/inc\xmc_common.h **** 
 151:C:/Users/Yoshi/Documents/GitHub/Software/01_jrg/04_CANModule/CAN_Modul_keckvale_AH/Libraries/XMCLib/inc\xmc_common.h **** #define XMC_UNUSED_ARG(x) (void)x
 152:C:/Users/Yoshi/Documents/GitHub/Software/01_jrg/04_CANModule/CAN_Modul_keckvale_AH/Libraries/XMCLib/inc\xmc_common.h **** 
 153:C:/Users/Yoshi/Documents/GitHub/Software/01_jrg/04_CANModule/CAN_Modul_keckvale_AH/Libraries/XMCLib/inc\xmc_common.h **** #define XMC_STRUCT_INIT(m) memset(&m, 0, sizeof(m))
 154:C:/Users/Yoshi/Documents/GitHub/Software/01_jrg/04_CANModule/CAN_Modul_keckvale_AH/Libraries/XMCLib/inc\xmc_common.h **** 
 155:C:/Users/Yoshi/Documents/GitHub/Software/01_jrg/04_CANModule/CAN_Modul_keckvale_AH/Libraries/XMCLib/inc\xmc_common.h **** #define XMC_PRIOARRAY_DEF(name, size) \
 156:C:/Users/Yoshi/Documents/GitHub/Software/01_jrg/04_CANModule/CAN_Modul_keckvale_AH/Libraries/XMCLib/inc\xmc_common.h **** XMC_PRIOARRAY_ITEM_t prioarray_m_##name[size + 2]; \
 157:C:/Users/Yoshi/Documents/GitHub/Software/01_jrg/04_CANModule/CAN_Modul_keckvale_AH/Libraries/XMCLib/inc\xmc_common.h **** XMC_PRIOARRAY_t prioarray_def_##name = {(size), (prioarray_m_##name)};
 158:C:/Users/Yoshi/Documents/GitHub/Software/01_jrg/04_CANModule/CAN_Modul_keckvale_AH/Libraries/XMCLib/inc\xmc_common.h **** 
 159:C:/Users/Yoshi/Documents/GitHub/Software/01_jrg/04_CANModule/CAN_Modul_keckvale_AH/Libraries/XMCLib/inc\xmc_common.h **** #define XMC_PRIOARRAY(name) \
 160:C:/Users/Yoshi/Documents/GitHub/Software/01_jrg/04_CANModule/CAN_Modul_keckvale_AH/Libraries/XMCLib/inc\xmc_common.h **** &prioarray_def_##name
 161:C:/Users/Yoshi/Documents/GitHub/Software/01_jrg/04_CANModule/CAN_Modul_keckvale_AH/Libraries/XMCLib/inc\xmc_common.h **** 
 162:C:/Users/Yoshi/Documents/GitHub/Software/01_jrg/04_CANModule/CAN_Modul_keckvale_AH/Libraries/XMCLib/inc\xmc_common.h **** /**************************************************************************************************
 163:C:/Users/Yoshi/Documents/GitHub/Software/01_jrg/04_CANModule/CAN_Modul_keckvale_AH/Libraries/XMCLib/inc\xmc_common.h ****  * DATA STRUCTURES
 164:C:/Users/Yoshi/Documents/GitHub/Software/01_jrg/04_CANModule/CAN_Modul_keckvale_AH/Libraries/XMCLib/inc\xmc_common.h ****  **************************************************************************************************
 165:C:/Users/Yoshi/Documents/GitHub/Software/01_jrg/04_CANModule/CAN_Modul_keckvale_AH/Libraries/XMCLib/inc\xmc_common.h **** /*
 166:C:/Users/Yoshi/Documents/GitHub/Software/01_jrg/04_CANModule/CAN_Modul_keckvale_AH/Libraries/XMCLib/inc\xmc_common.h ****  *
 167:C:/Users/Yoshi/Documents/GitHub/Software/01_jrg/04_CANModule/CAN_Modul_keckvale_AH/Libraries/XMCLib/inc\xmc_common.h ****  */
 168:C:/Users/Yoshi/Documents/GitHub/Software/01_jrg/04_CANModule/CAN_Modul_keckvale_AH/Libraries/XMCLib/inc\xmc_common.h **** typedef struct XMC_DRIVER_VERSION 
 169:C:/Users/Yoshi/Documents/GitHub/Software/01_jrg/04_CANModule/CAN_Modul_keckvale_AH/Libraries/XMCLib/inc\xmc_common.h **** {
 170:C:/Users/Yoshi/Documents/GitHub/Software/01_jrg/04_CANModule/CAN_Modul_keckvale_AH/Libraries/XMCLib/inc\xmc_common.h ****   uint8_t major;
 171:C:/Users/Yoshi/Documents/GitHub/Software/01_jrg/04_CANModule/CAN_Modul_keckvale_AH/Libraries/XMCLib/inc\xmc_common.h ****   uint8_t minor;
 172:C:/Users/Yoshi/Documents/GitHub/Software/01_jrg/04_CANModule/CAN_Modul_keckvale_AH/Libraries/XMCLib/inc\xmc_common.h ****   uint8_t patch;
 173:C:/Users/Yoshi/Documents/GitHub/Software/01_jrg/04_CANModule/CAN_Modul_keckvale_AH/Libraries/XMCLib/inc\xmc_common.h **** } XMC_DRIVER_VERSION_t;
 174:C:/Users/Yoshi/Documents/GitHub/Software/01_jrg/04_CANModule/CAN_Modul_keckvale_AH/Libraries/XMCLib/inc\xmc_common.h **** 
 175:C:/Users/Yoshi/Documents/GitHub/Software/01_jrg/04_CANModule/CAN_Modul_keckvale_AH/Libraries/XMCLib/inc\xmc_common.h **** /*
 176:C:/Users/Yoshi/Documents/GitHub/Software/01_jrg/04_CANModule/CAN_Modul_keckvale_AH/Libraries/XMCLib/inc\xmc_common.h ****  *
 177:C:/Users/Yoshi/Documents/GitHub/Software/01_jrg/04_CANModule/CAN_Modul_keckvale_AH/Libraries/XMCLib/inc\xmc_common.h ****  */
 178:C:/Users/Yoshi/Documents/GitHub/Software/01_jrg/04_CANModule/CAN_Modul_keckvale_AH/Libraries/XMCLib/inc\xmc_common.h **** typedef void *XMC_LIST_t;
 179:C:/Users/Yoshi/Documents/GitHub/Software/01_jrg/04_CANModule/CAN_Modul_keckvale_AH/Libraries/XMCLib/inc\xmc_common.h **** 
 180:C:/Users/Yoshi/Documents/GitHub/Software/01_jrg/04_CANModule/CAN_Modul_keckvale_AH/Libraries/XMCLib/inc\xmc_common.h **** /*
 181:C:/Users/Yoshi/Documents/GitHub/Software/01_jrg/04_CANModule/CAN_Modul_keckvale_AH/Libraries/XMCLib/inc\xmc_common.h ****  *
 182:C:/Users/Yoshi/Documents/GitHub/Software/01_jrg/04_CANModule/CAN_Modul_keckvale_AH/Libraries/XMCLib/inc\xmc_common.h ****  */
 183:C:/Users/Yoshi/Documents/GitHub/Software/01_jrg/04_CANModule/CAN_Modul_keckvale_AH/Libraries/XMCLib/inc\xmc_common.h **** typedef struct XMC_PRIOARRAY_ITEM
 184:C:/Users/Yoshi/Documents/GitHub/Software/01_jrg/04_CANModule/CAN_Modul_keckvale_AH/Libraries/XMCLib/inc\xmc_common.h **** {
 185:C:/Users/Yoshi/Documents/GitHub/Software/01_jrg/04_CANModule/CAN_Modul_keckvale_AH/Libraries/XMCLib/inc\xmc_common.h ****   int32_t priority;
 186:C:/Users/Yoshi/Documents/GitHub/Software/01_jrg/04_CANModule/CAN_Modul_keckvale_AH/Libraries/XMCLib/inc\xmc_common.h ****   int32_t previous;
 187:C:/Users/Yoshi/Documents/GitHub/Software/01_jrg/04_CANModule/CAN_Modul_keckvale_AH/Libraries/XMCLib/inc\xmc_common.h ****   int32_t next;
 188:C:/Users/Yoshi/Documents/GitHub/Software/01_jrg/04_CANModule/CAN_Modul_keckvale_AH/Libraries/XMCLib/inc\xmc_common.h **** } XMC_PRIOARRAY_ITEM_t;
 189:C:/Users/Yoshi/Documents/GitHub/Software/01_jrg/04_CANModule/CAN_Modul_keckvale_AH/Libraries/XMCLib/inc\xmc_common.h **** 
 190:C:/Users/Yoshi/Documents/GitHub/Software/01_jrg/04_CANModule/CAN_Modul_keckvale_AH/Libraries/XMCLib/inc\xmc_common.h **** /*
 191:C:/Users/Yoshi/Documents/GitHub/Software/01_jrg/04_CANModule/CAN_Modul_keckvale_AH/Libraries/XMCLib/inc\xmc_common.h ****  *
 192:C:/Users/Yoshi/Documents/GitHub/Software/01_jrg/04_CANModule/CAN_Modul_keckvale_AH/Libraries/XMCLib/inc\xmc_common.h ****  */
 193:C:/Users/Yoshi/Documents/GitHub/Software/01_jrg/04_CANModule/CAN_Modul_keckvale_AH/Libraries/XMCLib/inc\xmc_common.h **** typedef struct XMC_PRIOARRAY
 194:C:/Users/Yoshi/Documents/GitHub/Software/01_jrg/04_CANModule/CAN_Modul_keckvale_AH/Libraries/XMCLib/inc\xmc_common.h **** {
 195:C:/Users/Yoshi/Documents/GitHub/Software/01_jrg/04_CANModule/CAN_Modul_keckvale_AH/Libraries/XMCLib/inc\xmc_common.h ****   int32_t size;
 196:C:/Users/Yoshi/Documents/GitHub/Software/01_jrg/04_CANModule/CAN_Modul_keckvale_AH/Libraries/XMCLib/inc\xmc_common.h ****   XMC_PRIOARRAY_ITEM_t *items;
 197:C:/Users/Yoshi/Documents/GitHub/Software/01_jrg/04_CANModule/CAN_Modul_keckvale_AH/Libraries/XMCLib/inc\xmc_common.h **** } XMC_PRIOARRAY_t;
 198:C:/Users/Yoshi/Documents/GitHub/Software/01_jrg/04_CANModule/CAN_Modul_keckvale_AH/Libraries/XMCLib/inc\xmc_common.h **** 
 199:C:/Users/Yoshi/Documents/GitHub/Software/01_jrg/04_CANModule/CAN_Modul_keckvale_AH/Libraries/XMCLib/inc\xmc_common.h **** /**************************************************************************************************
 200:C:/Users/Yoshi/Documents/GitHub/Software/01_jrg/04_CANModule/CAN_Modul_keckvale_AH/Libraries/XMCLib/inc\xmc_common.h ****  * API PROTOTYPES
 201:C:/Users/Yoshi/Documents/GitHub/Software/01_jrg/04_CANModule/CAN_Modul_keckvale_AH/Libraries/XMCLib/inc\xmc_common.h ****  **************************************************************************************************
 202:C:/Users/Yoshi/Documents/GitHub/Software/01_jrg/04_CANModule/CAN_Modul_keckvale_AH/Libraries/XMCLib/inc\xmc_common.h **** 
 203:C:/Users/Yoshi/Documents/GitHub/Software/01_jrg/04_CANModule/CAN_Modul_keckvale_AH/Libraries/XMCLib/inc\xmc_common.h **** #ifdef __cplusplus
 204:C:/Users/Yoshi/Documents/GitHub/Software/01_jrg/04_CANModule/CAN_Modul_keckvale_AH/Libraries/XMCLib/inc\xmc_common.h **** extern "C" {
 205:C:/Users/Yoshi/Documents/GitHub/Software/01_jrg/04_CANModule/CAN_Modul_keckvale_AH/Libraries/XMCLib/inc\xmc_common.h **** #endif
 206:C:/Users/Yoshi/Documents/GitHub/Software/01_jrg/04_CANModule/CAN_Modul_keckvale_AH/Libraries/XMCLib/inc\xmc_common.h **** 
 207:C:/Users/Yoshi/Documents/GitHub/Software/01_jrg/04_CANModule/CAN_Modul_keckvale_AH/Libraries/XMCLib/inc\xmc_common.h **** /*
 208:C:/Users/Yoshi/Documents/GitHub/Software/01_jrg/04_CANModule/CAN_Modul_keckvale_AH/Libraries/XMCLib/inc\xmc_common.h ****  *
 209:C:/Users/Yoshi/Documents/GitHub/Software/01_jrg/04_CANModule/CAN_Modul_keckvale_AH/Libraries/XMCLib/inc\xmc_common.h ****  */
 210:C:/Users/Yoshi/Documents/GitHub/Software/01_jrg/04_CANModule/CAN_Modul_keckvale_AH/Libraries/XMCLib/inc\xmc_common.h **** void XMC_AssertHandler(const char *const msg, const char *const file, uint32_t line);
 211:C:/Users/Yoshi/Documents/GitHub/Software/01_jrg/04_CANModule/CAN_Modul_keckvale_AH/Libraries/XMCLib/inc\xmc_common.h **** 
 212:C:/Users/Yoshi/Documents/GitHub/Software/01_jrg/04_CANModule/CAN_Modul_keckvale_AH/Libraries/XMCLib/inc\xmc_common.h **** /*
 213:C:/Users/Yoshi/Documents/GitHub/Software/01_jrg/04_CANModule/CAN_Modul_keckvale_AH/Libraries/XMCLib/inc\xmc_common.h ****  *
 214:C:/Users/Yoshi/Documents/GitHub/Software/01_jrg/04_CANModule/CAN_Modul_keckvale_AH/Libraries/XMCLib/inc\xmc_common.h ****  */
 215:C:/Users/Yoshi/Documents/GitHub/Software/01_jrg/04_CANModule/CAN_Modul_keckvale_AH/Libraries/XMCLib/inc\xmc_common.h **** void XMC_LIST_Init(XMC_LIST_t *list);
 216:C:/Users/Yoshi/Documents/GitHub/Software/01_jrg/04_CANModule/CAN_Modul_keckvale_AH/Libraries/XMCLib/inc\xmc_common.h **** 
 217:C:/Users/Yoshi/Documents/GitHub/Software/01_jrg/04_CANModule/CAN_Modul_keckvale_AH/Libraries/XMCLib/inc\xmc_common.h **** /*
 218:C:/Users/Yoshi/Documents/GitHub/Software/01_jrg/04_CANModule/CAN_Modul_keckvale_AH/Libraries/XMCLib/inc\xmc_common.h ****  *
 219:C:/Users/Yoshi/Documents/GitHub/Software/01_jrg/04_CANModule/CAN_Modul_keckvale_AH/Libraries/XMCLib/inc\xmc_common.h ****  */
 220:C:/Users/Yoshi/Documents/GitHub/Software/01_jrg/04_CANModule/CAN_Modul_keckvale_AH/Libraries/XMCLib/inc\xmc_common.h **** void XMC_LIST_Add(XMC_LIST_t *list, void *const item);
 221:C:/Users/Yoshi/Documents/GitHub/Software/01_jrg/04_CANModule/CAN_Modul_keckvale_AH/Libraries/XMCLib/inc\xmc_common.h **** 
 222:C:/Users/Yoshi/Documents/GitHub/Software/01_jrg/04_CANModule/CAN_Modul_keckvale_AH/Libraries/XMCLib/inc\xmc_common.h **** /*
 223:C:/Users/Yoshi/Documents/GitHub/Software/01_jrg/04_CANModule/CAN_Modul_keckvale_AH/Libraries/XMCLib/inc\xmc_common.h ****  *
 224:C:/Users/Yoshi/Documents/GitHub/Software/01_jrg/04_CANModule/CAN_Modul_keckvale_AH/Libraries/XMCLib/inc\xmc_common.h ****  */
 225:C:/Users/Yoshi/Documents/GitHub/Software/01_jrg/04_CANModule/CAN_Modul_keckvale_AH/Libraries/XMCLib/inc\xmc_common.h **** void XMC_LIST_Remove(XMC_LIST_t *list, void *const item);
 226:C:/Users/Yoshi/Documents/GitHub/Software/01_jrg/04_CANModule/CAN_Modul_keckvale_AH/Libraries/XMCLib/inc\xmc_common.h **** 
 227:C:/Users/Yoshi/Documents/GitHub/Software/01_jrg/04_CANModule/CAN_Modul_keckvale_AH/Libraries/XMCLib/inc\xmc_common.h **** /*
 228:C:/Users/Yoshi/Documents/GitHub/Software/01_jrg/04_CANModule/CAN_Modul_keckvale_AH/Libraries/XMCLib/inc\xmc_common.h ****  *
 229:C:/Users/Yoshi/Documents/GitHub/Software/01_jrg/04_CANModule/CAN_Modul_keckvale_AH/Libraries/XMCLib/inc\xmc_common.h ****  */
 230:C:/Users/Yoshi/Documents/GitHub/Software/01_jrg/04_CANModule/CAN_Modul_keckvale_AH/Libraries/XMCLib/inc\xmc_common.h **** uint32_t XMC_LIST_GetLength(XMC_LIST_t *list);
 231:C:/Users/Yoshi/Documents/GitHub/Software/01_jrg/04_CANModule/CAN_Modul_keckvale_AH/Libraries/XMCLib/inc\xmc_common.h **** 
 232:C:/Users/Yoshi/Documents/GitHub/Software/01_jrg/04_CANModule/CAN_Modul_keckvale_AH/Libraries/XMCLib/inc\xmc_common.h **** /*
 233:C:/Users/Yoshi/Documents/GitHub/Software/01_jrg/04_CANModule/CAN_Modul_keckvale_AH/Libraries/XMCLib/inc\xmc_common.h ****  *
 234:C:/Users/Yoshi/Documents/GitHub/Software/01_jrg/04_CANModule/CAN_Modul_keckvale_AH/Libraries/XMCLib/inc\xmc_common.h ****  */
 235:C:/Users/Yoshi/Documents/GitHub/Software/01_jrg/04_CANModule/CAN_Modul_keckvale_AH/Libraries/XMCLib/inc\xmc_common.h **** void *XMC_LIST_GetHead(XMC_LIST_t *list);
 236:C:/Users/Yoshi/Documents/GitHub/Software/01_jrg/04_CANModule/CAN_Modul_keckvale_AH/Libraries/XMCLib/inc\xmc_common.h **** 
 237:C:/Users/Yoshi/Documents/GitHub/Software/01_jrg/04_CANModule/CAN_Modul_keckvale_AH/Libraries/XMCLib/inc\xmc_common.h **** /*
 238:C:/Users/Yoshi/Documents/GitHub/Software/01_jrg/04_CANModule/CAN_Modul_keckvale_AH/Libraries/XMCLib/inc\xmc_common.h ****  *
 239:C:/Users/Yoshi/Documents/GitHub/Software/01_jrg/04_CANModule/CAN_Modul_keckvale_AH/Libraries/XMCLib/inc\xmc_common.h ****  */
 240:C:/Users/Yoshi/Documents/GitHub/Software/01_jrg/04_CANModule/CAN_Modul_keckvale_AH/Libraries/XMCLib/inc\xmc_common.h **** void *XMC_LIST_GetTail(XMC_LIST_t *list);
 241:C:/Users/Yoshi/Documents/GitHub/Software/01_jrg/04_CANModule/CAN_Modul_keckvale_AH/Libraries/XMCLib/inc\xmc_common.h **** 
 242:C:/Users/Yoshi/Documents/GitHub/Software/01_jrg/04_CANModule/CAN_Modul_keckvale_AH/Libraries/XMCLib/inc\xmc_common.h **** /*
 243:C:/Users/Yoshi/Documents/GitHub/Software/01_jrg/04_CANModule/CAN_Modul_keckvale_AH/Libraries/XMCLib/inc\xmc_common.h ****  *
 244:C:/Users/Yoshi/Documents/GitHub/Software/01_jrg/04_CANModule/CAN_Modul_keckvale_AH/Libraries/XMCLib/inc\xmc_common.h ****  */
 245:C:/Users/Yoshi/Documents/GitHub/Software/01_jrg/04_CANModule/CAN_Modul_keckvale_AH/Libraries/XMCLib/inc\xmc_common.h **** void XMC_LIST_Insert(XMC_LIST_t *list, void *prev_item, void *new_item);
 246:C:/Users/Yoshi/Documents/GitHub/Software/01_jrg/04_CANModule/CAN_Modul_keckvale_AH/Libraries/XMCLib/inc\xmc_common.h **** 
 247:C:/Users/Yoshi/Documents/GitHub/Software/01_jrg/04_CANModule/CAN_Modul_keckvale_AH/Libraries/XMCLib/inc\xmc_common.h **** /*
 248:C:/Users/Yoshi/Documents/GitHub/Software/01_jrg/04_CANModule/CAN_Modul_keckvale_AH/Libraries/XMCLib/inc\xmc_common.h ****  *
 249:C:/Users/Yoshi/Documents/GitHub/Software/01_jrg/04_CANModule/CAN_Modul_keckvale_AH/Libraries/XMCLib/inc\xmc_common.h ****  */
 250:C:/Users/Yoshi/Documents/GitHub/Software/01_jrg/04_CANModule/CAN_Modul_keckvale_AH/Libraries/XMCLib/inc\xmc_common.h **** void XMC_PRIOARRAY_Init(XMC_PRIOARRAY_t *prioarray);
 251:C:/Users/Yoshi/Documents/GitHub/Software/01_jrg/04_CANModule/CAN_Modul_keckvale_AH/Libraries/XMCLib/inc\xmc_common.h **** 
 252:C:/Users/Yoshi/Documents/GitHub/Software/01_jrg/04_CANModule/CAN_Modul_keckvale_AH/Libraries/XMCLib/inc\xmc_common.h **** /*
 253:C:/Users/Yoshi/Documents/GitHub/Software/01_jrg/04_CANModule/CAN_Modul_keckvale_AH/Libraries/XMCLib/inc\xmc_common.h ****  *
 254:C:/Users/Yoshi/Documents/GitHub/Software/01_jrg/04_CANModule/CAN_Modul_keckvale_AH/Libraries/XMCLib/inc\xmc_common.h ****  */
 255:C:/Users/Yoshi/Documents/GitHub/Software/01_jrg/04_CANModule/CAN_Modul_keckvale_AH/Libraries/XMCLib/inc\xmc_common.h **** void XMC_PRIOARRAY_Add(XMC_PRIOARRAY_t *prioarray, int32_t item, int32_t priority);
 256:C:/Users/Yoshi/Documents/GitHub/Software/01_jrg/04_CANModule/CAN_Modul_keckvale_AH/Libraries/XMCLib/inc\xmc_common.h **** 
 257:C:/Users/Yoshi/Documents/GitHub/Software/01_jrg/04_CANModule/CAN_Modul_keckvale_AH/Libraries/XMCLib/inc\xmc_common.h **** /*
 258:C:/Users/Yoshi/Documents/GitHub/Software/01_jrg/04_CANModule/CAN_Modul_keckvale_AH/Libraries/XMCLib/inc\xmc_common.h ****  *
 259:C:/Users/Yoshi/Documents/GitHub/Software/01_jrg/04_CANModule/CAN_Modul_keckvale_AH/Libraries/XMCLib/inc\xmc_common.h ****  */
 260:C:/Users/Yoshi/Documents/GitHub/Software/01_jrg/04_CANModule/CAN_Modul_keckvale_AH/Libraries/XMCLib/inc\xmc_common.h **** void XMC_PRIOARRAY_Remove(XMC_PRIOARRAY_t *prioarray, int32_t item);
 261:C:/Users/Yoshi/Documents/GitHub/Software/01_jrg/04_CANModule/CAN_Modul_keckvale_AH/Libraries/XMCLib/inc\xmc_common.h **** 
 262:C:/Users/Yoshi/Documents/GitHub/Software/01_jrg/04_CANModule/CAN_Modul_keckvale_AH/Libraries/XMCLib/inc\xmc_common.h **** /*
 263:C:/Users/Yoshi/Documents/GitHub/Software/01_jrg/04_CANModule/CAN_Modul_keckvale_AH/Libraries/XMCLib/inc\xmc_common.h ****  *
 264:C:/Users/Yoshi/Documents/GitHub/Software/01_jrg/04_CANModule/CAN_Modul_keckvale_AH/Libraries/XMCLib/inc\xmc_common.h ****  */
 265:C:/Users/Yoshi/Documents/GitHub/Software/01_jrg/04_CANModule/CAN_Modul_keckvale_AH/Libraries/XMCLib/inc\xmc_common.h **** __STATIC_INLINE int32_t XMC_PRIOARRAY_GetHead(XMC_PRIOARRAY_t *prioarray)
 266:C:/Users/Yoshi/Documents/GitHub/Software/01_jrg/04_CANModule/CAN_Modul_keckvale_AH/Libraries/XMCLib/inc\xmc_common.h **** {
  27              	 .loc 1 266 0
  28              	 .cfi_startproc
  29              	 
  30              	 
  31              	 
  32 0000 80B4     	 push {r7}
  33              	 .cfi_def_cfa_offset 4
  34              	 .cfi_offset 7,-4
  35 0002 83B0     	 sub sp,sp,#12
  36              	 .cfi_def_cfa_offset 16
  37 0004 00AF     	 add r7,sp,#0
  38              	 .cfi_def_cfa_register 7
  39 0006 7860     	 str r0,[r7,#4]
 267:C:/Users/Yoshi/Documents/GitHub/Software/01_jrg/04_CANModule/CAN_Modul_keckvale_AH/Libraries/XMCLib/inc\xmc_common.h ****   XMC_ASSERT("XMC_PRIOARRAY_Init: NULL pointer", prioarray != NULL);
 268:C:/Users/Yoshi/Documents/GitHub/Software/01_jrg/04_CANModule/CAN_Modul_keckvale_AH/Libraries/XMCLib/inc\xmc_common.h ****   return prioarray->items[prioarray->size].next;
  40              	 .loc 1 268 0
  41 0008 7B68     	 ldr r3,[r7,#4]
  42 000a 5A68     	 ldr r2,[r3,#4]
  43 000c 7B68     	 ldr r3,[r7,#4]
  44 000e 1B68     	 ldr r3,[r3]
  45 0010 1946     	 mov r1,r3
  46 0012 0B46     	 mov r3,r1
  47 0014 5B00     	 lsls r3,r3,#1
  48 0016 0B44     	 add r3,r3,r1
  49 0018 9B00     	 lsls r3,r3,#2
  50 001a 1344     	 add r3,r3,r2
  51 001c 9B68     	 ldr r3,[r3,#8]
 269:C:/Users/Yoshi/Documents/GitHub/Software/01_jrg/04_CANModule/CAN_Modul_keckvale_AH/Libraries/XMCLib/inc\xmc_common.h **** }
  52              	 .loc 1 269 0
  53 001e 1846     	 mov r0,r3
  54 0020 0C37     	 adds r7,r7,#12
  55              	 .cfi_def_cfa_offset 4
  56 0022 BD46     	 mov sp,r7
  57              	 .cfi_def_cfa_register 13
  58              	 
  59 0024 5DF8047B 	 ldr r7,[sp],#4
  60              	 .cfi_restore 7
  61              	 .cfi_def_cfa_offset 0
  62 0028 7047     	 bx lr
  63              	 .cfi_endproc
  64              	.LFE132:
  66 002a 00BF     	 .section .text.XMC_PRIOARRAY_GetItemPriority,"ax",%progbits
  67              	 .align 2
  68              	 .thumb
  69              	 .thumb_func
  71              	XMC_PRIOARRAY_GetItemPriority:
  72              	.LFB134:
 270:C:/Users/Yoshi/Documents/GitHub/Software/01_jrg/04_CANModule/CAN_Modul_keckvale_AH/Libraries/XMCLib/inc\xmc_common.h **** 
 271:C:/Users/Yoshi/Documents/GitHub/Software/01_jrg/04_CANModule/CAN_Modul_keckvale_AH/Libraries/XMCLib/inc\xmc_common.h **** /*
 272:C:/Users/Yoshi/Documents/GitHub/Software/01_jrg/04_CANModule/CAN_Modul_keckvale_AH/Libraries/XMCLib/inc\xmc_common.h ****  *
 273:C:/Users/Yoshi/Documents/GitHub/Software/01_jrg/04_CANModule/CAN_Modul_keckvale_AH/Libraries/XMCLib/inc\xmc_common.h ****  */
 274:C:/Users/Yoshi/Documents/GitHub/Software/01_jrg/04_CANModule/CAN_Modul_keckvale_AH/Libraries/XMCLib/inc\xmc_common.h **** __STATIC_INLINE int32_t XMC_PRIOARRAY_GetTail(XMC_PRIOARRAY_t *prioarray)
 275:C:/Users/Yoshi/Documents/GitHub/Software/01_jrg/04_CANModule/CAN_Modul_keckvale_AH/Libraries/XMCLib/inc\xmc_common.h **** {
 276:C:/Users/Yoshi/Documents/GitHub/Software/01_jrg/04_CANModule/CAN_Modul_keckvale_AH/Libraries/XMCLib/inc\xmc_common.h ****   XMC_ASSERT("XMC_PRIOARRAY_Init: NULL pointer", prioarray != NULL);
 277:C:/Users/Yoshi/Documents/GitHub/Software/01_jrg/04_CANModule/CAN_Modul_keckvale_AH/Libraries/XMCLib/inc\xmc_common.h ****   return prioarray->items[prioarray->size + 1].previous;
 278:C:/Users/Yoshi/Documents/GitHub/Software/01_jrg/04_CANModule/CAN_Modul_keckvale_AH/Libraries/XMCLib/inc\xmc_common.h **** }
 279:C:/Users/Yoshi/Documents/GitHub/Software/01_jrg/04_CANModule/CAN_Modul_keckvale_AH/Libraries/XMCLib/inc\xmc_common.h **** 
 280:C:/Users/Yoshi/Documents/GitHub/Software/01_jrg/04_CANModule/CAN_Modul_keckvale_AH/Libraries/XMCLib/inc\xmc_common.h **** /*
 281:C:/Users/Yoshi/Documents/GitHub/Software/01_jrg/04_CANModule/CAN_Modul_keckvale_AH/Libraries/XMCLib/inc\xmc_common.h ****  *
 282:C:/Users/Yoshi/Documents/GitHub/Software/01_jrg/04_CANModule/CAN_Modul_keckvale_AH/Libraries/XMCLib/inc\xmc_common.h ****  */
 283:C:/Users/Yoshi/Documents/GitHub/Software/01_jrg/04_CANModule/CAN_Modul_keckvale_AH/Libraries/XMCLib/inc\xmc_common.h **** __STATIC_INLINE int32_t XMC_PRIOARRAY_GetItemPriority(XMC_PRIOARRAY_t *prioarray, int32_t item)
 284:C:/Users/Yoshi/Documents/GitHub/Software/01_jrg/04_CANModule/CAN_Modul_keckvale_AH/Libraries/XMCLib/inc\xmc_common.h **** {
  73              	 .loc 1 284 0
  74              	 .cfi_startproc
  75              	 
  76              	 
  77              	 
  78 0000 80B4     	 push {r7}
  79              	 .cfi_def_cfa_offset 4
  80              	 .cfi_offset 7,-4
  81 0002 83B0     	 sub sp,sp,#12
  82              	 .cfi_def_cfa_offset 16
  83 0004 00AF     	 add r7,sp,#0
  84              	 .cfi_def_cfa_register 7
  85 0006 7860     	 str r0,[r7,#4]
  86 0008 3960     	 str r1,[r7]
 285:C:/Users/Yoshi/Documents/GitHub/Software/01_jrg/04_CANModule/CAN_Modul_keckvale_AH/Libraries/XMCLib/inc\xmc_common.h ****   XMC_ASSERT("XMC_PRIOARRAY_GetItemPriority: item out of range", (item >= 0) && (item < prioarray->
 286:C:/Users/Yoshi/Documents/GitHub/Software/01_jrg/04_CANModule/CAN_Modul_keckvale_AH/Libraries/XMCLib/inc\xmc_common.h ****   return prioarray->items[item].priority;
  87              	 .loc 1 286 0
  88 000a 7B68     	 ldr r3,[r7,#4]
  89 000c 5968     	 ldr r1,[r3,#4]
  90 000e 3A68     	 ldr r2,[r7]
  91 0010 1346     	 mov r3,r2
  92 0012 5B00     	 lsls r3,r3,#1
  93 0014 1344     	 add r3,r3,r2
  94 0016 9B00     	 lsls r3,r3,#2
  95 0018 0B44     	 add r3,r3,r1
  96 001a 1B68     	 ldr r3,[r3]
 287:C:/Users/Yoshi/Documents/GitHub/Software/01_jrg/04_CANModule/CAN_Modul_keckvale_AH/Libraries/XMCLib/inc\xmc_common.h **** }
  97              	 .loc 1 287 0
  98 001c 1846     	 mov r0,r3
  99 001e 0C37     	 adds r7,r7,#12
 100              	 .cfi_def_cfa_offset 4
 101 0020 BD46     	 mov sp,r7
 102              	 .cfi_def_cfa_register 13
 103              	 
 104 0022 5DF8047B 	 ldr r7,[sp],#4
 105              	 .cfi_restore 7
 106              	 .cfi_def_cfa_offset 0
 107 0026 7047     	 bx lr
 108              	 .cfi_endproc
 109              	.LFE134:
 111              	 .section .text.XMC_PRIOARRAY_GetItemNext,"ax",%progbits
 112              	 .align 2
 113              	 .thumb
 114              	 .thumb_func
 116              	XMC_PRIOARRAY_GetItemNext:
 117              	.LFB135:
 288:C:/Users/Yoshi/Documents/GitHub/Software/01_jrg/04_CANModule/CAN_Modul_keckvale_AH/Libraries/XMCLib/inc\xmc_common.h **** 
 289:C:/Users/Yoshi/Documents/GitHub/Software/01_jrg/04_CANModule/CAN_Modul_keckvale_AH/Libraries/XMCLib/inc\xmc_common.h **** /*
 290:C:/Users/Yoshi/Documents/GitHub/Software/01_jrg/04_CANModule/CAN_Modul_keckvale_AH/Libraries/XMCLib/inc\xmc_common.h ****  *
 291:C:/Users/Yoshi/Documents/GitHub/Software/01_jrg/04_CANModule/CAN_Modul_keckvale_AH/Libraries/XMCLib/inc\xmc_common.h ****  */
 292:C:/Users/Yoshi/Documents/GitHub/Software/01_jrg/04_CANModule/CAN_Modul_keckvale_AH/Libraries/XMCLib/inc\xmc_common.h **** __STATIC_INLINE int32_t XMC_PRIOARRAY_GetItemNext(XMC_PRIOARRAY_t *prioarray, int32_t item)
 293:C:/Users/Yoshi/Documents/GitHub/Software/01_jrg/04_CANModule/CAN_Modul_keckvale_AH/Libraries/XMCLib/inc\xmc_common.h **** {
 118              	 .loc 1 293 0
 119              	 .cfi_startproc
 120              	 
 121              	 
 122              	 
 123 0000 80B4     	 push {r7}
 124              	 .cfi_def_cfa_offset 4
 125              	 .cfi_offset 7,-4
 126 0002 83B0     	 sub sp,sp,#12
 127              	 .cfi_def_cfa_offset 16
 128 0004 00AF     	 add r7,sp,#0
 129              	 .cfi_def_cfa_register 7
 130 0006 7860     	 str r0,[r7,#4]
 131 0008 3960     	 str r1,[r7]
 294:C:/Users/Yoshi/Documents/GitHub/Software/01_jrg/04_CANModule/CAN_Modul_keckvale_AH/Libraries/XMCLib/inc\xmc_common.h ****   XMC_ASSERT("XMC_PRIOARRAY_GetItemNext: item out of range", (item >= 0) && (item < prioarray->size
 295:C:/Users/Yoshi/Documents/GitHub/Software/01_jrg/04_CANModule/CAN_Modul_keckvale_AH/Libraries/XMCLib/inc\xmc_common.h ****   return prioarray->items[item].next;
 132              	 .loc 1 295 0
 133 000a 7B68     	 ldr r3,[r7,#4]
 134 000c 5968     	 ldr r1,[r3,#4]
 135 000e 3A68     	 ldr r2,[r7]
 136 0010 1346     	 mov r3,r2
 137 0012 5B00     	 lsls r3,r3,#1
 138 0014 1344     	 add r3,r3,r2
 139 0016 9B00     	 lsls r3,r3,#2
 140 0018 0B44     	 add r3,r3,r1
 141 001a 9B68     	 ldr r3,[r3,#8]
 296:C:/Users/Yoshi/Documents/GitHub/Software/01_jrg/04_CANModule/CAN_Modul_keckvale_AH/Libraries/XMCLib/inc\xmc_common.h **** }
 142              	 .loc 1 296 0
 143 001c 1846     	 mov r0,r3
 144 001e 0C37     	 adds r7,r7,#12
 145              	 .cfi_def_cfa_offset 4
 146 0020 BD46     	 mov sp,r7
 147              	 .cfi_def_cfa_register 13
 148              	 
 149 0022 5DF8047B 	 ldr r7,[sp],#4
 150              	 .cfi_restore 7
 151              	 .cfi_def_cfa_offset 0
 152 0026 7047     	 bx lr
 153              	 .cfi_endproc
 154              	.LFE135:
 156              	 .section .text.XMC_LIST_Init,"ax",%progbits
 157              	 .align 2
 158              	 .global XMC_LIST_Init
 159              	 .thumb
 160              	 .thumb_func
 162              	XMC_LIST_Init:
 163              	.LFB137:
 164              	 .file 2 "../Libraries/XMCLib/src/xmc_common.c"
   1:../Libraries/XMCLib/src/xmc_common.c **** /**
   2:../Libraries/XMCLib/src/xmc_common.c ****  * @file xmc_common.c
   3:../Libraries/XMCLib/src/xmc_common.c ****  * @date 2017-02-25
   4:../Libraries/XMCLib/src/xmc_common.c ****  *
   5:../Libraries/XMCLib/src/xmc_common.c ****  * @cond
   6:../Libraries/XMCLib/src/xmc_common.c ****  **************************************************************************************************
   7:../Libraries/XMCLib/src/xmc_common.c ****  * XMClib v2.1.24 - XMC Peripheral Driver Library 
   8:../Libraries/XMCLib/src/xmc_common.c ****  *
   9:../Libraries/XMCLib/src/xmc_common.c ****  * Copyright (c) 2015-2019, Infineon Technologies AG
  10:../Libraries/XMCLib/src/xmc_common.c ****  * All rights reserved.                        
  11:../Libraries/XMCLib/src/xmc_common.c ****  *                                             
  12:../Libraries/XMCLib/src/xmc_common.c ****  * Redistribution and use in source and binary forms, with or without modification,are permitted pr
  13:../Libraries/XMCLib/src/xmc_common.c ****  * following conditions are met:   
  14:../Libraries/XMCLib/src/xmc_common.c ****  *                                                                              
  15:../Libraries/XMCLib/src/xmc_common.c ****  * Redistributions of source code must retain the above copyright notice, this list of conditions a
  16:../Libraries/XMCLib/src/xmc_common.c ****  * disclaimer.                        
  17:../Libraries/XMCLib/src/xmc_common.c ****  * 
  18:../Libraries/XMCLib/src/xmc_common.c ****  * Redistributions in binary form must reproduce the above copyright notice, this list of condition
  19:../Libraries/XMCLib/src/xmc_common.c ****  * disclaimer in the documentation and/or other materials provided with the distribution.          
  20:../Libraries/XMCLib/src/xmc_common.c ****  * 
  21:../Libraries/XMCLib/src/xmc_common.c ****  * Neither the name of the copyright holders nor the names of its contributors may be used to endor
  22:../Libraries/XMCLib/src/xmc_common.c ****  * products derived from this software without specific prior written permission.                  
  23:../Libraries/XMCLib/src/xmc_common.c ****  *                                                                              
  24:../Libraries/XMCLib/src/xmc_common.c ****  * THIS SOFTWARE IS PROVIDED BY THE COPYRIGHT HOLDERS AND CONTRIBUTORS "AS IS" AND ANY EXPRESS OR I
  25:../Libraries/XMCLib/src/xmc_common.c ****  * INCLUDING, BUT NOT LIMITED TO, THE IMPLIED WARRANTIES OF MERCHANTABILITY AND FITNESS FOR A PARTI
  26:../Libraries/XMCLib/src/xmc_common.c ****  * DISCLAIMED. IN NO EVENT SHALL THE COPYRIGHT HOLDER OR CONTRIBUTORS BE LIABLE  FOR ANY DIRECT, IN
  27:../Libraries/XMCLib/src/xmc_common.c ****  * SPECIAL, EXEMPLARY, OR CONSEQUENTIAL DAMAGES (INCLUDING, BUT NOT LIMITED TO, PROCUREMENT OF SUBS
  28:../Libraries/XMCLib/src/xmc_common.c ****  * SERVICES; LOSS OF USE, DATA, OR PROFITS; OR BUSINESS INTERRUPTION) HOWEVER CAUSED AND ON ANY THE
  29:../Libraries/XMCLib/src/xmc_common.c ****  * WHETHER IN CONTRACT, STRICT LIABILITY,OR TORT (INCLUDING NEGLIGENCE OR OTHERWISE) ARISING IN ANY
  30:../Libraries/XMCLib/src/xmc_common.c ****  * OF THIS SOFTWARE, EVEN IF ADVISED OF THE POSSIBILITY OF SUCH DAMAGE.                            
  31:../Libraries/XMCLib/src/xmc_common.c ****  *                                                                              
  32:../Libraries/XMCLib/src/xmc_common.c ****  * To improve the quality of the software, users are encouraged to share modifications, enhancement
  33:../Libraries/XMCLib/src/xmc_common.c ****  * Infineon Technologies AG dave@infineon.com).                                                    
  34:../Libraries/XMCLib/src/xmc_common.c ****  **************************************************************************************************
  35:../Libraries/XMCLib/src/xmc_common.c ****  *
  36:../Libraries/XMCLib/src/xmc_common.c ****  * Change History
  37:../Libraries/XMCLib/src/xmc_common.c ****  * --------------
  38:../Libraries/XMCLib/src/xmc_common.c ****  *
  39:../Libraries/XMCLib/src/xmc_common.c ****  * 2015-02-20:
  40:../Libraries/XMCLib/src/xmc_common.c ****  *     - Initial <br>
  41:../Libraries/XMCLib/src/xmc_common.c ****  *      
  42:../Libraries/XMCLib/src/xmc_common.c ****  * 2017-02-25:
  43:../Libraries/XMCLib/src/xmc_common.c ****  *     - Remove the need to define XMC_USER_ASSERT_FUNCTION
  44:../Libraries/XMCLib/src/xmc_common.c ****  *     - XMC_AssertHandler fixed compilation warnings
  45:../Libraries/XMCLib/src/xmc_common.c ****  *
  46:../Libraries/XMCLib/src/xmc_common.c ****  * @endcond 
  47:../Libraries/XMCLib/src/xmc_common.c ****  *
  48:../Libraries/XMCLib/src/xmc_common.c ****  */
  49:../Libraries/XMCLib/src/xmc_common.c **** 
  50:../Libraries/XMCLib/src/xmc_common.c **** #include "xmc_common.h"
  51:../Libraries/XMCLib/src/xmc_common.c **** 
  52:../Libraries/XMCLib/src/xmc_common.c **** /*******************************************************************************
  53:../Libraries/XMCLib/src/xmc_common.c ****  * DATA STRUCTURES
  54:../Libraries/XMCLib/src/xmc_common.c ****  *******************************************************************************/
  55:../Libraries/XMCLib/src/xmc_common.c **** struct list
  56:../Libraries/XMCLib/src/xmc_common.c **** {
  57:../Libraries/XMCLib/src/xmc_common.c ****   struct list *next;
  58:../Libraries/XMCLib/src/xmc_common.c **** };
  59:../Libraries/XMCLib/src/xmc_common.c **** 
  60:../Libraries/XMCLib/src/xmc_common.c **** /*******************************************************************************
  61:../Libraries/XMCLib/src/xmc_common.c ****  * API IMPLEMENTATION
  62:../Libraries/XMCLib/src/xmc_common.c ****  *******************************************************************************/
  63:../Libraries/XMCLib/src/xmc_common.c **** #if defined(XMC_ASSERT_ENABLE)
  64:../Libraries/XMCLib/src/xmc_common.c **** __WEAK void XMC_AssertHandler(const char *const msg, const char *const file, uint32_t line)
  65:../Libraries/XMCLib/src/xmc_common.c **** {
  66:../Libraries/XMCLib/src/xmc_common.c ****   XMC_UNUSED_ARG(msg);
  67:../Libraries/XMCLib/src/xmc_common.c ****   XMC_UNUSED_ARG(file);
  68:../Libraries/XMCLib/src/xmc_common.c ****   XMC_UNUSED_ARG(line);
  69:../Libraries/XMCLib/src/xmc_common.c **** 
  70:../Libraries/XMCLib/src/xmc_common.c ****   while(1)
  71:../Libraries/XMCLib/src/xmc_common.c ****   {
  72:../Libraries/XMCLib/src/xmc_common.c ****     /* Endless loop */
  73:../Libraries/XMCLib/src/xmc_common.c ****   }
  74:../Libraries/XMCLib/src/xmc_common.c **** }
  75:../Libraries/XMCLib/src/xmc_common.c **** #endif
  76:../Libraries/XMCLib/src/xmc_common.c **** 
  77:../Libraries/XMCLib/src/xmc_common.c **** void XMC_LIST_Init(XMC_LIST_t *list)
  78:../Libraries/XMCLib/src/xmc_common.c **** {
 165              	 .loc 2 78 0
 166              	 .cfi_startproc
 167              	 
 168              	 
 169              	 
 170 0000 80B4     	 push {r7}
 171              	 .cfi_def_cfa_offset 4
 172              	 .cfi_offset 7,-4
 173 0002 83B0     	 sub sp,sp,#12
 174              	 .cfi_def_cfa_offset 16
 175 0004 00AF     	 add r7,sp,#0
 176              	 .cfi_def_cfa_register 7
 177 0006 7860     	 str r0,[r7,#4]
  79:../Libraries/XMCLib/src/xmc_common.c ****   *list = NULL;
 178              	 .loc 2 79 0
 179 0008 7B68     	 ldr r3,[r7,#4]
 180 000a 0022     	 movs r2,#0
 181 000c 1A60     	 str r2,[r3]
  80:../Libraries/XMCLib/src/xmc_common.c **** }
 182              	 .loc 2 80 0
 183 000e 0C37     	 adds r7,r7,#12
 184              	 .cfi_def_cfa_offset 4
 185 0010 BD46     	 mov sp,r7
 186              	 .cfi_def_cfa_register 13
 187              	 
 188 0012 5DF8047B 	 ldr r7,[sp],#4
 189              	 .cfi_restore 7
 190              	 .cfi_def_cfa_offset 0
 191 0016 7047     	 bx lr
 192              	 .cfi_endproc
 193              	.LFE137:
 195              	 .section .text.XMC_LIST_GetHead,"ax",%progbits
 196              	 .align 2
 197              	 .global XMC_LIST_GetHead
 198              	 .thumb
 199              	 .thumb_func
 201              	XMC_LIST_GetHead:
 202              	.LFB138:
  81:../Libraries/XMCLib/src/xmc_common.c **** 
  82:../Libraries/XMCLib/src/xmc_common.c **** void *XMC_LIST_GetHead(XMC_LIST_t *list)
  83:../Libraries/XMCLib/src/xmc_common.c **** {
 203              	 .loc 2 83 0
 204              	 .cfi_startproc
 205              	 
 206              	 
 207              	 
 208 0000 80B4     	 push {r7}
 209              	 .cfi_def_cfa_offset 4
 210              	 .cfi_offset 7,-4
 211 0002 83B0     	 sub sp,sp,#12
 212              	 .cfi_def_cfa_offset 16
 213 0004 00AF     	 add r7,sp,#0
 214              	 .cfi_def_cfa_register 7
 215 0006 7860     	 str r0,[r7,#4]
  84:../Libraries/XMCLib/src/xmc_common.c ****   return *list;
 216              	 .loc 2 84 0
 217 0008 7B68     	 ldr r3,[r7,#4]
 218 000a 1B68     	 ldr r3,[r3]
  85:../Libraries/XMCLib/src/xmc_common.c **** }
 219              	 .loc 2 85 0
 220 000c 1846     	 mov r0,r3
 221 000e 0C37     	 adds r7,r7,#12
 222              	 .cfi_def_cfa_offset 4
 223 0010 BD46     	 mov sp,r7
 224              	 .cfi_def_cfa_register 13
 225              	 
 226 0012 5DF8047B 	 ldr r7,[sp],#4
 227              	 .cfi_restore 7
 228              	 .cfi_def_cfa_offset 0
 229 0016 7047     	 bx lr
 230              	 .cfi_endproc
 231              	.LFE138:
 233              	 .section .text.XMC_LIST_GetTail,"ax",%progbits
 234              	 .align 2
 235              	 .global XMC_LIST_GetTail
 236              	 .thumb
 237              	 .thumb_func
 239              	XMC_LIST_GetTail:
 240              	.LFB139:
  86:../Libraries/XMCLib/src/xmc_common.c **** 
  87:../Libraries/XMCLib/src/xmc_common.c **** void *XMC_LIST_GetTail(XMC_LIST_t *list)
  88:../Libraries/XMCLib/src/xmc_common.c **** {
 241              	 .loc 2 88 0
 242              	 .cfi_startproc
 243              	 
 244              	 
 245              	 
 246 0000 80B4     	 push {r7}
 247              	 .cfi_def_cfa_offset 4
 248              	 .cfi_offset 7,-4
 249 0002 85B0     	 sub sp,sp,#20
 250              	 .cfi_def_cfa_offset 24
 251 0004 00AF     	 add r7,sp,#0
 252              	 .cfi_def_cfa_register 7
 253 0006 7860     	 str r0,[r7,#4]
  89:../Libraries/XMCLib/src/xmc_common.c ****   struct list *tail;
  90:../Libraries/XMCLib/src/xmc_common.c ****   
  91:../Libraries/XMCLib/src/xmc_common.c ****   if (*list == NULL) 
 254              	 .loc 2 91 0
 255 0008 7B68     	 ldr r3,[r7,#4]
 256 000a 1B68     	 ldr r3,[r3]
 257 000c 002B     	 cmp r3,#0
 258 000e 02D1     	 bne .L11
  92:../Libraries/XMCLib/src/xmc_common.c ****   {
  93:../Libraries/XMCLib/src/xmc_common.c ****     tail = NULL;
 259              	 .loc 2 93 0
 260 0010 0023     	 movs r3,#0
 261 0012 FB60     	 str r3,[r7,#12]
 262 0014 0AE0     	 b .L12
 263              	.L11:
  94:../Libraries/XMCLib/src/xmc_common.c ****   }
  95:../Libraries/XMCLib/src/xmc_common.c ****   else
  96:../Libraries/XMCLib/src/xmc_common.c ****   {
  97:../Libraries/XMCLib/src/xmc_common.c ****     for (tail = (struct list *)*list; tail->next != NULL; tail = tail->next)
 264              	 .loc 2 97 0
 265 0016 7B68     	 ldr r3,[r7,#4]
 266 0018 1B68     	 ldr r3,[r3]
 267 001a FB60     	 str r3,[r7,#12]
 268 001c 02E0     	 b .L13
 269              	.L14:
 270              	 .loc 2 97 0 is_stmt 0 discriminator 3
 271 001e FB68     	 ldr r3,[r7,#12]
 272 0020 1B68     	 ldr r3,[r3]
 273 0022 FB60     	 str r3,[r7,#12]
 274              	.L13:
 275              	 .loc 2 97 0 discriminator 1
 276 0024 FB68     	 ldr r3,[r7,#12]
 277 0026 1B68     	 ldr r3,[r3]
 278 0028 002B     	 cmp r3,#0
 279 002a F8D1     	 bne .L14
 280              	.L12:
  98:../Libraries/XMCLib/src/xmc_common.c ****     {
  99:../Libraries/XMCLib/src/xmc_common.c ****       /* Loop through the list */
 100:../Libraries/XMCLib/src/xmc_common.c ****     }  
 101:../Libraries/XMCLib/src/xmc_common.c ****   }
 102:../Libraries/XMCLib/src/xmc_common.c ****   
 103:../Libraries/XMCLib/src/xmc_common.c ****   return tail;    
 281              	 .loc 2 103 0 is_stmt 1
 282 002c FB68     	 ldr r3,[r7,#12]
 104:../Libraries/XMCLib/src/xmc_common.c **** }
 283              	 .loc 2 104 0
 284 002e 1846     	 mov r0,r3
 285 0030 1437     	 adds r7,r7,#20
 286              	 .cfi_def_cfa_offset 4
 287 0032 BD46     	 mov sp,r7
 288              	 .cfi_def_cfa_register 13
 289              	 
 290 0034 5DF8047B 	 ldr r7,[sp],#4
 291              	 .cfi_restore 7
 292              	 .cfi_def_cfa_offset 0
 293 0038 7047     	 bx lr
 294              	 .cfi_endproc
 295              	.LFE139:
 297 003a 00BF     	 .section .text.XMC_LIST_Add,"ax",%progbits
 298              	 .align 2
 299              	 .global XMC_LIST_Add
 300              	 .thumb
 301              	 .thumb_func
 303              	XMC_LIST_Add:
 304              	.LFB140:
 105:../Libraries/XMCLib/src/xmc_common.c **** 
 106:../Libraries/XMCLib/src/xmc_common.c **** void XMC_LIST_Add(XMC_LIST_t *list, void *item)
 107:../Libraries/XMCLib/src/xmc_common.c **** {
 305              	 .loc 2 107 0
 306              	 .cfi_startproc
 307              	 
 308              	 
 309 0000 80B5     	 push {r7,lr}
 310              	 .cfi_def_cfa_offset 8
 311              	 .cfi_offset 7,-8
 312              	 .cfi_offset 14,-4
 313 0002 84B0     	 sub sp,sp,#16
 314              	 .cfi_def_cfa_offset 24
 315 0004 00AF     	 add r7,sp,#0
 316              	 .cfi_def_cfa_register 7
 317 0006 7860     	 str r0,[r7,#4]
 318 0008 3960     	 str r1,[r7]
 108:../Libraries/XMCLib/src/xmc_common.c ****   struct list *tail;
 109:../Libraries/XMCLib/src/xmc_common.c ****   
 110:../Libraries/XMCLib/src/xmc_common.c ****   ((struct list *)item)->next = NULL;
 319              	 .loc 2 110 0
 320 000a 3B68     	 ldr r3,[r7]
 321 000c 0022     	 movs r2,#0
 322 000e 1A60     	 str r2,[r3]
 111:../Libraries/XMCLib/src/xmc_common.c ****   tail = (struct list *)XMC_LIST_GetTail(list);
 323              	 .loc 2 111 0
 324 0010 7868     	 ldr r0,[r7,#4]
 325 0012 FFF7FEFF 	 bl XMC_LIST_GetTail
 326 0016 F860     	 str r0,[r7,#12]
 112:../Libraries/XMCLib/src/xmc_common.c ****   
 113:../Libraries/XMCLib/src/xmc_common.c ****   if (tail == NULL) 
 327              	 .loc 2 113 0
 328 0018 FB68     	 ldr r3,[r7,#12]
 329 001a 002B     	 cmp r3,#0
 330 001c 03D1     	 bne .L17
 114:../Libraries/XMCLib/src/xmc_common.c ****   {
 115:../Libraries/XMCLib/src/xmc_common.c ****     *list = item;
 331              	 .loc 2 115 0
 332 001e 7B68     	 ldr r3,[r7,#4]
 333 0020 3A68     	 ldr r2,[r7]
 334 0022 1A60     	 str r2,[r3]
 335 0024 02E0     	 b .L16
 336              	.L17:
 116:../Libraries/XMCLib/src/xmc_common.c ****   } 
 117:../Libraries/XMCLib/src/xmc_common.c ****   else 
 118:../Libraries/XMCLib/src/xmc_common.c ****   {
 119:../Libraries/XMCLib/src/xmc_common.c ****     tail->next = (struct list *)item;
 337              	 .loc 2 119 0
 338 0026 FB68     	 ldr r3,[r7,#12]
 339 0028 3A68     	 ldr r2,[r7]
 340 002a 1A60     	 str r2,[r3]
 341              	.L16:
 120:../Libraries/XMCLib/src/xmc_common.c ****   }
 121:../Libraries/XMCLib/src/xmc_common.c **** }
 342              	 .loc 2 121 0
 343 002c 1037     	 adds r7,r7,#16
 344              	 .cfi_def_cfa_offset 8
 345 002e BD46     	 mov sp,r7
 346              	 .cfi_def_cfa_register 13
 347              	 
 348 0030 80BD     	 pop {r7,pc}
 349              	 .cfi_endproc
 350              	.LFE140:
 352 0032 00BF     	 .section .text.XMC_LIST_Remove,"ax",%progbits
 353              	 .align 2
 354              	 .global XMC_LIST_Remove
 355              	 .thumb
 356              	 .thumb_func
 358              	XMC_LIST_Remove:
 359              	.LFB141:
 122:../Libraries/XMCLib/src/xmc_common.c **** 
 123:../Libraries/XMCLib/src/xmc_common.c **** void XMC_LIST_Remove(XMC_LIST_t *list, void *item)
 124:../Libraries/XMCLib/src/xmc_common.c **** {
 360              	 .loc 2 124 0
 361              	 .cfi_startproc
 362              	 
 363              	 
 364              	 
 365 0000 80B4     	 push {r7}
 366              	 .cfi_def_cfa_offset 4
 367              	 .cfi_offset 7,-4
 368 0002 85B0     	 sub sp,sp,#20
 369              	 .cfi_def_cfa_offset 24
 370 0004 00AF     	 add r7,sp,#0
 371              	 .cfi_def_cfa_register 7
 372 0006 7860     	 str r0,[r7,#4]
 373 0008 3960     	 str r1,[r7]
 125:../Libraries/XMCLib/src/xmc_common.c ****   struct list *right, *left;
 126:../Libraries/XMCLib/src/xmc_common.c ****   
 127:../Libraries/XMCLib/src/xmc_common.c ****   if (*list != NULL) 
 374              	 .loc 2 127 0
 375 000a 7B68     	 ldr r3,[r7,#4]
 376 000c 1B68     	 ldr r3,[r3]
 377 000e 002B     	 cmp r3,#0
 378 0010 21D0     	 beq .L19
 128:../Libraries/XMCLib/src/xmc_common.c ****   {
 129:../Libraries/XMCLib/src/xmc_common.c ****     left = NULL;
 379              	 .loc 2 129 0
 380 0012 0023     	 movs r3,#0
 381 0014 BB60     	 str r3,[r7,#8]
 130:../Libraries/XMCLib/src/xmc_common.c ****     for(right = (struct list *)*list; right != NULL; right = right->next)
 382              	 .loc 2 130 0
 383 0016 7B68     	 ldr r3,[r7,#4]
 384 0018 1B68     	 ldr r3,[r3]
 385 001a FB60     	 str r3,[r7,#12]
 386 001c 18E0     	 b .L21
 387              	.L25:
 131:../Libraries/XMCLib/src/xmc_common.c ****     {
 132:../Libraries/XMCLib/src/xmc_common.c ****       if(right == item) 
 388              	 .loc 2 132 0
 389 001e FA68     	 ldr r2,[r7,#12]
 390 0020 3B68     	 ldr r3,[r7]
 391 0022 9A42     	 cmp r2,r3
 392 0024 0FD1     	 bne .L22
 133:../Libraries/XMCLib/src/xmc_common.c ****       {
 134:../Libraries/XMCLib/src/xmc_common.c ****         if(left == NULL) 
 393              	 .loc 2 134 0
 394 0026 BB68     	 ldr r3,[r7,#8]
 395 0028 002B     	 cmp r3,#0
 396 002a 04D1     	 bne .L23
 135:../Libraries/XMCLib/src/xmc_common.c ****         {
 136:../Libraries/XMCLib/src/xmc_common.c ****           /* First on list */
 137:../Libraries/XMCLib/src/xmc_common.c ****           *list = right->next;
 397              	 .loc 2 137 0
 398 002c FB68     	 ldr r3,[r7,#12]
 399 002e 1A68     	 ldr r2,[r3]
 400 0030 7B68     	 ldr r3,[r7,#4]
 401 0032 1A60     	 str r2,[r3]
 402 0034 03E0     	 b .L24
 403              	.L23:
 138:../Libraries/XMCLib/src/xmc_common.c ****         } 
 139:../Libraries/XMCLib/src/xmc_common.c ****         else 
 140:../Libraries/XMCLib/src/xmc_common.c ****         {
 141:../Libraries/XMCLib/src/xmc_common.c ****           /* Not first on list */
 142:../Libraries/XMCLib/src/xmc_common.c ****           left->next = right->next;
 404              	 .loc 2 142 0
 405 0036 FB68     	 ldr r3,[r7,#12]
 406 0038 1A68     	 ldr r2,[r3]
 407 003a BB68     	 ldr r3,[r7,#8]
 408 003c 1A60     	 str r2,[r3]
 409              	.L24:
 143:../Libraries/XMCLib/src/xmc_common.c ****         }
 144:../Libraries/XMCLib/src/xmc_common.c ****         right->next = NULL;
 410              	 .loc 2 144 0
 411 003e FB68     	 ldr r3,[r7,#12]
 412 0040 0022     	 movs r2,#0
 413 0042 1A60     	 str r2,[r3]
 145:../Libraries/XMCLib/src/xmc_common.c ****         break;
 414              	 .loc 2 145 0
 415 0044 07E0     	 b .L19
 416              	.L22:
 146:../Libraries/XMCLib/src/xmc_common.c ****       }
 147:../Libraries/XMCLib/src/xmc_common.c ****       left = right;
 417              	 .loc 2 147 0 discriminator 2
 418 0046 FB68     	 ldr r3,[r7,#12]
 419 0048 BB60     	 str r3,[r7,#8]
 130:../Libraries/XMCLib/src/xmc_common.c ****     {
 420              	 .loc 2 130 0 discriminator 2
 421 004a FB68     	 ldr r3,[r7,#12]
 422 004c 1B68     	 ldr r3,[r3]
 423 004e FB60     	 str r3,[r7,#12]
 424              	.L21:
 130:../Libraries/XMCLib/src/xmc_common.c ****     {
 425              	 .loc 2 130 0 is_stmt 0 discriminator 1
 426 0050 FB68     	 ldr r3,[r7,#12]
 427 0052 002B     	 cmp r3,#0
 428 0054 E3D1     	 bne .L25
 429              	.L19:
 148:../Libraries/XMCLib/src/xmc_common.c ****     }
 149:../Libraries/XMCLib/src/xmc_common.c ****   }
 150:../Libraries/XMCLib/src/xmc_common.c **** }
 430              	 .loc 2 150 0 is_stmt 1
 431 0056 1437     	 adds r7,r7,#20
 432              	 .cfi_def_cfa_offset 4
 433 0058 BD46     	 mov sp,r7
 434              	 .cfi_def_cfa_register 13
 435              	 
 436 005a 5DF8047B 	 ldr r7,[sp],#4
 437              	 .cfi_restore 7
 438              	 .cfi_def_cfa_offset 0
 439 005e 7047     	 bx lr
 440              	 .cfi_endproc
 441              	.LFE141:
 443              	 .section .text.XMC_LIST_Insert,"ax",%progbits
 444              	 .align 2
 445              	 .global XMC_LIST_Insert
 446              	 .thumb
 447              	 .thumb_func
 449              	XMC_LIST_Insert:
 450              	.LFB142:
 151:../Libraries/XMCLib/src/xmc_common.c **** 
 152:../Libraries/XMCLib/src/xmc_common.c **** void XMC_LIST_Insert(XMC_LIST_t *list, void *prev_item, void *new_item)
 153:../Libraries/XMCLib/src/xmc_common.c **** {
 451              	 .loc 2 153 0
 452              	 .cfi_startproc
 453              	 
 454              	 
 455              	 
 456 0000 80B4     	 push {r7}
 457              	 .cfi_def_cfa_offset 4
 458              	 .cfi_offset 7,-4
 459 0002 85B0     	 sub sp,sp,#20
 460              	 .cfi_def_cfa_offset 24
 461 0004 00AF     	 add r7,sp,#0
 462              	 .cfi_def_cfa_register 7
 463 0006 F860     	 str r0,[r7,#12]
 464 0008 B960     	 str r1,[r7,#8]
 465 000a 7A60     	 str r2,[r7,#4]
 154:../Libraries/XMCLib/src/xmc_common.c ****   if (prev_item == NULL) 
 466              	 .loc 2 154 0
 467 000c BB68     	 ldr r3,[r7,#8]
 468 000e 002B     	 cmp r3,#0
 469 0010 07D1     	 bne .L27
 155:../Libraries/XMCLib/src/xmc_common.c ****   {
 156:../Libraries/XMCLib/src/xmc_common.c **** 	((struct list *)new_item)->next = (struct list *)*list;
 470              	 .loc 2 156 0
 471 0012 FB68     	 ldr r3,[r7,#12]
 472 0014 1A68     	 ldr r2,[r3]
 473 0016 7B68     	 ldr r3,[r7,#4]
 474 0018 1A60     	 str r2,[r3]
 157:../Libraries/XMCLib/src/xmc_common.c **** 	*list = new_item;
 475              	 .loc 2 157 0
 476 001a FB68     	 ldr r3,[r7,#12]
 477 001c 7A68     	 ldr r2,[r7,#4]
 478 001e 1A60     	 str r2,[r3]
 479 0020 06E0     	 b .L26
 480              	.L27:
 158:../Libraries/XMCLib/src/xmc_common.c ****   } 
 159:../Libraries/XMCLib/src/xmc_common.c ****   else 
 160:../Libraries/XMCLib/src/xmc_common.c ****   {
 161:../Libraries/XMCLib/src/xmc_common.c ****     ((struct list *)new_item)->next = ((struct list *)prev_item)->next;
 481              	 .loc 2 161 0
 482 0022 BB68     	 ldr r3,[r7,#8]
 483 0024 1A68     	 ldr r2,[r3]
 484 0026 7B68     	 ldr r3,[r7,#4]
 485 0028 1A60     	 str r2,[r3]
 162:../Libraries/XMCLib/src/xmc_common.c ****     ((struct list *)prev_item)->next = (struct list *)new_item;
 486              	 .loc 2 162 0
 487 002a BB68     	 ldr r3,[r7,#8]
 488 002c 7A68     	 ldr r2,[r7,#4]
 489 002e 1A60     	 str r2,[r3]
 490              	.L26:
 163:../Libraries/XMCLib/src/xmc_common.c ****   }
 164:../Libraries/XMCLib/src/xmc_common.c **** }
 491              	 .loc 2 164 0
 492 0030 1437     	 adds r7,r7,#20
 493              	 .cfi_def_cfa_offset 4
 494 0032 BD46     	 mov sp,r7
 495              	 .cfi_def_cfa_register 13
 496              	 
 497 0034 5DF8047B 	 ldr r7,[sp],#4
 498              	 .cfi_restore 7
 499              	 .cfi_def_cfa_offset 0
 500 0038 7047     	 bx lr
 501              	 .cfi_endproc
 502              	.LFE142:
 504 003a 00BF     	 .section .text.XMC_PRIOARRAY_Init,"ax",%progbits
 505              	 .align 2
 506              	 .global XMC_PRIOARRAY_Init
 507              	 .thumb
 508              	 .thumb_func
 510              	XMC_PRIOARRAY_Init:
 511              	.LFB143:
 165:../Libraries/XMCLib/src/xmc_common.c **** 
 166:../Libraries/XMCLib/src/xmc_common.c **** void XMC_PRIOARRAY_Init(XMC_PRIOARRAY_t *prioarray)
 167:../Libraries/XMCLib/src/xmc_common.c **** {
 512              	 .loc 2 167 0
 513              	 .cfi_startproc
 514              	 
 515              	 
 516              	 
 517 0000 80B4     	 push {r7}
 518              	 .cfi_def_cfa_offset 4
 519              	 .cfi_offset 7,-4
 520 0002 83B0     	 sub sp,sp,#12
 521              	 .cfi_def_cfa_offset 16
 522 0004 00AF     	 add r7,sp,#0
 523              	 .cfi_def_cfa_register 7
 524 0006 7860     	 str r0,[r7,#4]
 168:../Libraries/XMCLib/src/xmc_common.c ****   XMC_ASSERT("XMC_PRIOARRAY_Init: NULL pointer", prioarray != NULL);
 169:../Libraries/XMCLib/src/xmc_common.c **** 
 170:../Libraries/XMCLib/src/xmc_common.c ****   /* Initialize head, next points to tail, previous to NULL and the priority is MININT */
 171:../Libraries/XMCLib/src/xmc_common.c ****   prioarray->items[prioarray->size].next = prioarray->size + 1;
 525              	 .loc 2 171 0
 526 0008 7B68     	 ldr r3,[r7,#4]
 527 000a 5A68     	 ldr r2,[r3,#4]
 528 000c 7B68     	 ldr r3,[r7,#4]
 529 000e 1B68     	 ldr r3,[r3]
 530 0010 1946     	 mov r1,r3
 531 0012 0B46     	 mov r3,r1
 532 0014 5B00     	 lsls r3,r3,#1
 533 0016 0B44     	 add r3,r3,r1
 534 0018 9B00     	 lsls r3,r3,#2
 535 001a 1344     	 add r3,r3,r2
 536 001c 7A68     	 ldr r2,[r7,#4]
 537 001e 1268     	 ldr r2,[r2]
 538 0020 0132     	 adds r2,r2,#1
 539 0022 9A60     	 str r2,[r3,#8]
 172:../Libraries/XMCLib/src/xmc_common.c ****   prioarray->items[prioarray->size].previous = -1;
 540              	 .loc 2 172 0
 541 0024 7B68     	 ldr r3,[r7,#4]
 542 0026 5A68     	 ldr r2,[r3,#4]
 543 0028 7B68     	 ldr r3,[r7,#4]
 544 002a 1B68     	 ldr r3,[r3]
 545 002c 1946     	 mov r1,r3
 546 002e 0B46     	 mov r3,r1
 547 0030 5B00     	 lsls r3,r3,#1
 548 0032 0B44     	 add r3,r3,r1
 549 0034 9B00     	 lsls r3,r3,#2
 550 0036 1344     	 add r3,r3,r2
 551 0038 4FF0FF32 	 mov r2,#-1
 552 003c 5A60     	 str r2,[r3,#4]
 173:../Libraries/XMCLib/src/xmc_common.c ****   prioarray->items[prioarray->size].priority = INT32_MAX;
 553              	 .loc 2 173 0
 554 003e 7B68     	 ldr r3,[r7,#4]
 555 0040 5A68     	 ldr r2,[r3,#4]
 556 0042 7B68     	 ldr r3,[r7,#4]
 557 0044 1B68     	 ldr r3,[r3]
 558 0046 1946     	 mov r1,r3
 559 0048 0B46     	 mov r3,r1
 560 004a 5B00     	 lsls r3,r3,#1
 561 004c 0B44     	 add r3,r3,r1
 562 004e 9B00     	 lsls r3,r3,#2
 563 0050 1344     	 add r3,r3,r2
 564 0052 6FF00042 	 mvn r2,#-2147483648
 565 0056 1A60     	 str r2,[r3]
 174:../Libraries/XMCLib/src/xmc_common.c **** 
 175:../Libraries/XMCLib/src/xmc_common.c ****   /* Initialize tail, next points to NULL, previous is the head and the priority is MAXINT */
 176:../Libraries/XMCLib/src/xmc_common.c ****   prioarray->items[prioarray->size + 1].next = -1;
 566              	 .loc 2 176 0
 567 0058 7B68     	 ldr r3,[r7,#4]
 568 005a 5968     	 ldr r1,[r3,#4]
 569 005c 7B68     	 ldr r3,[r7,#4]
 570 005e 1B68     	 ldr r3,[r3]
 571 0060 5A1C     	 adds r2,r3,#1
 572 0062 1346     	 mov r3,r2
 573 0064 5B00     	 lsls r3,r3,#1
 574 0066 1344     	 add r3,r3,r2
 575 0068 9B00     	 lsls r3,r3,#2
 576 006a 0B44     	 add r3,r3,r1
 577 006c 4FF0FF32 	 mov r2,#-1
 578 0070 9A60     	 str r2,[r3,#8]
 177:../Libraries/XMCLib/src/xmc_common.c ****   prioarray->items[prioarray->size + 1].previous = prioarray->size;
 579              	 .loc 2 177 0
 580 0072 7B68     	 ldr r3,[r7,#4]
 581 0074 5968     	 ldr r1,[r3,#4]
 582 0076 7B68     	 ldr r3,[r7,#4]
 583 0078 1B68     	 ldr r3,[r3]
 584 007a 5A1C     	 adds r2,r3,#1
 585 007c 1346     	 mov r3,r2
 586 007e 5B00     	 lsls r3,r3,#1
 587 0080 1344     	 add r3,r3,r2
 588 0082 9B00     	 lsls r3,r3,#2
 589 0084 0B44     	 add r3,r3,r1
 590 0086 7A68     	 ldr r2,[r7,#4]
 591 0088 1268     	 ldr r2,[r2]
 592 008a 5A60     	 str r2,[r3,#4]
 178:../Libraries/XMCLib/src/xmc_common.c ****   prioarray->items[prioarray->size + 1].priority = INT32_MIN;
 593              	 .loc 2 178 0
 594 008c 7B68     	 ldr r3,[r7,#4]
 595 008e 5968     	 ldr r1,[r3,#4]
 596 0090 7B68     	 ldr r3,[r7,#4]
 597 0092 1B68     	 ldr r3,[r3]
 598 0094 5A1C     	 adds r2,r3,#1
 599 0096 1346     	 mov r3,r2
 600 0098 5B00     	 lsls r3,r3,#1
 601 009a 1344     	 add r3,r3,r2
 602 009c 9B00     	 lsls r3,r3,#2
 603 009e 0B44     	 add r3,r3,r1
 604 00a0 4FF00042 	 mov r2,#-2147483648
 605 00a4 1A60     	 str r2,[r3]
 179:../Libraries/XMCLib/src/xmc_common.c **** 
 180:../Libraries/XMCLib/src/xmc_common.c **** }
 606              	 .loc 2 180 0
 607 00a6 0C37     	 adds r7,r7,#12
 608              	 .cfi_def_cfa_offset 4
 609 00a8 BD46     	 mov sp,r7
 610              	 .cfi_def_cfa_register 13
 611              	 
 612 00aa 5DF8047B 	 ldr r7,[sp],#4
 613              	 .cfi_restore 7
 614              	 .cfi_def_cfa_offset 0
 615 00ae 7047     	 bx lr
 616              	 .cfi_endproc
 617              	.LFE143:
 619              	 .section .text.XMC_PRIOARRAY_Add,"ax",%progbits
 620              	 .align 2
 621              	 .global XMC_PRIOARRAY_Add
 622              	 .thumb
 623              	 .thumb_func
 625              	XMC_PRIOARRAY_Add:
 626              	.LFB144:
 181:../Libraries/XMCLib/src/xmc_common.c **** 
 182:../Libraries/XMCLib/src/xmc_common.c **** void XMC_PRIOARRAY_Add(XMC_PRIOARRAY_t *prioarray, int32_t item, int32_t priority)
 183:../Libraries/XMCLib/src/xmc_common.c **** {
 627              	 .loc 2 183 0
 628              	 .cfi_startproc
 629              	 
 630              	 
 631 0000 80B5     	 push {r7,lr}
 632              	 .cfi_def_cfa_offset 8
 633              	 .cfi_offset 7,-8
 634              	 .cfi_offset 14,-4
 635 0002 86B0     	 sub sp,sp,#24
 636              	 .cfi_def_cfa_offset 32
 637 0004 00AF     	 add r7,sp,#0
 638              	 .cfi_def_cfa_register 7
 639 0006 F860     	 str r0,[r7,#12]
 640 0008 B960     	 str r1,[r7,#8]
 641 000a 7A60     	 str r2,[r7,#4]
 184:../Libraries/XMCLib/src/xmc_common.c ****   int32_t next;
 185:../Libraries/XMCLib/src/xmc_common.c ****   int32_t previous;
 186:../Libraries/XMCLib/src/xmc_common.c **** 
 187:../Libraries/XMCLib/src/xmc_common.c ****   XMC_ASSERT("XMC_PRIOARRAY_Add: item out of range", (item >= 0) && (item < prioarray->size));
 188:../Libraries/XMCLib/src/xmc_common.c ****   
 189:../Libraries/XMCLib/src/xmc_common.c ****   next = XMC_PRIOARRAY_GetHead(prioarray);
 642              	 .loc 2 189 0
 643 000c F868     	 ldr r0,[r7,#12]
 644 000e FFF7FEFF 	 bl XMC_PRIOARRAY_GetHead
 645 0012 7861     	 str r0,[r7,#20]
 190:../Libraries/XMCLib/src/xmc_common.c ****   while (XMC_PRIOARRAY_GetItemPriority(prioarray, next) > priority)
 646              	 .loc 2 190 0
 647 0014 04E0     	 b .L31
 648              	.L32:
 191:../Libraries/XMCLib/src/xmc_common.c ****   {
 192:../Libraries/XMCLib/src/xmc_common.c ****     next = XMC_PRIOARRAY_GetItemNext(prioarray, next);
 649              	 .loc 2 192 0
 650 0016 F868     	 ldr r0,[r7,#12]
 651 0018 7969     	 ldr r1,[r7,#20]
 652 001a FFF7FEFF 	 bl XMC_PRIOARRAY_GetItemNext
 653 001e 7861     	 str r0,[r7,#20]
 654              	.L31:
 190:../Libraries/XMCLib/src/xmc_common.c ****   while (XMC_PRIOARRAY_GetItemPriority(prioarray, next) > priority)
 655              	 .loc 2 190 0
 656 0020 F868     	 ldr r0,[r7,#12]
 657 0022 7969     	 ldr r1,[r7,#20]
 658 0024 FFF7FEFF 	 bl XMC_PRIOARRAY_GetItemPriority
 659 0028 0246     	 mov r2,r0
 660 002a 7B68     	 ldr r3,[r7,#4]
 661 002c 9A42     	 cmp r2,r3
 662 002e F2DC     	 bgt .L32
 193:../Libraries/XMCLib/src/xmc_common.c ****   }
 194:../Libraries/XMCLib/src/xmc_common.c **** 
 195:../Libraries/XMCLib/src/xmc_common.c ****   previous = prioarray->items[next].previous;
 663              	 .loc 2 195 0
 664 0030 FB68     	 ldr r3,[r7,#12]
 665 0032 5968     	 ldr r1,[r3,#4]
 666 0034 7A69     	 ldr r2,[r7,#20]
 667 0036 1346     	 mov r3,r2
 668 0038 5B00     	 lsls r3,r3,#1
 669 003a 1344     	 add r3,r3,r2
 670 003c 9B00     	 lsls r3,r3,#2
 671 003e 0B44     	 add r3,r3,r1
 672 0040 5B68     	 ldr r3,[r3,#4]
 673 0042 3B61     	 str r3,[r7,#16]
 196:../Libraries/XMCLib/src/xmc_common.c **** 
 197:../Libraries/XMCLib/src/xmc_common.c ****   prioarray->items[item].next = next;
 674              	 .loc 2 197 0
 675 0044 FB68     	 ldr r3,[r7,#12]
 676 0046 5968     	 ldr r1,[r3,#4]
 677 0048 BA68     	 ldr r2,[r7,#8]
 678 004a 1346     	 mov r3,r2
 679 004c 5B00     	 lsls r3,r3,#1
 680 004e 1344     	 add r3,r3,r2
 681 0050 9B00     	 lsls r3,r3,#2
 682 0052 0B44     	 add r3,r3,r1
 683 0054 7A69     	 ldr r2,[r7,#20]
 684 0056 9A60     	 str r2,[r3,#8]
 198:../Libraries/XMCLib/src/xmc_common.c ****   prioarray->items[item].previous = previous;
 685              	 .loc 2 198 0
 686 0058 FB68     	 ldr r3,[r7,#12]
 687 005a 5968     	 ldr r1,[r3,#4]
 688 005c BA68     	 ldr r2,[r7,#8]
 689 005e 1346     	 mov r3,r2
 690 0060 5B00     	 lsls r3,r3,#1
 691 0062 1344     	 add r3,r3,r2
 692 0064 9B00     	 lsls r3,r3,#2
 693 0066 0B44     	 add r3,r3,r1
 694 0068 3A69     	 ldr r2,[r7,#16]
 695 006a 5A60     	 str r2,[r3,#4]
 199:../Libraries/XMCLib/src/xmc_common.c ****   prioarray->items[item].priority = priority;
 696              	 .loc 2 199 0
 697 006c FB68     	 ldr r3,[r7,#12]
 698 006e 5968     	 ldr r1,[r3,#4]
 699 0070 BA68     	 ldr r2,[r7,#8]
 700 0072 1346     	 mov r3,r2
 701 0074 5B00     	 lsls r3,r3,#1
 702 0076 1344     	 add r3,r3,r2
 703 0078 9B00     	 lsls r3,r3,#2
 704 007a 0B44     	 add r3,r3,r1
 705 007c 7A68     	 ldr r2,[r7,#4]
 706 007e 1A60     	 str r2,[r3]
 200:../Libraries/XMCLib/src/xmc_common.c **** 
 201:../Libraries/XMCLib/src/xmc_common.c ****   prioarray->items[previous].next = item;
 707              	 .loc 2 201 0
 708 0080 FB68     	 ldr r3,[r7,#12]
 709 0082 5968     	 ldr r1,[r3,#4]
 710 0084 3A69     	 ldr r2,[r7,#16]
 711 0086 1346     	 mov r3,r2
 712 0088 5B00     	 lsls r3,r3,#1
 713 008a 1344     	 add r3,r3,r2
 714 008c 9B00     	 lsls r3,r3,#2
 715 008e 0B44     	 add r3,r3,r1
 716 0090 BA68     	 ldr r2,[r7,#8]
 717 0092 9A60     	 str r2,[r3,#8]
 202:../Libraries/XMCLib/src/xmc_common.c ****   prioarray->items[next].previous = item;
 718              	 .loc 2 202 0
 719 0094 FB68     	 ldr r3,[r7,#12]
 720 0096 5968     	 ldr r1,[r3,#4]
 721 0098 7A69     	 ldr r2,[r7,#20]
 722 009a 1346     	 mov r3,r2
 723 009c 5B00     	 lsls r3,r3,#1
 724 009e 1344     	 add r3,r3,r2
 725 00a0 9B00     	 lsls r3,r3,#2
 726 00a2 0B44     	 add r3,r3,r1
 727 00a4 BA68     	 ldr r2,[r7,#8]
 728 00a6 5A60     	 str r2,[r3,#4]
 203:../Libraries/XMCLib/src/xmc_common.c **** }
 729              	 .loc 2 203 0
 730 00a8 1837     	 adds r7,r7,#24
 731              	 .cfi_def_cfa_offset 8
 732 00aa BD46     	 mov sp,r7
 733              	 .cfi_def_cfa_register 13
 734              	 
 735 00ac 80BD     	 pop {r7,pc}
 736              	 .cfi_endproc
 737              	.LFE144:
 739 00ae 00BF     	 .section .text.XMC_PRIOARRAY_Remove,"ax",%progbits
 740              	 .align 2
 741              	 .global XMC_PRIOARRAY_Remove
 742              	 .thumb
 743              	 .thumb_func
 745              	XMC_PRIOARRAY_Remove:
 746              	.LFB145:
 204:../Libraries/XMCLib/src/xmc_common.c **** 
 205:../Libraries/XMCLib/src/xmc_common.c **** void XMC_PRIOARRAY_Remove(XMC_PRIOARRAY_t *prioarray, int32_t item)
 206:../Libraries/XMCLib/src/xmc_common.c **** {
 747              	 .loc 2 206 0
 748              	 .cfi_startproc
 749              	 
 750              	 
 751              	 
 752 0000 80B4     	 push {r7}
 753              	 .cfi_def_cfa_offset 4
 754              	 .cfi_offset 7,-4
 755 0002 85B0     	 sub sp,sp,#20
 756              	 .cfi_def_cfa_offset 24
 757 0004 00AF     	 add r7,sp,#0
 758              	 .cfi_def_cfa_register 7
 759 0006 7860     	 str r0,[r7,#4]
 760 0008 3960     	 str r1,[r7]
 207:../Libraries/XMCLib/src/xmc_common.c ****   int32_t next;
 208:../Libraries/XMCLib/src/xmc_common.c ****   int32_t previous;
 209:../Libraries/XMCLib/src/xmc_common.c **** 
 210:../Libraries/XMCLib/src/xmc_common.c ****   XMC_ASSERT("XMC_PRIOARRAY_Add: item out of range", (item >= 0) && (item < prioarray->size));
 211:../Libraries/XMCLib/src/xmc_common.c ****   
 212:../Libraries/XMCLib/src/xmc_common.c ****   next = prioarray->items[item].next;
 761              	 .loc 2 212 0
 762 000a 7B68     	 ldr r3,[r7,#4]
 763 000c 5968     	 ldr r1,[r3,#4]
 764 000e 3A68     	 ldr r2,[r7]
 765 0010 1346     	 mov r3,r2
 766 0012 5B00     	 lsls r3,r3,#1
 767 0014 1344     	 add r3,r3,r2
 768 0016 9B00     	 lsls r3,r3,#2
 769 0018 0B44     	 add r3,r3,r1
 770 001a 9B68     	 ldr r3,[r3,#8]
 771 001c FB60     	 str r3,[r7,#12]
 213:../Libraries/XMCLib/src/xmc_common.c ****   previous = prioarray->items[item].previous;
 772              	 .loc 2 213 0
 773 001e 7B68     	 ldr r3,[r7,#4]
 774 0020 5968     	 ldr r1,[r3,#4]
 775 0022 3A68     	 ldr r2,[r7]
 776 0024 1346     	 mov r3,r2
 777 0026 5B00     	 lsls r3,r3,#1
 778 0028 1344     	 add r3,r3,r2
 779 002a 9B00     	 lsls r3,r3,#2
 780 002c 0B44     	 add r3,r3,r1
 781 002e 5B68     	 ldr r3,[r3,#4]
 782 0030 BB60     	 str r3,[r7,#8]
 214:../Libraries/XMCLib/src/xmc_common.c **** 
 215:../Libraries/XMCLib/src/xmc_common.c ****   prioarray->items[previous].next = next;
 783              	 .loc 2 215 0
 784 0032 7B68     	 ldr r3,[r7,#4]
 785 0034 5968     	 ldr r1,[r3,#4]
 786 0036 BA68     	 ldr r2,[r7,#8]
 787 0038 1346     	 mov r3,r2
 788 003a 5B00     	 lsls r3,r3,#1
 789 003c 1344     	 add r3,r3,r2
 790 003e 9B00     	 lsls r3,r3,#2
 791 0040 0B44     	 add r3,r3,r1
 792 0042 FA68     	 ldr r2,[r7,#12]
 793 0044 9A60     	 str r2,[r3,#8]
 216:../Libraries/XMCLib/src/xmc_common.c ****   prioarray->items[next].previous = previous;
 794              	 .loc 2 216 0
 795 0046 7B68     	 ldr r3,[r7,#4]
 796 0048 5968     	 ldr r1,[r3,#4]
 797 004a FA68     	 ldr r2,[r7,#12]
 798 004c 1346     	 mov r3,r2
 799 004e 5B00     	 lsls r3,r3,#1
 800 0050 1344     	 add r3,r3,r2
 801 0052 9B00     	 lsls r3,r3,#2
 802 0054 0B44     	 add r3,r3,r1
 803 0056 BA68     	 ldr r2,[r7,#8]
 804 0058 5A60     	 str r2,[r3,#4]
 217:../Libraries/XMCLib/src/xmc_common.c **** }
 805              	 .loc 2 217 0
 806 005a 1437     	 adds r7,r7,#20
 807              	 .cfi_def_cfa_offset 4
 808 005c BD46     	 mov sp,r7
 809              	 .cfi_def_cfa_register 13
 810              	 
 811 005e 5DF8047B 	 ldr r7,[sp],#4
 812              	 .cfi_restore 7
 813              	 .cfi_def_cfa_offset 0
 814 0062 7047     	 bx lr
 815              	 .cfi_endproc
 816              	.LFE145:
 818              	 .text
 819              	.Letext0:
 820              	 .file 3 "c:\\infineon\\tools\\dave ide\\4.5.0.202105191637\\eclipse\\arm-gcc-49\\arm-none-eabi\\include\\machine\\_default_types.h"
 821              	 .file 4 "c:\\infineon\\tools\\dave ide\\4.5.0.202105191637\\eclipse\\arm-gcc-49\\arm-none-eabi\\include\\stdint.h"
 822              	 .file 5 "C:/Users/Yoshi/Documents/GitHub/Software/01_jrg/04_CANModule/CAN_Modul_keckvale_AH/Libraries/CMSIS/Include/cmsis_gcc.h"
 823              	 .file 6 "C:/Users/Yoshi/Documents/GitHub/Software/01_jrg/04_CANModule/CAN_Modul_keckvale_AH/Libraries/CMSIS/Include/core_cm4.h"
DEFINED SYMBOLS
                            *ABS*:00000000 xmc_common.c
    {standard input}:20     .text.XMC_PRIOARRAY_GetHead:00000000 $t
    {standard input}:24     .text.XMC_PRIOARRAY_GetHead:00000000 XMC_PRIOARRAY_GetHead
    {standard input}:67     .text.XMC_PRIOARRAY_GetItemPriority:00000000 $t
    {standard input}:71     .text.XMC_PRIOARRAY_GetItemPriority:00000000 XMC_PRIOARRAY_GetItemPriority
    {standard input}:112    .text.XMC_PRIOARRAY_GetItemNext:00000000 $t
    {standard input}:116    .text.XMC_PRIOARRAY_GetItemNext:00000000 XMC_PRIOARRAY_GetItemNext
    {standard input}:157    .text.XMC_LIST_Init:00000000 $t
    {standard input}:162    .text.XMC_LIST_Init:00000000 XMC_LIST_Init
    {standard input}:196    .text.XMC_LIST_GetHead:00000000 $t
    {standard input}:201    .text.XMC_LIST_GetHead:00000000 XMC_LIST_GetHead
    {standard input}:234    .text.XMC_LIST_GetTail:00000000 $t
    {standard input}:239    .text.XMC_LIST_GetTail:00000000 XMC_LIST_GetTail
    {standard input}:298    .text.XMC_LIST_Add:00000000 $t
    {standard input}:303    .text.XMC_LIST_Add:00000000 XMC_LIST_Add
    {standard input}:353    .text.XMC_LIST_Remove:00000000 $t
    {standard input}:358    .text.XMC_LIST_Remove:00000000 XMC_LIST_Remove
    {standard input}:444    .text.XMC_LIST_Insert:00000000 $t
    {standard input}:449    .text.XMC_LIST_Insert:00000000 XMC_LIST_Insert
    {standard input}:505    .text.XMC_PRIOARRAY_Init:00000000 $t
    {standard input}:510    .text.XMC_PRIOARRAY_Init:00000000 XMC_PRIOARRAY_Init
    {standard input}:620    .text.XMC_PRIOARRAY_Add:00000000 $t
    {standard input}:625    .text.XMC_PRIOARRAY_Add:00000000 XMC_PRIOARRAY_Add
    {standard input}:740    .text.XMC_PRIOARRAY_Remove:00000000 $t
    {standard input}:745    .text.XMC_PRIOARRAY_Remove:00000000 XMC_PRIOARRAY_Remove
                     .debug_frame:00000010 $d

NO UNDEFINED SYMBOLS
