   1              	 .syntax unified
   2              	 .cpu cortex-m4
   3              	 .eabi_attribute 27,3
   4              	 .fpu fpv4-sp-d16
   5              	 .eabi_attribute 20,1
   6              	 .eabi_attribute 21,1
   7              	 .eabi_attribute 23,3
   8              	 .eabi_attribute 24,1
   9              	 .eabi_attribute 25,1
  10              	 .eabi_attribute 26,1
  11              	 .eabi_attribute 30,6
  12              	 .eabi_attribute 34,1
  13              	 .eabi_attribute 18,4
  14              	 .thumb
  15              	 .file "xmc_wdt.c"
  16              	 .text
  17              	.Ltext0:
  18              	 .cfi_sections .debug_frame
  19              	 .section .text.XMC_WDT_Enable,"ax",%progbits
  20              	 .align 2
  21              	 .global XMC_WDT_Enable
  22              	 .thumb
  23              	 .thumb_func
  25              	XMC_WDT_Enable:
  26              	.LFB184:
  27              	 .file 1 "../Libraries/XMCLib/src/xmc_wdt.c"
   1:../Libraries/XMCLib/src/xmc_wdt.c **** /**
   2:../Libraries/XMCLib/src/xmc_wdt.c ****  * @file xmc_wdt.c
   3:../Libraries/XMCLib/src/xmc_wdt.c ****  * @date 2015-06-20
   4:../Libraries/XMCLib/src/xmc_wdt.c ****  *
   5:../Libraries/XMCLib/src/xmc_wdt.c ****  * @cond
   6:../Libraries/XMCLib/src/xmc_wdt.c ****  **************************************************************************************************
   7:../Libraries/XMCLib/src/xmc_wdt.c ****  * XMClib v2.1.24 - XMC Peripheral Driver Library
   8:../Libraries/XMCLib/src/xmc_wdt.c ****  *
   9:../Libraries/XMCLib/src/xmc_wdt.c ****  * Copyright (c) 2015-2019, Infineon Technologies AG
  10:../Libraries/XMCLib/src/xmc_wdt.c ****  * All rights reserved.                        
  11:../Libraries/XMCLib/src/xmc_wdt.c ****  *                                             
  12:../Libraries/XMCLib/src/xmc_wdt.c ****  * Redistribution and use in source and binary forms, with or without modification,are permitted pr
  13:../Libraries/XMCLib/src/xmc_wdt.c ****  * following conditions are met:   
  14:../Libraries/XMCLib/src/xmc_wdt.c ****  *                                                                              
  15:../Libraries/XMCLib/src/xmc_wdt.c ****  * Redistributions of source code must retain the above copyright notice, this list of conditions a
  16:../Libraries/XMCLib/src/xmc_wdt.c ****  * disclaimer.                        
  17:../Libraries/XMCLib/src/xmc_wdt.c ****  * 
  18:../Libraries/XMCLib/src/xmc_wdt.c ****  * Redistributions in binary form must reproduce the above copyright notice, this list of condition
  19:../Libraries/XMCLib/src/xmc_wdt.c ****  * disclaimer in the documentation and/or other materials provided with the distribution.          
  20:../Libraries/XMCLib/src/xmc_wdt.c ****  * 
  21:../Libraries/XMCLib/src/xmc_wdt.c ****  * Neither the name of the copyright holders nor the names of its contributors may be used to endor
  22:../Libraries/XMCLib/src/xmc_wdt.c ****  * products derived from this software without specific prior written permission.                  
  23:../Libraries/XMCLib/src/xmc_wdt.c ****  *                                                                              
  24:../Libraries/XMCLib/src/xmc_wdt.c ****  * THIS SOFTWARE IS PROVIDED BY THE COPYRIGHT HOLDERS AND CONTRIBUTORS "AS IS" AND ANY EXPRESS OR I
  25:../Libraries/XMCLib/src/xmc_wdt.c ****  * INCLUDING, BUT NOT LIMITED TO, THE IMPLIED WARRANTIES OF MERCHANTABILITY AND FITNESS FOR A PARTI
  26:../Libraries/XMCLib/src/xmc_wdt.c ****  * DISCLAIMED. IN NO EVENT SHALL THE COPYRIGHT HOLDER OR CONTRIBUTORS BE LIABLE  FOR ANY DIRECT, IN
  27:../Libraries/XMCLib/src/xmc_wdt.c ****  * SPECIAL, EXEMPLARY, OR CONSEQUENTIAL DAMAGES (INCLUDING, BUT NOT LIMITED TO, PROCUREMENT OF SUBS
  28:../Libraries/XMCLib/src/xmc_wdt.c ****  * SERVICES; LOSS OF USE, DATA, OR PROFITS; OR BUSINESS INTERRUPTION) HOWEVER CAUSED AND ON ANY THE
  29:../Libraries/XMCLib/src/xmc_wdt.c ****  * WHETHER IN CONTRACT, STRICT LIABILITY,OR TORT (INCLUDING NEGLIGENCE OR OTHERWISE) ARISING IN ANY
  30:../Libraries/XMCLib/src/xmc_wdt.c ****  * OF THIS SOFTWARE, EVEN IF ADVISED OF THE POSSIBILITY OF SUCH DAMAGE.                            
  31:../Libraries/XMCLib/src/xmc_wdt.c ****  *                                                                              
  32:../Libraries/XMCLib/src/xmc_wdt.c ****  * To improve the quality of the software, users are encouraged to share modifications, enhancement
  33:../Libraries/XMCLib/src/xmc_wdt.c ****  * Infineon Technologies AG dave@infineon.com).                                                    
  34:../Libraries/XMCLib/src/xmc_wdt.c ****  **************************************************************************************************
  35:../Libraries/XMCLib/src/xmc_wdt.c ****  *
  36:../Libraries/XMCLib/src/xmc_wdt.c ****  * Change History
  37:../Libraries/XMCLib/src/xmc_wdt.c ****  * --------------
  38:../Libraries/XMCLib/src/xmc_wdt.c ****  *
  39:../Libraries/XMCLib/src/xmc_wdt.c ****  * 2015-02-20:
  40:../Libraries/XMCLib/src/xmc_wdt.c ****  *     - Initial <br>
  41:../Libraries/XMCLib/src/xmc_wdt.c ****  *
  42:../Libraries/XMCLib/src/xmc_wdt.c ****  * 2015-06-20:
  43:../Libraries/XMCLib/src/xmc_wdt.c ****  *     - Removed definition of GetDriverVersion API <br>
  44:../Libraries/XMCLib/src/xmc_wdt.c ****  *
  45:../Libraries/XMCLib/src/xmc_wdt.c ****  * @endcond
  46:../Libraries/XMCLib/src/xmc_wdt.c ****  */
  47:../Libraries/XMCLib/src/xmc_wdt.c ****  
  48:../Libraries/XMCLib/src/xmc_wdt.c **** /**************************************************************************************************
  49:../Libraries/XMCLib/src/xmc_wdt.c ****  * HEADER FILES
  50:../Libraries/XMCLib/src/xmc_wdt.c ****  **************************************************************************************************
  51:../Libraries/XMCLib/src/xmc_wdt.c **** #include "xmc_wdt.h"
  52:../Libraries/XMCLib/src/xmc_wdt.c **** #include "xmc_scu.h"
  53:../Libraries/XMCLib/src/xmc_wdt.c **** 
  54:../Libraries/XMCLib/src/xmc_wdt.c **** /**************************************************************************************************
  55:../Libraries/XMCLib/src/xmc_wdt.c ****  * API IMPLEMENTATION
  56:../Libraries/XMCLib/src/xmc_wdt.c ****   *************************************************************************************************
  57:../Libraries/XMCLib/src/xmc_wdt.c **** 
  58:../Libraries/XMCLib/src/xmc_wdt.c **** /* Enables watchdog clock and releases watchdog reset. */
  59:../Libraries/XMCLib/src/xmc_wdt.c **** void XMC_WDT_Enable(void)
  60:../Libraries/XMCLib/src/xmc_wdt.c **** {
  28              	 .loc 1 60 0
  29              	 .cfi_startproc
  30              	 
  31              	 
  32 0000 80B5     	 push {r7,lr}
  33              	 .cfi_def_cfa_offset 8
  34              	 .cfi_offset 7,-8
  35              	 .cfi_offset 14,-4
  36 0002 00AF     	 add r7,sp,#0
  37              	 .cfi_def_cfa_register 7
  61:../Libraries/XMCLib/src/xmc_wdt.c **** #if UC_FAMILY == XMC4
  62:../Libraries/XMCLib/src/xmc_wdt.c ****   XMC_SCU_CLOCK_EnableClock(XMC_SCU_CLOCK_WDT);
  38              	 .loc 1 62 0
  39 0004 2020     	 movs r0,#32
  40 0006 FFF7FEFF 	 bl XMC_SCU_CLOCK_EnableClock
  63:../Libraries/XMCLib/src/xmc_wdt.c **** #endif
  64:../Libraries/XMCLib/src/xmc_wdt.c **** 
  65:../Libraries/XMCLib/src/xmc_wdt.c **** #if defined(CLOCK_GATING_SUPPORTED)
  66:../Libraries/XMCLib/src/xmc_wdt.c ****   XMC_SCU_CLOCK_UngatePeripheralClock(XMC_SCU_PERIPHERAL_CLOCK_WDT);
  67:../Libraries/XMCLib/src/xmc_wdt.c **** #endif
  68:../Libraries/XMCLib/src/xmc_wdt.c **** #if defined(PERIPHERAL_RESET_SUPPORTED)
  69:../Libraries/XMCLib/src/xmc_wdt.c ****   XMC_SCU_RESET_DeassertPeripheralReset(XMC_SCU_PERIPHERAL_RESET_WDT);
  41              	 .loc 1 69 0
  42 000a 0248     	 ldr r0,.L2
  43 000c FFF7FEFF 	 bl XMC_SCU_RESET_DeassertPeripheralReset
  70:../Libraries/XMCLib/src/xmc_wdt.c **** #endif  
  71:../Libraries/XMCLib/src/xmc_wdt.c **** }
  44              	 .loc 1 71 0
  45 0010 80BD     	 pop {r7,pc}
  46              	.L3:
  47 0012 00BF     	 .align 2
  48              	.L2:
  49 0014 02000020 	 .word 536870914
  50              	 .cfi_endproc
  51              	.LFE184:
  53              	 .section .text.XMC_WDT_Disable,"ax",%progbits
  54              	 .align 2
  55              	 .global XMC_WDT_Disable
  56              	 .thumb
  57              	 .thumb_func
  59              	XMC_WDT_Disable:
  60              	.LFB185:
  72:../Libraries/XMCLib/src/xmc_wdt.c **** 
  73:../Libraries/XMCLib/src/xmc_wdt.c **** /* Disables watchdog clock and resets watchdog. */
  74:../Libraries/XMCLib/src/xmc_wdt.c **** void XMC_WDT_Disable(void)
  75:../Libraries/XMCLib/src/xmc_wdt.c **** {
  61              	 .loc 1 75 0
  62              	 .cfi_startproc
  63              	 
  64              	 
  65 0000 80B5     	 push {r7,lr}
  66              	 .cfi_def_cfa_offset 8
  67              	 .cfi_offset 7,-8
  68              	 .cfi_offset 14,-4
  69 0002 00AF     	 add r7,sp,#0
  70              	 .cfi_def_cfa_register 7
  76:../Libraries/XMCLib/src/xmc_wdt.c **** #if defined(PERIPHERAL_RESET_SUPPORTED)
  77:../Libraries/XMCLib/src/xmc_wdt.c ****   XMC_SCU_RESET_AssertPeripheralReset(XMC_SCU_PERIPHERAL_RESET_WDT);
  71              	 .loc 1 77 0
  72 0004 0348     	 ldr r0,.L5
  73 0006 FFF7FEFF 	 bl XMC_SCU_RESET_AssertPeripheralReset
  78:../Libraries/XMCLib/src/xmc_wdt.c **** #endif  
  79:../Libraries/XMCLib/src/xmc_wdt.c **** #if defined(CLOCK_GATING_SUPPORTED)
  80:../Libraries/XMCLib/src/xmc_wdt.c ****   XMC_SCU_CLOCK_GatePeripheralClock(XMC_SCU_PERIPHERAL_CLOCK_WDT); 
  81:../Libraries/XMCLib/src/xmc_wdt.c **** #endif
  82:../Libraries/XMCLib/src/xmc_wdt.c **** 
  83:../Libraries/XMCLib/src/xmc_wdt.c **** #if UC_FAMILY == XMC4
  84:../Libraries/XMCLib/src/xmc_wdt.c ****   XMC_SCU_CLOCK_DisableClock(XMC_SCU_CLOCK_WDT);
  74              	 .loc 1 84 0
  75 000a 2020     	 movs r0,#32
  76 000c FFF7FEFF 	 bl XMC_SCU_CLOCK_DisableClock
  85:../Libraries/XMCLib/src/xmc_wdt.c **** #endif
  86:../Libraries/XMCLib/src/xmc_wdt.c **** }
  77              	 .loc 1 86 0
  78 0010 80BD     	 pop {r7,pc}
  79              	.L6:
  80 0012 00BF     	 .align 2
  81              	.L5:
  82 0014 02000020 	 .word 536870914
  83              	 .cfi_endproc
  84              	.LFE185:
  86              	 .section .text.XMC_WDT_Init,"ax",%progbits
  87              	 .align 2
  88              	 .global XMC_WDT_Init
  89              	 .thumb
  90              	 .thumb_func
  92              	XMC_WDT_Init:
  93              	.LFB186:
  87:../Libraries/XMCLib/src/xmc_wdt.c **** /* Initializes and configures watchdog with configuration data pointed by \a config. */
  88:../Libraries/XMCLib/src/xmc_wdt.c **** void XMC_WDT_Init(const XMC_WDT_CONFIG_t *const config)
  89:../Libraries/XMCLib/src/xmc_wdt.c **** {
  94              	 .loc 1 89 0
  95              	 .cfi_startproc
  96              	 
  97              	 
  98 0000 80B5     	 push {r7,lr}
  99              	 .cfi_def_cfa_offset 8
 100              	 .cfi_offset 7,-8
 101              	 .cfi_offset 14,-4
 102 0002 82B0     	 sub sp,sp,#8
 103              	 .cfi_def_cfa_offset 16
 104 0004 00AF     	 add r7,sp,#0
 105              	 .cfi_def_cfa_register 7
 106 0006 7860     	 str r0,[r7,#4]
  90:../Libraries/XMCLib/src/xmc_wdt.c ****   XMC_WDT_Enable();
 107              	 .loc 1 90 0
 108 0008 FFF7FEFF 	 bl XMC_WDT_Enable
  91:../Libraries/XMCLib/src/xmc_wdt.c ****   WDT->CTR = config->wdt_ctr;
 109              	 .loc 1 91 0
 110 000c 074A     	 ldr r2,.L8
 111 000e 7B68     	 ldr r3,[r7,#4]
 112 0010 9B68     	 ldr r3,[r3,#8]
 113 0012 5360     	 str r3,[r2,#4]
  92:../Libraries/XMCLib/src/xmc_wdt.c ****   WDT->WLB = config->window_lower_bound;
 114              	 .loc 1 92 0
 115 0014 054A     	 ldr r2,.L8
 116 0016 7B68     	 ldr r3,[r7,#4]
 117 0018 5B68     	 ldr r3,[r3,#4]
 118 001a 1361     	 str r3,[r2,#16]
  93:../Libraries/XMCLib/src/xmc_wdt.c ****   WDT->WUB = config->window_upper_bound;
 119              	 .loc 1 93 0
 120 001c 034A     	 ldr r2,.L8
 121 001e 7B68     	 ldr r3,[r7,#4]
 122 0020 1B68     	 ldr r3,[r3]
 123 0022 5361     	 str r3,[r2,#20]
  94:../Libraries/XMCLib/src/xmc_wdt.c **** }
 124              	 .loc 1 94 0
 125 0024 0837     	 adds r7,r7,#8
 126              	 .cfi_def_cfa_offset 8
 127 0026 BD46     	 mov sp,r7
 128              	 .cfi_def_cfa_register 13
 129              	 
 130 0028 80BD     	 pop {r7,pc}
 131              	.L9:
 132 002a 00BF     	 .align 2
 133              	.L8:
 134 002c 00800050 	 .word 1342210048
 135              	 .cfi_endproc
 136              	.LFE186:
 138              	 .text
 139              	.Letext0:
 140              	 .file 2 "c:\\dave\\dave-ide-4.4.2-64bit\\eclipse\\arm-gcc-49\\arm-none-eabi\\include\\machine\\_default_types.h"
 141              	 .file 3 "c:\\dave\\dave-ide-4.4.2-64bit\\eclipse\\arm-gcc-49\\arm-none-eabi\\include\\stdint.h"
 142              	 .file 4 "C:/Users/Yoshi/Documents/GitHub/Software/01_jrg/04_CANModule/CAN_Modul_keckvale_AH/Libraries/CMSIS/Infineon/XMC4500_series/Include/XMC4500.h"
 143              	 .file 5 "C:/Users/Yoshi/Documents/GitHub/Software/01_jrg/04_CANModule/CAN_Modul_keckvale_AH/Libraries/XMCLib/inc/xmc4_scu.h"
 144              	 .file 6 "C:/Users/Yoshi/Documents/GitHub/Software/01_jrg/04_CANModule/CAN_Modul_keckvale_AH/Libraries/XMCLib/inc/xmc_wdt.h"
 145              	 .file 7 "C:/Users/Yoshi/Documents/GitHub/Software/01_jrg/04_CANModule/CAN_Modul_keckvale_AH/Libraries/CMSIS/Include/cmsis_gcc.h"
 146              	 .file 8 "C:/Users/Yoshi/Documents/GitHub/Software/01_jrg/04_CANModule/CAN_Modul_keckvale_AH/Libraries/CMSIS/Include/core_cm4.h"
 147              	 .file 9 "C:/Users/Yoshi/Documents/GitHub/Software/01_jrg/04_CANModule/CAN_Modul_keckvale_AH/Libraries/CMSIS/Infineon/XMC4500_series/Include/system_XMC4500.h"
DEFINED SYMBOLS
                            *ABS*:00000000 xmc_wdt.c
    {standard input}:20     .text.XMC_WDT_Enable:00000000 $t
    {standard input}:25     .text.XMC_WDT_Enable:00000000 XMC_WDT_Enable
    {standard input}:49     .text.XMC_WDT_Enable:00000014 $d
    {standard input}:54     .text.XMC_WDT_Disable:00000000 $t
    {standard input}:59     .text.XMC_WDT_Disable:00000000 XMC_WDT_Disable
    {standard input}:82     .text.XMC_WDT_Disable:00000014 $d
    {standard input}:87     .text.XMC_WDT_Init:00000000 $t
    {standard input}:92     .text.XMC_WDT_Init:00000000 XMC_WDT_Init
    {standard input}:134    .text.XMC_WDT_Init:0000002c $d
                     .debug_frame:00000010 $d

UNDEFINED SYMBOLS
XMC_SCU_CLOCK_EnableClock
XMC_SCU_RESET_DeassertPeripheralReset
XMC_SCU_RESET_AssertPeripheralReset
XMC_SCU_CLOCK_DisableClock
