Apr 12, 2022 1:28:43 PM java.util.logging.LogManager$RootLogger log
INFO: Start of solver :getFeasiblePins() : Tue Apr 12 13:28:43 CEST 2022


Apr 12, 2022 1:28:43 PM java.util.logging.LogManager$RootLogger log
INFO: 
timeout(ask_feasible_mapping([reserved([cpu,0,exception,nmi],'cpu_ctrl_xmc4$01637679009$0'),
reserved([cpu,0,exception,hardfault],'cpu_ctrl_xmc4$0571328980$0'),
reserved([cpu,0,exception,memmanage],'cpu_ctrl_xmc4$1768468879$0'),
reserved([cpu,0,exception,busfault],'cpu_ctrl_xmc4$1763234541$0'),
reserved([cpu,0,exception,usagefault],'cpu_ctrl_xmc4$1814460844$0'),
reserved([cpu,0,debug],'cpu_ctrl_xmc4$1964564605$0'),
reserved([debug_port,_,pad,_],'cpu_ctrl_xmc4$01540614004$0'),
reserved([debug_port,_,pad,_],'cpu_ctrl_xmc4$01540614322$0'),
reserved([scu,0,clkctrl,0,pll],'clock_xmc4$01551378862$0'),
reserved([scu,0,clkctrl,0,sys],'clock_xmc4$01551375569$0'),
reserved([scu,0,clkctrl,0,cpu],'clock_xmc4$01551391222$0'),
reserved([scu,0,clkctrl,0,perbridge],'clock_xmc4$494804424$0'),
reserved([scu,0,clkctrl,0,ebu],'clock_xmc4$01551389734$0'),
reserved([scu,0,clkctrl,0,ccu],'clock_xmc4$01551391625$0'),
reserved([scu,0,clkctrl,0,wdt],'clock_xmc4$01551372375$0'),
reserved([scu,0,clkctrl,0,usb],'clock_xmc4$01551373850$0'),
reserved([scu,0,clkctrl,0,sdmmc],'clock_xmc4$01551381723$0'),
reserved([scu,0,pwrctrl,0,hibernate],'clock_xmc4$0778278092$0'),
reserved([scu,0,rtcclksel],'clock_xmc4$1142722683$0'),
reserved([scu,0,trap,0,sysoscwd],'clock_xmc4$1091210735$0'),
reserved([scu,0,trap,0,sysvcolock],'clock_xmc4$1586947406$0'),
reserved([scu,0,trap,0,usbvcolock],'clock_xmc4$0261647995$0'),
reserved([scu,0,trap,0,ulpwdg],'clock_xmc4$01047137491$0'),
reserved([cpu,0,systick],'freertos$01866974743$0'),
reserved([cpu,0,exception,systick],'freertos$084721863$0'),
reserved([cpu,0,exception,pendsv],'freertos$724029151$0'),
reserved([cpu,0,exception,svcall],'freertos$825285650$0'),
reserved([vadc,_,global_limits],'global_adc$01890798523$0'),
reserved([vadc,_,global],'global_adc$1790945385$0'),
reserved([vadc,_,group,0,config],'global_adc$1796505175$0'),
reserved([vadc,_,group,1,config],'global_adc$1796505176$0'),
reserved([vadc,_,group,2,config],'global_adc$1796505177$0'),
reserved([vadc,_,group,3,config],'global_adc$1796505178$0'),
reserved([vadc,_,backgnd],'adc_measurement$0919802633$0'),
reserved([vadc,_,class,_],'adc_measurement$403379810$0'),
reserved([vadc,0,group,_,ch,_],'adc_measurement$0733134899$0'),
reserved([vadc,0,group,_,_,_],'adc_measurement$425520431$0'),
reserved([can,_,global],'global_can$0435288881$0'),
reserved([p,_,pad,_],'can_node$0829860$0'),
reserved([p,_,pad,_],'can_node$0829798$0'),
reserved([can,_,node,_],'can_node$1758010900$0'),
reserved([can,_,mo,_],'can_node$01337162187$0'),
reserved([devicepackage,0,_],'can_node$788881170$0'),
uri([devicepackage,0,70],'can_node$788881170$0'),
reserved([devicepackage,0,_],'can_node$788881232$0'),
uri([devicepackage,0,71],'can_node$788881232$0'),
reserved([p,ANALOG_IO0sv0,pad,_],'analog_io$0459569530$0'),
reserved([devicepackage,0,_],'analog_io$01694626416$0'),
signal('cpu_ctrl_xmc4$01637679009$0',nmi_in,'cpu_ctrl_xmc4$01637679009$0$nmi_in'),
signal('cpu_ctrl_xmc4$1964564605$0',db_tck,'cpu_ctrl_xmc4$1964564605$0$db_tck'),
signal('cpu_ctrl_xmc4$1964564605$0',db_tms,'cpu_ctrl_xmc4$1964564605$0$db_tms'),
signal('clock_xmc4$494804424$0',fpb,'clock_xmc4$494804424$0$fpb'),
signal('clock_xmc4$01551391625$0',fccu,'clock_xmc4$01551391625$0$fccu'),
signal('global_adc$1790945385$0',global_signal,'global_adc$1790945385$0$global_signal'),
signal('global_adc$1796505175$0',garbcnt,'global_adc$1796505175$0$garbcnt'),
signal('global_adc$1796505175$0',gsample,'global_adc$1796505175$0$gsample'),
signal('global_adc$1796505175$0',gqueuereq,'global_adc$1796505175$0$gqueuereq'),
signal('global_adc$1796505175$0',gscanreq,'global_adc$1796505175$0$gscanreq'),
signal('global_adc$1796505175$0',gsyncreq,'global_adc$1796505175$0$gsyncreq'),
signal('global_adc$1796505176$0',garbcnt,'global_adc$1796505176$0$garbcnt'),
signal('global_adc$1796505176$0',gsample,'global_adc$1796505176$0$gsample'),
signal('global_adc$1796505176$0',gqueuereq,'global_adc$1796505176$0$gqueuereq'),
signal('global_adc$1796505176$0',gscanreq,'global_adc$1796505176$0$gscanreq'),
signal('global_adc$1796505176$0',gsyncreq,'global_adc$1796505176$0$gsyncreq'),
signal('global_adc$1796505177$0',garbcnt,'global_adc$1796505177$0$garbcnt'),
signal('global_adc$1796505177$0',gsample,'global_adc$1796505177$0$gsample'),
signal('global_adc$1796505177$0',gqueuereq,'global_adc$1796505177$0$gqueuereq'),
signal('global_adc$1796505177$0',gscanreq,'global_adc$1796505177$0$gscanreq'),
signal('global_adc$1796505177$0',gsyncreq,'global_adc$1796505177$0$gsyncreq'),
signal('global_adc$1796505178$0',garbcnt,'global_adc$1796505178$0$garbcnt'),
signal('global_adc$1796505178$0',gsample,'global_adc$1796505178$0$gsample'),
signal('global_adc$1796505178$0',gqueuereq,'global_adc$1796505178$0$gqueuereq'),
signal('global_adc$1796505178$0',gscanreq,'global_adc$1796505178$0$gscanreq'),
signal('global_adc$1796505178$0',gsyncreq,'global_adc$1796505178$0$gsyncreq'),
signal('adc_measurement$0733134899$0',gch,'adc_measurement$0733134899$0$gch'),
signal('adc_measurement$425520431$0',res_sel,'adc_measurement$425520431$0$res_sel'),
signal('adc_measurement$0733134899$0',select,'adc_measurement$0733134899$0$select'),
signal('adc_measurement$0733134899$0',res_sel,'adc_measurement$0733134899$0$res_sel'),
signal('adc_measurement$0919802633$0',sev0,'adc_measurement$0919802633$0$sev0'),
signal('adc_measurement$0919802633$0',bgreqtrsel,'adc_measurement$0919802633$0$bgreqtrsel'),
signal('adc_measurement$0919802633$0',bgreqgtsel,'adc_measurement$0919802633$0$bgreqgtsel'),
signal('adc_measurement$0919802633$0',global_signal,'adc_measurement$0919802633$0$global_signal'),
signal('can_node$1758010900$0',rxd,'can_node$1758010900$0$rxd'),
signal('can_node$1758010900$0',txd,'can_node$1758010900$0$txd'),
signal('can_node$0829860$0',pad,'can_node$0829860$0$pad'),
signal('can_node$0829798$0',pad,'can_node$0829798$0$pad'),
signal('can_node$01337162187$0',txinp,'can_node$01337162187$0$txinp'),
signal('can_node$788881170$0',pin,'can_node$788881170$0$pin'),
signal('can_node$788881232$0',pin,'can_node$788881232$0$pin'),
signal('analog_io$0459569530$0',pad,'analog_io$0459569530$0$pad'),
signal('analog_io$01694626416$0',pin,'analog_io$01694626416$0$pin'),
connected('analog_io$0459569530$0$pad','adc_measurement$0733134899$0$gch',1),
connected('global_adc$1790945385$0$global_signal','adc_measurement$0919802633$0$global_signal',1),
connected('adc_measurement$0733134899$0$res_sel','adc_measurement$425520431$0$res_sel',1),
connected('can_node$788881170$0$pin','can_node$0829860$0$pad',1),
connected('can_node$788881232$0$pin','can_node$0829798$0$pad',1),
connected('can_node$0829860$0$pad','can_node$788881170$0$pin',1),
connected('can_node$0829860$0$pad','can_node$1758010900$0$rxd',1),
connected('can_node$1758010900$0$txd','can_node$0829798$0$pad',1),
connected('can_node$0829798$0$pad','can_node$788881232$0$pin',1),
connected('analog_io$01694626416$0$pin','analog_io$0459569530$0$pad',1),
connected('analog_io$0459569530$0$pad','analog_io$01694626416$0$pin',1),
uri_element_range(ANALOG_IO0sv0,[14, 15])],'analog_io$01694626416$0',Result),15,writeln(timeout),all_solution, Timer, Due, Remainder).



Apr 12, 2022 1:28:43 PM java.util.logging.LogManager$RootLogger log
INFO: 
End of solver : getFeasiblePins() :  Difference in ms 230


Apr 12, 2022 1:28:43 PM java.util.logging.LogManager$RootLogger log
INFO: [/devicepackage/0/37, /devicepackage/0/36, /devicepackage/0/31, /devicepackage/0/30, /devicepackage/0/39, /devicepackage/0/38, /devicepackage/0/29, /devicepackage/0/27, /devicepackage/0/28, /devicepackage/0/21, /devicepackage/0/22, /devicepackage/0/20, /devicepackage/0/25, /devicepackage/0/26, /devicepackage/0/23, /devicepackage/0/24, /devicepackage/0/18, /devicepackage/0/19]


Apr 12, 2022 1:31:50 PM java.util.logging.LogManager$RootLogger log
INFO: Start of solver :getFeasiblePins() : Tue Apr 12 13:31:50 CEST 2022


Apr 12, 2022 1:31:50 PM java.util.logging.LogManager$RootLogger log
INFO: 
timeout(ask_feasible_mapping([reserved([cpu,0,exception,nmi],'cpu_ctrl_xmc4$01637679009$0'),
reserved([cpu,0,exception,hardfault],'cpu_ctrl_xmc4$0571328980$0'),
reserved([cpu,0,exception,memmanage],'cpu_ctrl_xmc4$1768468879$0'),
reserved([cpu,0,exception,busfault],'cpu_ctrl_xmc4$1763234541$0'),
reserved([cpu,0,exception,usagefault],'cpu_ctrl_xmc4$1814460844$0'),
reserved([cpu,0,debug],'cpu_ctrl_xmc4$1964564605$0'),
reserved([debug_port,_,pad,_],'cpu_ctrl_xmc4$01540614004$0'),
reserved([debug_port,_,pad,_],'cpu_ctrl_xmc4$01540614322$0'),
reserved([scu,0,clkctrl,0,pll],'clock_xmc4$01551378862$0'),
reserved([scu,0,clkctrl,0,sys],'clock_xmc4$01551375569$0'),
reserved([scu,0,clkctrl,0,cpu],'clock_xmc4$01551391222$0'),
reserved([scu,0,clkctrl,0,perbridge],'clock_xmc4$494804424$0'),
reserved([scu,0,clkctrl,0,ebu],'clock_xmc4$01551389734$0'),
reserved([scu,0,clkctrl,0,ccu],'clock_xmc4$01551391625$0'),
reserved([scu,0,clkctrl,0,wdt],'clock_xmc4$01551372375$0'),
reserved([scu,0,clkctrl,0,usb],'clock_xmc4$01551373850$0'),
reserved([scu,0,clkctrl,0,sdmmc],'clock_xmc4$01551381723$0'),
reserved([scu,0,pwrctrl,0,hibernate],'clock_xmc4$0778278092$0'),
reserved([scu,0,rtcclksel],'clock_xmc4$1142722683$0'),
reserved([scu,0,trap,0,sysoscwd],'clock_xmc4$1091210735$0'),
reserved([scu,0,trap,0,sysvcolock],'clock_xmc4$1586947406$0'),
reserved([scu,0,trap,0,usbvcolock],'clock_xmc4$0261647995$0'),
reserved([scu,0,trap,0,ulpwdg],'clock_xmc4$01047137491$0'),
reserved([cpu,0,systick],'freertos$01866974743$0'),
reserved([cpu,0,exception,systick],'freertos$084721863$0'),
reserved([cpu,0,exception,pendsv],'freertos$724029151$0'),
reserved([cpu,0,exception,svcall],'freertos$825285650$0'),
reserved([vadc,_,global_limits],'global_adc$01890798523$0'),
reserved([vadc,_,global],'global_adc$1790945385$0'),
reserved([vadc,_,group,0,config],'global_adc$1796505175$0'),
reserved([vadc,_,group,1,config],'global_adc$1796505176$0'),
reserved([vadc,_,group,2,config],'global_adc$1796505177$0'),
reserved([vadc,_,group,3,config],'global_adc$1796505178$0'),
reserved([vadc,_,backgnd],'adc_measurement$0919802633$0'),
reserved([vadc,_,class,_],'adc_measurement$403379810$0'),
reserved([vadc,0,group,_,ch,_],'adc_measurement$0733134899$0'),
reserved([vadc,0,group,_,_,_],'adc_measurement$425520431$0'),
reserved([can,_,global],'global_can$0435288881$0'),
reserved([p,_,pad,_],'can_node$0829860$0'),
reserved([p,_,pad,_],'can_node$0829798$0'),
reserved([can,_,node,_],'can_node$1758010900$0'),
reserved([can,_,mo,_],'can_node$01337162187$0'),
reserved([devicepackage,0,_],'can_node$788881170$0'),
uri([devicepackage,0,70],'can_node$788881170$0'),
reserved([devicepackage,0,_],'can_node$788881232$0'),
uri([devicepackage,0,71],'can_node$788881232$0'),
reserved([p,ANALOG_IO0sv0,pad,_],'analog_io$0459569530$0'),
reserved([devicepackage,0,_],'analog_io$01694626416$0'),
signal('cpu_ctrl_xmc4$01637679009$0',nmi_in,'cpu_ctrl_xmc4$01637679009$0$nmi_in'),
signal('cpu_ctrl_xmc4$1964564605$0',db_tck,'cpu_ctrl_xmc4$1964564605$0$db_tck'),
signal('cpu_ctrl_xmc4$1964564605$0',db_tms,'cpu_ctrl_xmc4$1964564605$0$db_tms'),
signal('clock_xmc4$494804424$0',fpb,'clock_xmc4$494804424$0$fpb'),
signal('clock_xmc4$01551391625$0',fccu,'clock_xmc4$01551391625$0$fccu'),
signal('global_adc$1790945385$0',global_signal,'global_adc$1790945385$0$global_signal'),
signal('global_adc$1796505175$0',garbcnt,'global_adc$1796505175$0$garbcnt'),
signal('global_adc$1796505175$0',gsample,'global_adc$1796505175$0$gsample'),
signal('global_adc$1796505175$0',gqueuereq,'global_adc$1796505175$0$gqueuereq'),
signal('global_adc$1796505175$0',gscanreq,'global_adc$1796505175$0$gscanreq'),
signal('global_adc$1796505175$0',gsyncreq,'global_adc$1796505175$0$gsyncreq'),
signal('global_adc$1796505176$0',garbcnt,'global_adc$1796505176$0$garbcnt'),
signal('global_adc$1796505176$0',gsample,'global_adc$1796505176$0$gsample'),
signal('global_adc$1796505176$0',gqueuereq,'global_adc$1796505176$0$gqueuereq'),
signal('global_adc$1796505176$0',gscanreq,'global_adc$1796505176$0$gscanreq'),
signal('global_adc$1796505176$0',gsyncreq,'global_adc$1796505176$0$gsyncreq'),
signal('global_adc$1796505177$0',garbcnt,'global_adc$1796505177$0$garbcnt'),
signal('global_adc$1796505177$0',gsample,'global_adc$1796505177$0$gsample'),
signal('global_adc$1796505177$0',gqueuereq,'global_adc$1796505177$0$gqueuereq'),
signal('global_adc$1796505177$0',gscanreq,'global_adc$1796505177$0$gscanreq'),
signal('global_adc$1796505177$0',gsyncreq,'global_adc$1796505177$0$gsyncreq'),
signal('global_adc$1796505178$0',garbcnt,'global_adc$1796505178$0$garbcnt'),
signal('global_adc$1796505178$0',gsample,'global_adc$1796505178$0$gsample'),
signal('global_adc$1796505178$0',gqueuereq,'global_adc$1796505178$0$gqueuereq'),
signal('global_adc$1796505178$0',gscanreq,'global_adc$1796505178$0$gscanreq'),
signal('global_adc$1796505178$0',gsyncreq,'global_adc$1796505178$0$gsyncreq'),
signal('adc_measurement$0733134899$0',gch,'adc_measurement$0733134899$0$gch'),
signal('adc_measurement$425520431$0',res_sel,'adc_measurement$425520431$0$res_sel'),
signal('adc_measurement$0733134899$0',select,'adc_measurement$0733134899$0$select'),
signal('adc_measurement$0733134899$0',res_sel,'adc_measurement$0733134899$0$res_sel'),
signal('adc_measurement$0919802633$0',sev0,'adc_measurement$0919802633$0$sev0'),
signal('adc_measurement$0919802633$0',bgreqtrsel,'adc_measurement$0919802633$0$bgreqtrsel'),
signal('adc_measurement$0919802633$0',bgreqgtsel,'adc_measurement$0919802633$0$bgreqgtsel'),
signal('adc_measurement$0919802633$0',global_signal,'adc_measurement$0919802633$0$global_signal'),
signal('can_node$1758010900$0',rxd,'can_node$1758010900$0$rxd'),
signal('can_node$1758010900$0',txd,'can_node$1758010900$0$txd'),
signal('can_node$0829860$0',pad,'can_node$0829860$0$pad'),
signal('can_node$0829798$0',pad,'can_node$0829798$0$pad'),
signal('can_node$01337162187$0',txinp,'can_node$01337162187$0$txinp'),
signal('can_node$788881170$0',pin,'can_node$788881170$0$pin'),
signal('can_node$788881232$0',pin,'can_node$788881232$0$pin'),
signal('analog_io$0459569530$0',pad,'analog_io$0459569530$0$pad'),
signal('analog_io$01694626416$0',pin,'analog_io$01694626416$0$pin'),
connected('analog_io$0459569530$0$pad','adc_measurement$0733134899$0$gch',1),
connected('global_adc$1790945385$0$global_signal','adc_measurement$0919802633$0$global_signal',1),
connected('adc_measurement$0733134899$0$res_sel','adc_measurement$425520431$0$res_sel',1),
connected('can_node$788881170$0$pin','can_node$0829860$0$pad',1),
connected('can_node$788881232$0$pin','can_node$0829798$0$pad',1),
connected('can_node$0829860$0$pad','can_node$788881170$0$pin',1),
connected('can_node$0829860$0$pad','can_node$1758010900$0$rxd',1),
connected('can_node$1758010900$0$txd','can_node$0829798$0$pad',1),
connected('can_node$0829798$0$pad','can_node$788881232$0$pin',1),
connected('analog_io$01694626416$0$pin','analog_io$0459569530$0$pad',1),
connected('analog_io$0459569530$0$pad','analog_io$01694626416$0$pin',1),
uri_element_range(ANALOG_IO0sv0,[14, 15])],'analog_io$01694626416$0',Result),15,writeln(timeout),all_solution, Timer, Due, Remainder).



Apr 12, 2022 1:31:50 PM java.util.logging.LogManager$RootLogger log
INFO: 
End of solver : getFeasiblePins() :  Difference in ms 217


Apr 12, 2022 1:31:50 PM java.util.logging.LogManager$RootLogger log
INFO: [/devicepackage/0/37, /devicepackage/0/36, /devicepackage/0/31, /devicepackage/0/30, /devicepackage/0/39, /devicepackage/0/38, /devicepackage/0/29, /devicepackage/0/27, /devicepackage/0/28, /devicepackage/0/21, /devicepackage/0/22, /devicepackage/0/20, /devicepackage/0/25, /devicepackage/0/26, /devicepackage/0/23, /devicepackage/0/24, /devicepackage/0/18, /devicepackage/0/19]


Apr 12, 2022 1:31:50 PM java.util.logging.LogManager$RootLogger log
INFO: Start of solver :getFeasiblePins() : Tue Apr 12 13:31:50 CEST 2022


Apr 12, 2022 1:31:50 PM java.util.logging.LogManager$RootLogger log
INFO: 
timeout(ask_feasible_mapping([reserved([cpu,0,exception,nmi],'cpu_ctrl_xmc4$01637679009$0'),
reserved([cpu,0,exception,hardfault],'cpu_ctrl_xmc4$0571328980$0'),
reserved([cpu,0,exception,memmanage],'cpu_ctrl_xmc4$1768468879$0'),
reserved([cpu,0,exception,busfault],'cpu_ctrl_xmc4$1763234541$0'),
reserved([cpu,0,exception,usagefault],'cpu_ctrl_xmc4$1814460844$0'),
reserved([cpu,0,debug],'cpu_ctrl_xmc4$1964564605$0'),
reserved([debug_port,_,pad,_],'cpu_ctrl_xmc4$01540614004$0'),
reserved([debug_port,_,pad,_],'cpu_ctrl_xmc4$01540614322$0'),
reserved([scu,0,clkctrl,0,pll],'clock_xmc4$01551378862$0'),
reserved([scu,0,clkctrl,0,sys],'clock_xmc4$01551375569$0'),
reserved([scu,0,clkctrl,0,cpu],'clock_xmc4$01551391222$0'),
reserved([scu,0,clkctrl,0,perbridge],'clock_xmc4$494804424$0'),
reserved([scu,0,clkctrl,0,ebu],'clock_xmc4$01551389734$0'),
reserved([scu,0,clkctrl,0,ccu],'clock_xmc4$01551391625$0'),
reserved([scu,0,clkctrl,0,wdt],'clock_xmc4$01551372375$0'),
reserved([scu,0,clkctrl,0,usb],'clock_xmc4$01551373850$0'),
reserved([scu,0,clkctrl,0,sdmmc],'clock_xmc4$01551381723$0'),
reserved([scu,0,pwrctrl,0,hibernate],'clock_xmc4$0778278092$0'),
reserved([scu,0,rtcclksel],'clock_xmc4$1142722683$0'),
reserved([scu,0,trap,0,sysoscwd],'clock_xmc4$1091210735$0'),
reserved([scu,0,trap,0,sysvcolock],'clock_xmc4$1586947406$0'),
reserved([scu,0,trap,0,usbvcolock],'clock_xmc4$0261647995$0'),
reserved([scu,0,trap,0,ulpwdg],'clock_xmc4$01047137491$0'),
reserved([cpu,0,systick],'freertos$01866974743$0'),
reserved([cpu,0,exception,systick],'freertos$084721863$0'),
reserved([cpu,0,exception,pendsv],'freertos$724029151$0'),
reserved([cpu,0,exception,svcall],'freertos$825285650$0'),
reserved([vadc,_,global_limits],'global_adc$01890798523$0'),
reserved([vadc,_,global],'global_adc$1790945385$0'),
reserved([vadc,_,group,0,config],'global_adc$1796505175$0'),
reserved([vadc,_,group,1,config],'global_adc$1796505176$0'),
reserved([vadc,_,group,2,config],'global_adc$1796505177$0'),
reserved([vadc,_,group,3,config],'global_adc$1796505178$0'),
reserved([vadc,_,backgnd],'adc_measurement$0919802633$0'),
reserved([vadc,_,class,_],'adc_measurement$403379810$0'),
reserved([vadc,0,group,_,ch,_],'adc_measurement$0733134899$0'),
reserved([vadc,0,group,_,_,_],'adc_measurement$425520431$0'),
reserved([can,_,global],'global_can$0435288881$0'),
reserved([p,_,pad,_],'can_node$0829860$0'),
reserved([p,_,pad,_],'can_node$0829798$0'),
reserved([can,_,node,_],'can_node$1758010900$0'),
reserved([can,_,mo,_],'can_node$01337162187$0'),
reserved([devicepackage,0,_],'can_node$788881170$0'),
uri([devicepackage,0,70],'can_node$788881170$0'),
reserved([devicepackage,0,_],'can_node$788881232$0'),
uri([devicepackage,0,71],'can_node$788881232$0'),
reserved([p,ANALOG_IO0sv0,pad,_],'analog_io$0459569530$0'),
reserved([devicepackage,0,_],'analog_io$01694626416$0'),
signal('cpu_ctrl_xmc4$01637679009$0',nmi_in,'cpu_ctrl_xmc4$01637679009$0$nmi_in'),
signal('cpu_ctrl_xmc4$1964564605$0',db_tck,'cpu_ctrl_xmc4$1964564605$0$db_tck'),
signal('cpu_ctrl_xmc4$1964564605$0',db_tms,'cpu_ctrl_xmc4$1964564605$0$db_tms'),
signal('clock_xmc4$494804424$0',fpb,'clock_xmc4$494804424$0$fpb'),
signal('clock_xmc4$01551391625$0',fccu,'clock_xmc4$01551391625$0$fccu'),
signal('global_adc$1790945385$0',global_signal,'global_adc$1790945385$0$global_signal'),
signal('global_adc$1796505175$0',garbcnt,'global_adc$1796505175$0$garbcnt'),
signal('global_adc$1796505175$0',gsample,'global_adc$1796505175$0$gsample'),
signal('global_adc$1796505175$0',gqueuereq,'global_adc$1796505175$0$gqueuereq'),
signal('global_adc$1796505175$0',gscanreq,'global_adc$1796505175$0$gscanreq'),
signal('global_adc$1796505175$0',gsyncreq,'global_adc$1796505175$0$gsyncreq'),
signal('global_adc$1796505176$0',garbcnt,'global_adc$1796505176$0$garbcnt'),
signal('global_adc$1796505176$0',gsample,'global_adc$1796505176$0$gsample'),
signal('global_adc$1796505176$0',gqueuereq,'global_adc$1796505176$0$gqueuereq'),
signal('global_adc$1796505176$0',gscanreq,'global_adc$1796505176$0$gscanreq'),
signal('global_adc$1796505176$0',gsyncreq,'global_adc$1796505176$0$gsyncreq'),
signal('global_adc$1796505177$0',garbcnt,'global_adc$1796505177$0$garbcnt'),
signal('global_adc$1796505177$0',gsample,'global_adc$1796505177$0$gsample'),
signal('global_adc$1796505177$0',gqueuereq,'global_adc$1796505177$0$gqueuereq'),
signal('global_adc$1796505177$0',gscanreq,'global_adc$1796505177$0$gscanreq'),
signal('global_adc$1796505177$0',gsyncreq,'global_adc$1796505177$0$gsyncreq'),
signal('global_adc$1796505178$0',garbcnt,'global_adc$1796505178$0$garbcnt'),
signal('global_adc$1796505178$0',gsample,'global_adc$1796505178$0$gsample'),
signal('global_adc$1796505178$0',gqueuereq,'global_adc$1796505178$0$gqueuereq'),
signal('global_adc$1796505178$0',gscanreq,'global_adc$1796505178$0$gscanreq'),
signal('global_adc$1796505178$0',gsyncreq,'global_adc$1796505178$0$gsyncreq'),
signal('adc_measurement$0733134899$0',gch,'adc_measurement$0733134899$0$gch'),
signal('adc_measurement$425520431$0',res_sel,'adc_measurement$425520431$0$res_sel'),
signal('adc_measurement$0733134899$0',select,'adc_measurement$0733134899$0$select'),
signal('adc_measurement$0733134899$0',res_sel,'adc_measurement$0733134899$0$res_sel'),
signal('adc_measurement$0919802633$0',sev0,'adc_measurement$0919802633$0$sev0'),
signal('adc_measurement$0919802633$0',bgreqtrsel,'adc_measurement$0919802633$0$bgreqtrsel'),
signal('adc_measurement$0919802633$0',bgreqgtsel,'adc_measurement$0919802633$0$bgreqgtsel'),
signal('adc_measurement$0919802633$0',global_signal,'adc_measurement$0919802633$0$global_signal'),
signal('can_node$1758010900$0',rxd,'can_node$1758010900$0$rxd'),
signal('can_node$1758010900$0',txd,'can_node$1758010900$0$txd'),
signal('can_node$0829860$0',pad,'can_node$0829860$0$pad'),
signal('can_node$0829798$0',pad,'can_node$0829798$0$pad'),
signal('can_node$01337162187$0',txinp,'can_node$01337162187$0$txinp'),
signal('can_node$788881170$0',pin,'can_node$788881170$0$pin'),
signal('can_node$788881232$0',pin,'can_node$788881232$0$pin'),
signal('analog_io$0459569530$0',pad,'analog_io$0459569530$0$pad'),
signal('analog_io$01694626416$0',pin,'analog_io$01694626416$0$pin'),
connected('analog_io$0459569530$0$pad','adc_measurement$0733134899$0$gch',1),
connected('global_adc$1790945385$0$global_signal','adc_measurement$0919802633$0$global_signal',1),
connected('adc_measurement$0733134899$0$res_sel','adc_measurement$425520431$0$res_sel',1),
connected('can_node$788881170$0$pin','can_node$0829860$0$pad',1),
connected('can_node$788881232$0$pin','can_node$0829798$0$pad',1),
connected('can_node$0829860$0$pad','can_node$788881170$0$pin',1),
connected('can_node$0829860$0$pad','can_node$1758010900$0$rxd',1),
connected('can_node$1758010900$0$txd','can_node$0829798$0$pad',1),
connected('can_node$0829798$0$pad','can_node$788881232$0$pin',1),
connected('analog_io$01694626416$0$pin','analog_io$0459569530$0$pad',1),
connected('analog_io$0459569530$0$pad','analog_io$01694626416$0$pin',1),
uri_element_range(ANALOG_IO0sv0,[14, 15])],'analog_io$01694626416$0',Result),15,writeln(timeout),all_solution, Timer, Due, Remainder).



Apr 12, 2022 1:31:50 PM java.util.logging.LogManager$RootLogger log
INFO: 
End of solver : getFeasiblePins() :  Difference in ms 222


Apr 12, 2022 1:31:50 PM java.util.logging.LogManager$RootLogger log
INFO: [/devicepackage/0/37, /devicepackage/0/36, /devicepackage/0/31, /devicepackage/0/30, /devicepackage/0/39, /devicepackage/0/38, /devicepackage/0/29, /devicepackage/0/27, /devicepackage/0/28, /devicepackage/0/21, /devicepackage/0/22, /devicepackage/0/20, /devicepackage/0/25, /devicepackage/0/26, /devicepackage/0/23, /devicepackage/0/24, /devicepackage/0/18, /devicepackage/0/19]


