2022-10-10 16:24:58,456 [INFO] Activator:177 - 


2022-10-10 16:24:58,459 [INFO] Activator:178 - !SESSION log4j initialized
2022-10-10 16:25:30,253 [ERROR] LogOutputStream:74 - [STDERR_REDIRECT] SLF4J: Failed to load class "org.slf4j.impl.StaticLoggerBinder".
2022-10-10 16:25:30,255 [ERROR] LogOutputStream:74 - [STDERR_REDIRECT] SLF4J: Defaulting to no-operation (NOP) logger implementation
2022-10-10 16:25:30,256 [ERROR] LogOutputStream:74 - [STDERR_REDIRECT] SLF4J: See http://www.slf4j.org/codes.html#StaticLoggerBinder for further details.
2023-02-13 15:34:03,442 [INFO] Activator:177 - 


2023-02-13 15:34:03,446 [INFO] Activator:178 - !SESSION log4j initialized
2023-02-13 15:34:58,517 [ERROR] LogOutputStream:74 - [STDERR_REDIRECT] SLF4J: Failed to load class "org.slf4j.impl.StaticLoggerBinder".
2023-02-13 15:34:58,517 [ERROR] LogOutputStream:74 - [STDERR_REDIRECT] SLF4J: Defaulting to no-operation (NOP) logger implementation
2023-02-13 15:34:58,521 [ERROR] LogOutputStream:74 - [STDERR_REDIRECT] SLF4J: See http://www.slf4j.org/codes.html#StaticLoggerBinder for further details.
2023-02-14 17:16:29,886 [INFO] Activator:177 - 


2023-02-14 17:16:29,887 [INFO] Activator:178 - !SESSION log4j initialized
2023-02-14 17:17:10,898 [ERROR] LogOutputStream:74 - [STDERR_REDIRECT] SLF4J: Failed to load class "org.slf4j.impl.StaticLoggerBinder".
2023-02-14 17:17:10,899 [ERROR] LogOutputStream:74 - [STDERR_REDIRECT] SLF4J: Defaulting to no-operation (NOP) logger implementation
2023-02-14 17:17:10,903 [ERROR] LogOutputStream:74 - [STDERR_REDIRECT] SLF4J: See http://www.slf4j.org/codes.html#StaticLoggerBinder for further details.
2023-02-15 14:05:34,896 [INFO] Activator:177 - 


2023-02-15 14:05:34,898 [INFO] Activator:178 - !SESSION log4j initialized
2023-02-15 14:06:09,730 [ERROR] LogOutputStream:74 - [STDERR_REDIRECT] SLF4J: Failed to load class "org.slf4j.impl.StaticLoggerBinder".
2023-02-15 14:06:09,731 [ERROR] LogOutputStream:74 - [STDERR_REDIRECT] SLF4J: Defaulting to no-operation (NOP) logger implementation
2023-02-15 14:06:09,733 [ERROR] LogOutputStream:74 - [STDERR_REDIRECT] SLF4J: See http://www.slf4j.org/codes.html#StaticLoggerBinder for further details.
2023-02-16 16:02:06,218 [INFO] Activator:177 - 


2023-02-16 16:02:06,220 [INFO] Activator:178 - !SESSION log4j initialized
2023-02-16 16:02:43,885 [ERROR] LogOutputStream:74 - [STDERR_REDIRECT] SLF4J: Failed to load class "org.slf4j.impl.StaticLoggerBinder".
2023-02-16 16:02:43,887 [ERROR] LogOutputStream:74 - [STDERR_REDIRECT] SLF4J: Defaulting to no-operation (NOP) logger implementation
2023-02-16 16:02:43,889 [ERROR] LogOutputStream:74 - [STDERR_REDIRECT] SLF4J: See http://www.slf4j.org/codes.html#StaticLoggerBinder for further details.
