   1              	 .syntax unified
   2              	 .cpu cortex-m4
   3              	 .eabi_attribute 27,3
   4              	 .fpu fpv4-sp-d16
   5              	 .eabi_attribute 20,1
   6              	 .eabi_attribute 21,1
   7              	 .eabi_attribute 23,3
   8              	 .eabi_attribute 24,1
   9              	 .eabi_attribute 25,1
  10              	 .eabi_attribute 26,1
  11              	 .eabi_attribute 30,6
  12              	 .eabi_attribute 34,1
  13              	 .eabi_attribute 18,4
  14              	 .thumb
  15              	 .file "freertos.c"
  16              	 .text
  17              	.Ltext0:
  18              	 .cfi_sections .debug_frame
  19              	 .section .text.FREERTOS_GetAppVersion,"ax",%progbits
  20              	 .align 2
  21              	 .global FREERTOS_GetAppVersion
  22              	 .thumb
  23              	 .thumb_func
  25              	FREERTOS_GetAppVersion:
  26              	.LFB142:
  27              	 .file 1 "../Dave/Generated/FREERTOS/freertos.c"
   1:../Dave/Generated/FREERTOS/freertos.c **** 
   2:../Dave/Generated/FREERTOS/freertos.c **** /**
   3:../Dave/Generated/FREERTOS/freertos.c ****  * @file freertos.c
   4:../Dave/Generated/FREERTOS/freertos.c ****  * @date 2017-03-28
   5:../Dave/Generated/FREERTOS/freertos.c ****  *
   6:../Dave/Generated/FREERTOS/freertos.c ****  * NOTE:
   7:../Dave/Generated/FREERTOS/freertos.c ****  * This file is generated by DAVE. Any manual modification done to this file will be lost when the 
   8:../Dave/Generated/FREERTOS/freertos.c ****  *
   9:../Dave/Generated/FREERTOS/freertos.c ****  * @cond
  10:../Dave/Generated/FREERTOS/freertos.c ****  **************************************************************************************************
  11:../Dave/Generated/FREERTOS/freertos.c ****  * FREERTOS v4.1.2 - FREERTOS software library for DAVE
  12:../Dave/Generated/FREERTOS/freertos.c ****  *
  13:../Dave/Generated/FREERTOS/freertos.c ****  * Copyright (c) 2015-2017, Infineon Technologies AG
  14:../Dave/Generated/FREERTOS/freertos.c ****  * All rights reserved.
  15:../Dave/Generated/FREERTOS/freertos.c ****  *
  16:../Dave/Generated/FREERTOS/freertos.c ****  * Redistribution and use in source and binary forms, with or without modification,are permitted pr
  17:../Dave/Generated/FREERTOS/freertos.c ****  * following conditions are met:
  18:../Dave/Generated/FREERTOS/freertos.c ****  *
  19:../Dave/Generated/FREERTOS/freertos.c ****  *   Redistributions of source code must retain the above copyright notice, this list of conditions
  20:../Dave/Generated/FREERTOS/freertos.c ****  *   disclaimer.
  21:../Dave/Generated/FREERTOS/freertos.c ****  *
  22:../Dave/Generated/FREERTOS/freertos.c ****  *   Redistributions in binary form must reproduce the above copyright notice, this list of conditi
  23:../Dave/Generated/FREERTOS/freertos.c ****  *   following disclaimer in the documentation and/or other materials provided with the distributio
  24:../Dave/Generated/FREERTOS/freertos.c ****  *
  25:../Dave/Generated/FREERTOS/freertos.c ****  *   Neither the name of the copyright holders nor the names of its contributors may be used to end
  26:../Dave/Generated/FREERTOS/freertos.c ****  *   products derived from this software without specific prior written permission.
  27:../Dave/Generated/FREERTOS/freertos.c ****  *
  28:../Dave/Generated/FREERTOS/freertos.c ****  * THIS SOFTWARE IS PROVIDED BY THE COPYRIGHT HOLDERS AND CONTRIBUTORS "AS IS" AND ANY EXPRESS OR I
  29:../Dave/Generated/FREERTOS/freertos.c ****  * INCLUDING, BUT NOT LIMITED TO, THE IMPLIED WARRANTIES OF MERCHANTABILITY AND FITNESS FOR A PARTI
  30:../Dave/Generated/FREERTOS/freertos.c ****  * DISCLAIMED. IN NO EVENT SHALL THE COPYRIGHT HOLDER OR CONTRIBUTORS BE LIABLE  FOR ANY DIRECT, IN
  31:../Dave/Generated/FREERTOS/freertos.c ****  * SPECIAL, EXEMPLARY, OR CONSEQUENTIAL DAMAGES (INCLUDING, BUT NOT LIMITED TO, PROCUREMENT OF SUBS
  32:../Dave/Generated/FREERTOS/freertos.c ****  * SERVICES; LOSS OF USE, DATA, OR PROFITS; OR BUSINESS INTERRUPTION) HOWEVER CAUSED AND ON ANY THE
  33:../Dave/Generated/FREERTOS/freertos.c ****  * WHETHER IN CONTRACT, STRICT LIABILITY,OR TORT (INCLUDING NEGLIGENCE OR OTHERWISE) ARISING IN ANY
  34:../Dave/Generated/FREERTOS/freertos.c ****  * USE OF THIS SOFTWARE, EVEN IF ADVISED OF THE POSSIBILITY OF SUCH DAMAGE.
  35:../Dave/Generated/FREERTOS/freertos.c ****  *
  36:../Dave/Generated/FREERTOS/freertos.c ****  * To improve the quality of the software, users are encouraged to share modifications, enhancement
  37:../Dave/Generated/FREERTOS/freertos.c ****  * with Infineon Technologies AG (dave@infineon.com).
  38:../Dave/Generated/FREERTOS/freertos.c ****  **************************************************************************************************
  39:../Dave/Generated/FREERTOS/freertos.c ****  *
  40:../Dave/Generated/FREERTOS/freertos.c ****  * Change History
  41:../Dave/Generated/FREERTOS/freertos.c ****  * --------------
  42:../Dave/Generated/FREERTOS/freertos.c ****  *
  43:../Dave/Generated/FREERTOS/freertos.c ****  * 2015-06-25:
  44:../Dave/Generated/FREERTOS/freertos.c ****  *     - Initial version <br>
  45:../Dave/Generated/FREERTOS/freertos.c ****  *
  46:../Dave/Generated/FREERTOS/freertos.c ****  * 2017-03-28:
  47:../Dave/Generated/FREERTOS/freertos.c ****  *     - Fix undefined _WEAK symbol 
  48:../Dave/Generated/FREERTOS/freertos.c ****  *
  49:../Dave/Generated/FREERTOS/freertos.c ****  * @endcond
  50:../Dave/Generated/FREERTOS/freertos.c ****  */
  51:../Dave/Generated/FREERTOS/freertos.c **** 
  52:../Dave/Generated/FREERTOS/freertos.c **** /**************************************************************************************************
  53:../Dave/Generated/FREERTOS/freertos.c ****  * HEADER FILES
  54:../Dave/Generated/FREERTOS/freertos.c ****  **************************************************************************************************
  55:../Dave/Generated/FREERTOS/freertos.c **** 
  56:../Dave/Generated/FREERTOS/freertos.c **** #include "freertos.h"
  57:../Dave/Generated/FREERTOS/freertos.c **** #include "xmc_common.h"
  58:../Dave/Generated/FREERTOS/freertos.c **** 
  59:../Dave/Generated/FREERTOS/freertos.c **** /**************************************************************************************************
  60:../Dave/Generated/FREERTOS/freertos.c ****  * MACROS
  61:../Dave/Generated/FREERTOS/freertos.c ****  **************************************************************************************************
  62:../Dave/Generated/FREERTOS/freertos.c **** 
  63:../Dave/Generated/FREERTOS/freertos.c **** /**************************************************************************************************
  64:../Dave/Generated/FREERTOS/freertos.c ****  * LOCAL DATA
  65:../Dave/Generated/FREERTOS/freertos.c ****  **************************************************************************************************
  66:../Dave/Generated/FREERTOS/freertos.c **** 
  67:../Dave/Generated/FREERTOS/freertos.c **** /**************************************************************************************************
  68:../Dave/Generated/FREERTOS/freertos.c ****  * LOCAL ROUTINES
  69:../Dave/Generated/FREERTOS/freertos.c ****  **************************************************************************************************
  70:../Dave/Generated/FREERTOS/freertos.c **** 
  71:../Dave/Generated/FREERTOS/freertos.c **** /**************************************************************************************************
  72:../Dave/Generated/FREERTOS/freertos.c ****  * API IMPLEMENTATION
  73:../Dave/Generated/FREERTOS/freertos.c ****  **************************************************************************************************
  74:../Dave/Generated/FREERTOS/freertos.c **** 
  75:../Dave/Generated/FREERTOS/freertos.c **** /**
  76:../Dave/Generated/FREERTOS/freertos.c **** * @brief Get FREERTOS APP version
  77:../Dave/Generated/FREERTOS/freertos.c **** * @return DAVE_APP_VERSION_t APP version information (major, minor and patch number)
  78:../Dave/Generated/FREERTOS/freertos.c **** */
  79:../Dave/Generated/FREERTOS/freertos.c **** DAVE_APP_VERSION_t FREERTOS_GetAppVersion(void)
  80:../Dave/Generated/FREERTOS/freertos.c **** {
  28              	 .loc 1 80 0
  29              	 .cfi_startproc
  30              	 
  31              	 
  32              	 
  33 0000 80B4     	 push {r7}
  34              	 .cfi_def_cfa_offset 4
  35              	 .cfi_offset 7,-4
  36 0002 83B0     	 sub sp,sp,#12
  37              	 .cfi_def_cfa_offset 16
  38 0004 00AF     	 add r7,sp,#0
  39              	 .cfi_def_cfa_register 7
  81:../Dave/Generated/FREERTOS/freertos.c ****   DAVE_APP_VERSION_t version;
  82:../Dave/Generated/FREERTOS/freertos.c **** 
  83:../Dave/Generated/FREERTOS/freertos.c ****   version.major = (uint8_t)FREERTOS_MAJOR_VERSION;
  40              	 .loc 1 83 0
  41 0006 0423     	 movs r3,#4
  42 0008 3B70     	 strb r3,[r7]
  84:../Dave/Generated/FREERTOS/freertos.c ****   version.minor = (uint8_t)FREERTOS_MINOR_VERSION;
  43              	 .loc 1 84 0
  44 000a 0123     	 movs r3,#1
  45 000c 7B70     	 strb r3,[r7,#1]
  85:../Dave/Generated/FREERTOS/freertos.c ****   version.patch = (uint8_t)FREERTOS_PATCH_VERSION;
  46              	 .loc 1 85 0
  47 000e 0223     	 movs r3,#2
  48 0010 BB70     	 strb r3,[r7,#2]
  86:../Dave/Generated/FREERTOS/freertos.c **** 
  87:../Dave/Generated/FREERTOS/freertos.c ****   return version;
  49              	 .loc 1 87 0
  50 0012 3B1D     	 adds r3,r7,#4
  51 0014 3A46     	 mov r2,r7
  52 0016 1268     	 ldr r2,[r2]
  53 0018 1146     	 mov r1,r2
  54 001a 1980     	 strh r1,[r3]
  55 001c 0233     	 adds r3,r3,#2
  56 001e 120C     	 lsrs r2,r2,#16
  57 0020 1A70     	 strb r2,[r3]
  58 0022 0023     	 movs r3,#0
  59 0024 3A79     	 ldrb r2,[r7,#4]
  60 0026 62F30703 	 bfi r3,r2,#0,#8
  61 002a 7A79     	 ldrb r2,[r7,#5]
  62 002c 62F30F23 	 bfi r3,r2,#8,#8
  63 0030 BA79     	 ldrb r2,[r7,#6]
  64 0032 62F31743 	 bfi r3,r2,#16,#8
  88:../Dave/Generated/FREERTOS/freertos.c **** }
  65              	 .loc 1 88 0
  66 0036 1846     	 mov r0,r3
  67 0038 0C37     	 adds r7,r7,#12
  68              	 .cfi_def_cfa_offset 4
  69 003a BD46     	 mov sp,r7
  70              	 .cfi_def_cfa_register 13
  71              	 
  72 003c 5DF8047B 	 ldr r7,[sp],#4
  73              	 .cfi_restore 7
  74              	 .cfi_def_cfa_offset 0
  75 0040 7047     	 bx lr
  76              	 .cfi_endproc
  77              	.LFE142:
  79 0042 00BF     	 .text
  80              	.Letext0:
  81              	 .file 2 "c:\\infineon\\tools\\dave ide\\4.5.0.202105191637\\eclipse\\arm-gcc-49\\arm-none-eabi\\include\\machine\\_default_types.h"
  82              	 .file 3 "c:\\infineon\\tools\\dave ide\\4.5.0.202105191637\\eclipse\\arm-gcc-49\\arm-none-eabi\\include\\stdint.h"
  83              	 .file 4 "C:/Users/Yoshi/Documents/GitHub/Software/01_jrg/04_CANModule/CAN_Modul_keckvale_AH/Dave/Generated/DAVE_common.h"
  84              	 .file 5 "C:/Users/Yoshi/Documents/GitHub/Software/01_jrg/04_CANModule/CAN_Modul_keckvale_AH/Libraries/CMSIS/Include/cmsis_gcc.h"
  85              	 .file 6 "C:/Users/Yoshi/Documents/GitHub/Software/01_jrg/04_CANModule/CAN_Modul_keckvale_AH/Libraries/CMSIS/Include/core_cm4.h"
DEFINED SYMBOLS
                            *ABS*:00000000 freertos.c
    {standard input}:20     .text.FREERTOS_GetAppVersion:00000000 $t
    {standard input}:25     .text.FREERTOS_GetAppVersion:00000000 FREERTOS_GetAppVersion
                     .debug_frame:00000010 $d

NO UNDEFINED SYMBOLS
