#-----------------------------------------------------------
# Webtalk v2019.1 (64-bit)
# SW Build 2552052 on Fri May 24 14:49:42 MDT 2019
# 
# Start of session at: Sun Jan 17 19:21:10 2021
# Process ID: 11896
# Current directory: C:/Users/Yoshi/Documents/FH/02_Master/02_MIC/Vivado/LED_IRQ/LED_IRQ.sdk/webtalk
# Command line: wbtcv.exe -mode batch -source sdk_webtalk.tcl
# Log file: C:/Users/Yoshi/Documents/FH/02_Master/02_MIC/Vivado/LED_IRQ/LED_IRQ.sdk/webtalk/webtalk.log
# Journal file: C:/Users/Yoshi/Documents/FH/02_Master/02_MIC/Vivado/LED_IRQ/LED_IRQ.sdk/webtalk\webtalk.jou
#-----------------------------------------------------------
source sdk_webtalk.tcl
# webtalk_init -webtalk_dir C:\\Users\\Yoshi\\Documents\\FH\\02_Master\\02_MIC\\Vivado\\LED_IRQ\\LED_IRQ.sdk\\webtalk
# webtalk_register_client -client project
# webtalk_add_data -client project -key date_generated -value "2021-01-17 19:21:07" -context "software_version_and_target_device"
# webtalk_add_data -client project -key product_version -value "SDK v2019.1" -context "software_version_and_target_device"
# webtalk_add_data -client project -key build_version -value "2019.1" -context "software_version_and_target_device"
# webtalk_add_data -client project -key os_platform -value "amd64" -context "software_version_and_target_device"
# webtalk_add_data -client project -key registration_id -value "" -context "software_version_and_target_device"
# webtalk_add_data -client project -key tool_flow -value "SDK" -context "software_version_and_target_device"
# webtalk_add_data -client project -key beta -value "false" -context "software_version_and_target_device"
# webtalk_add_data -client project -key route_design -value "NA" -context "software_version_and_target_device"
# webtalk_add_data -client project -key target_family -value "NA" -context "software_version_and_target_device"
# webtalk_add_data -client project -key target_device -value "NA" -context "software_version_and_target_device"
# webtalk_add_data -client project -key target_package -value "NA" -context "software_version_and_target_device"
# webtalk_add_data -client project -key target_speed -value "NA" -context "software_version_and_target_device"
# webtalk_add_data -client project -key random_id -value "imvc1r5famhg90t6too2aldh9b" -context "software_version_and_target_device"
# webtalk_add_data -client project -key project_id -value "2019.1_3" -context "software_version_and_target_device"
# webtalk_add_data -client project -key project_iteration -value "3" -context "software_version_and_target_device"
# webtalk_add_data -client project -key os_name -value "Microsoft Windows 8 or later , 64-bit" -context "user_environment"
# webtalk_add_data -client project -key os_release -value "major release  (build 9200)" -context "user_environment"
# webtalk_add_data -client project -key cpu_name -value "Intel(R) Core(TM) i7-7700HQ CPU @ 2.80GHz" -context "user_environment"
# webtalk_add_data -client project -key cpu_speed -value "2808 MHz" -context "user_environment"
# webtalk_add_data -client project -key total_processors -value "1" -context "user_environment"
# webtalk_add_data -client project -key system_ram -value "17.022 GB" -context "user_environment"
# webtalk_register_client -client sdk
# webtalk_add_data -client sdk -key uid -value "1610877150768" -context "sdk\\\\bsp/1610877150768"
# webtalk_add_data -client sdk -key hwid -value "1607606947598" -context "sdk\\\\bsp/1610877150768"
# webtalk_add_data -client sdk -key os -value "standalone" -context "sdk\\\\bsp/1610877150768"
# webtalk_add_data -client sdk -key apptemplate -value "memory_tests" -context "sdk\\\\bsp/1610877150768"
# webtalk_add_data -client sdk -key RecordType -value "BSPCreation" -context "sdk\\\\bsp/1610877150768"
# webtalk_add_data -client sdk -key uid -value "1610877153575" -context "sdk\\\\application/1610877153575"
# webtalk_add_data -client sdk -key hwid -value "1607606947598" -context "sdk\\\\application/1610877153575"
# webtalk_add_data -client sdk -key bspid -value "1610877150768" -context "sdk\\\\application/1610877153575"
# webtalk_add_data -client sdk -key newbsp -value "true" -context "sdk\\\\application/1610877153575"
# webtalk_add_data -client sdk -key os -value "standalone" -context "sdk\\\\application/1610877153575"
# webtalk_add_data -client sdk -key apptemplate -value "memory_tests" -context "sdk\\\\application/1610877153575"
# webtalk_add_data -client sdk -key RecordType -value "APPCreation" -context "sdk\\\\application/1610877153575"
# webtalk_add_data -client sdk -key LangUsed -value "C" -context "sdk\\\\application/1610877153575"
# webtalk_add_data -client sdk -key Procused -value "ps7_cortexa9" -context "sdk\\\\application/1610877153575"
# webtalk_add_data -client sdk -key uid -value "1610877755967" -context "sdk\\\\bsp/1610877755967"
# webtalk_add_data -client sdk -key hwid -value "1607606947598" -context "sdk\\\\bsp/1610877755967"
# webtalk_add_data -client sdk -key os -value "standalone" -context "sdk\\\\bsp/1610877755967"
# webtalk_add_data -client sdk -key apptemplate -value "memory_tests" -context "sdk\\\\bsp/1610877755967"
# webtalk_add_data -client sdk -key RecordType -value "BSPCreation" -context "sdk\\\\bsp/1610877755967"
# webtalk_add_data -client sdk -key uid -value "1610877757695" -context "sdk\\\\application/1610877757695"
# webtalk_add_data -client sdk -key hwid -value "1607606947598" -context "sdk\\\\application/1610877757695"
# webtalk_add_data -client sdk -key bspid -value "1610877755967" -context "sdk\\\\application/1610877757695"
# webtalk_add_data -client sdk -key newbsp -value "true" -context "sdk\\\\application/1610877757695"
# webtalk_add_data -client sdk -key os -value "standalone" -context "sdk\\\\application/1610877757695"
# webtalk_add_data -client sdk -key apptemplate -value "memory_tests" -context "sdk\\\\application/1610877757695"
# webtalk_add_data -client sdk -key RecordType -value "APPCreation" -context "sdk\\\\application/1610877757695"
# webtalk_add_data -client sdk -key LangUsed -value "C" -context "sdk\\\\application/1610877757695"
# webtalk_add_data -client sdk -key Procused -value "ps7_cortexa9" -context "sdk\\\\application/1610877757695"
# webtalk_add_data -client sdk -key uid -value "1610879728567" -context "sdk\\\\bsp/1610879728567"
# webtalk_add_data -client sdk -key hwid -value "1607606947598" -context "sdk\\\\bsp/1610879728567"
# webtalk_add_data -client sdk -key os -value "standalone" -context "sdk\\\\bsp/1610879728567"
# webtalk_add_data -client sdk -key apptemplate -value "hello_world" -context "sdk\\\\bsp/1610879728567"
# webtalk_add_data -client sdk -key RecordType -value "BSPCreation" -context "sdk\\\\bsp/1610879728567"
# webtalk_add_data -client sdk -key uid -value "1610879730524" -context "sdk\\\\application/1610879730524"
# webtalk_add_data -client sdk -key hwid -value "1607606947598" -context "sdk\\\\application/1610879730524"
# webtalk_add_data -client sdk -key bspid -value "1610879728567" -context "sdk\\\\application/1610879730524"
# webtalk_add_data -client sdk -key newbsp -value "true" -context "sdk\\\\application/1610879730524"
# webtalk_add_data -client sdk -key os -value "standalone" -context "sdk\\\\application/1610879730524"
# webtalk_add_data -client sdk -key apptemplate -value "hello_world" -context "sdk\\\\application/1610879730524"
# webtalk_add_data -client sdk -key RecordType -value "APPCreation" -context "sdk\\\\application/1610879730524"
# webtalk_add_data -client sdk -key LangUsed -value "C" -context "sdk\\\\application/1610879730524"
# webtalk_add_data -client sdk -key Procused -value "ps7_cortexa9" -context "sdk\\\\application/1610879730524"
# webtalk_add_data -client sdk -key projSize -value "1087.8359375" -context "sdk\\\\application/1610879730524"
# webtalk_add_data -client sdk -key uid -value "NA" -context "sdk\\\\bsp/1610907667419"
# webtalk_add_data -client sdk -key RecordType -value "ToolUsage" -context "sdk\\\\bsp/1610907667419"
# webtalk_add_data -client sdk -key BootgenCount -value "0" -context "sdk\\\\bsp/1610907667419"
# webtalk_add_data -client sdk -key DebugCount -value "67" -context "sdk\\\\bsp/1610907667419"
# webtalk_add_data -client sdk -key PerfCount -value "0" -context "sdk\\\\bsp/1610907667419"
# webtalk_add_data -client sdk -key FlashCount -value "0" -context "sdk\\\\bsp/1610907667419"
# webtalk_add_data -client sdk -key CrossTriggCount -value "0" -context "sdk\\\\bsp/1610907667419"
# webtalk_add_data -client sdk -key QemuDebugCount -value "0" -context "sdk\\\\bsp/1610907667419"
# webtalk_transmit -clientid 1947230866 -regid "" -xml C:\\Users\\Yoshi\\Documents\\FH\\02_Master\\02_MIC\\Vivado\\LED_IRQ\\LED_IRQ.sdk\\webtalk\\usage_statistics_ext_sdk.xml -html C:\\Users\\Yoshi\\Documents\\FH\\02_Master\\02_MIC\\Vivado\\LED_IRQ\\LED_IRQ.sdk\\webtalk\\usage_statistics_ext_sdk.html -wdm C:\\Users\\Yoshi\\Documents\\FH\\02_Master\\02_MIC\\Vivado\\LED_IRQ\\LED_IRQ.sdk\\webtalk\\sdk_webtalk.wdm -intro "<H3>SDK Usage Report</H3><BR>"
# webtalk_terminate
INFO: [Common 17-206] Exiting Webtalk at Sun Jan 17 19:21:10 2021...
