13:51:06 INFO  : Registering command handlers for SDK TCF services
13:51:07 INFO  : Launching XSCT server: xsct.bat -interactive D:\HDL\apps\proj_zybo_awfg\proj_zybo_awfg.sdk\temp_xsdb_launch_script.tcl
13:51:11 INFO  : XSCT server has started successfully.
13:51:15 INFO  : Successfully done setting XSCT server connection channel  
13:51:15 INFO  : Successfully done setting SDK workspace  
13:51:15 INFO  : Processing command line option -hwspec D:/HDL/apps/proj_zybo_awfg/proj_zybo_awfg.sdk/system_wrapper.hdf.
13:58:20 INFO  : Project 'system_wrapper_hw_platform_1' created. You can now create BSPs and application projects targeting this hardware platform.
14:14:27 INFO  : Connected to target on host '127.0.0.1' and port '3121'.
14:14:29 INFO  : Jtag cable 'Digilent Zybo 210279786303A' is selected.
14:14:29 INFO  : 'jtag frequency' command is executed.
14:14:29 INFO  : Sourcing of 'D:/HDL/apps/proj_zybo_awfg/proj_zybo_awfg.sdk/system_wrapper_hw_platform_1/ps7_init.tcl' is done.
14:14:29 INFO  : Context for 'APU' is selected.
14:14:30 INFO  : System reset is completed.
14:14:33 INFO  : 'after 3000' command is executed.
14:14:33 INFO  : 'targets -set -filter {jtag_cable_name =~ "Digilent Zybo 210279786303A" && level==0} -index 1' command is executed.
14:14:35 INFO  : FPGA configured successfully with bitstream "D:/HDL/apps/proj_zybo_awfg/proj_zybo_awfg.runs/impl_1/system_wrapper.bit"
14:14:35 INFO  : Context for 'APU' is selected.
14:14:35 INFO  : Hardware design information is loaded from 'D:/HDL/apps/proj_zybo_awfg/proj_zybo_awfg.sdk/system_wrapper_hw_platform_1/system.hdf'.
14:14:35 INFO  : 'configparams force-mem-access 1' command is executed.
14:14:35 INFO  : Context for 'APU' is selected.
14:14:36 INFO  : 'ps7_init' command is executed.
14:14:36 INFO  : 'ps7_post_config' command is executed.
14:14:36 INFO  : Context for processor 'ps7_cortexa9_0' is selected.
14:14:37 INFO  : The application 'D:/HDL/apps/proj_zybo_awfg/proj_zybo_awfg.sdk/awfg/Debug/awfg.elf' is downloaded to processor 'ps7_cortexa9_0'.
14:14:37 INFO  : 'configparams force-mem-access 0' command is executed.
14:14:37 INFO  : ----------------XSDB Script----------------
connect -url tcp:127.0.0.1:3121
source D:/HDL/apps/proj_zybo_awfg/proj_zybo_awfg.sdk/system_wrapper_hw_platform_1/ps7_init.tcl
targets -set -nocase -filter {name =~"APU*" && jtag_cable_name =~ "Digilent Zybo 210279786303A"} -index 0
rst -system
after 3000
targets -set -filter {jtag_cable_name =~ "Digilent Zybo 210279786303A" && level==0} -index 1
fpga -file D:/HDL/apps/proj_zybo_awfg/proj_zybo_awfg.runs/impl_1/system_wrapper.bit
targets -set -nocase -filter {name =~"APU*" && jtag_cable_name =~ "Digilent Zybo 210279786303A"} -index 0
loadhw -hw D:/HDL/apps/proj_zybo_awfg/proj_zybo_awfg.sdk/system_wrapper_hw_platform_1/system.hdf -mem-ranges [list {0x40000000 0xbfffffff}]
configparams force-mem-access 1
targets -set -nocase -filter {name =~"APU*" && jtag_cable_name =~ "Digilent Zybo 210279786303A"} -index 0
ps7_init
ps7_post_config
targets -set -nocase -filter {name =~ "ARM*#0" && jtag_cable_name =~ "Digilent Zybo 210279786303A"} -index 0
dow D:/HDL/apps/proj_zybo_awfg/proj_zybo_awfg.sdk/awfg/Debug/awfg.elf
configparams force-mem-access 0
----------------End of Script----------------

14:14:37 INFO  : Memory regions updated for context APU
14:14:37 INFO  : Context for processor 'ps7_cortexa9_0' is selected.
14:14:37 INFO  : 'con' command is executed.
14:14:37 INFO  : ----------------XSDB Script (After Launch)----------------
targets -set -nocase -filter {name =~ "ARM*#0" && jtag_cable_name =~ "Digilent Zybo 210279786303A"} -index 0
con
----------------End of Script----------------

14:14:37 INFO  : Launch script is exported to file 'D:\HDL\apps\proj_zybo_awfg\proj_zybo_awfg.sdk\.sdk\launch_scripts\xilinx_c-c++_application_(system_debugger)\system_debugger_using_debug_awfg.elf_on_local.tcl'
14:16:30 INFO  : Disconnected from the channel tcfchan#1.
14:16:31 INFO  : Connected to target on host '127.0.0.1' and port '3121'.
14:16:31 INFO  : Jtag cable 'Digilent Zybo 210279786303A' is selected.
14:16:31 INFO  : 'jtag frequency' command is executed.
14:16:31 INFO  : Sourcing of 'D:/HDL/apps/proj_zybo_awfg/proj_zybo_awfg.sdk/system_wrapper_hw_platform_1/ps7_init.tcl' is done.
14:16:31 INFO  : Context for 'APU' is selected.
14:16:31 INFO  : System reset is completed.
14:16:34 INFO  : 'after 3000' command is executed.
14:16:34 INFO  : 'targets -set -filter {jtag_cable_name =~ "Digilent Zybo 210279786303A" && level==0} -index 1' command is executed.
14:16:36 INFO  : FPGA configured successfully with bitstream "D:/HDL/apps/proj_zybo_awfg/proj_zybo_awfg.runs/impl_1/system_wrapper.bit"
14:16:36 INFO  : Context for 'APU' is selected.
14:16:36 INFO  : Hardware design information is loaded from 'D:/HDL/apps/proj_zybo_awfg/proj_zybo_awfg.sdk/system_wrapper_hw_platform_1/system.hdf'.
14:16:36 INFO  : 'configparams force-mem-access 1' command is executed.
14:16:36 INFO  : Context for 'APU' is selected.
14:16:36 INFO  : 'ps7_init' command is executed.
14:16:36 INFO  : 'ps7_post_config' command is executed.
14:16:36 INFO  : Context for processor 'ps7_cortexa9_0' is selected.
14:16:36 INFO  : The application 'D:/HDL/apps/proj_zybo_awfg/proj_zybo_awfg.sdk/awfg/Debug/awfg.elf' is downloaded to processor 'ps7_cortexa9_0'.
14:16:36 INFO  : 'configparams force-mem-access 0' command is executed.
14:16:36 INFO  : ----------------XSDB Script----------------
connect -url tcp:127.0.0.1:3121
source D:/HDL/apps/proj_zybo_awfg/proj_zybo_awfg.sdk/system_wrapper_hw_platform_1/ps7_init.tcl
targets -set -nocase -filter {name =~"APU*" && jtag_cable_name =~ "Digilent Zybo 210279786303A"} -index 0
rst -system
after 3000
targets -set -filter {jtag_cable_name =~ "Digilent Zybo 210279786303A" && level==0} -index 1
fpga -file D:/HDL/apps/proj_zybo_awfg/proj_zybo_awfg.runs/impl_1/system_wrapper.bit
targets -set -nocase -filter {name =~"APU*" && jtag_cable_name =~ "Digilent Zybo 210279786303A"} -index 0
loadhw -hw D:/HDL/apps/proj_zybo_awfg/proj_zybo_awfg.sdk/system_wrapper_hw_platform_1/system.hdf -mem-ranges [list {0x40000000 0xbfffffff}]
configparams force-mem-access 1
targets -set -nocase -filter {name =~"APU*" && jtag_cable_name =~ "Digilent Zybo 210279786303A"} -index 0
ps7_init
ps7_post_config
targets -set -nocase -filter {name =~ "ARM*#0" && jtag_cable_name =~ "Digilent Zybo 210279786303A"} -index 0
dow D:/HDL/apps/proj_zybo_awfg/proj_zybo_awfg.sdk/awfg/Debug/awfg.elf
configparams force-mem-access 0
----------------End of Script----------------

14:16:36 INFO  : Memory regions updated for context APU
14:16:36 INFO  : Context for processor 'ps7_cortexa9_0' is selected.
14:16:36 INFO  : 'con' command is executed.
14:16:36 INFO  : ----------------XSDB Script (After Launch)----------------
targets -set -nocase -filter {name =~ "ARM*#0" && jtag_cable_name =~ "Digilent Zybo 210279786303A"} -index 0
con
----------------End of Script----------------

14:16:36 INFO  : Launch script is exported to file 'D:\HDL\apps\proj_zybo_awfg\proj_zybo_awfg.sdk\.sdk\launch_scripts\xilinx_c-c++_application_(system_debugger)\system_debugger_using_debug_awfg.elf_on_local.tcl'
14:29:08 INFO  : SDK has detected change in the last modified timestamps for source hardware specification file Source:1655296014617,  Project:1654859527210
14:29:08 INFO  : Project system_wrapper_hw_platform_0's source hardware specification located at D:/HDL/apps/proj_zybo_awfg/proj_zybo_awfg.sdk/system_wrapper.hdf is now different from the local copy.
		 The local copy will be replaced with the source specification and your workspace will be updated.
