   1              	 .syntax unified
   2              	 .cpu cortex-m4
   3              	 .eabi_attribute 27,3
   4              	 .fpu fpv4-sp-d16
   5              	 .eabi_attribute 20,1
   6              	 .eabi_attribute 21,1
   7              	 .eabi_attribute 23,3
   8              	 .eabi_attribute 24,1
   9              	 .eabi_attribute 25,1
  10              	 .eabi_attribute 26,1
  11              	 .eabi_attribute 30,6
  12              	 .eabi_attribute 34,1
  13              	 .eabi_attribute 18,4
  14              	 .thumb
  15              	 .file "can_node_conf.c"
  16              	 .text
  17              	.Ltext0:
  18              	 .cfi_sections .debug_frame
  19              	 .global CAN_2_gpio_out
  20              	 .section .rodata.CAN_2_gpio_out,"a",%progbits
  21              	 .align 2
  24              	CAN_2_gpio_out:
  25 0000 00810248 	 .word 1208123648
  26 0004 05       	 .byte 5
  27 0005 000000   	 .space 3
  28              	 .global CAN_2_gpio_out_config
  29              	 .section .rodata.CAN_2_gpio_out_config,"a",%progbits
  30              	 .align 2
  33              	CAN_2_gpio_out_config:
  34 0000 88       	 .byte -120
  35 0001 000000   	 .space 3
  36 0004 01000000 	 .word 1
  37 0008 02       	 .byte 2
  38 0009 000000   	 .space 3
  39              	 .global CAN_2_gpio_in
  40              	 .section .rodata.CAN_2_gpio_in,"a",%progbits
  41              	 .align 2
  44              	CAN_2_gpio_in:
  45 0000 00810248 	 .word 1208123648
  46 0004 04       	 .byte 4
  47 0005 000000   	 .space 3
  48              	 .global CAN_2_gpio_in_config
  49              	 .section .rodata.CAN_2_gpio_in_config,"a",%progbits
  50              	 .align 2
  53              	CAN_2_gpio_in_config:
  54 0000 00000000 	 .space 12
  54      00000000 
  54      00000000 
  55              	 .global CAN_2_BitTimeConfig
  56              	 .section .data.CAN_2_BitTimeConfig,"aw",%progbits
  57              	 .align 2
  60              	CAN_2_BitTimeConfig:
  61 0000 000E2707 	 .word 120000000
  62 0004 40420F00 	 .word 1000000
  63 0008 401F     	 .short 8000
  64 000a 0100     	 .short 1
  65              	 .global CAN_2_sr
  66              	 .section .rodata.CAN_2_sr,"a",%progbits
  67              	 .align 2
  70              	CAN_2_sr:
  71 0000 00000000 	 .space 4
  72              	 .global CAN_2_LMO_01
  73              	 .section .data.CAN_2_LMO_01,"aw",%progbits
  74              	 .align 3
  77              	CAN_2_LMO_01:
  78 0000 A0540148 	 .word 1208046752
  79 0004 22       	 .byte 34
  80 0005 02       	 .byte 2
  81 0006 00       	 .byte 0
  82 0007 80       	 .byte 128
  83 0008 FF       	 .byte 255
  84 0009 07       	 .byte 7
  85 000a 00       	 .byte 0
  86 000b 00       	 .byte 0
  87 000c 08       	 .byte 8
  88 000d 000000   	 .space 3
  89 0010 00000000 	 .word 0
  90 0014 00000000 	 .word 0
  91 0018 00       	 .byte 0
  92 0019 00000000 	 .space 7
  92      000000
  93              	 .global CAN_2_LMO_01_Config
  94              	 .section .rodata.CAN_2_LMO_01_Config,"a",%progbits
  95              	 .align 2
  98              	CAN_2_LMO_01_Config:
  99 0000 00000000 	 .word CAN_2_LMO_01
 100 0004 25       	 .byte 37
 101 0005 00       	 .byte 0
 102 0006 00       	 .byte 0
 103 0007 00       	 .byte 0
 104 0008 00       	 .byte 0
 105 0009 000000   	 .space 3
 106              	 .global CAN_2_LMO_02
 107              	 .section .data.CAN_2_LMO_02,"aw",%progbits
 108              	 .align 3
 111              	CAN_2_LMO_02:
 112 0000 C0540148 	 .word 1208046784
 113 0004 20       	 .byte 32
 114 0005 05       	 .byte 5
 115 0006 00       	 .byte 0
 116 0007 80       	 .byte 128
 117 0008 FF       	 .byte 255
 118 0009 07       	 .byte 7
 119 000a 00       	 .byte 0
 120 000b 00       	 .byte 0
 121 000c 08       	 .byte 8
 122 000d 000000   	 .space 3
 123 0010 00000000 	 .word 0
 124 0014 00000000 	 .word 0
 125 0018 00       	 .byte 0
 126 0019 00000000 	 .space 7
 126      000000
 127              	 .global CAN_2_LMO_02_Config
 128              	 .section .rodata.CAN_2_LMO_02_Config,"a",%progbits
 129              	 .align 2
 132              	CAN_2_LMO_02_Config:
 133 0000 00000000 	 .word CAN_2_LMO_02
 134 0004 26       	 .byte 38
 135 0005 00       	 .byte 0
 136 0006 00       	 .byte 0
 137 0007 00       	 .byte 0
 138 0008 00       	 .byte 0
 139 0009 000000   	 .space 3
 140              	 .global CAN_2_LMO_03
 141              	 .section .data.CAN_2_LMO_03,"aw",%progbits
 142              	 .align 3
 145              	CAN_2_LMO_03:
 146 0000 E0540148 	 .word 1208046816
 147 0004 21       	 .byte 33
 148 0005 05       	 .byte 5
 149 0006 00       	 .byte 0
 150 0007 80       	 .byte 128
 151 0008 FF       	 .byte 255
 152 0009 07       	 .byte 7
 153 000a 00       	 .byte 0
 154 000b 00       	 .byte 0
 155 000c 08       	 .byte 8
 156 000d 000000   	 .space 3
 157 0010 00000000 	 .word 0
 158 0014 00000000 	 .word 0
 159 0018 00       	 .byte 0
 160 0019 00000000 	 .space 7
 160      000000
 161              	 .global CAN_2_LMO_03_Config
 162              	 .section .rodata.CAN_2_LMO_03_Config,"a",%progbits
 163              	 .align 2
 166              	CAN_2_LMO_03_Config:
 167 0000 00000000 	 .word CAN_2_LMO_03
 168 0004 27       	 .byte 39
 169 0005 00       	 .byte 0
 170 0006 00       	 .byte 0
 171 0007 00       	 .byte 0
 172 0008 00       	 .byte 0
 173 0009 000000   	 .space 3
 174              	 .global CAN_2_LMO_04
 175              	 .section .data.CAN_2_LMO_04,"aw",%progbits
 176              	 .align 3
 179              	CAN_2_LMO_04:
 180 0000 C0530148 	 .word 1208046528
 181 0004 DF       	 .byte 223
 182 0005 07       	 .byte 7
 183 0006 00       	 .byte 0
 184 0007 80       	 .byte 128
 185 0008 FF       	 .byte 255
 186 0009 07       	 .byte 7
 187 000a 00       	 .byte 0
 188 000b 00       	 .byte 0
 189 000c 08       	 .byte 8
 190 000d 000000   	 .space 3
 191 0010 00000000 	 .word 0
 192 0014 00000000 	 .word 0
 193 0018 00       	 .byte 0
 194 0019 00000000 	 .space 7
 194      000000
 195              	 .global CAN_2_LMO_04_Config
 196              	 .section .rodata.CAN_2_LMO_04_Config,"a",%progbits
 197              	 .align 2
 200              	CAN_2_LMO_04_Config:
 201 0000 00000000 	 .word CAN_2_LMO_04
 202 0004 1E       	 .byte 30
 203 0005 00       	 .byte 0
 204 0006 00       	 .byte 0
 205 0007 00       	 .byte 0
 206 0008 00       	 .byte 0
 207 0009 000000   	 .space 3
 208              	 .global CAN_2_LMO_05
 209              	 .section .data.CAN_2_LMO_05,"aw",%progbits
 210              	 .align 3
 213              	CAN_2_LMO_05:
 214 0000 E0530148 	 .word 1208046560
 215 0004 E0       	 .byte 224
 216 0005 07       	 .byte 7
 217 0006 00       	 .byte 0
 218 0007 80       	 .byte 128
 219 0008 FF       	 .byte 255
 220 0009 07       	 .byte 7
 221 000a 00       	 .byte 0
 222 000b 00       	 .byte 0
 223 000c 08       	 .byte 8
 224 000d 000000   	 .space 3
 225 0010 00000000 	 .word 0
 226 0014 00000000 	 .word 0
 227 0018 00       	 .byte 0
 228 0019 00000000 	 .space 7
 228      000000
 229              	 .global CAN_2_LMO_05_Config
 230              	 .section .rodata.CAN_2_LMO_05_Config,"a",%progbits
 231              	 .align 2
 234              	CAN_2_LMO_05_Config:
 235 0000 00000000 	 .word CAN_2_LMO_05
 236 0004 1F       	 .byte 31
 237 0005 00       	 .byte 0
 238 0006 00       	 .byte 0
 239 0007 00       	 .byte 0
 240 0008 00       	 .byte 0
 241 0009 000000   	 .space 3
 242              	 .global CAN_2_LMO_06
 243              	 .section .data.CAN_2_LMO_06,"aw",%progbits
 244              	 .align 3
 247              	CAN_2_LMO_06:
 248 0000 00540148 	 .word 1208046592
 249 0004 E2       	 .byte 226
 250 0005 07       	 .byte 7
 251 0006 00       	 .byte 0
 252 0007 80       	 .byte 128
 253 0008 FF       	 .byte 255
 254 0009 07       	 .byte 7
 255 000a 00       	 .byte 0
 256 000b 00       	 .byte 0
 257 000c 08       	 .byte 8
 258 000d 000000   	 .space 3
 259 0010 00000000 	 .word 0
 260 0014 00000000 	 .word 0
 261 0018 00       	 .byte 0
 262 0019 00000000 	 .space 7
 262      000000
 263              	 .global CAN_2_LMO_06_Config
 264              	 .section .rodata.CAN_2_LMO_06_Config,"a",%progbits
 265              	 .align 2
 268              	CAN_2_LMO_06_Config:
 269 0000 00000000 	 .word CAN_2_LMO_06
 270 0004 20       	 .byte 32
 271 0005 00       	 .byte 0
 272 0006 00       	 .byte 0
 273 0007 00       	 .byte 0
 274 0008 00       	 .byte 0
 275 0009 000000   	 .space 3
 276              	 .global CAN_2_LMO_07
 277              	 .section .data.CAN_2_LMO_07,"aw",%progbits
 278              	 .align 3
 281              	CAN_2_LMO_07:
 282 0000 20540148 	 .word 1208046624
 283 0004 4A       	 .byte 74
 284 0005 02       	 .byte 2
 285 0006 00       	 .byte 0
 286 0007 80       	 .byte 128
 287 0008 FF       	 .byte 255
 288 0009 07       	 .byte 7
 289 000a 00       	 .byte 0
 290 000b 00       	 .byte 0
 291 000c 08       	 .byte 8
 292 000d 000000   	 .space 3
 293 0010 00000000 	 .word 0
 294 0014 00000000 	 .word 0
 295 0018 00       	 .byte 0
 296 0019 00000000 	 .space 7
 296      000000
 297              	 .global CAN_2_LMO_07_Config
 298              	 .section .rodata.CAN_2_LMO_07_Config,"a",%progbits
 299              	 .align 2
 302              	CAN_2_LMO_07_Config:
 303 0000 00000000 	 .word CAN_2_LMO_07
 304 0004 21       	 .byte 33
 305 0005 00       	 .byte 0
 306 0006 00       	 .byte 0
 307 0007 00       	 .byte 0
 308 0008 00       	 .byte 0
 309 0009 000000   	 .space 3
 310              	 .global CAN_2_LMO_08
 311              	 .section .data.CAN_2_LMO_08,"aw",%progbits
 312              	 .align 3
 315              	CAN_2_LMO_08:
 316 0000 40540148 	 .word 1208046656
 317 0004 C0       	 .byte 192
 318 0005 05       	 .byte 5
 319 0006 00       	 .byte 0
 320 0007 80       	 .byte 128
 321 0008 FF       	 .byte 255
 322 0009 07       	 .byte 7
 323 000a 00       	 .byte 0
 324 000b 00       	 .byte 0
 325 000c 08       	 .byte 8
 326 000d 000000   	 .space 3
 327 0010 00000000 	 .word 0
 328 0014 00000000 	 .word 0
 329 0018 00       	 .byte 0
 330 0019 00000000 	 .space 7
 330      000000
 331              	 .global CAN_2_LMO_08_Config
 332              	 .section .rodata.CAN_2_LMO_08_Config,"a",%progbits
 333              	 .align 2
 336              	CAN_2_LMO_08_Config:
 337 0000 00000000 	 .word CAN_2_LMO_08
 338 0004 22       	 .byte 34
 339 0005 00       	 .byte 0
 340 0006 00       	 .byte 0
 341 0007 00       	 .byte 0
 342 0008 00       	 .byte 0
 343 0009 000000   	 .space 3
 344              	 .global CAN_2_LMO_09
 345              	 .section .data.CAN_2_LMO_09,"aw",%progbits
 346              	 .align 3
 349              	CAN_2_LMO_09:
 350 0000 60540148 	 .word 1208046688
 351 0004 70       	 .byte 112
 352 0005 00       	 .byte 0
 353 0006 00       	 .byte 0
 354 0007 80       	 .byte 128
 355 0008 FF       	 .byte 255
 356 0009 07       	 .byte 7
 357 000a 00       	 .byte 0
 358 000b 00       	 .byte 0
 359 000c 08       	 .byte 8
 360 000d 000000   	 .space 3
 361 0010 00000000 	 .word 0
 362 0014 00000000 	 .word 0
 363 0018 00       	 .byte 0
 364 0019 00000000 	 .space 7
 364      000000
 365              	 .global CAN_2_LMO_09_Config
 366              	 .section .rodata.CAN_2_LMO_09_Config,"a",%progbits
 367              	 .align 2
 370              	CAN_2_LMO_09_Config:
 371 0000 00000000 	 .word CAN_2_LMO_09
 372 0004 23       	 .byte 35
 373 0005 00       	 .byte 0
 374 0006 00       	 .byte 0
 375 0007 00       	 .byte 0
 376 0008 00       	 .byte 0
 377 0009 000000   	 .space 3
 378              	 .global CAN_2_LMO_10
 379              	 .section .data.CAN_2_LMO_10,"aw",%progbits
 380              	 .align 3
 383              	CAN_2_LMO_10:
 384 0000 A0520148 	 .word 1208046240
 385 0004 80       	 .byte 128
 386 0005 00       	 .byte 0
 387 0006 00       	 .byte 0
 388 0007 80       	 .byte 128
 389 0008 FF       	 .byte 255
 390 0009 07       	 .byte 7
 391 000a 00       	 .byte 0
 392 000b 00       	 .byte 0
 393 000c 08       	 .byte 8
 394 000d 000000   	 .space 3
 395 0010 00000000 	 .word 0
 396 0014 00000000 	 .word 0
 397 0018 00       	 .byte 0
 398 0019 00000000 	 .space 7
 398      000000
 399              	 .global CAN_2_LMO_10_Config
 400              	 .section .rodata.CAN_2_LMO_10_Config,"a",%progbits
 401              	 .align 2
 404              	CAN_2_LMO_10_Config:
 405 0000 00000000 	 .word CAN_2_LMO_10
 406 0004 15       	 .byte 21
 407 0005 00       	 .byte 0
 408 0006 00       	 .byte 0
 409 0007 00       	 .byte 0
 410 0008 00       	 .byte 0
 411 0009 000000   	 .space 3
 412              	 .global CAN_2_LMO_11
 413              	 .section .data.CAN_2_LMO_11,"aw",%progbits
 414              	 .align 3
 417              	CAN_2_LMO_11:
 418 0000 C0520148 	 .word 1208046272
 419 0004 B0       	 .byte 176
 420 0005 04       	 .byte 4
 421 0006 00       	 .byte 0
 422 0007 80       	 .byte 128
 423 0008 FF       	 .byte 255
 424 0009 07       	 .byte 7
 425 000a 00       	 .byte 0
 426 000b 00       	 .byte 0
 427 000c 08       	 .byte 8
 428 000d 000000   	 .space 3
 429 0010 00000000 	 .word 0
 430 0014 00000000 	 .word 0
 431 0018 00       	 .byte 0
 432 0019 00000000 	 .space 7
 432      000000
 433              	 .global CAN_2_LMO_11_Config
 434              	 .section .rodata.CAN_2_LMO_11_Config,"a",%progbits
 435              	 .align 2
 438              	CAN_2_LMO_11_Config:
 439 0000 00000000 	 .word CAN_2_LMO_11
 440 0004 16       	 .byte 22
 441 0005 00       	 .byte 0
 442 0006 00       	 .byte 0
 443 0007 00       	 .byte 0
 444 0008 00       	 .byte 0
 445 0009 000000   	 .space 3
 446              	 .global CAN_2_LMO_12
 447              	 .section .data.CAN_2_LMO_12,"aw",%progbits
 448              	 .align 3
 451              	CAN_2_LMO_12:
 452 0000 C0500148 	 .word 1208045760
 453 0004 B1       	 .byte 177
 454 0005 04       	 .byte 4
 455 0006 00       	 .byte 0
 456 0007 80       	 .byte 128
 457 0008 FF       	 .byte 255
 458 0009 07       	 .byte 7
 459 000a 00       	 .byte 0
 460 000b 00       	 .byte 0
 461 000c 08       	 .byte 8
 462 000d 000000   	 .space 3
 463 0010 00000000 	 .word 0
 464 0014 00000000 	 .word 0
 465 0018 00       	 .byte 0
 466 0019 00000000 	 .space 7
 466      000000
 467              	 .global CAN_2_LMO_12_Config
 468              	 .section .rodata.CAN_2_LMO_12_Config,"a",%progbits
 469              	 .align 2
 472              	CAN_2_LMO_12_Config:
 473 0000 00000000 	 .word CAN_2_LMO_12
 474 0004 06       	 .byte 6
 475 0005 00       	 .byte 0
 476 0006 00       	 .byte 0
 477 0007 00       	 .byte 0
 478 0008 00       	 .byte 0
 479 0009 000000   	 .space 3
 480              	 .global CAN_2_LMO_13
 481              	 .section .data.CAN_2_LMO_13,"aw",%progbits
 482              	 .align 3
 485              	CAN_2_LMO_13:
 486 0000 A0500148 	 .word 1208045728
 487 0004 B4       	 .byte 180
 488 0005 04       	 .byte 4
 489 0006 00       	 .byte 0
 490 0007 80       	 .byte 128
 491 0008 FF       	 .byte 255
 492 0009 07       	 .byte 7
 493 000a 00       	 .byte 0
 494 000b 00       	 .byte 0
 495 000c 08       	 .byte 8
 496 000d 000000   	 .space 3
 497 0010 00000000 	 .word 0
 498 0014 00000000 	 .word 0
 499 0018 00       	 .byte 0
 500 0019 00000000 	 .space 7
 500      000000
 501              	 .global CAN_2_LMO_13_Config
 502              	 .section .rodata.CAN_2_LMO_13_Config,"a",%progbits
 503              	 .align 2
 506              	CAN_2_LMO_13_Config:
 507 0000 00000000 	 .word CAN_2_LMO_13
 508 0004 05       	 .byte 5
 509 0005 00       	 .byte 0
 510 0006 00       	 .byte 0
 511 0007 00       	 .byte 0
 512 0008 00       	 .byte 0
 513 0009 000000   	 .space 3
 514              	 .global CAN_2_LMO_14
 515              	 .section .data.CAN_2_LMO_14,"aw",%progbits
 516              	 .align 3
 519              	CAN_2_LMO_14:
 520 0000 00510148 	 .word 1208045824
 521 0004 B5       	 .byte 181
 522 0005 04       	 .byte 4
 523 0006 00       	 .byte 0
 524 0007 80       	 .byte 128
 525 0008 FF       	 .byte 255
 526 0009 07       	 .byte 7
 527 000a 00       	 .byte 0
 528 000b 00       	 .byte 0
 529 000c 08       	 .byte 8
 530 000d 000000   	 .space 3
 531 0010 00000000 	 .word 0
 532 0014 00000000 	 .word 0
 533 0018 00       	 .byte 0
 534 0019 00000000 	 .space 7
 534      000000
 535              	 .global CAN_2_LMO_14_Config
 536              	 .section .rodata.CAN_2_LMO_14_Config,"a",%progbits
 537              	 .align 2
 540              	CAN_2_LMO_14_Config:
 541 0000 00000000 	 .word CAN_2_LMO_14
 542 0004 08       	 .byte 8
 543 0005 00       	 .byte 0
 544 0006 00       	 .byte 0
 545 0007 00       	 .byte 0
 546 0008 00       	 .byte 0
 547 0009 000000   	 .space 3
 548              	 .global CAN_2_LMO_15
 549              	 .section .data.CAN_2_LMO_15,"aw",%progbits
 550              	 .align 3
 553              	CAN_2_LMO_15:
 554 0000 E0500148 	 .word 1208045792
 555 0004 B8       	 .byte 184
 556 0005 04       	 .byte 4
 557 0006 00       	 .byte 0
 558 0007 80       	 .byte 128
 559 0008 FF       	 .byte 255
 560 0009 07       	 .byte 7
 561 000a 00       	 .byte 0
 562 000b 00       	 .byte 0
 563 000c 08       	 .byte 8
 564 000d 000000   	 .space 3
 565 0010 00000000 	 .word 0
 566 0014 00000000 	 .word 0
 567 0018 00       	 .byte 0
 568 0019 00000000 	 .space 7
 568      000000
 569              	 .global CAN_2_LMO_15_Config
 570              	 .section .rodata.CAN_2_LMO_15_Config,"a",%progbits
 571              	 .align 2
 574              	CAN_2_LMO_15_Config:
 575 0000 00000000 	 .word CAN_2_LMO_15
 576 0004 07       	 .byte 7
 577 0005 00       	 .byte 0
 578 0006 00       	 .byte 0
 579 0007 00       	 .byte 0
 580 0008 00       	 .byte 0
 581 0009 000000   	 .space 3
 582              	 .global CAN_2_LMO_16
 583              	 .section .data.CAN_2_LMO_16,"aw",%progbits
 584              	 .align 3
 587              	CAN_2_LMO_16:
 588 0000 80570148 	 .word 1208047488
 589 0004 B9       	 .byte 185
 590 0005 04       	 .byte 4
 591 0006 00       	 .byte 0
 592 0007 80       	 .byte 128
 593 0008 FF       	 .byte 255
 594 0009 07       	 .byte 7
 595 000a 00       	 .byte 0
 596 000b 00       	 .byte 0
 597 000c 08       	 .byte 8
 598 000d 000000   	 .space 3
 599 0010 00000000 	 .word 0
 600 0014 00000000 	 .word 0
 601 0018 00       	 .byte 0
 602 0019 00000000 	 .space 7
 602      000000
 603              	 .global CAN_2_LMO_16_Config
 604              	 .section .rodata.CAN_2_LMO_16_Config,"a",%progbits
 605              	 .align 2
 608              	CAN_2_LMO_16_Config:
 609 0000 00000000 	 .word CAN_2_LMO_16
 610 0004 3C       	 .byte 60
 611 0005 00       	 .byte 0
 612 0006 00       	 .byte 0
 613 0007 00       	 .byte 0
 614 0008 00       	 .byte 0
 615 0009 000000   	 .space 3
 616              	 .global CAN_2_LMO_17
 617              	 .section .data.CAN_2_LMO_17,"aw",%progbits
 618              	 .align 3
 621              	CAN_2_LMO_17:
 622 0000 20510148 	 .word 1208045856
 623 0004 BC       	 .byte 188
 624 0005 04       	 .byte 4
 625 0006 00       	 .byte 0
 626 0007 80       	 .byte 128
 627 0008 FF       	 .byte 255
 628 0009 07       	 .byte 7
 629 000a 00       	 .byte 0
 630 000b 00       	 .byte 0
 631 000c 08       	 .byte 8
 632 000d 000000   	 .space 3
 633 0010 00000000 	 .word 0
 634 0014 00000000 	 .word 0
 635 0018 00       	 .byte 0
 636 0019 00000000 	 .space 7
 636      000000
 637              	 .global CAN_2_LMO_17_Config
 638              	 .section .rodata.CAN_2_LMO_17_Config,"a",%progbits
 639              	 .align 2
 642              	CAN_2_LMO_17_Config:
 643 0000 00000000 	 .word CAN_2_LMO_17
 644 0004 09       	 .byte 9
 645 0005 00       	 .byte 0
 646 0006 00       	 .byte 0
 647 0007 00       	 .byte 0
 648 0008 00       	 .byte 0
 649 0009 000000   	 .space 3
 650              	 .global CAN_2_LMO_18
 651              	 .section .data.CAN_2_LMO_18,"aw",%progbits
 652              	 .align 3
 655              	CAN_2_LMO_18:
 656 0000 80540148 	 .word 1208046720
 657 0004 BD       	 .byte 189
 658 0005 04       	 .byte 4
 659 0006 00       	 .byte 0
 660 0007 80       	 .byte 128
 661 0008 FF       	 .byte 255
 662 0009 07       	 .byte 7
 663 000a 00       	 .byte 0
 664 000b 00       	 .byte 0
 665 000c 08       	 .byte 8
 666 000d 000000   	 .space 3
 667 0010 00000000 	 .word 0
 668 0014 00000000 	 .word 0
 669 0018 00       	 .byte 0
 670 0019 00000000 	 .space 7
 670      000000
 671              	 .global CAN_2_LMO_18_Config
 672              	 .section .rodata.CAN_2_LMO_18_Config,"a",%progbits
 673              	 .align 2
 676              	CAN_2_LMO_18_Config:
 677 0000 00000000 	 .word CAN_2_LMO_18
 678 0004 24       	 .byte 36
 679 0005 00       	 .byte 0
 680 0006 00       	 .byte 0
 681 0007 00       	 .byte 0
 682 0008 00       	 .byte 0
 683 0009 000000   	 .space 3
 684              	 .global CAN_2
 685              	 .section .rodata.CAN_2,"a",%progbits
 686              	 .align 2
 689              	CAN_2:
 690 0000 00000000 	 .word GLOBAL_CAN_0
 691 0004 00430148 	 .word 1208042240
 692 0008 00000000 	 .word CAN_2_BitTimeConfig
 693 000c 00000000 	 .word CAN_2_LMO_01_Config
 694 0010 00000000 	 .word CAN_2_LMO_02_Config
 695 0014 00000000 	 .word CAN_2_LMO_03_Config
 696 0018 00000000 	 .word CAN_2_LMO_04_Config
 697 001c 00000000 	 .word CAN_2_LMO_05_Config
 698 0020 00000000 	 .word CAN_2_LMO_06_Config
 699 0024 00000000 	 .word CAN_2_LMO_07_Config
 700 0028 00000000 	 .word CAN_2_LMO_08_Config
 701 002c 00000000 	 .word CAN_2_LMO_09_Config
 702 0030 00000000 	 .word CAN_2_LMO_10_Config
 703 0034 00000000 	 .word CAN_2_LMO_11_Config
 704 0038 00000000 	 .word CAN_2_LMO_12_Config
 705 003c 00000000 	 .word CAN_2_LMO_13_Config
 706 0040 00000000 	 .word CAN_2_LMO_14_Config
 707 0044 00000000 	 .word CAN_2_LMO_15_Config
 708 0048 00000000 	 .word CAN_2_LMO_16_Config
 709 004c 00000000 	 .word CAN_2_LMO_17_Config
 710 0050 00000000 	 .word CAN_2_LMO_18_Config
 711 0054 00000000 	 .word 0
 712 0058 00000000 	 .word 0
 713 005c 00000000 	 .word 0
 714 0060 00000000 	 .word 0
 715 0064 00000000 	 .word 0
 716 0068 00000000 	 .word 0
 717 006c 00000000 	 .word 0
 718 0070 00000000 	 .word 0
 719 0074 00000000 	 .word 0
 720 0078 00000000 	 .word 0
 721 007c 00000000 	 .word 0
 722 0080 00000000 	 .word 0
 723 0084 00000000 	 .word 0
 724 0088 00000000 	 .word 0
 725 008c 00000000 	 .word CAN_2_sr
 726 0090 00000000 	 .word CAN_2_gpio_out
 727 0094 00000000 	 .word CAN_2_gpio_out_config
 728 0098 00000000 	 .word CAN_2_gpio_in
 729 009c 00000000 	 .word CAN_2_gpio_in_config
 730 00a0 03       	 .byte 3
 731 00a1 01       	 .byte 1
 732 00a2 12       	 .byte 18
 733 00a3 00       	 .byte 0
 734 00a4 00       	 .byte 0
 735 00a5 00       	 .byte 0
 736 00a6 00       	 .byte 0
 737 00a7 00       	 .byte 0
 738              	 .global CAN_1_gpio_out
 739              	 .section .rodata.CAN_1_gpio_out,"a",%progbits
 740              	 .align 2
 743              	CAN_1_gpio_out:
 744 0000 00810248 	 .word 1208123648
 745 0004 09       	 .byte 9
 746 0005 000000   	 .space 3
 747              	 .global CAN_1_gpio_out_config
 748              	 .section .rodata.CAN_1_gpio_out_config,"a",%progbits
 749              	 .align 2
 752              	CAN_1_gpio_out_config:
 753 0000 90       	 .byte -112
 754 0001 000000   	 .space 3
 755 0004 01000000 	 .word 1
 756 0008 02       	 .byte 2
 757 0009 000000   	 .space 3
 758              	 .global CAN_1_gpio_in
 759              	 .section .rodata.CAN_1_gpio_in,"a",%progbits
 760              	 .align 2
 763              	CAN_1_gpio_in:
 764 0000 00810248 	 .word 1208123648
 765 0004 08       	 .byte 8
 766 0005 000000   	 .space 3
 767              	 .global CAN_1_gpio_in_config
 768              	 .section .rodata.CAN_1_gpio_in_config,"a",%progbits
 769              	 .align 2
 772              	CAN_1_gpio_in_config:
 773 0000 00000000 	 .space 12
 773      00000000 
 773      00000000 
 774              	 .global CAN_1_BitTimeConfig
 775              	 .section .data.CAN_1_BitTimeConfig,"aw",%progbits
 776              	 .align 2
 779              	CAN_1_BitTimeConfig:
 780 0000 000E2707 	 .word 120000000
 781 0004 40420F00 	 .word 1000000
 782 0008 401F     	 .short 8000
 783 000a 0100     	 .short 1
 784              	 .global CAN_1_sr
 785              	 .section .rodata.CAN_1_sr,"a",%progbits
 786              	 .align 2
 789              	CAN_1_sr:
 790 0000 00000000 	 .space 4
 791              	 .global CAN_1_LMO_01
 792              	 .section .data.CAN_1_LMO_01,"aw",%progbits
 793              	 .align 3
 796              	CAN_1_LMO_01:
 797 0000 00530148 	 .word 1208046336
 798 0004 10       	 .byte 16
 799 0005 00       	 .byte 0
 800 0006 00       	 .byte 0
 801 0007 80       	 .byte 128
 802 0008 FF       	 .byte 255
 803 0009 07       	 .byte 7
 804 000a 00       	 .byte 0
 805 000b 00       	 .byte 0
 806 000c 08       	 .byte 8
 807 000d 000000   	 .space 3
 808 0010 00000000 	 .word 0
 809 0014 00000000 	 .word 0
 810 0018 00       	 .byte 0
 811 0019 00000000 	 .space 7
 811      000000
 812              	 .global CAN_1_LMO_01_Config
 813              	 .section .rodata.CAN_1_LMO_01_Config,"a",%progbits
 814              	 .align 2
 817              	CAN_1_LMO_01_Config:
 818 0000 00000000 	 .word CAN_1_LMO_01
 819 0004 18       	 .byte 24
 820 0005 00       	 .byte 0
 821 0006 00       	 .byte 0
 822 0007 00       	 .byte 0
 823 0008 00       	 .byte 0
 824 0009 000000   	 .space 3
 825              	 .global CAN_1_LMO_02
 826              	 .section .data.CAN_1_LMO_02,"aw",%progbits
 827              	 .align 3
 830              	CAN_1_LMO_02:
 831 0000 E0520148 	 .word 1208046304
 832 0004 08       	 .byte 8
 833 0005 00       	 .byte 0
 834 0006 00       	 .byte 0
 835 0007 80       	 .byte 128
 836 0008 FF       	 .byte 255
 837 0009 07       	 .byte 7
 838 000a 00       	 .byte 0
 839 000b 00       	 .byte 0
 840 000c 08       	 .byte 8
 841 000d 000000   	 .space 3
 842 0010 00000000 	 .word 0
 843 0014 00000000 	 .word 0
 844 0018 00       	 .byte 0
 845 0019 00000000 	 .space 7
 845      000000
 846              	 .global CAN_1_LMO_02_Config
 847              	 .section .rodata.CAN_1_LMO_02_Config,"a",%progbits
 848              	 .align 2
 851              	CAN_1_LMO_02_Config:
 852 0000 00000000 	 .word CAN_1_LMO_02
 853 0004 17       	 .byte 23
 854 0005 00       	 .byte 0
 855 0006 00       	 .byte 0
 856 0007 00       	 .byte 0
 857 0008 00       	 .byte 0
 858 0009 000000   	 .space 3
 859              	 .global CAN_1_LMO_03
 860              	 .section .data.CAN_1_LMO_03,"aw",%progbits
 861              	 .align 3
 864              	CAN_1_LMO_03:
 865 0000 80520148 	 .word 1208046208
 866 0004 E1       	 .byte 225
 867 0005 07       	 .byte 7
 868 0006 00       	 .byte 0
 869 0007 80       	 .byte 128
 870 0008 FF       	 .byte 255
 871 0009 07       	 .byte 7
 872 000a 00       	 .byte 0
 873 000b 00       	 .byte 0
 874 000c 08       	 .byte 8
 875 000d 000000   	 .space 3
 876 0010 00000000 	 .word 0
 877 0014 00000000 	 .word 0
 878 0018 00       	 .byte 0
 879 0019 00000000 	 .space 7
 879      000000
 880              	 .global CAN_1_LMO_03_Config
 881              	 .section .rodata.CAN_1_LMO_03_Config,"a",%progbits
 882              	 .align 2
 885              	CAN_1_LMO_03_Config:
 886 0000 00000000 	 .word CAN_1_LMO_03
 887 0004 14       	 .byte 20
 888 0005 00       	 .byte 0
 889 0006 00       	 .byte 0
 890 0007 00       	 .byte 0
 891 0008 00       	 .byte 0
 892 0009 000000   	 .space 3
 893              	 .global CAN_1_LMO_04
 894              	 .section .data.CAN_1_LMO_04,"aw",%progbits
 895              	 .align 3
 898              	CAN_1_LMO_04:
 899 0000 A0530148 	 .word 1208046496
 900 0004 71       	 .byte 113
 901 0005 07       	 .byte 7
 902 0006 00       	 .byte 0
 903 0007 80       	 .byte 128
 904 0008 FF       	 .byte 255
 905 0009 07       	 .byte 7
 906 000a 00       	 .byte 0
 907 000b 00       	 .byte 0
 908 000c 08       	 .byte 8
 909 000d 000000   	 .space 3
 910 0010 00000000 	 .word 0
 911 0014 00000000 	 .word 0
 912 0018 00       	 .byte 0
 913 0019 00000000 	 .space 7
 913      000000
 914              	 .global CAN_1_LMO_04_Config
 915              	 .section .rodata.CAN_1_LMO_04_Config,"a",%progbits
 916              	 .align 2
 919              	CAN_1_LMO_04_Config:
 920 0000 00000000 	 .word CAN_1_LMO_04
 921 0004 1D       	 .byte 29
 922 0005 00       	 .byte 0
 923 0006 00       	 .byte 0
 924 0007 00       	 .byte 0
 925 0008 00       	 .byte 0
 926 0009 000000   	 .space 3
 927              	 .global CAN_1_LMO_05
 928              	 .section .data.CAN_1_LMO_05,"aw",%progbits
 929              	 .align 3
 932              	CAN_1_LMO_05:
 933 0000 A0570148 	 .word 1208047520
 934 0004 72       	 .byte 114
 935 0005 07       	 .byte 7
 936 0006 00       	 .byte 0
 937 0007 80       	 .byte 128
 938 0008 FF       	 .byte 255
 939 0009 07       	 .byte 7
 940 000a 00       	 .byte 0
 941 000b 00       	 .byte 0
 942 000c 08       	 .byte 8
 943 000d 000000   	 .space 3
 944 0010 00000000 	 .word 0
 945 0014 00000000 	 .word 0
 946 0018 00       	 .byte 0
 947 0019 00000000 	 .space 7
 947      000000
 948              	 .global CAN_1_LMO_05_Config
 949              	 .section .rodata.CAN_1_LMO_05_Config,"a",%progbits
 950              	 .align 2
 953              	CAN_1_LMO_05_Config:
 954 0000 00000000 	 .word CAN_1_LMO_05
 955 0004 3D       	 .byte 61
 956 0005 00       	 .byte 0
 957 0006 00       	 .byte 0
 958 0007 00       	 .byte 0
 959 0008 00       	 .byte 0
 960 0009 000000   	 .space 3
 961              	 .global CAN_1_LMO_06
 962              	 .section .data.CAN_1_LMO_06,"aw",%progbits
 963              	 .align 3
 966              	CAN_1_LMO_06:
 967 0000 40530148 	 .word 1208046400
 968 0004 F0       	 .byte 240
 969 0005 07       	 .byte 7
 970 0006 00       	 .byte 0
 971 0007 80       	 .byte 128
 972 0008 FF       	 .byte 255
 973 0009 07       	 .byte 7
 974 000a 00       	 .byte 0
 975 000b 00       	 .byte 0
 976 000c 08       	 .byte 8
 977 000d 000000   	 .space 3
 978 0010 00000000 	 .word 0
 979 0014 00000000 	 .word 0
 980 0018 00       	 .byte 0
 981 0019 00000000 	 .space 7
 981      000000
 982              	 .global CAN_1_LMO_06_Config
 983              	 .section .rodata.CAN_1_LMO_06_Config,"a",%progbits
 984              	 .align 2
 987              	CAN_1_LMO_06_Config:
 988 0000 00000000 	 .word CAN_1_LMO_06
 989 0004 1A       	 .byte 26
 990 0005 00       	 .byte 0
 991 0006 00       	 .byte 0
 992 0007 00       	 .byte 0
 993 0008 00       	 .byte 0
 994 0009 000000   	 .space 3
 995              	 .global CAN_1
 996              	 .section .rodata.CAN_1,"a",%progbits
 997              	 .align 2
 1000              	CAN_1:
 1001 0000 00000000 	 .word GLOBAL_CAN_0
 1002 0004 00440148 	 .word 1208042496
 1003 0008 00000000 	 .word CAN_1_BitTimeConfig
 1004 000c 00000000 	 .word CAN_1_LMO_01_Config
 1005 0010 00000000 	 .word CAN_1_LMO_02_Config
 1006 0014 00000000 	 .word CAN_1_LMO_03_Config
 1007 0018 00000000 	 .word CAN_1_LMO_04_Config
 1008 001c 00000000 	 .word CAN_1_LMO_05_Config
 1009 0020 00000000 	 .word CAN_1_LMO_06_Config
 1010 0024 00000000 	 .word 0
 1011 0028 00000000 	 .word 0
 1012 002c 00000000 	 .word 0
 1013 0030 00000000 	 .word 0
 1014 0034 00000000 	 .word 0
 1015 0038 00000000 	 .word 0
 1016 003c 00000000 	 .word 0
 1017 0040 00000000 	 .word 0
 1018 0044 00000000 	 .word 0
 1019 0048 00000000 	 .word 0
 1020 004c 00000000 	 .word 0
 1021 0050 00000000 	 .word 0
 1022 0054 00000000 	 .word 0
 1023 0058 00000000 	 .word 0
 1024 005c 00000000 	 .word 0
 1025 0060 00000000 	 .word 0
 1026 0064 00000000 	 .word 0
 1027 0068 00000000 	 .word 0
 1028 006c 00000000 	 .word 0
 1029 0070 00000000 	 .word 0
 1030 0074 00000000 	 .word 0
 1031 0078 00000000 	 .word 0
 1032 007c 00000000 	 .word 0
 1033 0080 00000000 	 .word 0
 1034 0084 00000000 	 .word 0
 1035 0088 00000000 	 .word 0
 1036 008c 00000000 	 .word CAN_1_sr
 1037 0090 00000000 	 .word CAN_1_gpio_out
 1038 0094 00000000 	 .word CAN_1_gpio_out_config
 1039 0098 00000000 	 .word CAN_1_gpio_in
 1040 009c 00000000 	 .word CAN_1_gpio_in_config
 1041 00a0 00       	 .byte 0
 1042 00a1 02       	 .byte 2
 1043 00a2 06       	 .byte 6
 1044 00a3 00       	 .byte 0
 1045 00a4 00       	 .byte 0
 1046 00a5 00       	 .byte 0
 1047 00a6 00       	 .byte 0
 1048 00a7 00       	 .byte 0
 1049              	 .text
 1050              	.Letext0:
 1051              	 .file 1 "c:\\dave\\dave-ide-4.4.2-64bit\\eclipse\\arm-gcc-49\\arm-none-eabi\\include\\machine\\_default_types.h"
 1052              	 .file 2 "c:\\dave\\dave-ide-4.4.2-64bit\\eclipse\\arm-gcc-49\\arm-none-eabi\\include\\stdint.h"
 1053              	 .file 3 "C:/Users/Yoshi/Documents/GitHub/Software/01_jrg/05_telemetrie/Telemetrie_Jr21/Libraries/CMSIS/Infineon/XMC4500_series/Include/XMC4500.h"
 1054              	 .file 4 "C:/Users/Yoshi/Documents/GitHub/Software/01_jrg/05_telemetrie/Telemetrie_Jr21/Libraries/XMCLib/inc/xmc_can.h"
 1055              	 .file 5 "C:/Users/Yoshi/Documents/GitHub/Software/01_jrg/05_telemetrie/Telemetrie_Jr21/Libraries/XMCLib/inc/xmc_gpio.h"
 1056              	 .file 6 "C:/Users/Yoshi/Documents/GitHub/Software/01_jrg/05_telemetrie/Telemetrie_Jr21/Libraries/XMCLib/inc/xmc4_gpio.h"
 1057              	 .file 7 "../Dave/Generated/CAN_NODE/../GLOBAL_CAN/global_can.h"
 1058              	 .file 8 "../Dave/Generated/CAN_NODE/can_node.h"
 1059              	 .file 9 "C:/Users/Yoshi/Documents/GitHub/Software/01_jrg/05_telemetrie/Telemetrie_Jr21/Libraries/CMSIS/Include/core_cm4.h"
 1060              	 .file 10 "C:/Users/Yoshi/Documents/GitHub/Software/01_jrg/05_telemetrie/Telemetrie_Jr21/Libraries/CMSIS/Infineon/XMC4500_series/Include/system_XMC4500.h"
 1061              	 .file 11 "../Dave/Generated/CAN_NODE/../GLOBAL_CAN/global_can_extern.h"
 1062              	 .file 12 "../Dave/Generated/CAN_NODE/can_node_conf.c"
DEFINED SYMBOLS
                            *ABS*:00000000 can_node_conf.c
    {standard input}:24     .rodata.CAN_2_gpio_out:00000000 CAN_2_gpio_out
    {standard input}:21     .rodata.CAN_2_gpio_out:00000000 $d
    {standard input}:33     .rodata.CAN_2_gpio_out_config:00000000 CAN_2_gpio_out_config
    {standard input}:30     .rodata.CAN_2_gpio_out_config:00000000 $d
    {standard input}:44     .rodata.CAN_2_gpio_in:00000000 CAN_2_gpio_in
    {standard input}:41     .rodata.CAN_2_gpio_in:00000000 $d
    {standard input}:53     .rodata.CAN_2_gpio_in_config:00000000 CAN_2_gpio_in_config
    {standard input}:50     .rodata.CAN_2_gpio_in_config:00000000 $d
    {standard input}:60     .data.CAN_2_BitTimeConfig:00000000 CAN_2_BitTimeConfig
    {standard input}:57     .data.CAN_2_BitTimeConfig:00000000 $d
    {standard input}:70     .rodata.CAN_2_sr:00000000 CAN_2_sr
    {standard input}:67     .rodata.CAN_2_sr:00000000 $d
    {standard input}:77     .data.CAN_2_LMO_01:00000000 CAN_2_LMO_01
    {standard input}:74     .data.CAN_2_LMO_01:00000000 $d
    {standard input}:98     .rodata.CAN_2_LMO_01_Config:00000000 CAN_2_LMO_01_Config
    {standard input}:95     .rodata.CAN_2_LMO_01_Config:00000000 $d
    {standard input}:111    .data.CAN_2_LMO_02:00000000 CAN_2_LMO_02
    {standard input}:108    .data.CAN_2_LMO_02:00000000 $d
    {standard input}:132    .rodata.CAN_2_LMO_02_Config:00000000 CAN_2_LMO_02_Config
    {standard input}:129    .rodata.CAN_2_LMO_02_Config:00000000 $d
    {standard input}:145    .data.CAN_2_LMO_03:00000000 CAN_2_LMO_03
    {standard input}:142    .data.CAN_2_LMO_03:00000000 $d
    {standard input}:166    .rodata.CAN_2_LMO_03_Config:00000000 CAN_2_LMO_03_Config
    {standard input}:163    .rodata.CAN_2_LMO_03_Config:00000000 $d
    {standard input}:179    .data.CAN_2_LMO_04:00000000 CAN_2_LMO_04
    {standard input}:176    .data.CAN_2_LMO_04:00000000 $d
    {standard input}:200    .rodata.CAN_2_LMO_04_Config:00000000 CAN_2_LMO_04_Config
    {standard input}:197    .rodata.CAN_2_LMO_04_Config:00000000 $d
    {standard input}:213    .data.CAN_2_LMO_05:00000000 CAN_2_LMO_05
    {standard input}:210    .data.CAN_2_LMO_05:00000000 $d
    {standard input}:234    .rodata.CAN_2_LMO_05_Config:00000000 CAN_2_LMO_05_Config
    {standard input}:231    .rodata.CAN_2_LMO_05_Config:00000000 $d
    {standard input}:247    .data.CAN_2_LMO_06:00000000 CAN_2_LMO_06
    {standard input}:244    .data.CAN_2_LMO_06:00000000 $d
    {standard input}:268    .rodata.CAN_2_LMO_06_Config:00000000 CAN_2_LMO_06_Config
    {standard input}:265    .rodata.CAN_2_LMO_06_Config:00000000 $d
    {standard input}:281    .data.CAN_2_LMO_07:00000000 CAN_2_LMO_07
    {standard input}:278    .data.CAN_2_LMO_07:00000000 $d
    {standard input}:302    .rodata.CAN_2_LMO_07_Config:00000000 CAN_2_LMO_07_Config
    {standard input}:299    .rodata.CAN_2_LMO_07_Config:00000000 $d
    {standard input}:315    .data.CAN_2_LMO_08:00000000 CAN_2_LMO_08
    {standard input}:312    .data.CAN_2_LMO_08:00000000 $d
    {standard input}:336    .rodata.CAN_2_LMO_08_Config:00000000 CAN_2_LMO_08_Config
    {standard input}:333    .rodata.CAN_2_LMO_08_Config:00000000 $d
    {standard input}:349    .data.CAN_2_LMO_09:00000000 CAN_2_LMO_09
    {standard input}:346    .data.CAN_2_LMO_09:00000000 $d
    {standard input}:370    .rodata.CAN_2_LMO_09_Config:00000000 CAN_2_LMO_09_Config
    {standard input}:367    .rodata.CAN_2_LMO_09_Config:00000000 $d
    {standard input}:383    .data.CAN_2_LMO_10:00000000 CAN_2_LMO_10
    {standard input}:380    .data.CAN_2_LMO_10:00000000 $d
    {standard input}:404    .rodata.CAN_2_LMO_10_Config:00000000 CAN_2_LMO_10_Config
    {standard input}:401    .rodata.CAN_2_LMO_10_Config:00000000 $d
    {standard input}:417    .data.CAN_2_LMO_11:00000000 CAN_2_LMO_11
    {standard input}:414    .data.CAN_2_LMO_11:00000000 $d
    {standard input}:438    .rodata.CAN_2_LMO_11_Config:00000000 CAN_2_LMO_11_Config
    {standard input}:435    .rodata.CAN_2_LMO_11_Config:00000000 $d
    {standard input}:451    .data.CAN_2_LMO_12:00000000 CAN_2_LMO_12
    {standard input}:448    .data.CAN_2_LMO_12:00000000 $d
    {standard input}:472    .rodata.CAN_2_LMO_12_Config:00000000 CAN_2_LMO_12_Config
    {standard input}:469    .rodata.CAN_2_LMO_12_Config:00000000 $d
    {standard input}:485    .data.CAN_2_LMO_13:00000000 CAN_2_LMO_13
    {standard input}:482    .data.CAN_2_LMO_13:00000000 $d
    {standard input}:506    .rodata.CAN_2_LMO_13_Config:00000000 CAN_2_LMO_13_Config
    {standard input}:503    .rodata.CAN_2_LMO_13_Config:00000000 $d
    {standard input}:519    .data.CAN_2_LMO_14:00000000 CAN_2_LMO_14
    {standard input}:516    .data.CAN_2_LMO_14:00000000 $d
    {standard input}:540    .rodata.CAN_2_LMO_14_Config:00000000 CAN_2_LMO_14_Config
    {standard input}:537    .rodata.CAN_2_LMO_14_Config:00000000 $d
    {standard input}:553    .data.CAN_2_LMO_15:00000000 CAN_2_LMO_15
    {standard input}:550    .data.CAN_2_LMO_15:00000000 $d
    {standard input}:574    .rodata.CAN_2_LMO_15_Config:00000000 CAN_2_LMO_15_Config
    {standard input}:571    .rodata.CAN_2_LMO_15_Config:00000000 $d
    {standard input}:587    .data.CAN_2_LMO_16:00000000 CAN_2_LMO_16
    {standard input}:584    .data.CAN_2_LMO_16:00000000 $d
    {standard input}:608    .rodata.CAN_2_LMO_16_Config:00000000 CAN_2_LMO_16_Config
    {standard input}:605    .rodata.CAN_2_LMO_16_Config:00000000 $d
    {standard input}:621    .data.CAN_2_LMO_17:00000000 CAN_2_LMO_17
    {standard input}:618    .data.CAN_2_LMO_17:00000000 $d
    {standard input}:642    .rodata.CAN_2_LMO_17_Config:00000000 CAN_2_LMO_17_Config
    {standard input}:639    .rodata.CAN_2_LMO_17_Config:00000000 $d
    {standard input}:655    .data.CAN_2_LMO_18:00000000 CAN_2_LMO_18
    {standard input}:652    .data.CAN_2_LMO_18:00000000 $d
    {standard input}:676    .rodata.CAN_2_LMO_18_Config:00000000 CAN_2_LMO_18_Config
    {standard input}:673    .rodata.CAN_2_LMO_18_Config:00000000 $d
    {standard input}:689    .rodata.CAN_2:00000000 CAN_2
    {standard input}:686    .rodata.CAN_2:00000000 $d
    {standard input}:743    .rodata.CAN_1_gpio_out:00000000 CAN_1_gpio_out
    {standard input}:740    .rodata.CAN_1_gpio_out:00000000 $d
    {standard input}:752    .rodata.CAN_1_gpio_out_config:00000000 CAN_1_gpio_out_config
    {standard input}:749    .rodata.CAN_1_gpio_out_config:00000000 $d
    {standard input}:763    .rodata.CAN_1_gpio_in:00000000 CAN_1_gpio_in
    {standard input}:760    .rodata.CAN_1_gpio_in:00000000 $d
    {standard input}:772    .rodata.CAN_1_gpio_in_config:00000000 CAN_1_gpio_in_config
    {standard input}:769    .rodata.CAN_1_gpio_in_config:00000000 $d
    {standard input}:779    .data.CAN_1_BitTimeConfig:00000000 CAN_1_BitTimeConfig
    {standard input}:776    .data.CAN_1_BitTimeConfig:00000000 $d
    {standard input}:789    .rodata.CAN_1_sr:00000000 CAN_1_sr
    {standard input}:786    .rodata.CAN_1_sr:00000000 $d
    {standard input}:796    .data.CAN_1_LMO_01:00000000 CAN_1_LMO_01
    {standard input}:793    .data.CAN_1_LMO_01:00000000 $d
    {standard input}:817    .rodata.CAN_1_LMO_01_Config:00000000 CAN_1_LMO_01_Config
    {standard input}:814    .rodata.CAN_1_LMO_01_Config:00000000 $d
    {standard input}:830    .data.CAN_1_LMO_02:00000000 CAN_1_LMO_02
    {standard input}:827    .data.CAN_1_LMO_02:00000000 $d
    {standard input}:851    .rodata.CAN_1_LMO_02_Config:00000000 CAN_1_LMO_02_Config
    {standard input}:848    .rodata.CAN_1_LMO_02_Config:00000000 $d
    {standard input}:864    .data.CAN_1_LMO_03:00000000 CAN_1_LMO_03
    {standard input}:861    .data.CAN_1_LMO_03:00000000 $d
    {standard input}:885    .rodata.CAN_1_LMO_03_Config:00000000 CAN_1_LMO_03_Config
    {standard input}:882    .rodata.CAN_1_LMO_03_Config:00000000 $d
    {standard input}:898    .data.CAN_1_LMO_04:00000000 CAN_1_LMO_04
    {standard input}:895    .data.CAN_1_LMO_04:00000000 $d
    {standard input}:919    .rodata.CAN_1_LMO_04_Config:00000000 CAN_1_LMO_04_Config
    {standard input}:916    .rodata.CAN_1_LMO_04_Config:00000000 $d
    {standard input}:932    .data.CAN_1_LMO_05:00000000 CAN_1_LMO_05
    {standard input}:929    .data.CAN_1_LMO_05:00000000 $d
    {standard input}:953    .rodata.CAN_1_LMO_05_Config:00000000 CAN_1_LMO_05_Config
    {standard input}:950    .rodata.CAN_1_LMO_05_Config:00000000 $d
    {standard input}:966    .data.CAN_1_LMO_06:00000000 CAN_1_LMO_06
    {standard input}:963    .data.CAN_1_LMO_06:00000000 $d
    {standard input}:987    .rodata.CAN_1_LMO_06_Config:00000000 CAN_1_LMO_06_Config
    {standard input}:984    .rodata.CAN_1_LMO_06_Config:00000000 $d
    {standard input}:1000   .rodata.CAN_1:00000000 CAN_1
    {standard input}:997    .rodata.CAN_1:00000000 $d

UNDEFINED SYMBOLS
GLOBAL_CAN_0
