   1              	 .syntax unified
   2              	 .cpu cortex-m4
   3              	 .eabi_attribute 27,3
   4              	 .fpu fpv4-sp-d16
   5              	 .eabi_attribute 20,1
   6              	 .eabi_attribute 21,1
   7              	 .eabi_attribute 23,3
   8              	 .eabi_attribute 24,1
   9              	 .eabi_attribute 25,1
  10              	 .eabi_attribute 26,1
  11              	 .eabi_attribute 30,4
  12              	 .eabi_attribute 34,1
  13              	 .eabi_attribute 18,4
  14              	 .thumb
  15              	 .file "Subsystem_Transmission.c"
  16              	 .section .text.FUNC_Transmission_Init,"ax",%progbits
  17              	 .align 1
  18              	 .global FUNC_Transmission_Init
  19              	 .thumb
  20              	 .thumb_func
  22              	FUNC_Transmission_Init:
  23              	 
  24              	 
  25              	 
  26 0000 074B     	 ldr r3,.L2
  27 0002 0022     	 movs r2,#0
  28 0004 83F8FC20 	 strb r2,[r3,#252]
  29 0008 A3F89E20 	 strh r2,[r3,#158]
  30 000c 83F8FD20 	 strb r2,[r3,#253]
  31 0010 83F8FA20 	 strb r2,[r3,#250]
  32 0014 A3F89C20 	 strh r2,[r3,#156]
  33 0018 83F8FB20 	 strb r2,[r3,#251]
  34 001c 7047     	 bx lr
  35              	.L3:
  36 001e 00BF     	 .align 2
  37              	.L2:
  38 0020 00000000 	 .word VCU_DW
  40              	 .global __aeabi_dcmplt
  41              	 .global __aeabi_d2uiz
  42              	 .global __aeabi_dcmpgt
  43              	 .global __aeabi_ui2d
  44              	 .global __aeabi_dadd
  45              	 .global __aeabi_dcmpge
  46              	 .global __aeabi_i2d
  47              	 .global __aeabi_dmul
  48              	 .global __aeabi_dcmpeq
  49              	 .global __aeabi_dsub
  50              	 .section .text.FUNC_Transmission,"ax",%progbits
  51              	 .align 1
  52              	 .global FUNC_Transmission
  53              	 .thumb
  54              	 .thumb_func
  56              	FUNC_Transmission:
  57              	 
  58              	 
  59 0000 2DE9F04F 	 push {r4,r5,r6,r7,r8,r9,r10,fp,lr}
  60 0004 2DED028B 	 fstmfdd sp!,{d8}
  61 0008 124B     	 ldr r3,.L383
  62 000a 89B0     	 sub sp,sp,#36
  63 000c D3E90001 	 ldrd r0,[r3]
  64 0010 FFF7FEFF 	 bl floor
  65 0014 0446     	 mov r4,r0
  66 0016 0D46     	 mov r5,r1
  67 0018 FFF7FEFF 	 bl rtIsNaN
  68 001c F0B9     	 cbnz r0,.L5
  69 001e 2046     	 mov r0,r4
  70 0020 2946     	 mov r1,r5
  71 0022 FFF7FEFF 	 bl rtIsInf
  72 0026 C8B9     	 cbnz r0,.L5
  73 0028 2046     	 mov r0,r4
  74 002a 2946     	 mov r1,r5
  75 002c 0022     	 movs r2,#0
  76 002e 0A4B     	 ldr r3,.L383+4
  77 0030 FFF7FEFF 	 bl fmod
  78 0034 0022     	 movs r2,#0
  79 0036 0023     	 movs r3,#0
  80 0038 0446     	 mov r4,r0
  81 003a 0D46     	 mov r5,r1
  82 003c 0646     	 mov r6,r0
  83 003e 0F46     	 mov r7,r1
  84 0040 FFF7FEFF 	 bl __aeabi_dcmplt
  85 0044 60B1     	 cbz r0,.L6
  86 0046 2046     	 mov r0,r4
  87 0048 05F10041 	 add r1,r5,#-2147483648
  88 004c FFF7FEFF 	 bl __aeabi_d2uiz
  89 0050 4042     	 negs r0,r0
  90 0052 09E0     	 b .L375
  91              	.L384:
  92              	 .align 2
  93              	.L383:
  94 0054 F0040000 	 .word VCU_B+1264
  95 0058 00007040 	 .word 1081081856
  96              	.L5:
  97 005c 0026     	 movs r6,#0
  98 005e 0027     	 movs r7,#0
  99              	.L6:
 100 0060 3046     	 mov r0,r6
 101 0062 3946     	 mov r1,r7
 102 0064 FFF7FEFF 	 bl __aeabi_d2uiz
 103              	.L375:
 104 0068 C0B2     	 uxtb r0,r0
 105 006a C34E     	 ldr r6,.L385+32
 106 006c A0F10309 	 sub r9,r0,#3
 107 0070 86F8C806 	 strb r0,[r6,#1736]
 108 0074 D9F10000 	 rsbs r0,r9,#0
 109 0078 40EB0900 	 adc r0,r0,r9
 110 007c 86F8C906 	 strb r0,[r6,#1737]
 111 0080 3446     	 mov r4,r6
 112 0082 0028     	 cmp r0,#0
 113 0084 00F09284 	 beq .L9
 114 0088 BC4D     	 ldr r5,.L385+36
 115 008a 96F88397 	 ldrb r9,[r6,#1923]
 116 008e 95F83D21 	 ldrb r2,[r5,#317]
 117 0092 95F83E81 	 ldrb r8,[r5,#318]
 118 0096 86F82127 	 strb r2,[r6,#1825]
 119 009a 9145     	 cmp r9,r2
 120 009c 94BF     	 ite ls
 121 009e 0027     	 movls r7,#0
 122 00a0 0127     	 movhi r7,#1
 123 00a2 06F5B163 	 add r3,r6,#1416
 124 00a6 B9FA89F9 	 clz r9,r9
 125 00aa 4FEA5919 	 lsr r9,r9,#5
 126 00ae D3E90001 	 ldrd r0,[r3]
 127 00b2 86F82277 	 strb r7,[r6,#1826]
 128 00b6 86F82397 	 strb r9,[r6,#1827]
 129 00ba 86F82487 	 strb r8,[r6,#1828]
 130 00be 0022     	 movs r2,#0
 131 00c0 AF4B     	 ldr r3,.L385+40
 132 00c2 4FF0010A 	 mov r10,#1
 133 00c6 FFF7FEFF 	 bl __aeabi_dcmpgt
 134 00ca 00B9     	 cbnz r0,.L10
 135 00cc 8246     	 mov r10,r0
 136              	.L10:
 137 00ce 86F825A7 	 strb r10,[r6,#1829]
 138 00d2 A94E     	 ldr r6,.L385+32
 139 00d4 06F58363 	 add r3,r6,#1048
 140 00d8 D3E90001 	 ldrd r0,[r3]
 141 00dc 0022     	 movs r2,#0
 142 00de A84B     	 ldr r3,.L385+40
 143 00e0 4FF0010A 	 mov r10,#1
 144 00e4 FFF7FEFF 	 bl __aeabi_dcmpgt
 145 00e8 00B9     	 cbnz r0,.L11
 146 00ea 8246     	 mov r10,r0
 147              	.L11:
 148 00ec 86F826A7 	 strb r10,[r6,#1830]
 149 00f0 D4F82437 	 ldr r3,[r4,#1828]
 150 00f4 95F83F11 	 ldrb r1,[r5,#319]
 151 00f8 A24E     	 ldr r6,.L385+44
 152 00fa 84F82A17 	 strb r1,[r4,#1834]
 153 00fe 23F07F43 	 bic r3,r3,#-16777216
 154 0102 23F0FF03 	 bic r3,r3,#255
 155 0106 0033     	 adds r3,r3,#0
 156 0108 18BF     	 it ne
 157 010a 0123     	 movne r3,#1
 158 010c 9845     	 cmp r8,r3
 159 010e 94BF     	 ite ls
 160 0110 0022     	 movls r2,#0
 161 0112 0122     	 movhi r2,#1
 162 0114 B9F1000F 	 cmp r9,#0
 163 0118 84F82827 	 strb r2,[r4,#1832]
 164 011c 18BF     	 it ne
 165 011e 0122     	 movne r2,#1
 166 0120 84F82927 	 strb r2,[r4,#1833]
 167 0124 02EB4702 	 add r2,r2,r7,lsl#1
 168 0128 01EB4202 	 add r2,r1,r2,lsl#1
 169 012c 3244     	 add r2,r2,r6
 170 012e 84F82737 	 strb r3,[r4,#1831]
 171 0132 92F83013 	 ldrb r1,[r2,#816]
 172 0136 92F83823 	 ldrb r2,[r2,#824]
 173 013a 84F82C27 	 strb r2,[r4,#1836]
 174 013e 0029     	 cmp r1,#0
 175 0140 08BF     	 it eq
 176 0142 0023     	 moveq r3,#0
 177 0144 84F82D37 	 strb r3,[r4,#1837]
 178 0148 84F82E37 	 strb r3,[r4,#1838]
 179 014c 95F8DD20 	 ldrb r2,[r5,#221]
 180 0150 95F8DE30 	 ldrb r3,[r5,#222]
 181 0154 84F82B17 	 strb r1,[r4,#1835]
 182 0158 95F84011 	 ldrb r1,[r5,#320]
 183 015c 84F82F27 	 strb r2,[r4,#1839]
 184 0160 03EB4202 	 add r2,r3,r2,lsl#1
 185 0164 01EB4202 	 add r2,r1,r2,lsl#1
 186 0168 3244     	 add r2,r2,r6
 187 016a 84F83037 	 strb r3,[r4,#1840]
 188 016e 92F83003 	 ldrb r0,[r2,#816]
 189 0172 92F83833 	 ldrb r3,[r2,#824]
 190 0176 84F83337 	 strb r3,[r4,#1843]
 191 017a 84F83117 	 strb r1,[r4,#1841]
 192 017e 84F83207 	 strb r0,[r4,#1842]
 193 0182 FFF7FEFF 	 bl __aeabi_ui2d
 194 0186 D5E90423 	 ldrd r2,[r5,#16]
 195 018a C4E96401 	 strd r0,[r4,#400]
 196 018e 7E49     	 ldr r1,.L385+48
 197 0190 C4E96623 	 strd r2,[r4,#408]
 198 0194 D1E90001 	 ldrd r0,[r1]
 199 0198 4FF00107 	 mov r7,#1
 200 019c FFF7FEFF 	 bl __aeabi_dcmpgt
 201 01a0 00B9     	 cbnz r0,.L14
 202 01a2 0746     	 mov r7,r0
 203              	.L14:
 204 01a4 95F8F230 	 ldrb r3,[r5,#242]
 205 01a8 95F84121 	 ldrb r2,[r5,#321]
 206 01ac 84F83537 	 strb r3,[r4,#1845]
 207 01b0 F9B2     	 uxtb r1,r7
 208 01b2 03EB4103 	 add r3,r3,r1,lsl#1
 209 01b6 02EB4303 	 add r3,r2,r3,lsl#1
 210 01ba 3344     	 add r3,r3,r6
 211 01bc 84F83627 	 strb r2,[r4,#1846]
 212 01c0 93F83023 	 ldrb r2,[r3,#816]
 213 01c4 93F83833 	 ldrb r3,[r3,#824]
 214 01c8 84F83837 	 strb r3,[r4,#1848]
 215 01cc 6F4B     	 ldr r3,.L385+52
 216 01ce 0492     	 str r2,[sp,#16]
 217 01d0 D3E90001 	 ldrd r0,[r3]
 218 01d4 9DF81020 	 ldrb r2,[sp,#16]
 219 01d8 95F8F360 	 ldrb r6,[r5,#243]
 220 01dc 84F83477 	 strb r7,[r4,#1844]
 221 01e0 84F83727 	 strb r2,[r4,#1847]
 222 01e4 0B46     	 mov r3,r1
 223 01e6 0246     	 mov r2,r0
 224 01e8 84F83967 	 strb r6,[r4,#1849]
 225 01ec FFF7FEFF 	 bl __aeabi_dadd
 226 01f0 59A3     	 adr r3,.L385
 227 01f2 D3E90023 	 ldrd r2,[r3]
 228 01f6 C4E96801 	 strd r0,[r4,#416]
 229 01fa CDE90201 	 strd r0,[sp,#8]
 230 01fe 4FF00107 	 mov r7,#1
 231 0202 FFF7FEFF 	 bl __aeabi_dcmpgt
 232 0206 00B9     	 cbnz r0,.L15
 233 0208 0746     	 mov r7,r0
 234              	.L15:
 235 020a 84F83A77 	 strb r7,[r4,#1850]
 236 020e DDE90201 	 ldrd r0,[sp,#8]
 237 0212 0022     	 movs r2,#0
 238 0214 5E4B     	 ldr r3,.L385+56
 239 0216 FDB2     	 uxtb r5,r7
 240 0218 4FF00107 	 mov r7,#1
 241 021c FFF7FEFF 	 bl __aeabi_dcmpgt
 242 0220 00B9     	 cbnz r0,.L16
 243 0222 0746     	 mov r7,r0
 244              	.L16:
 245 0224 84F83B77 	 strb r7,[r4,#1851]
 246 0228 DDE90201 	 ldrd r0,[sp,#8]
 247 022c 4CA3     	 adr r3,.L385+8
 248 022e D3E90023 	 ldrd r2,[r3]
 249 0232 5FFA87F8 	 uxtb r8,r7
 250 0236 4FF00107 	 mov r7,#1
 251 023a FFF7FEFF 	 bl __aeabi_dcmpgt
 252 023e 00B9     	 cbnz r0,.L17
 253 0240 0746     	 mov r7,r0
 254              	.L17:
 255 0242 544B     	 ldr r3,.L385+60
 256 0244 84F83C77 	 strb r7,[r4,#1852]
 257 0248 93ED007B 	 fldd d7,[r3]
 258 024c A844     	 add r8,r8,r5
 259 024e 58FA87F8 	 uxtab r8,r8,r7
 260 0252 5FFA88F8 	 uxtb r8,r8
 261 0256 84F88986 	 strb r8,[r4,#1673]
 262 025a 51EC170B 	 fmrrd r0,r1,d7
 263 025e 0022     	 movs r2,#0
 264 0260 4D4B     	 ldr r3,.L385+64
 265 0262 8DED067B 	 fstd d7,[sp,#24]
 266 0266 4FF00107 	 mov r7,#1
 267 026a FFF7FEFF 	 bl __aeabi_dcmpge
 268 026e 00B9     	 cbnz r0,.L18
 269 0270 0746     	 mov r7,r0
 270              	.L18:
 271 0272 17F0FF0F 	 tst r7,#255
 272 0276 404B     	 ldr r3,.L385+32
 273 0278 18BF     	 it ne
 274 027a 4849     	 ldrne r1,.L385+68
 275 027c 84F83D77 	 strb r7,[r4,#1853]
 276 0280 08BF     	 it eq
 277 0282 4FF08041 	 moveq r1,#1073741824
 278 0286 0020     	 movs r0,#0
 279 0288 C3E96A01 	 strd r0,[r3,#424]
 280 028c 4046     	 mov r0,r8
 281 028e FFF7FEFF 	 bl __aeabi_i2d
 282 0292 D4E96A23 	 ldrd r2,[r4,#424]
 283 0296 4FF00107 	 mov r7,#1
 284 029a FFF7FEFF 	 bl __aeabi_dcmplt
 285 029e 00B9     	 cbnz r0,.L21
 286 02a0 0746     	 mov r7,r0
 287              	.L21:
 288 02a2 354B     	 ldr r3,.L385+32
 289 02a4 83F83E77 	 strb r7,[r3,#1854]
 290 02a8 1F46     	 mov r7,r3
 291 02aa 344B     	 ldr r3,.L385+36
 292 02ac 93F8F420 	 ldrb r2,[r3,#244]
 293 02b0 93F8F530 	 ldrb r3,[r3,#245]
 294 02b4 87F84037 	 strb r3,[r7,#1856]
 295 02b8 07F59063 	 add r3,r7,#1152
 296 02bc D3E900AB 	 ldrd r10,[r3]
 297 02c0 87F83F27 	 strb r2,[r7,#1855]
 298 02c4 5046     	 mov r0,r10
 299 02c6 5946     	 mov r1,fp
 300 02c8 27A3     	 adr r3,.L385+16
 301 02ca D3E90023 	 ldrd r2,[r3]
 302 02ce 4FF00109 	 mov r9,#1
 303 02d2 FFF7FEFF 	 bl __aeabi_dcmpgt
 304 02d6 00B9     	 cbnz r0,.L22
 305 02d8 8146     	 mov r9,r0
 306              	.L22:
 307 02da A8F1020C 	 sub ip,r8,#2
 308 02de DCF10002 	 rsbs r2,ip,#0
 309 02e2 42EB0C02 	 adc r2,r2,ip
 310 02e6 002A     	 cmp r2,#0
 311 02e8 87F84197 	 strb r9,[r7,#1857]
 312 02ec 87F84227 	 strb r2,[r7,#1858]
 313 02f0 214F     	 ldr r7,.L385+32
 314 02f2 5FFA89F3 	 uxtb r3,r9
 315 02f6 08BF     	 it eq
 316 02f8 0023     	 moveq r3,#0
 317 02fa 87F84337 	 strb r3,[r7,#1859]
 318 02fe 5046     	 mov r0,r10
 319 0300 5946     	 mov r1,fp
 320 0302 1BA3     	 adr r3,.L385+24
 321 0304 D3E90023 	 ldrd r2,[r3]
 322 0308 4FF00109 	 mov r9,#1
 323 030c FFF7FEFF 	 bl __aeabi_dcmpgt
 324 0310 00B9     	 cbnz r0,.L24
 325 0312 8146     	 mov r9,r0
 326              	.L24:
 327 0314 A8F1030E 	 sub lr,r8,#3
 328 0318 5FFA89F3 	 uxtb r3,r9
 329 031c DEF1000A 	 rsbs r10,lr,#0
 330 0320 4AEB0E0A 	 adc r10,r10,lr
 331 0324 002B     	 cmp r3,#0
 332 0326 87F845A7 	 strb r10,[r7,#1861]
 333 032a 08BF     	 it eq
 334 032c 4FF0000A 	 moveq r10,#0
 335 0330 87F84497 	 strb r9,[r7,#1860]
 336 0334 104B     	 ldr r3,.L385+32
 337 0336 87F846A7 	 strb r10,[r7,#1862]
 338 033a 8EBB     	 cbnz r6,.L199
 339 033c B3F83E27 	 ldrh r2,[r3,#1854]
 340 0340 72BB     	 cbnz r2,.L199
 341 0342 D3F84037 	 ldr r3,[r3,#1856]
 342 0346 23F47F03 	 bic r3,r3,#16711680
 343 034a 23F47F43 	 bic r3,r3,#65280
 344 034e 002B     	 cmp r3,#0
 345 0350 18BF     	 it ne
 346 0352 4FF0010A 	 movne r10,#1
 347 0356 25E0     	 b .L26
 348              	.L386:
 349              	 .align 3
 350              	.L385:
 351 0358 00000000 	 .word 0
 352 035c 00206540 	 .word 1080369152
 353 0360 00000000 	 .word 0
 354 0364 00507440 	 .word 1081364480
 355 0368 00000000 	 .word 0
 356 036c 0088B340 	 .word 1085507584
 357 0370 00000000 	 .word 0
 358 0374 00B4B440 	 .word 1085584384
 359 0378 00000000 	 .word VCU_B
 360 037c 00000000 	 .word VCU_DW
 361 0380 00000840 	 .word 1074266112
 362 0384 00000000 	 .word VCU_ConstP
 363 0388 E8040000 	 .word VCU_B+1256
 364 038c 78040000 	 .word VCU_B+1144
 365 0390 00806C40 	 .word 1080852480
 366 0394 D0040000 	 .word VCU_B+1232
 367 0398 00002E40 	 .word 1076756480
 368 039c 0000F03F 	 .word 1072693248
 369              	.L199:
 370 03a0 4FF0010A 	 mov r10,#1
 371              	.L26:
 372 03a4 C64B     	 ldr r3,.L387+8
 373 03a6 049A     	 ldr r2,[sp,#16]
 374 03a8 93F84231 	 ldrb r3,[r3,#322]
 375 03ac 84F84837 	 strb r3,[r4,#1864]
 376 03b0 0AEB4202 	 add r2,r10,r2,lsl#1
 377 03b4 03EB4203 	 add r3,r3,r2,lsl#1
 378 03b8 C24A     	 ldr r2,.L387+12
 379 03ba 84F847A7 	 strb r10,[r4,#1863]
 380 03be 1344     	 add r3,r3,r2
 381 03c0 93F83023 	 ldrb r2,[r3,#816]
 382 03c4 93F83833 	 ldrb r3,[r3,#824]
 383 03c8 84F84A37 	 strb r3,[r4,#1866]
 384 03cc BE4B     	 ldr r3,.L387+16
 385 03ce 84F84927 	 strb r2,[r4,#1865]
 386 03d2 D3E90001 	 ldrd r0,[r3]
 387 03d6 D3E90223 	 ldrd r2,[r3,#8]
 388 03da FFF7FEFF 	 bl __aeabi_dadd
 389 03de 0022     	 movs r2,#0
 390 03e0 C4E96C01 	 strd r0,[r4,#432]
 391 03e4 B94B     	 ldr r3,.L387+20
 392 03e6 FFF7FEFF 	 bl __aeabi_dmul
 393 03ea 0022     	 movs r2,#0
 394 03ec C4E96E01 	 strd r0,[r4,#440]
 395 03f0 B74B     	 ldr r3,.L387+24
 396 03f2 4FF00104 	 mov r4,#1
 397 03f6 FFF7FEFF 	 bl __aeabi_dcmpgt
 398 03fa 00B9     	 cbnz r0,.L27
 399 03fc 0446     	 mov r4,r0
 400              	.L27:
 401 03fe 9DED027B 	 fldd d7,[sp,#8]
 402 0402 B44F     	 ldr r7,.L387+28
 403 0404 51EC170B 	 fmrrd r0,r1,d7
 404 0408 87F84B47 	 strb r4,[r7,#1867]
 405 040c 87ED707B 	 fstd d7,[r7,#448]
 406 0410 87F84C57 	 strb r5,[r7,#1868]
 407 0414 A8A3     	 adr r3,.L387
 408 0416 D3E90023 	 ldrd r2,[r3]
 409 041a 5FFA84F9 	 uxtb r9,r4
 410 041e 4FF0010B 	 mov fp,#1
 411 0422 FFF7FEFF 	 bl __aeabi_dcmpgt
 412 0426 00B9     	 cbnz r0,.L28
 413 0428 8346     	 mov fp,r0
 414              	.L28:
 415 042a 87F84DB7 	 strb fp,[r7,#1869]
 416 042e DDE90201 	 ldrd r0,[sp,#8]
 417 0432 0022     	 movs r2,#0
 418 0434 A84B     	 ldr r3,.L387+32
 419 0436 5FFA8BF6 	 uxtb r6,fp
 420 043a 4FF00104 	 mov r4,#1
 421 043e FFF7FEFF 	 bl __aeabi_dcmpgt
 422 0442 00B9     	 cbnz r0,.L29
 423 0444 0446     	 mov r4,r0
 424              	.L29:
 425 0446 2E44     	 add r6,r6,r5
 426 0448 56FA84F6 	 uxtab r6,r6,r4
 427 044c F6B2     	 uxtb r6,r6
 428 044e B51E     	 subs r5,r6,#2
 429 0450 87F84E47 	 strb r4,[r7,#1870]
 430 0454 9A4C     	 ldr r4,.L387+8
 431 0456 87F88A66 	 strb r6,[r7,#1674]
 432 045a D5F1000C 	 rsbs ip,r5,#0
 433 045e 4CEB050C 	 adc ip,ip,r5
 434 0462 94F8F630 	 ldrb r3,[r4,#246]
 435 0466 87F85137 	 strb r3,[r7,#1873]
 436 046a B9F1000F 	 cmp r9,#0
 437 046e 14BF     	 ite ne
 438 0470 E346     	 movne fp,ip
 439 0472 4FF0000B 	 moveq fp,#0
 440 0476 9B45     	 cmp fp,r3
 441 0478 94F8BF30 	 ldrb r3,[r4,#191]
 442 047c 87F850B7 	 strb fp,[r7,#1872]
 443 0480 94BF     	 ite ls
 444 0482 4FF0000B 	 movls fp,#0
 445 0486 4FF0010B 	 movhi fp,#1
 446 048a 9E42     	 cmp r6,r3
 447 048c 87F88B36 	 strb r3,[r7,#1675]
 448 0490 94BF     	 ite ls
 449 0492 0023     	 movls r3,#0
 450 0494 0123     	 movhi r3,#1
 451 0496 022E     	 cmp r6,#2
 452 0498 87F85437 	 strb r3,[r7,#1876]
 453 049c 94BF     	 ite ls
 454 049e 0023     	 movls r3,#0
 455 04a0 0123     	 movhi r3,#1
 456 04a2 87F85537 	 strb r3,[r7,#1877]
 457 04a6 94F8F730 	 ldrb r3,[r4,#247]
 458 04aa 87F84FC7 	 strb ip,[r7,#1871]
 459 04ae 87F85637 	 strb r3,[r7,#1878]
 460 04b2 8CF0010C 	 eor ip,ip,#1
 461 04b6 94F8F830 	 ldrb r3,[r4,#248]
 462 04ba B6FA86F9 	 clz r9,r6
 463 04be 4FEA5919 	 lsr r9,r9,#5
 464 04c2 87F853C7 	 strb ip,[r7,#1875]
 465 04c6 87F85737 	 strb r3,[r7,#1879]
 466 04ca 87F852B7 	 strb fp,[r7,#1874]
 467 04ce 87F85897 	 strb r9,[r7,#1880]
 468 04d2 DDE90601 	 ldrd r0,[sp,#24]
 469 04d6 0022     	 movs r2,#0
 470 04d8 7D4B     	 ldr r3,.L387+24
 471 04da CDF808C0 	 str ip,[sp,#8]
 472 04de FFF7FEFF 	 bl __aeabi_dcmplt
 473 04e2 4FF00105 	 mov r5,#1
 474 04e6 DDF808C0 	 ldr ip,[sp,#8]
 475 04ea 00B9     	 cbnz r0,.L31
 476 04ec 0546     	 mov r5,r0
 477              	.L31:
 478 04ee 794B     	 ldr r3,.L387+28
 479 04f0 B9F1000F 	 cmp r9,#0
 480 04f4 EAB2     	 uxtb r2,r5
 481 04f6 14BF     	 ite ne
 482 04f8 9146     	 movne r9,r2
 483 04fa 4FF00009 	 moveq r9,#0
 484 04fe 83F85957 	 strb r5,[r3,#1881]
 485 0502 83F85A97 	 strb r9,[r3,#1882]
 486 0506 1D46     	 mov r5,r3
 487 0508 D3F85437 	 ldr r3,[r3,#1876]
 488 050c 002B     	 cmp r3,#0
 489 050e 18BF     	 it ne
 490 0510 4FF00109 	 movne r9,#1
 491 0514 85F85B97 	 strb r9,[r5,#1883]
 492 0518 BCF1000F 	 cmp ip,#0
 493 051c 0CD1     	 bne .L204
 494 051e 05F59C63 	 add r3,r5,#1248
 495 0522 D3E90001 	 ldrd r0,[r3]
 496 0526 0022     	 movs r2,#0
 497 0528 0023     	 movs r3,#0
 498 052a FFF7FEFF 	 bl __aeabi_dcmpeq
 499 052e 0028     	 cmp r0,#0
 500 0530 14BF     	 ite ne
 501 0532 4B46     	 movne r3,r9
 502 0534 0123     	 moveq r3,#1
 503 0536 00E0     	 b .L34
 504              	.L204:
 505 0538 0123     	 movs r3,#1
 506              	.L34:
 507 053a 94F84321 	 ldrb r2,[r4,#323]
 508 053e 85F85C37 	 strb r3,[r5,#1884]
 509 0542 03EB4B03 	 add r3,r3,fp,lsl#1
 510 0546 85F85D27 	 strb r2,[r5,#1885]
 511 054a 02EB4302 	 add r2,r2,r3,lsl#1
 512 054e 5D4B     	 ldr r3,.L387+12
 513 0550 1344     	 add r3,r3,r2
 514 0552 0022     	 movs r2,#0
 515 0554 93F830B3 	 ldrb fp,[r3,#816]
 516 0558 93F83833 	 ldrb r3,[r3,#824]
 517 055c 85F85F37 	 strb r3,[r5,#1887]
 518 0560 5E4B     	 ldr r3,.L387+36
 519 0562 85F85EB7 	 strb fp,[r5,#1886]
 520 0566 D3E90001 	 ldrd r0,[r3]
 521 056a 0023     	 movs r3,#0
 522 056c FFF7FEFF 	 bl __aeabi_dcmpeq
 523 0570 28B1     	 cbz r0,.L206
 524 0572 1BF1000B 	 adds fp,fp,#0
 525 0576 18BF     	 it ne
 526 0578 4FF0010B 	 movne fp,#1
 527 057c 01E0     	 b .L35
 528              	.L206:
 529 057e 4FF0010B 	 mov fp,#1
 530              	.L35:
 531 0582 94F8F920 	 ldrb r2,[r4,#249]
 532 0586 85F86127 	 strb r2,[r5,#1889]
 533 058a 5FFA8BFB 	 uxtb fp,fp
 534 058e 9345     	 cmp fp,r2
 535 0590 85F860B7 	 strb fp,[r5,#1888]
 536 0594 94F84421 	 ldrb r2,[r4,#324]
 537 0598 85F86327 	 strb r2,[r5,#1891]
 538 059c 94BF     	 ite ls
 539 059e 4FF0000B 	 movls fp,#0
 540 05a2 4FF0010B 	 movhi fp,#1
 541 05a6 85F862B7 	 strb fp,[r5,#1890]
 542 05aa 09EB4B0B 	 add fp,r9,fp,lsl#1
 543 05ae 02EB4B0B 	 add fp,r2,fp,lsl#1
 544 05b2 444A     	 ldr r2,.L387+12
 545 05b4 424B     	 ldr r3,.L387+8
 546 05b6 5A44     	 add r2,r2,fp
 547 05b8 92F830B3 	 ldrb fp,[r2,#816]
 548 05bc 92F83823 	 ldrb r2,[r2,#824]
 549 05c0 85F86527 	 strb r2,[r5,#1893]
 550 05c4 0022     	 movs r2,#0
 551 05c6 85F864B7 	 strb fp,[r5,#1892]
 552 05ca 85F86627 	 strb r2,[r5,#1894]
 553 05ce B9F1000F 	 cmp r9,#0
 554 05d2 05D0     	 beq .L36
 555 05d4 83F8FC20 	 strb r2,[r3,#252]
 556 05d8 BBF1000F 	 cmp fp,#0
 557 05dc 07D1     	 bne .L37
 558 05de 0CE0     	 b .L38
 559              	.L36:
 560 05e0 BBF1000F 	 cmp fp,#0
 561 05e4 09D0     	 beq .L38
 562 05e6 93F8FC20 	 ldrb r2,[r3,#252]
 563 05ea 3B2A     	 cmp r2,#59
 564 05ec 03D8     	 bhi .L40
 565              	.L37:
 566 05ee 0132     	 adds r2,r2,#1
 567 05f0 84F8FC20 	 strb r2,[r4,#252]
 568 05f4 01E0     	 b .L38
 569              	.L40:
 570 05f6 83F8FC90 	 strb r9,[r3,#252]
 571              	.L38:
 572 05fa 94F8FC30 	 ldrb r3,[r4,#252]
 573 05fe 354D     	 ldr r5,.L387+28
 574 0600 94F84521 	 ldrb r2,[r4,#325]
 575 0604 85F86927 	 strb r2,[r5,#1897]
 576 0608 012B     	 cmp r3,#1
 577 060a 08BF     	 it eq
 578 060c 85F86637 	 strbeq r3,[r5,#1894]
 579 0610 94F8C030 	 ldrb r3,[r4,#192]
 580 0614 95F86617 	 ldrb r1,[r5,#1894]
 581 0618 85F88C36 	 strb r3,[r5,#1676]
 582 061c 9E42     	 cmp r6,r3
 583 061e 94BF     	 ite ls
 584 0620 0026     	 movls r6,#0
 585 0622 0126     	 movhi r6,#1
 586 0624 B9F1000F 	 cmp r9,#0
 587 0628 0CBF     	 ite eq
 588 062a 3346     	 moveq r3,r6
 589 062c 0123     	 movne r3,#1
 590 062e 85F86837 	 strb r3,[r5,#1896]
 591 0632 03EB4103 	 add r3,r3,r1,lsl#1
 592 0636 02EB4303 	 add r3,r2,r3,lsl#1
 593 063a 224A     	 ldr r2,.L387+12
 594 063c 85F86767 	 strb r6,[r5,#1895]
 595 0640 1344     	 add r3,r3,r2
 596 0642 1F4E     	 ldr r6,.L387+8
 597 0644 93F83003 	 ldrb r0,[r3,#816]
 598 0648 93F83833 	 ldrb r3,[r3,#824]
 599 064c 85F86B37 	 strb r3,[r5,#1899]
 600 0650 85F86A07 	 strb r0,[r5,#1898]
 601 0654 FFF7FEFF 	 bl __aeabi_ui2d
 602 0658 0023     	 movs r3,#0
 603 065a C5E97201 	 strd r0,[r5,#456]
 604 065e 85F86C37 	 strb r3,[r5,#1900]
 605 0662 BAF1000F 	 cmp r10,#0
 606 0666 04D0     	 beq .L43
 607 0668 049A     	 ldr r2,[sp,#16]
 608 066a A6F89E30 	 strh r3,[r6,#158]
 609 066e 3AB9     	 cbnz r2,.L44
 610 0670 0CE0     	 b .L45
 611              	.L43:
 612 0672 049B     	 ldr r3,[sp,#16]
 613 0674 53B1     	 cbz r3,.L45
 614 0676 B6F89E30 	 ldrh r3,[r6,#158]
 615 067a B3F5FA7F 	 cmp r3,#500
 616 067e 03D2     	 bcs .L47
 617              	.L44:
 618 0680 0133     	 adds r3,r3,#1
 619 0682 A4F89E30 	 strh r3,[r4,#158]
 620 0686 01E0     	 b .L45
 621              	.L47:
 622 0688 A6F89EA0 	 strh r10,[r6,#158]
 623              	.L45:
 624 068c B4F89E30 	 ldrh r3,[r4,#158]
 625 0690 104E     	 ldr r6,.L387+28
 626 0692 B3F5FA7F 	 cmp r3,#500
 627 0696 04BF     	 itt eq
 628 0698 0123     	 moveq r3,#1
 629 069a 86F86C37 	 strbeq r3,[r6,#1900]
 630 069e 0023     	 movs r3,#0
 631 06a0 86F86D37 	 strb r3,[r6,#1901]
 632 06a4 B9F1000F 	 cmp r9,#0
 633 06a8 1AD0     	 beq .L49
 634 06aa 84F8FD30 	 strb r3,[r4,#253]
 635 06ae BBF1000F 	 cmp fp,#0
 636 06b2 1CD1     	 bne .L50
 637 06b4 22E0     	 b .L51
 638              	.L388:
 639 06b6 00BF     	 .align 3
 640              	.L387:
 641 06b8 00000000 	 .word 0
 642 06bc 00D07040 	 .word 1081135104
 643 06c0 00000000 	 .word VCU_DW
 644 06c4 00000000 	 .word VCU_ConstP
 645 06c8 48040000 	 .word VCU_B+1096
 646 06cc 0000E03F 	 .word 1071644672
 647 06d0 00002E40 	 .word 1076756480
 648 06d4 00000000 	 .word VCU_B
 649 06d8 00807640 	 .word 1081507840
 650 06dc E0040000 	 .word VCU_B+1248
 651              	.L49:
 652 06e0 BBF1000F 	 cmp fp,#0
 653 06e4 0AD0     	 beq .L51
 654 06e6 94F8FD30 	 ldrb r3,[r4,#253]
 655 06ea C72B     	 cmp r3,#199
 656 06ec 03D8     	 bhi .L53
 657              	.L50:
 658 06ee 0133     	 adds r3,r3,#1
 659 06f0 84F8FD30 	 strb r3,[r4,#253]
 660 06f4 02E0     	 b .L51
 661              	.L53:
 662 06f6 1E4B     	 ldr r3,.L389+8
 663 06f8 83F8FD90 	 strb r9,[r3,#253]
 664              	.L51:
 665 06fc 94F8FD30 	 ldrb r3,[r4,#253]
 666 0700 DFF87890 	 ldr r9,.L389+20
 667 0704 B42B     	 cmp r3,#180
 668 0706 04BF     	 itt eq
 669 0708 0123     	 moveq r3,#1
 670 070a 86F86D37 	 strbeq r3,[r6,#1901]
 671 070e 5846     	 mov r0,fp
 672 0710 FFF7FEFF 	 bl __aeabi_ui2d
 673 0714 94F8C130 	 ldrb r3,[r4,#193]
 674 0718 86F88D36 	 strb r3,[r6,#1677]
 675 071c 9845     	 cmp r8,r3
 676 071e 049B     	 ldr r3,[sp,#16]
 677 0720 2CBF     	 ite cs
 678 0722 4FF00008 	 movcs r8,#0
 679 0726 4FF00108 	 movcc r8,#1
 680 072a C6E97401 	 strd r0,[r6,#464]
 681 072e 86F86E87 	 strb r8,[r6,#1902]
 682 0732 9FED0D8B 	 fldd d8,.L389
 683 0736 23B1     	 cbz r3,.L55
 684 0738 0E4B     	 ldr r3,.L389+12
 685 073a 0022     	 movs r2,#0
 686 073c C9E97623 	 strd r2,[r9,#472]
 687 0740 01E0     	 b .L56
 688              	.L55:
 689 0742 89ED768B 	 fstd d8,[r9,#472]
 690              	.L56:
 691 0746 D6E97689 	 ldrd r8,[r6,#472]
 692 074a DDE90601 	 ldrd r0,[sp,#24]
 693 074e 4246     	 mov r2,r8
 694 0750 4B46     	 mov r3,r9
 695 0752 DFF828A0 	 ldr r10,.L389+20
 696 0756 FFF7FEFF 	 bl __aeabi_dcmpgt
 697 075a 88B1     	 cbz r0,.L360
 698              	.L60:
 699 075c 064B     	 ldr r3,.L389+16
 700 075e D3E90023 	 ldrd r2,[r3]
 701 0762 C6E97823 	 strd r2,[r6,#480]
 702 0766 15E0     	 b .L59
 703              	.L390:
 704              	 .align 3
 705              	.L389:
 706 0768 00000000 	 .word 0
 707 076c 00000000 	 .word 0
 708 0770 00000000 	 .word VCU_DW
 709 0774 00003440 	 .word 1077149696
 710 0778 D0040000 	 .word VCU_B+1232
 711 077c 00000000 	 .word VCU_B
 712              	.L360:
 713 0780 4046     	 mov r0,r8
 714 0782 4946     	 mov r1,r9
 715 0784 FFF7FEFF 	 bl rtIsNaN
 716 0788 0028     	 cmp r0,#0
 717 078a E7D1     	 bne .L60
 718 078c DAE97623 	 ldrd r2,[r10,#472]
 719 0790 CAE97823 	 strd r2,[r10,#480]
 720              	.L59:
 721 0794 4FF00008 	 mov r8,#0
 722 0798 4FF00009 	 mov r9,#0
 723 079c D6E97801 	 ldrd r0,[r6,#480]
 724 07a0 4246     	 mov r2,r8
 725 07a2 4B46     	 mov r3,r9
 726 07a4 FFF7FEFF 	 bl __aeabi_dcmpgt
 727 07a8 10B9     	 cbnz r0,.L61
 728 07aa CC4B     	 ldr r3,.L391
 729 07ac C3E97889 	 strd r8,[r3,#480]
 730              	.L61:
 731 07b0 D6E97889 	 ldrd r8,[r6,#480]
 732 07b4 0022     	 movs r2,#0
 733 07b6 4046     	 mov r0,r8
 734 07b8 4946     	 mov r1,r9
 735 07ba C94B     	 ldr r3,.L391+4
 736 07bc 4FF0010B 	 mov fp,#1
 737 07c0 FFF7FEFF 	 bl __aeabi_dcmpgt
 738 07c4 00B9     	 cbnz r0,.L62
 739 07c6 8346     	 mov fp,r0
 740              	.L62:
 741 07c8 85F86FB7 	 strb fp,[r5,#1903]
 742 07cc 5FFA8BF0 	 uxtb r0,fp
 743 07d0 FFF7FEFF 	 bl __aeabi_ui2d
 744 07d4 DFF804A3 	 ldr r10,.L391
 745 07d8 0AF5AB63 	 add r3,r10,#1368
 746 07dc C5E97A01 	 strd r0,[r5,#488]
 747 07e0 D3E90023 	 ldrd r2,[r3]
 748 07e4 4046     	 mov r0,r8
 749 07e6 4946     	 mov r1,r9
 750 07e8 FFF7FEFF 	 bl __aeabi_dsub
 751 07ec 8046     	 mov r8,r0
 752 07ee 8946     	 mov r9,r1
 753 07f0 C5E97C89 	 strd r8,[r5,#496]
 754 07f4 0022     	 movs r2,#0
 755 07f6 BB4B     	 ldr r3,.L391+8
 756 07f8 4FF0010B 	 mov fp,#1
 757 07fc FFF7FEFF 	 bl __aeabi_dcmplt
 758 0800 00B9     	 cbnz r0,.L63
 759 0802 8346     	 mov fp,r0
 760              	.L63:
 761 0804 B84A     	 ldr r2,.L391+12
 762 0806 8AF870B7 	 strb fp,[r10,#1904]
 763 080a 0E23     	 movs r3,#14
 764 080c 0093     	 str r3,[sp]
 765 080e 4046     	 mov r0,r8
 766 0810 A2F17803 	 sub r3,r2,#120
 767 0814 4946     	 mov r1,r9
 768 0816 FFF7FEFF 	 bl look1_binlxpw
 769 081a 8246     	 mov r10,r0
 770 081c 8B46     	 mov fp,r1
 771 081e C5E97EAB 	 strd r10,[r5,#504]
 772 0822 95F87007 	 ldrb r0,[r5,#1904]
 773 0826 FFF7FEFF 	 bl __aeabi_ui2d
 774 082a 0246     	 mov r2,r0
 775 082c 0B46     	 mov r3,r1
 776 082e 5046     	 mov r0,r10
 777 0830 5946     	 mov r1,fp
 778 0832 FFF7FEFF 	 bl __aeabi_dmul
 779 0836 AD4B     	 ldr r3,.L391+16
 780 0838 8046     	 mov r8,r0
 781 083a 8946     	 mov r9,r1
 782 083c 4FF0010C 	 mov ip,#1
 783 0840 D3E90001 	 ldrd r0,[r3]
 784 0844 C5E98089 	 strd r8,[r5,#512]
 785 0848 0022     	 movs r2,#0
 786 084a A94B     	 ldr r3,.L391+20
 787 084c CDF808C0 	 str ip,[sp,#8]
 788 0850 FFF7FEFF 	 bl __aeabi_dcmpgt
 789 0854 DDF808C0 	 ldr ip,[sp,#8]
 790 0858 00B9     	 cbnz r0,.L64
 791 085a 8446     	 mov ip,r0
 792              	.L64:
 793 085c 1CF0FF0F 	 tst ip,#255
 794 0860 08BF     	 it eq
 795 0862 9F49     	 ldreq r1,.L391+4
 796 0864 9D4B     	 ldr r3,.L391
 797 0866 86F871C7 	 strb ip,[r6,#1905]
 798 086a 18BF     	 it ne
 799 086c 4FF08041 	 movne r1,#1073741824
 800 0870 0020     	 movs r0,#0
 801 0872 C3E98201 	 strd r0,[r3,#520]
 802 0876 4046     	 mov r0,r8
 803 0878 D6E98223 	 ldrd r2,[r6,#520]
 804 087c 4946     	 mov r1,r9
 805 087e FFF7FEFF 	 bl __aeabi_dmul
 806 0882 D6E97C89 	 ldrd r8,[r6,#496]
 807 0886 C6E98401 	 strd r0,[r6,#528]
 808 088a C6E98601 	 strd r0,[r6,#536]
 809 088e 0022     	 movs r2,#0
 810 0890 4046     	 mov r0,r8
 811 0892 4946     	 mov r1,r9
 812 0894 0023     	 movs r3,#0
 813 0896 4FF00106 	 mov r6,#1
 814 089a FFF7FEFF 	 bl __aeabi_dcmpgt
 815 089e 00B9     	 cbnz r0,.L67
 816 08a0 0646     	 mov r6,r0
 817              	.L67:
 818 08a2 85F87267 	 strb r6,[r5,#1906]
 819 08a6 F0B2     	 uxtb r0,r6
 820 08a8 FFF7FEFF 	 bl __aeabi_ui2d
 821 08ac 0246     	 mov r2,r0
 822 08ae 0B46     	 mov r3,r1
 823 08b0 5046     	 mov r0,r10
 824 08b2 5946     	 mov r1,fp
 825 08b4 FFF7FEFF 	 bl __aeabi_dmul
 826 08b8 0022     	 movs r2,#0
 827 08ba C5E98801 	 strd r0,[r5,#544]
 828 08be C5E98A01 	 strd r0,[r5,#552]
 829 08c2 8C4B     	 ldr r3,.L391+24
 830 08c4 4046     	 mov r0,r8
 831 08c6 4946     	 mov r1,r9
 832 08c8 4FF00106 	 mov r6,#1
 833 08cc FFF7FEFF 	 bl __aeabi_dcmplt
 834 08d0 00B9     	 cbnz r0,.L68
 835 08d2 0646     	 mov r6,r0
 836              	.L68:
 837 08d4 85F87367 	 strb r6,[r5,#1907]
 838 08d8 F0B2     	 uxtb r0,r6
 839 08da FFF7FEFF 	 bl __aeabi_ui2d
 840 08de 0123     	 movs r3,#1
 841 08e0 85F87437 	 strb r3,[r5,#1908]
 842 08e4 95F88337 	 ldrb r3,[r5,#1923]
 843 08e8 84F83D31 	 strb r3,[r4,#317]
 844 08ec 95F82737 	 ldrb r3,[r5,#1831]
 845 08f0 84F83E31 	 strb r3,[r4,#318]
 846 08f4 95F82B37 	 ldrb r3,[r5,#1835]
 847 08f8 84F83F31 	 strb r3,[r4,#319]
 848 08fc 85ED8E8B 	 fstd d8,[r5,#568]
 849 0900 7D4B     	 ldr r3,.L391+28
 850 0902 95F83727 	 ldrb r2,[r5,#1847]
 851 0906 84F8DD20 	 strb r2,[r4,#221]
 852 090a 85ED908B 	 fstd d8,[r5,#576]
 853 090e 85ED928B 	 fstd d8,[r5,#584]
 854 0912 C5E98C01 	 strd r0,[r5,#560]
 855 0916 03F11301 	 add r1,r3,#19
 856              	.L69:
 857 091a 13F8010F 	 ldrb r0,[r3,#1]!
 858 091e 03F8010C 	 strb r0,[r3,#-1]
 859 0922 8B42     	 cmp r3,r1
 860 0924 F9D1     	 bne .L69
 861 0926 97F83217 	 ldrb r1,[r7,#1842]
 862 092a 84F84011 	 strb r1,[r4,#320]
 863 092e 7349     	 ldr r1,.L391+32
 864 0930 97F84737 	 ldrb r3,[r7,#1863]
 865 0934 84F8F130 	 strb r3,[r4,#241]
 866 0938 D1E90001 	 ldrd r0,[r1]
 867 093c 84F8F230 	 strb r3,[r4,#242]
 868 0940 97F86E37 	 ldrb r3,[r7,#1902]
 869 0944 84F8F330 	 strb r3,[r4,#243]
 870 0948 97F86C37 	 ldrb r3,[r7,#1900]
 871 094c 84F8F530 	 strb r3,[r4,#245]
 872 0950 C4E90401 	 strd r0,[r4,#16]
 873 0954 97F85037 	 ldrb r3,[r7,#1872]
 874 0958 97F84917 	 ldrb r1,[r7,#1865]
 875 095c 84F84211 	 strb r1,[r4,#322]
 876 0960 84F8F630 	 strb r3,[r4,#246]
 877 0964 84F8F710 	 strb r1,[r4,#247]
 878 0968 97F88A36 	 ldrb r3,[r7,#1674]
 879 096c 97F86D17 	 ldrb r1,[r7,#1901]
 880 0970 84F8BF30 	 strb r3,[r4,#191]
 881 0974 84F8F810 	 strb r1,[r4,#248]
 882 0978 84F8C030 	 strb r3,[r4,#192]
 883 097c 97F85E17 	 ldrb r1,[r7,#1886]
 884 0980 97F86A37 	 ldrb r3,[r7,#1898]
 885 0984 84F84121 	 strb r2,[r4,#321]
 886 0988 84F84311 	 strb r1,[r4,#323]
 887 098c 97F86427 	 ldrb r2,[r7,#1892]
 888 0990 97F86017 	 ldrb r1,[r7,#1888]
 889 0994 84F84531 	 strb r3,[r4,#325]
 890 0998 97F88936 	 ldrb r3,[r7,#1673]
 891 099c 84F8F420 	 strb r2,[r4,#244]
 892 09a0 84F8F910 	 strb r1,[r4,#249]
 893 09a4 84F84421 	 strb r2,[r4,#324]
 894 09a8 84F8C130 	 strb r3,[r4,#193]
 895              	.L9:
 896 09ac 4B4D     	 ldr r5,.L391
 897 09ae 95F9C836 	 ldrsb r3,[r5,#1736]
 898 09b2 5C1E     	 subs r4,r3,#1
 899 09b4 6242     	 rsbs r2,r4,#0
 900 09b6 6241     	 adcs r2,r2,r4
 901 09b8 032B     	 cmp r3,#3
 902 09ba D4BF     	 ite le
 903 09bc 0023     	 movle r3,#0
 904 09be 0123     	 movgt r3,#1
 905 09c0 85F8CA26 	 strb r2,[r5,#1738]
 906 09c4 85F8CB36 	 strb r3,[r5,#1739]
 907 09c8 B5F8CA36 	 ldrh r3,[r5,#1738]
 908 09cc 0033     	 adds r3,r3,#0
 909 09ce 18BF     	 it ne
 910 09d0 0123     	 movne r3,#1
 911 09d2 85F8CC36 	 strb r3,[r5,#1740]
 912 09d6 2C46     	 mov r4,r5
 913 09d8 002B     	 cmp r3,#0
 914 09da 00F02084 	 beq .L70
 915 09de 484E     	 ldr r6,.L391+36
 916 09e0 95F88397 	 ldrb r9,[r5,#1923]
 917 09e4 96F83531 	 ldrb r3,[r6,#309]
 918 09e8 85F8D036 	 strb r3,[r5,#1744]
 919 09ec 9945     	 cmp r9,r3
 920 09ee 94BF     	 ite ls
 921 09f0 4FF00008 	 movls r8,#0
 922 09f4 4FF00108 	 movhi r8,#1
 923 09f8 05F5B163 	 add r3,r5,#1416
 924 09fc B9FA89F9 	 clz r9,r9
 925 0a00 96F83671 	 ldrb r7,[r6,#310]
 926 0a04 85F8D186 	 strb r8,[r5,#1745]
 927 0a08 4FEA5919 	 lsr r9,r9,#5
 928 0a0c D3E90001 	 ldrd r0,[r3]
 929 0a10 85F8D296 	 strb r9,[r5,#1746]
 930 0a14 85F8D376 	 strb r7,[r5,#1747]
 931 0a18 0022     	 movs r2,#0
 932 0a1a 3A4B     	 ldr r3,.L391+40
 933 0a1c 4FF0010A 	 mov r10,#1
 934 0a20 FFF7FEFF 	 bl __aeabi_dcmpgt
 935 0a24 00B9     	 cbnz r0,.L71
 936 0a26 8246     	 mov r10,r0
 937              	.L71:
 938 0a28 85F8D4A6 	 strb r10,[r5,#1748]
 939 0a2c 2B4D     	 ldr r5,.L391
 940 0a2e 05F58363 	 add r3,r5,#1048
 941 0a32 D3E90001 	 ldrd r0,[r3]
 942 0a36 0022     	 movs r2,#0
 943 0a38 324B     	 ldr r3,.L391+40
 944 0a3a 4FF0010A 	 mov r10,#1
 945 0a3e FFF7FEFF 	 bl __aeabi_dcmpgt
 946 0a42 00B9     	 cbnz r0,.L72
 947 0a44 8246     	 mov r10,r0
 948              	.L72:
 949 0a46 85F8D5A6 	 strb r10,[r5,#1749]
 950 0a4a B4F8D426 	 ldrh r2,[r4,#1748]
 951 0a4e 111C     	 adds r1,r2,#0
 952 0a50 18BF     	 it ne
 953 0a52 0121     	 movne r1,#1
 954 0a54 8F42     	 cmp r7,r1
 955 0a56 94BF     	 ite ls
 956 0a58 0023     	 movls r3,#0
 957 0a5a 0123     	 movhi r3,#1
 958 0a5c B9F1000F 	 cmp r9,#0
 959 0a60 84F8D736 	 strb r3,[r4,#1751]
 960 0a64 96F83721 	 ldrb r2,[r6,#311]
 961 0a68 84F8D926 	 strb r2,[r4,#1753]
 962 0a6c 18BF     	 it ne
 963 0a6e 0123     	 movne r3,#1
 964 0a70 84F8D836 	 strb r3,[r4,#1752]
 965 0a74 03EB4803 	 add r3,r3,r8,lsl#1
 966 0a78 02EB4302 	 add r2,r2,r3,lsl#1
 967 0a7c 224B     	 ldr r3,.L391+44
 968 0a7e 84F8D616 	 strb r1,[r4,#1750]
 969 0a82 1A44     	 add r2,r2,r3
 970 0a84 1D46     	 mov r5,r3
 971 0a86 92F83003 	 ldrb r0,[r2,#816]
 972 0a8a 92F83823 	 ldrb r2,[r2,#824]
 973 0a8e 84F8DB26 	 strb r2,[r4,#1755]
 974 0a92 0028     	 cmp r0,#0
 975 0a94 14BF     	 ite ne
 976 0a96 0A46     	 movne r2,r1
 977 0a98 0022     	 moveq r2,#0
 978 0a9a 96F8C330 	 ldrb r3,[r6,#195]
 979 0a9e 84F8DC26 	 strb r2,[r4,#1756]
 980 0aa2 84F8DD26 	 strb r2,[r4,#1757]
 981 0aa6 96F8C220 	 ldrb r2,[r6,#194]
 982 0aaa 96F83811 	 ldrb r1,[r6,#312]
 983 0aae 84F8DE26 	 strb r2,[r4,#1758]
 984 0ab2 03EB4202 	 add r2,r3,r2,lsl#1
 985 0ab6 01EB4202 	 add r2,r1,r2,lsl#1
 986 0aba 2A44     	 add r2,r2,r5
 987 0abc 84F8DA06 	 strb r0,[r4,#1754]
 988 0ac0 84F8DF36 	 strb r3,[r4,#1759]
 989 0ac4 92F83003 	 ldrb r0,[r2,#816]
 990 0ac8 92F83833 	 ldrb r3,[r2,#824]
 991 0acc 84F8E236 	 strb r3,[r4,#1762]
 992 0ad0 84F8E016 	 strb r1,[r4,#1760]
 993 0ad4 84F8E106 	 strb r0,[r4,#1761]
 994 0ad8 18E0     	 b .L392
 995              	.L393:
 996 0ada 00BF     	 .align 2
 997              	.L391:
 998 0adc 00000000 	 .word VCU_B
 999 0ae0 0000F03F 	 .word 1072693248
 1000 0ae4 0000E0BF 	 .word -1075838976
 1001 0ae8 B0020000 	 .word VCU_ConstP+688
 1002 0aec 58050000 	 .word VCU_B+1368
 1003 0af0 00003440 	 .word 1077149696
 1004 0af4 000034C0 	 .word -1070333952
 1005 0af8 DE000000 	 .word VCU_DW+222
 1006 0afc E8040000 	 .word VCU_B+1256
 1007 0b00 00000000 	 .word VCU_DW
 1008 0b04 00000840 	 .word 1074266112
 1009 0b08 00000000 	 .word VCU_ConstP
 1010              	.L392:
 1011 0b0c FFF7FEFF 	 bl __aeabi_ui2d
 1012 0b10 D6E90023 	 ldrd r2,[r6]
 1013 0b14 C4E91401 	 strd r0,[r4,#80]
 1014 0b18 C349     	 ldr r1,.L394+40
 1015 0b1a C4E91623 	 strd r2,[r4,#88]
 1016 0b1e D1E90001 	 ldrd r0,[r1]
 1017 0b22 4FF00107 	 mov r7,#1
 1018 0b26 FFF7FEFF 	 bl __aeabi_dcmpgt
 1019 0b2a 00B9     	 cbnz r0,.L75
 1020 0b2c 0746     	 mov r7,r0
 1021              	.L75:
 1022 0b2e 96F8D730 	 ldrb r3,[r6,#215]
 1023 0b32 96F83921 	 ldrb r2,[r6,#313]
 1024 0b36 84F8E436 	 strb r3,[r4,#1764]
 1025 0b3a F9B2     	 uxtb r1,r7
 1026 0b3c 03EB4103 	 add r3,r3,r1,lsl#1
 1027 0b40 02EB4303 	 add r3,r2,r3,lsl#1
 1028 0b44 2B44     	 add r3,r3,r5
 1029 0b46 96F8D850 	 ldrb r5,[r6,#216]
 1030 0b4a 93F83083 	 ldrb r8,[r3,#816]
 1031 0b4e 93F83833 	 ldrb r3,[r3,#824]
 1032 0b52 84F8E736 	 strb r3,[r4,#1767]
 1033 0b56 B54B     	 ldr r3,.L394+44
 1034 0b58 84F8E526 	 strb r2,[r4,#1765]
 1035 0b5c D3E90001 	 ldrd r0,[r3]
 1036 0b60 84F8E376 	 strb r7,[r4,#1763]
 1037 0b64 0246     	 mov r2,r0
 1038 0b66 0B46     	 mov r3,r1
 1039 0b68 84F8E686 	 strb r8,[r4,#1766]
 1040 0b6c 84F8E856 	 strb r5,[r4,#1768]
 1041 0b70 FFF7FEFF 	 bl __aeabi_dadd
 1042 0b74 A2A3     	 adr r3,.L394
 1043 0b76 D3E90023 	 ldrd r2,[r3]
 1044 0b7a C4E91801 	 strd r0,[r4,#96]
 1045 0b7e CDE90201 	 strd r0,[sp,#8]
 1046 0b82 4FF00106 	 mov r6,#1
 1047 0b86 FFF7FEFF 	 bl __aeabi_dcmpgt
 1048 0b8a 00B9     	 cbnz r0,.L76
 1049 0b8c 0646     	 mov r6,r0
 1050              	.L76:
 1051 0b8e 84F8E966 	 strb r6,[r4,#1769]
 1052 0b92 DDE90201 	 ldrd r0,[sp,#8]
 1053 0b96 0022     	 movs r2,#0
 1054 0b98 A54B     	 ldr r3,.L394+48
 1055 0b9a 5FFA86F9 	 uxtb r9,r6
 1056 0b9e 4FF00107 	 mov r7,#1
 1057 0ba2 FFF7FEFF 	 bl __aeabi_dcmpgt
 1058 0ba6 00B9     	 cbnz r0,.L77
 1059 0ba8 0746     	 mov r7,r0
 1060              	.L77:
 1061 0baa 84F8EA76 	 strb r7,[r4,#1770]
 1062 0bae DDE90201 	 ldrd r0,[sp,#8]
 1063 0bb2 95A3     	 adr r3,.L394+8
 1064 0bb4 D3E90023 	 ldrd r2,[r3]
 1065 0bb8 FEB2     	 uxtb r6,r7
 1066 0bba 4FF00107 	 mov r7,#1
 1067 0bbe FFF7FEFF 	 bl __aeabi_dcmpgt
 1068 0bc2 00B9     	 cbnz r0,.L78
 1069 0bc4 0746     	 mov r7,r0
 1070              	.L78:
 1071 0bc6 9B4B     	 ldr r3,.L394+52
 1072 0bc8 84F8EB76 	 strb r7,[r4,#1771]
 1073 0bcc 93ED007B 	 fldd d7,[r3]
 1074 0bd0 4E44     	 add r6,r6,r9
 1075 0bd2 56FA87F6 	 uxtab r6,r6,r7
 1076 0bd6 F6B2     	 uxtb r6,r6
 1077 0bd8 84F88466 	 strb r6,[r4,#1668]
 1078 0bdc 51EC170B 	 fmrrd r0,r1,d7
 1079 0be0 0022     	 movs r2,#0
 1080 0be2 954B     	 ldr r3,.L394+56
 1081 0be4 8DED047B 	 fstd d7,[sp,#16]
 1082 0be8 4FF00107 	 mov r7,#1
 1083 0bec FFF7FEFF 	 bl __aeabi_dcmpge
 1084 0bf0 00B9     	 cbnz r0,.L79
 1085 0bf2 0746     	 mov r7,r0
 1086              	.L79:
 1087 0bf4 17F0FF0F 	 tst r7,#255
 1088 0bf8 904B     	 ldr r3,.L394+60
 1089 0bfa 18BF     	 it ne
 1090 0bfc 9049     	 ldrne r1,.L394+64
 1091 0bfe 84F8EC76 	 strb r7,[r4,#1772]
 1092 0c02 08BF     	 it eq
 1093 0c04 4FF08041 	 moveq r1,#1073741824
 1094 0c08 0020     	 movs r0,#0
 1095 0c0a C3E91A01 	 strd r0,[r3,#104]
 1096 0c0e 3046     	 mov r0,r6
 1097 0c10 FFF7FEFF 	 bl __aeabi_i2d
 1098 0c14 D4E91A23 	 ldrd r2,[r4,#104]
 1099 0c18 4FF00107 	 mov r7,#1
 1100 0c1c FFF7FEFF 	 bl __aeabi_dcmplt
 1101 0c20 00B9     	 cbnz r0,.L82
 1102 0c22 0746     	 mov r7,r0
 1103              	.L82:
 1104 0c24 854B     	 ldr r3,.L394+60
 1105 0c26 1C46     	 mov r4,r3
 1106 0c28 83F8ED76 	 strb r7,[r3,#1773]
 1107 0c2c 854B     	 ldr r3,.L394+68
 1108 0c2e 93F8D920 	 ldrb r2,[r3,#217]
 1109 0c32 93F8DA30 	 ldrb r3,[r3,#218]
 1110 0c36 84F8EF36 	 strb r3,[r4,#1775]
 1111 0c3a 04F59063 	 add r3,r4,#1152
 1112 0c3e D3E900AB 	 ldrd r10,[r3]
 1113 0c42 84F8EE26 	 strb r2,[r4,#1774]
 1114 0c46 5046     	 mov r0,r10
 1115 0c48 5946     	 mov r1,fp
 1116 0c4a 71A3     	 adr r3,.L394+16
 1117 0c4c D3E90023 	 ldrd r2,[r3]
 1118 0c50 4FF00107 	 mov r7,#1
 1119 0c54 FFF7FEFF 	 bl __aeabi_dcmpgt
 1120 0c58 00B9     	 cbnz r0,.L83
 1121 0c5a 0746     	 mov r7,r0
 1122              	.L83:
 1123 0c5c B01E     	 subs r0,r6,#2
 1124 0c5e 4342     	 rsbs r3,r0,#0
 1125 0c60 4341     	 adcs r3,r3,r0
 1126 0c62 002B     	 cmp r3,#0
 1127 0c64 5FFA87FC 	 uxtb ip,r7
 1128 0c68 08BF     	 it eq
 1129 0c6a 4FF0000C 	 moveq ip,#0
 1130 0c6e 84F8F076 	 strb r7,[r4,#1776]
 1131 0c72 84F8F136 	 strb r3,[r4,#1777]
 1132 0c76 84F8F2C6 	 strb ip,[r4,#1778]
 1133 0c7a 5046     	 mov r0,r10
 1134 0c7c 5946     	 mov r1,fp
 1135 0c7e 66A3     	 adr r3,.L394+24
 1136 0c80 D3E90023 	 ldrd r2,[r3]
 1137 0c84 CDF818C0 	 str ip,[sp,#24]
 1138 0c88 FFF7FEFF 	 bl __aeabi_dcmpgt
 1139 0c8c 4FF00107 	 mov r7,#1
 1140 0c90 DDF818C0 	 ldr ip,[sp,#24]
 1141 0c94 00B9     	 cbnz r0,.L85
 1142 0c96 0746     	 mov r7,r0
 1143              	.L85:
 1144 0c98 F11E     	 subs r1,r6,#3
 1145 0c9a FBB2     	 uxtb r3,r7
 1146 0c9c 84F8F376 	 strb r7,[r4,#1779]
 1147 0ca0 4F42     	 rsbs r7,r1,#0
 1148 0ca2 4F41     	 adcs r7,r7,r1
 1149 0ca4 002B     	 cmp r3,#0
 1150 0ca6 84F8F476 	 strb r7,[r4,#1780]
 1151 0caa 08BF     	 it eq
 1152 0cac 0027     	 moveq r7,#0
 1153 0cae 84F8F576 	 strb r7,[r4,#1781]
 1154 0cb2 55B9     	 cbnz r5,.L216
 1155 0cb4 614B     	 ldr r3,.L394+60
 1156 0cb6 D3F8EC36 	 ldr r3,[r3,#1772]
 1157 0cba 33F0FF03 	 bics r3,r3,#255
 1158 0cbe 04D1     	 bne .L216
 1159 0cc0 BCF1000F 	 cmp ip,#0
 1160 0cc4 18BF     	 it ne
 1161 0cc6 0127     	 movne r7,#1
 1162 0cc8 00E0     	 b .L87
 1163              	.L216:
 1164 0cca 0127     	 movs r7,#1
 1165              	.L87:
 1166 0ccc 5D4A     	 ldr r2,.L394+68
 1167 0cce 84F8F676 	 strb r7,[r4,#1782]
 1168 0cd2 92F83A31 	 ldrb r3,[r2,#314]
 1169 0cd6 84F8F736 	 strb r3,[r4,#1783]
 1170 0cda 07EB4801 	 add r1,r7,r8,lsl#1
 1171 0cde 03EB4103 	 add r3,r3,r1,lsl#1
 1172 0ce2 5949     	 ldr r1,.L394+72
 1173 0ce4 0B44     	 add r3,r3,r1
 1174 0ce6 4FF0010B 	 mov fp,#1
 1175 0cea 93F83013 	 ldrb r1,[r3,#816]
 1176 0cee 93F83833 	 ldrb r3,[r3,#824]
 1177 0cf2 84F8F936 	 strb r3,[r4,#1785]
 1178 0cf6 D2E90223 	 ldrd r2,[r2,#8]
 1179 0cfa 84F8F816 	 strb r1,[r4,#1784]
 1180 0cfe 5349     	 ldr r1,.L394+76
 1181 0d00 C4E91C23 	 strd r2,[r4,#112]
 1182 0d04 D1E90001 	 ldrd r0,[r1]
 1183 0d08 FFF7FEFF 	 bl __aeabi_dcmpgt
 1184 0d0c 00B9     	 cbnz r0,.L88
 1185 0d0e 8346     	 mov fp,r0
 1186              	.L88:
 1187 0d10 9DED027B 	 fldd d7,[sp,#8]
 1188 0d14 494D     	 ldr r5,.L394+60
 1189 0d16 51EC170B 	 fmrrd r0,r1,d7
 1190 0d1a 85F8FAB6 	 strb fp,[r5,#1786]
 1191 0d1e 85ED1E7B 	 fstd d7,[r5,#120]
 1192 0d22 85F8FB96 	 strb r9,[r5,#1787]
 1193 0d26 3EA3     	 adr r3,.L394+32
 1194 0d28 D3E90023 	 ldrd r2,[r3]
 1195 0d2c 5FFA8BFA 	 uxtb r10,fp
 1196 0d30 4FF0010B 	 mov fp,#1
 1197 0d34 FFF7FEFF 	 bl __aeabi_dcmpgt
 1198 0d38 00B9     	 cbnz r0,.L89
 1199 0d3a 8346     	 mov fp,r0
 1200              	.L89:
 1201 0d3c 5FFA8BFC 	 uxtb ip,fp
 1202 0d40 85F8FCB6 	 strb fp,[r5,#1788]
 1203 0d44 DDE90201 	 ldrd r0,[sp,#8]
 1204 0d48 0022     	 movs r2,#0
 1205 0d4a 414B     	 ldr r3,.L394+80
 1206 0d4c CDF818C0 	 str ip,[sp,#24]
 1207 0d50 FFF7FEFF 	 bl __aeabi_dcmpgt
 1208 0d54 4FF00105 	 mov r5,#1
 1209 0d58 DDF818C0 	 ldr ip,[sp,#24]
 1210 0d5c 00B9     	 cbnz r0,.L90
 1211 0d5e 0546     	 mov r5,r0
 1212              	.L90:
 1213 0d60 E144     	 add r9,r9,ip
 1214 0d62 84F8FD56 	 strb r5,[r4,#1789]
 1215 0d66 59FA85F9 	 uxtab r9,r9,r5
 1216 0d6a 364D     	 ldr r5,.L394+68
 1217 0d6c 95F8BC30 	 ldrb r3,[r5,#188]
 1218 0d70 84F88636 	 strb r3,[r4,#1670]
 1219 0d74 5FFA89F9 	 uxtb r9,r9
 1220 0d78 9945     	 cmp r9,r3
 1221 0d7a 94BF     	 ite ls
 1222 0d7c 0023     	 movls r3,#0
 1223 0d7e 0123     	 movhi r3,#1
 1224 0d80 B9F1020F 	 cmp r9,#2
 1225 0d84 84F8FE36 	 strb r3,[r4,#1790]
 1226 0d88 94BF     	 ite ls
 1227 0d8a 0023     	 movls r3,#0
 1228 0d8c 0123     	 movhi r3,#1
 1229 0d8e 84F8FF36 	 strb r3,[r4,#1791]
 1230 0d92 95F8DB30 	 ldrb r3,[r5,#219]
 1231 0d96 84F80037 	 strb r3,[r4,#1792]
 1232 0d9a B9FA89FB 	 clz fp,r9
 1233 0d9e 95F8DC30 	 ldrb r3,[r5,#220]
 1234 0da2 84F80137 	 strb r3,[r4,#1793]
 1235 0da6 4FEA5B1B 	 lsr fp,fp,#5
 1236 0daa 4FF0010C 	 mov ip,#1
 1237 0dae 84F88596 	 strb r9,[r4,#1669]
 1238 0db2 84F802B7 	 strb fp,[r4,#1794]
 1239 0db6 DDE90401 	 ldrd r0,[sp,#16]
 1240 0dba 0022     	 movs r2,#0
 1241 0dbc 1E4B     	 ldr r3,.L394+56
 1242 0dbe CDF808C0 	 str ip,[sp,#8]
 1243 0dc2 FFF7FEFF 	 bl __aeabi_dcmplt
 1244 0dc6 DDF808C0 	 ldr ip,[sp,#8]
 1245 0dca 00B9     	 cbnz r0,.L91
 1246 0dcc 8446     	 mov ip,r0
 1247              	.L91:
 1248 0dce 1B4A     	 ldr r2,.L394+60
 1249 0dd0 5FFA8CF3 	 uxtb r3,ip
 1250 0dd4 BBF1000F 	 cmp fp,#0
 1251 0dd8 18BF     	 it ne
 1252 0dda 9B46     	 movne fp,r3
 1253 0ddc B2F8FE36 	 ldrh r3,[r2,#1790]
 1254 0de0 82F803C7 	 strb ip,[r2,#1795]
 1255 0de4 08BF     	 it eq
 1256 0de6 4FF0000B 	 moveq fp,#0
 1257 0dea 82F804B7 	 strb fp,[r2,#1796]
 1258 0dee 8BBB     	 cbnz r3,.L219
 1259 0df0 B2F80037 	 ldrh r3,[r2,#1792]
 1260 0df4 002B     	 cmp r3,#0
 1261 0df6 18BF     	 it ne
 1262 0df8 4FF0010B 	 movne fp,#1
 1263 0dfc 2CE0     	 b .L93
 1264              	.L395:
 1265 0dfe 00BF     	 .align 3
 1266              	.L394:
 1267 0e00 00000000 	 .word 0
 1268 0e04 00206540 	 .word 1080369152
 1269 0e08 00000000 	 .word 0
 1270 0e0c 00507440 	 .word 1081364480
 1271 0e10 00000000 	 .word 0
 1272 0e14 0088B340 	 .word 1085507584
 1273 0e18 00000000 	 .word 0
 1274 0e1c 00B4B440 	 .word 1085584384
 1275 0e20 00000000 	 .word 0
 1276 0e24 00D07040 	 .word 1081135104
 1277 0e28 E8040000 	 .word VCU_B+1256
 1278 0e2c 78040000 	 .word VCU_B+1144
 1279 0e30 00806C40 	 .word 1080852480
 1280 0e34 D0040000 	 .word VCU_B+1232
 1281 0e38 00002E40 	 .word 1076756480
 1282 0e3c 00000000 	 .word VCU_B
 1283 0e40 0000F03F 	 .word 1072693248
 1284 0e44 00000000 	 .word VCU_DW
 1285 0e48 00000000 	 .word VCU_ConstP
 1286 0e4c E0040000 	 .word VCU_B+1248
 1287 0e50 00807640 	 .word 1081507840
 1288              	.L219:
 1289 0e54 4FF0010B 	 mov fp,#1
 1290              	.L93:
 1291 0e58 95F83B31 	 ldrb r3,[r5,#315]
 1292 0e5c 6649     	 ldr r1,.L396+8
 1293 0e5e 84F80637 	 strb r3,[r4,#1798]
 1294 0e62 0BEB4A0A 	 add r10,fp,r10,lsl#1
 1295 0e66 03EB4A03 	 add r3,r3,r10,lsl#1
 1296 0e6a 01EB030A 	 add r10,r1,r3
 1297 0e6e 84F805B7 	 strb fp,[r4,#1797]
 1298 0e72 9AF83813 	 ldrb r1,[r10,#824]
 1299 0e76 9AF83033 	 ldrb r3,[r10,#816]
 1300 0e7a 84F80817 	 strb r1,[r4,#1800]
 1301 0e7e 0021     	 movs r1,#0
 1302 0e80 5E48     	 ldr r0,.L396+12
 1303 0e82 84F80737 	 strb r3,[r4,#1799]
 1304 0e86 84F80917 	 strb r1,[r4,#1801]
 1305 0e8a BBF1000F 	 cmp fp,#0
 1306 0e8e 03D0     	 beq .L94
 1307 0e90 80F8FA10 	 strb r1,[r0,#250]
 1308 0e94 2BB9     	 cbnz r3,.L95
 1309 0e96 0AE0     	 b .L96
 1310              	.L94:
 1311 0e98 4BB1     	 cbz r3,.L96
 1312 0e9a 90F8FA10 	 ldrb r1,[r0,#250]
 1313 0e9e 3B29     	 cmp r1,#59
 1314 0ea0 03D8     	 bhi .L98
 1315              	.L95:
 1316 0ea2 0131     	 adds r1,r1,#1
 1317 0ea4 85F8FA10 	 strb r1,[r5,#250]
 1318 0ea8 01E0     	 b .L96
 1319              	.L98:
 1320 0eaa 80F8FAB0 	 strb fp,[r0,#250]
 1321              	.L96:
 1322 0eae 95F8FA10 	 ldrb r1,[r5,#250]
 1323 0eb2 95F8BDC0 	 ldrb ip,[r5,#189]
 1324 0eb6 82F887C6 	 strb ip,[r2,#1671]
 1325 0eba 0129     	 cmp r1,#1
 1326 0ebc 08BF     	 it eq
 1327 0ebe 82F80917 	 strbeq r1,[r2,#1801]
 1328 0ec2 E145     	 cmp r9,ip
 1329 0ec4 94BF     	 ite ls
 1330 0ec6 4FF00009 	 movls r9,#0
 1331 0eca 4FF00109 	 movhi r9,#1
 1332 0ece 94F80917 	 ldrb r1,[r4,#1801]
 1333 0ed2 82F80A97 	 strb r9,[r2,#1802]
 1334 0ed6 BBF1000F 	 cmp fp,#0
 1335 0eda 18BF     	 it ne
 1336 0edc 4FF00109 	 movne r9,#1
 1337 0ee0 95F83C21 	 ldrb r2,[r5,#316]
 1338 0ee4 84F80B97 	 strb r9,[r4,#1803]
 1339 0ee8 09EB4109 	 add r9,r9,r1,lsl#1
 1340 0eec 84F80C27 	 strb r2,[r4,#1804]
 1341 0ef0 02EB4909 	 add r9,r2,r9,lsl#1
 1342 0ef4 404A     	 ldr r2,.L396+8
 1343 0ef6 0293     	 str r3,[sp,#8]
 1344 0ef8 9144     	 add r9,r9,r2
 1345 0efa DFF800A1 	 ldr r10,.L396+12
 1346 0efe 99F83823 	 ldrb r2,[r9,#824]
 1347 0f02 99F83003 	 ldrb r0,[r9,#816]
 1348 0f06 84F80E27 	 strb r2,[r4,#1806]
 1349 0f0a 84F80D07 	 strb r0,[r4,#1805]
 1350 0f0e FFF7FEFF 	 bl __aeabi_ui2d
 1351 0f12 0022     	 movs r2,#0
 1352 0f14 C4E92001 	 strd r0,[r4,#128]
 1353 0f18 84F80F27 	 strb r2,[r4,#1807]
 1354 0f1c 029B     	 ldr r3,[sp,#8]
 1355 0f1e 2FB1     	 cbz r7,.L101
 1356 0f20 AAF89C20 	 strh r2,[r10,#156]
 1357 0f24 B8F1000F 	 cmp r8,#0
 1358 0f28 08D1     	 bne .L102
 1359 0f2a 0DE0     	 b .L103
 1360              	.L101:
 1361 0f2c B8F1000F 	 cmp r8,#0
 1362 0f30 0AD0     	 beq .L103
 1363 0f32 BAF89C20 	 ldrh r2,[r10,#156]
 1364 0f36 B2F5FA7F 	 cmp r2,#500
 1365 0f3a 03D2     	 bcs .L105
 1366              	.L102:
 1367 0f3c 0132     	 adds r2,r2,#1
 1368 0f3e A5F89C20 	 strh r2,[r5,#156]
 1369 0f42 01E0     	 b .L103
 1370              	.L105:
 1371 0f44 AAF89C70 	 strh r7,[r10,#156]
 1372              	.L103:
 1373 0f48 B5F89C20 	 ldrh r2,[r5,#156]
 1374 0f4c DFF8B0A0 	 ldr r10,.L396+16
 1375 0f50 B2F5FA7F 	 cmp r2,#500
 1376 0f54 04BF     	 itt eq
 1377 0f56 0122     	 moveq r2,#1
 1378 0f58 8AF80F27 	 strbeq r2,[r10,#1807]
 1379 0f5c 0022     	 movs r2,#0
 1380 0f5e 8AF81027 	 strb r2,[r10,#1808]
 1381 0f62 BBF1000F 	 cmp fp,#0
 1382 0f66 03D0     	 beq .L107
 1383 0f68 85F8FB20 	 strb r2,[r5,#251]
 1384 0f6c 2BB9     	 cbnz r3,.L108
 1385 0f6e 0BE0     	 b .L109
 1386              	.L107:
 1387 0f70 53B1     	 cbz r3,.L109
 1388 0f72 95F8FB20 	 ldrb r2,[r5,#251]
 1389 0f76 C72A     	 cmp r2,#199
 1390 0f78 03D8     	 bhi .L111
 1391              	.L108:
 1392 0f7a 0132     	 adds r2,r2,#1
 1393 0f7c 85F8FB20 	 strb r2,[r5,#251]
 1394 0f80 02E0     	 b .L109
 1395              	.L111:
 1396 0f82 1E4A     	 ldr r2,.L396+12
 1397 0f84 82F8FBB0 	 strb fp,[r2,#251]
 1398              	.L109:
 1399 0f88 95F8FB20 	 ldrb r2,[r5,#251]
 1400 0f8c 1C4F     	 ldr r7,.L396+16
 1401 0f8e B42A     	 cmp r2,#180
 1402 0f90 04BF     	 itt eq
 1403 0f92 0122     	 moveq r2,#1
 1404 0f94 8AF81027 	 strbeq r2,[r10,#1808]
 1405 0f98 1846     	 mov r0,r3
 1406 0f9a FFF7FEFF 	 bl __aeabi_ui2d
 1407 0f9e 95F8BE30 	 ldrb r3,[r5,#190]
 1408 0fa2 8AF88836 	 strb r3,[r10,#1672]
 1409 0fa6 9E42     	 cmp r6,r3
 1410 0fa8 2CBF     	 ite cs
 1411 0faa 0026     	 movcs r6,#0
 1412 0fac 0126     	 movcc r6,#1
 1413 0fae CAE92201 	 strd r0,[r10,#136]
 1414 0fb2 8AF81167 	 strb r6,[r10,#1809]
 1415 0fb6 9FED0E8B 	 fldd d8,.L396
 1416 0fba B8F1000F 	 cmp r8,#0
 1417 0fbe 04D0     	 beq .L113
 1418 0fc0 104B     	 ldr r3,.L396+20
 1419 0fc2 0022     	 movs r2,#0
 1420 0fc4 C7E92423 	 strd r2,[r7,#144]
 1421 0fc8 01E0     	 b .L114
 1422              	.L113:
 1423 0fca 87ED248B 	 fstd d8,[r7,#144]
 1424              	.L114:
 1425 0fce DAE92467 	 ldrd r6,[r10,#144]
 1426 0fd2 DDE90401 	 ldrd r0,[sp,#16]
 1427 0fd6 3246     	 mov r2,r6
 1428 0fd8 3B46     	 mov r3,r7
 1429 0fda DFF82480 	 ldr r8,.L396+16
 1430 0fde FFF7FEFF 	 bl __aeabi_dcmpgt
 1431 0fe2 98B1     	 cbz r0,.L361
 1432              	.L118:
 1433 0fe4 084B     	 ldr r3,.L396+24
 1434 0fe6 D3E90023 	 ldrd r2,[r3]
 1435 0fea CAE92623 	 strd r2,[r10,#152]
 1436 0fee 17E0     	 b .L117
 1437              	.L397:
 1438              	 .align 3
 1439              	.L396:
 1440 0ff0 00000000 	 .word 0
 1441 0ff4 00000000 	 .word 0
 1442 0ff8 00000000 	 .word VCU_ConstP
 1443 0ffc 00000000 	 .word VCU_DW
 1444 1000 00000000 	 .word VCU_B
 1445 1004 00003440 	 .word 1077149696
 1446 1008 D0040000 	 .word VCU_B+1232
 1447              	.L361:
 1448 100c 3046     	 mov r0,r6
 1449 100e 3946     	 mov r1,r7
 1450 1010 FFF7FEFF 	 bl rtIsNaN
 1451 1014 0028     	 cmp r0,#0
 1452 1016 E5D1     	 bne .L118
 1453 1018 D8E92423 	 ldrd r2,[r8,#144]
 1454 101c C8E92623 	 strd r2,[r8,#152]
 1455              	.L117:
 1456 1020 0026     	 movs r6,#0
 1457 1022 0027     	 movs r7,#0
 1458 1024 DAE92601 	 ldrd r0,[r10,#152]
 1459 1028 3246     	 mov r2,r6
 1460 102a 3B46     	 mov r3,r7
 1461 102c FFF7FEFF 	 bl __aeabi_dcmpgt
 1462 1030 10B9     	 cbnz r0,.L119
 1463 1032 894B     	 ldr r3,.L398
 1464 1034 C3E92667 	 strd r6,[r3,#152]
 1465              	.L119:
 1466 1038 DAE92667 	 ldrd r6,[r10,#152]
 1467 103c 0022     	 movs r2,#0
 1468 103e 3046     	 mov r0,r6
 1469 1040 3946     	 mov r1,r7
 1470 1042 864B     	 ldr r3,.L398+4
 1471 1044 4FF00109 	 mov r9,#1
 1472 1048 FFF7FEFF 	 bl __aeabi_dcmpgt
 1473 104c 00B9     	 cbnz r0,.L120
 1474 104e 8146     	 mov r9,r0
 1475              	.L120:
 1476 1050 84F81297 	 strb r9,[r4,#1810]
 1477 1054 5FFA89F0 	 uxtb r0,r9
 1478 1058 FFF7FEFF 	 bl __aeabi_ui2d
 1479 105c DFF8F881 	 ldr r8,.L398
 1480 1060 08F5AB63 	 add r3,r8,#1368
 1481 1064 C4E92801 	 strd r0,[r4,#160]
 1482 1068 D3E90023 	 ldrd r2,[r3]
 1483 106c 3046     	 mov r0,r6
 1484 106e 3946     	 mov r1,r7
 1485 1070 FFF7FEFF 	 bl __aeabi_dsub
 1486 1074 0646     	 mov r6,r0
 1487 1076 0F46     	 mov r7,r1
 1488 1078 C4E92A67 	 strd r6,[r4,#168]
 1489 107c 0022     	 movs r2,#0
 1490 107e 784B     	 ldr r3,.L398+8
 1491 1080 4FF00109 	 mov r9,#1
 1492 1084 FFF7FEFF 	 bl __aeabi_dcmplt
 1493 1088 00B9     	 cbnz r0,.L121
 1494 108a 8146     	 mov r9,r0
 1495              	.L121:
 1496 108c 754A     	 ldr r2,.L398+12
 1497 108e 88F81397 	 strb r9,[r8,#1811]
 1498 1092 0E23     	 movs r3,#14
 1499 1094 0093     	 str r3,[sp]
 1500 1096 3046     	 mov r0,r6
 1501 1098 A2F17803 	 sub r3,r2,#120
 1502 109c 3946     	 mov r1,r7
 1503 109e FFF7FEFF 	 bl look1_binlxpw
 1504 10a2 0646     	 mov r6,r0
 1505 10a4 0F46     	 mov r7,r1
 1506 10a6 C4E92C67 	 strd r6,[r4,#176]
 1507 10aa 94F81307 	 ldrb r0,[r4,#1811]
 1508 10ae FFF7FEFF 	 bl __aeabi_ui2d
 1509 10b2 0246     	 mov r2,r0
 1510 10b4 0B46     	 mov r3,r1
 1511 10b6 3046     	 mov r0,r6
 1512 10b8 3946     	 mov r1,r7
 1513 10ba FFF7FEFF 	 bl __aeabi_dmul
 1514 10be 6A4B     	 ldr r3,.L398+16
 1515 10c0 8046     	 mov r8,r0
 1516 10c2 8946     	 mov r9,r1
 1517 10c4 C4E92E89 	 strd r8,[r4,#184]
 1518 10c8 D3E90001 	 ldrd r0,[r3]
 1519 10cc 0022     	 movs r2,#0
 1520 10ce 674B     	 ldr r3,.L398+20
 1521 10d0 4FF0010B 	 mov fp,#1
 1522 10d4 FFF7FEFF 	 bl __aeabi_dcmpgt
 1523 10d8 00B9     	 cbnz r0,.L122
 1524 10da 8346     	 mov fp,r0
 1525              	.L122:
 1526 10dc 1BF0FF0F 	 tst fp,#255
 1527 10e0 08BF     	 it eq
 1528 10e2 5E49     	 ldreq r1,.L398+4
 1529 10e4 5C4B     	 ldr r3,.L398
 1530 10e6 8AF814B7 	 strb fp,[r10,#1812]
 1531 10ea 18BF     	 it ne
 1532 10ec 4FF08041 	 movne r1,#1073741824
 1533 10f0 0020     	 movs r0,#0
 1534 10f2 C3E93001 	 strd r0,[r3,#192]
 1535 10f6 4046     	 mov r0,r8
 1536 10f8 D4E93023 	 ldrd r2,[r4,#192]
 1537 10fc 4946     	 mov r1,r9
 1538 10fe FFF7FEFF 	 bl __aeabi_dmul
 1539 1102 D4E92A89 	 ldrd r8,[r4,#168]
 1540 1106 C4E93201 	 strd r0,[r4,#200]
 1541 110a C4E93401 	 strd r0,[r4,#208]
 1542 110e 0022     	 movs r2,#0
 1543 1110 4046     	 mov r0,r8
 1544 1112 4946     	 mov r1,r9
 1545 1114 0023     	 movs r3,#0
 1546 1116 4FF0010A 	 mov r10,#1
 1547 111a FFF7FEFF 	 bl __aeabi_dcmpgt
 1548 111e 00B9     	 cbnz r0,.L125
 1549 1120 8246     	 mov r10,r0
 1550              	.L125:
 1551 1122 84F815A7 	 strb r10,[r4,#1813]
 1552 1126 5FFA8AF0 	 uxtb r0,r10
 1553 112a FFF7FEFF 	 bl __aeabi_ui2d
 1554 112e 0246     	 mov r2,r0
 1555 1130 0B46     	 mov r3,r1
 1556 1132 3046     	 mov r0,r6
 1557 1134 3946     	 mov r1,r7
 1558 1136 FFF7FEFF 	 bl __aeabi_dmul
 1559 113a 0022     	 movs r2,#0
 1560 113c C4E93601 	 strd r0,[r4,#216]
 1561 1140 C4E93801 	 strd r0,[r4,#224]
 1562 1144 4A4B     	 ldr r3,.L398+24
 1563 1146 4046     	 mov r0,r8
 1564 1148 4946     	 mov r1,r9
 1565 114a 4FF00106 	 mov r6,#1
 1566 114e FFF7FEFF 	 bl __aeabi_dcmplt
 1567 1152 00B9     	 cbnz r0,.L126
 1568 1154 0646     	 mov r6,r0
 1569              	.L126:
 1570 1156 84F81667 	 strb r6,[r4,#1814]
 1571 115a F0B2     	 uxtb r0,r6
 1572 115c FFF7FEFF 	 bl __aeabi_ui2d
 1573 1160 0123     	 movs r3,#1
 1574 1162 84F81737 	 strb r3,[r4,#1815]
 1575 1166 94F88337 	 ldrb r3,[r4,#1923]
 1576 116a 85F83531 	 strb r3,[r5,#309]
 1577 116e 94F8D636 	 ldrb r3,[r4,#1750]
 1578 1172 85F83631 	 strb r3,[r5,#310]
 1579 1176 94F8DA36 	 ldrb r3,[r4,#1754]
 1580 117a 85F83731 	 strb r3,[r5,#311]
 1581 117e 84ED3C8B 	 fstd d8,[r4,#240]
 1582 1182 3C4B     	 ldr r3,.L398+28
 1583 1184 94F8E626 	 ldrb r2,[r4,#1766]
 1584 1188 85F8C220 	 strb r2,[r5,#194]
 1585 118c 84ED3E8B 	 fstd d8,[r4,#248]
 1586 1190 84ED408B 	 fstd d8,[r4,#256]
 1587 1194 C4E93A01 	 strd r0,[r4,#232]
 1588 1198 03F11301 	 add r1,r3,#19
 1589              	.L127:
 1590 119c 13F8010F 	 ldrb r0,[r3,#1]!
 1591 11a0 03F8010C 	 strb r0,[r3,#-1]
 1592 11a4 8B42     	 cmp r3,r1
 1593 11a6 F9D1     	 bne .L127
 1594 11a8 94F8E136 	 ldrb r3,[r4,#1761]
 1595 11ac 85F83831 	 strb r3,[r5,#312]
 1596 11b0 314B     	 ldr r3,.L398+32
 1597 11b2 94F8F616 	 ldrb r1,[r4,#1782]
 1598 11b6 85F8D610 	 strb r1,[r5,#214]
 1599 11ba 73E80267 	 ldrd r6,[r3],#-8
 1600 11be C5E90067 	 strd r6,[r5]
 1601 11c2 D3E90067 	 ldrd r6,[r3]
 1602 11c6 85F8D710 	 strb r1,[r5,#215]
 1603 11ca 94F88536 	 ldrb r3,[r4,#1669]
 1604 11ce 94F80F17 	 ldrb r1,[r4,#1807]
 1605 11d2 85F83921 	 strb r2,[r5,#313]
 1606 11d6 85F8DA10 	 strb r1,[r5,#218]
 1607 11da 94F81127 	 ldrb r2,[r4,#1809]
 1608 11de 94F8F816 	 ldrb r1,[r4,#1784]
 1609 11e2 85F8BC30 	 strb r3,[r5,#188]
 1610 11e6 85F8BD30 	 strb r3,[r5,#189]
 1611 11ea C5E90267 	 strd r6,[r5,#8]
 1612 11ee 94F80D37 	 ldrb r3,[r4,#1805]
 1613 11f2 85F8D820 	 strb r2,[r5,#216]
 1614 11f6 85F83A11 	 strb r1,[r5,#314]
 1615 11fa 94F80727 	 ldrb r2,[r4,#1799]
 1616 11fe 85F8DB10 	 strb r1,[r5,#219]
 1617 1202 85F83C31 	 strb r3,[r5,#316]
 1618 1206 94F81017 	 ldrb r1,[r4,#1808]
 1619 120a 94F88436 	 ldrb r3,[r4,#1668]
 1620 120e 85F8D920 	 strb r2,[r5,#217]
 1621 1212 85F8DC10 	 strb r1,[r5,#220]
 1622 1216 85F83B21 	 strb r2,[r5,#315]
 1623 121a 85F8BE30 	 strb r3,[r5,#190]
 1624              	.L70:
 1625 121e 0E4C     	 ldr r4,.L398
 1626 1220 94F9C836 	 ldrsb r3,[r4,#1736]
 1627 1224 9A1E     	 subs r2,r3,#2
 1628 1226 5342     	 rsbs r3,r2,#0
 1629 1228 5341     	 adcs r3,r3,r2
 1630 122a 84F8CD36 	 strb r3,[r4,#1741]
 1631 122e 002B     	 cmp r3,#0
 1632 1230 00F00681 	 beq .L128
 1633 1234 04F59A63 	 add r3,r4,#1232
 1634 1238 D3E90067 	 ldrd r6,[r3]
 1635 123c 4FF0000A 	 mov r10,#0
 1636 1240 4FF0000B 	 mov fp,#0
 1637 1244 3046     	 mov r0,r6
 1638 1246 3946     	 mov r1,r7
 1639 1248 5246     	 mov r2,r10
 1640 124a 5B46     	 mov r3,fp
 1641 124c FFF7FEFF 	 bl __aeabi_dcmpgt
 1642 1250 A0B1     	 cbz r0,.L362
 1643 1252 C4E94267 	 strd r6,[r4,#264]
 1644 1256 13E0     	 b .L131
 1645              	.L399:
 1646              	 .align 2
 1647              	.L398:
 1648 1258 00000000 	 .word VCU_B
 1649 125c 0000F03F 	 .word 1072693248
 1650 1260 0000E0BF 	 .word -1075838976
 1651 1264 B0020000 	 .word VCU_ConstP+688
 1652 1268 58050000 	 .word VCU_B+1368
 1653 126c 00003440 	 .word 1077149696
 1654 1270 000034C0 	 .word -1070333952
 1655 1274 C3000000 	 .word VCU_DW+195
 1656 1278 E8040000 	 .word VCU_B+1256
 1657              	.L362:
 1658 127c C4E942AB 	 strd r10,[r4,#264]
 1659              	.L131:
 1660 1280 D4E94267 	 ldrd r6,[r4,#264]
 1661 1284 0022     	 movs r2,#0
 1662 1286 3046     	 mov r0,r6
 1663 1288 3946     	 mov r1,r7
 1664 128a 9D4B     	 ldr r3,.L400
 1665 128c 4FF00105 	 mov r5,#1
 1666 1290 FFF7FEFF 	 bl __aeabi_dcmpgt
 1667 1294 00B9     	 cbnz r0,.L132
 1668 1296 0546     	 mov r5,r0
 1669              	.L132:
 1670 1298 84F81857 	 strb r5,[r4,#1816]
 1671 129c E8B2     	 uxtb r0,r5
 1672 129e FFF7FEFF 	 bl __aeabi_ui2d
 1673 12a2 DFF86C82 	 ldr r8,.L400+16
 1674 12a6 08F5AB65 	 add r5,r8,#1368
 1675 12aa C4E94401 	 strd r0,[r4,#272]
 1676 12ae D5E90023 	 ldrd r2,[r5]
 1677 12b2 3046     	 mov r0,r6
 1678 12b4 3946     	 mov r1,r7
 1679 12b6 FFF7FEFF 	 bl __aeabi_dsub
 1680 12ba 0646     	 mov r6,r0
 1681 12bc 0F46     	 mov r7,r1
 1682 12be C4E94667 	 strd r6,[r4,#280]
 1683 12c2 0022     	 movs r2,#0
 1684 12c4 8F4B     	 ldr r3,.L400+4
 1685 12c6 4FF00109 	 mov r9,#1
 1686 12ca FFF7FEFF 	 bl __aeabi_dcmplt
 1687 12ce 00B9     	 cbnz r0,.L133
 1688 12d0 8146     	 mov r9,r0
 1689              	.L133:
 1690 12d2 8D4A     	 ldr r2,.L400+8
 1691 12d4 88F81997 	 strb r9,[r8,#1817]
 1692 12d8 0E23     	 movs r3,#14
 1693 12da 0093     	 str r3,[sp]
 1694 12dc 3046     	 mov r0,r6
 1695 12de A2F17803 	 sub r3,r2,#120
 1696 12e2 3946     	 mov r1,r7
 1697 12e4 FFF7FEFF 	 bl look1_binlxpw
 1698 12e8 0646     	 mov r6,r0
 1699 12ea 0F46     	 mov r7,r1
 1700 12ec C4E94867 	 strd r6,[r4,#288]
 1701 12f0 94F81907 	 ldrb r0,[r4,#1817]
 1702 12f4 FFF7FEFF 	 bl __aeabi_ui2d
 1703 12f8 0246     	 mov r2,r0
 1704 12fa 0B46     	 mov r3,r1
 1705 12fc 3046     	 mov r0,r6
 1706 12fe 3946     	 mov r1,r7
 1707 1300 FFF7FEFF 	 bl __aeabi_dmul
 1708 1304 8046     	 mov r8,r0
 1709 1306 8946     	 mov r9,r1
 1710 1308 4FF0010C 	 mov ip,#1
 1711 130c C4E94A89 	 strd r8,[r4,#296]
 1712 1310 D5E90001 	 ldrd r0,[r5]
 1713 1314 0022     	 movs r2,#0
 1714 1316 7D4B     	 ldr r3,.L400+12
 1715 1318 CDF808C0 	 str ip,[sp,#8]
 1716 131c FFF7FEFF 	 bl __aeabi_dcmpgt
 1717 1320 DDF808C0 	 ldr ip,[sp,#8]
 1718 1324 00B9     	 cbnz r0,.L134
 1719 1326 8446     	 mov ip,r0
 1720              	.L134:
 1721 1328 1CF0FF0F 	 tst ip,#255
 1722 132c 08BF     	 it eq
 1723 132e 7449     	 ldreq r1,.L400
 1724 1330 774B     	 ldr r3,.L400+16
 1725 1332 84F81AC7 	 strb ip,[r4,#1818]
 1726 1336 18BF     	 it ne
 1727 1338 4FF08041 	 movne r1,#1073741824
 1728 133c 0020     	 movs r0,#0
 1729 133e C3E94C01 	 strd r0,[r3,#304]
 1730 1342 4046     	 mov r0,r8
 1731 1344 D4E94C23 	 ldrd r2,[r4,#304]
 1732 1348 4946     	 mov r1,r9
 1733 134a FFF7FEFF 	 bl __aeabi_dmul
 1734 134e D4E94689 	 ldrd r8,[r4,#280]
 1735 1352 C4E94E01 	 strd r0,[r4,#312]
 1736 1356 C4E95001 	 strd r0,[r4,#320]
 1737 135a 0022     	 movs r2,#0
 1738 135c 4046     	 mov r0,r8
 1739 135e 4946     	 mov r1,r9
 1740 1360 0023     	 movs r3,#0
 1741 1362 4FF00105 	 mov r5,#1
 1742 1366 FFF7FEFF 	 bl __aeabi_dcmpgt
 1743 136a 00B9     	 cbnz r0,.L137
 1744 136c 0546     	 mov r5,r0
 1745              	.L137:
 1746 136e 84F81B57 	 strb r5,[r4,#1819]
 1747 1372 E8B2     	 uxtb r0,r5
 1748 1374 FFF7FEFF 	 bl __aeabi_ui2d
 1749 1378 0246     	 mov r2,r0
 1750 137a 0B46     	 mov r3,r1
 1751 137c 3046     	 mov r0,r6
 1752 137e 3946     	 mov r1,r7
 1753 1380 FFF7FEFF 	 bl __aeabi_dmul
 1754 1384 0022     	 movs r2,#0
 1755 1386 C4E95201 	 strd r0,[r4,#328]
 1756 138a C4E95401 	 strd r0,[r4,#336]
 1757 138e 614B     	 ldr r3,.L400+20
 1758 1390 4046     	 mov r0,r8
 1759 1392 4946     	 mov r1,r9
 1760 1394 4FF00105 	 mov r5,#1
 1761 1398 FFF7FEFF 	 bl __aeabi_dcmplt
 1762 139c 00B9     	 cbnz r0,.L138
 1763 139e 0546     	 mov r5,r0
 1764              	.L138:
 1765 13a0 84F81C57 	 strb r5,[r4,#1820]
 1766 13a4 E8B2     	 uxtb r0,r5
 1767 13a6 FFF7FEFF 	 bl __aeabi_ui2d
 1768 13aa 5B4B     	 ldr r3,.L400+24
 1769 13ac D3E90067 	 ldrd r6,[r3]
 1770 13b0 C4E95601 	 strd r0,[r4,#344]
 1771 13b4 0022     	 movs r2,#0
 1772 13b6 3046     	 mov r0,r6
 1773 13b8 3946     	 mov r1,r7
 1774 13ba 584B     	 ldr r3,.L400+28
 1775 13bc 4FF00108 	 mov r8,#1
 1776 13c0 FFF7FEFF 	 bl __aeabi_dcmplt
 1777 13c4 00B9     	 cbnz r0,.L139
 1778 13c6 8046     	 mov r8,r0
 1779              	.L139:
 1780 13c8 554B     	 ldr r3,.L400+32
 1781 13ca 84F81D87 	 strb r8,[r4,#1821]
 1782 13ce D3E90001 	 ldrd r0,[r3]
 1783 13d2 0022     	 movs r2,#0
 1784 13d4 0023     	 movs r3,#0
 1785 13d6 FFF7FEFF 	 bl __aeabi_dcmpeq
 1786 13da 5FFA88F5 	 uxtb r5,r8
 1787 13de 0028     	 cmp r0,#0
 1788 13e0 0CBF     	 ite eq
 1789 13e2 2846     	 moveq r0,r5
 1790 13e4 0020     	 movne r0,#0
 1791 13e6 84F81E07 	 strb r0,[r4,#1822]
 1792 13ea FFF7FEFF 	 bl __aeabi_ui2d
 1793 13ee 0022     	 movs r2,#0
 1794 13f0 C4E95801 	 strd r0,[r4,#352]
 1795 13f4 0023     	 movs r3,#0
 1796 13f6 3046     	 mov r0,r6
 1797 13f8 3946     	 mov r1,r7
 1798 13fa 4FF00105 	 mov r5,#1
 1799 13fe FFF7FEFF 	 bl __aeabi_dcmpge
 1800 1402 00B9     	 cbnz r0,.L142
 1801 1404 0546     	 mov r5,r0
 1802              	.L142:
 1803 1406 E8B2     	 uxtb r0,r5
 1804 1408 84F81F57 	 strb r5,[r4,#1823]
 1805 140c 48B1     	 cbz r0,.L143
 1806 140e 454B     	 ldr r3,.L400+36
 1807 1410 0022     	 movs r2,#0
 1808 1412 D3E90001 	 ldrd r0,[r3]
 1809 1416 0023     	 movs r3,#0
 1810 1418 FFF7FEFF 	 bl __aeabi_dcmpeq
 1811 141c B0FA80F0 	 clz r0,r0
 1812 1420 4009     	 lsrs r0,r0,#5
 1813              	.L143:
 1814 1422 C0B2     	 uxtb r0,r0
 1815 1424 84F82007 	 strb r0,[r4,#1824]
 1816 1428 FFF7FEFF 	 bl __aeabi_ui2d
 1817 142c C4E95CAB 	 strd r10,[r4,#368]
 1818 1430 C4E95A01 	 strd r0,[r4,#360]
 1819 1434 C4E95EAB 	 strd r10,[r4,#376]
 1820 1438 C4E960AB 	 strd r10,[r4,#384]
 1821 143c C4E962AB 	 strd r10,[r4,#392]
 1822              	.L128:
 1823 1440 94F9C836 	 ldrsb r3,[r4,#1736]
 1824 1444 324A     	 ldr r2,.L400+16
 1825 1446 022B     	 cmp r3,#2
 1826 1448 08D0     	 beq .L146
 1827 144a 032B     	 cmp r3,#3
 1828 144c 0BD0     	 beq .L147
 1829 144e D2E92201 	 ldrd r0,[r2,#136]
 1830 1452 012B     	 cmp r3,#1
 1831 1454 C2E90001 	 strd r0,[r2]
 1832 1458 0AD1     	 bne .L363
 1833 145a 0FE0     	 b .L149
 1834              	.L146:
 1835 145c D2E95801 	 ldrd r0,[r2,#352]
 1836 1460 C2E90001 	 strd r0,[r2]
 1837 1464 0FE0     	 b .L150
 1838              	.L147:
 1839 1466 D2E97401 	 ldrd r0,[r2,#464]
 1840 146a C2E90001 	 strd r0,[r2]
 1841 146e 0FE0     	 b .L151
 1842              	.L363:
 1843 1470 022B     	 cmp r3,#2
 1844 1472 08D0     	 beq .L150
 1845 1474 032B     	 cmp r3,#3
 1846 1476 0BD0     	 beq .L151
 1847 1478 012B     	 cmp r3,#1
 1848 147a 0ED1     	 bne .L364
 1849              	.L149:
 1850 147c D4E94023 	 ldrd r2,[r4,#256]
 1851 1480 C4E90223 	 strd r2,[r4,#8]
 1852 1484 13E0     	 b .L153
 1853              	.L150:
 1854 1486 D4E96223 	 ldrd r2,[r4,#392]
 1855 148a C4E90223 	 strd r2,[r4,#8]
 1856 148e 13E0     	 b .L154
 1857              	.L151:
 1858 1490 D4E99223 	 ldrd r2,[r4,#584]
 1859 1494 C4E90223 	 strd r2,[r4,#8]
 1860 1498 13E0     	 b .L155
 1861              	.L364:
 1862 149a D2E94001 	 ldrd r0,[r2,#256]
 1863 149e 022B     	 cmp r3,#2
 1864 14a0 C2E90201 	 strd r0,[r2,#8]
 1865 14a4 08D0     	 beq .L154
 1866 14a6 032B     	 cmp r3,#3
 1867 14a8 0BD0     	 beq .L155
 1868 14aa 012B     	 cmp r3,#1
 1869 14ac 0ED1     	 bne .L365
 1870              	.L153:
 1871 14ae D4E91423 	 ldrd r2,[r4,#80]
 1872 14b2 C4E90423 	 strd r2,[r4,#16]
 1873 14b6 13E0     	 b .L157
 1874              	.L154:
 1875 14b8 D4E95A23 	 ldrd r2,[r4,#360]
 1876 14bc C4E90423 	 strd r2,[r4,#16]
 1877 14c0 13E0     	 b .L158
 1878              	.L155:
 1879 14c2 D4E96423 	 ldrd r2,[r4,#400]
 1880 14c6 C4E90423 	 strd r2,[r4,#16]
 1881 14ca 13E0     	 b .L159
 1882              	.L365:
 1883 14cc D2E91401 	 ldrd r0,[r2,#80]
 1884 14d0 022B     	 cmp r3,#2
 1885 14d2 C2E90401 	 strd r0,[r2,#16]
 1886 14d6 08D0     	 beq .L158
 1887 14d8 032B     	 cmp r3,#3
 1888 14da 0BD0     	 beq .L159
 1889 14dc 012B     	 cmp r3,#1
 1890 14de 23D1     	 bne .L366
 1891              	.L157:
 1892 14e0 D4E92023 	 ldrd r2,[r4,#128]
 1893 14e4 C4E90623 	 strd r2,[r4,#24]
 1894 14e8 29E0     	 b .L161
 1895              	.L158:
 1896 14ea D4E95C23 	 ldrd r2,[r4,#368]
 1897 14ee C4E90623 	 strd r2,[r4,#24]
 1898 14f2 29E0     	 b .L162
 1899              	.L159:
 1900 14f4 D4E97223 	 ldrd r2,[r4,#456]
 1901 14f8 C4E90623 	 strd r2,[r4,#24]
 1902 14fc 29E0     	 b .L163
 1903              	.L401:
 1904 14fe 00BF     	 .align 2
 1905              	.L400:
 1906 1500 0000F03F 	 .word 1072693248
 1907 1504 0000E0BF 	 .word -1075838976
 1908 1508 B0020000 	 .word VCU_ConstP+688
 1909 150c 00003440 	 .word 1077149696
 1910 1510 00000000 	 .word VCU_B
 1911 1514 000034C0 	 .word -1070333952
 1912 1518 88040000 	 .word VCU_B+1160
 1913 151c 00000840 	 .word 1074266112
 1914 1520 E0040000 	 .word VCU_B+1248
 1915 1524 E8040000 	 .word VCU_B+1256
 1916              	.L366:
 1917 1528 D4E92001 	 ldrd r0,[r4,#128]
 1918 152c 022B     	 cmp r3,#2
 1919 152e 664A     	 ldr r2,.L402
 1920 1530 C4E90601 	 strd r0,[r4,#24]
 1921 1534 08D0     	 beq .L162
 1922 1536 032B     	 cmp r3,#3
 1923 1538 0BD0     	 beq .L163
 1924 153a 012B     	 cmp r3,#1
 1925 153c 0ED1     	 bne .L367
 1926              	.L161:
 1927 153e D4E92823 	 ldrd r2,[r4,#160]
 1928 1542 C4E90823 	 strd r2,[r4,#32]
 1929 1546 13E0     	 b .L165
 1930              	.L162:
 1931 1548 D4E94423 	 ldrd r2,[r4,#272]
 1932 154c C4E90823 	 strd r2,[r4,#32]
 1933 1550 13E0     	 b .L166
 1934              	.L163:
 1935 1552 D4E97A23 	 ldrd r2,[r4,#488]
 1936 1556 C4E90823 	 strd r2,[r4,#32]
 1937 155a 13E0     	 b .L167
 1938              	.L367:
 1939 155c D2E92801 	 ldrd r0,[r2,#160]
 1940 1560 022B     	 cmp r3,#2
 1941 1562 C2E90801 	 strd r0,[r2,#32]
 1942 1566 08D0     	 beq .L166
 1943 1568 032B     	 cmp r3,#3
 1944 156a 0BD0     	 beq .L167
 1945 156c 012B     	 cmp r3,#1
 1946 156e 0ED1     	 bne .L368
 1947              	.L165:
 1948 1570 D4E93A23 	 ldrd r2,[r4,#232]
 1949 1574 C4E90A23 	 strd r2,[r4,#40]
 1950 1578 13E0     	 b .L169
 1951              	.L166:
 1952 157a D4E95623 	 ldrd r2,[r4,#344]
 1953 157e C4E90A23 	 strd r2,[r4,#40]
 1954 1582 13E0     	 b .L170
 1955              	.L167:
 1956 1584 D4E98C23 	 ldrd r2,[r4,#560]
 1957 1588 C4E90A23 	 strd r2,[r4,#40]
 1958 158c 13E0     	 b .L171
 1959              	.L368:
 1960 158e D2E93A01 	 ldrd r0,[r2,#232]
 1961 1592 022B     	 cmp r3,#2
 1962 1594 C2E90A01 	 strd r0,[r2,#40]
 1963 1598 08D0     	 beq .L170
 1964 159a 032B     	 cmp r3,#3
 1965 159c 0BD0     	 beq .L171
 1966 159e 012B     	 cmp r3,#1
 1967 15a0 0ED1     	 bne .L369
 1968              	.L169:
 1969 15a2 D4E93823 	 ldrd r2,[r4,#224]
 1970 15a6 C4E90C23 	 strd r2,[r4,#48]
 1971 15aa 14E0     	 b .L173
 1972              	.L170:
 1973 15ac D4E95423 	 ldrd r2,[r4,#336]
 1974 15b0 C4E90C23 	 strd r2,[r4,#48]
 1975 15b4 14E0     	 b .L174
 1976              	.L171:
 1977 15b6 D4E98A23 	 ldrd r2,[r4,#552]
 1978 15ba C4E90C23 	 strd r2,[r4,#48]
 1979 15be 14E0     	 b .L175
 1980              	.L369:
 1981 15c0 D4E93801 	 ldrd r0,[r4,#224]
 1982 15c4 022B     	 cmp r3,#2
 1983 15c6 404A     	 ldr r2,.L402
 1984 15c8 C4E90C01 	 strd r0,[r4,#48]
 1985 15cc 08D0     	 beq .L174
 1986 15ce 032B     	 cmp r3,#3
 1987 15d0 0BD0     	 beq .L175
 1988 15d2 012B     	 cmp r3,#1
 1989 15d4 0ED1     	 bne .L370
 1990              	.L173:
 1991 15d6 D4E93423 	 ldrd r2,[r4,#208]
 1992 15da C4E90E23 	 strd r2,[r4,#56]
 1993 15de 13E0     	 b .L177
 1994              	.L174:
 1995 15e0 D4E95023 	 ldrd r2,[r4,#320]
 1996 15e4 C4E90E23 	 strd r2,[r4,#56]
 1997 15e8 13E0     	 b .L178
 1998              	.L175:
 1999 15ea D4E98623 	 ldrd r2,[r4,#536]
 2000 15ee C4E90E23 	 strd r2,[r4,#56]
 2001 15f2 13E0     	 b .L179
 2002              	.L370:
 2003 15f4 D2E93401 	 ldrd r0,[r2,#208]
 2004 15f8 022B     	 cmp r3,#2
 2005 15fa C2E90E01 	 strd r0,[r2,#56]
 2006 15fe 08D0     	 beq .L178
 2007 1600 032B     	 cmp r3,#3
 2008 1602 0BD0     	 beq .L179
 2009 1604 012B     	 cmp r3,#1
 2010 1606 0ED1     	 bne .L371
 2011              	.L177:
 2012 1608 D4E93C23 	 ldrd r2,[r4,#240]
 2013 160c C4E91023 	 strd r2,[r4,#64]
 2014 1610 13E0     	 b .L181
 2015              	.L178:
 2016 1612 D4E95E23 	 ldrd r2,[r4,#376]
 2017 1616 C4E91023 	 strd r2,[r4,#64]
 2018 161a 13E0     	 b .L182
 2019              	.L179:
 2020 161c D4E98E23 	 ldrd r2,[r4,#568]
 2021 1620 C4E91023 	 strd r2,[r4,#64]
 2022 1624 13E0     	 b .L183
 2023              	.L371:
 2024 1626 D2E93C01 	 ldrd r0,[r2,#240]
 2025 162a 022B     	 cmp r3,#2
 2026 162c C2E91001 	 strd r0,[r2,#64]
 2027 1630 08D0     	 beq .L182
 2028 1632 032B     	 cmp r3,#3
 2029 1634 0BD0     	 beq .L183
 2030 1636 012B     	 cmp r3,#1
 2031 1638 0ED1     	 bne .L372
 2032              	.L181:
 2033 163a D4E93E23 	 ldrd r2,[r4,#248]
 2034 163e C4E91223 	 strd r2,[r4,#72]
 2035 1642 14E0     	 b .L185
 2036              	.L182:
 2037 1644 D4E96023 	 ldrd r2,[r4,#384]
 2038 1648 C4E91223 	 strd r2,[r4,#72]
 2039 164c 14E0     	 b .L186
 2040              	.L183:
 2041 164e D4E99023 	 ldrd r2,[r4,#576]
 2042 1652 C4E91223 	 strd r2,[r4,#72]
 2043 1656 14E0     	 b .L187
 2044              	.L372:
 2045 1658 1B4A     	 ldr r2,.L402
 2046 165a D2E93E01 	 ldrd r0,[r2,#248]
 2047 165e 022B     	 cmp r3,#2
 2048 1660 C2E91201 	 strd r0,[r2,#72]
 2049 1664 08D0     	 beq .L186
 2050 1666 032B     	 cmp r3,#3
 2051 1668 0BD0     	 beq .L187
 2052 166a 012B     	 cmp r3,#1
 2053 166c 0ED1     	 bne .L373
 2054              	.L185:
 2055 166e 94F8DD36 	 ldrb r3,[r4,#1757]
 2056 1672 84F8CE36 	 strb r3,[r4,#1742]
 2057 1676 13E0     	 b .L189
 2058              	.L186:
 2059 1678 144B     	 ldr r3,.L402+4
 2060 167a 9B7C     	 ldrb r3,[r3,#18]
 2061 167c 84F8CE36 	 strb r3,[r4,#1742]
 2062 1680 11E0     	 b .L190
 2063              	.L187:
 2064 1682 94F82E37 	 ldrb r3,[r4,#1838]
 2065 1686 84F8CE36 	 strb r3,[r4,#1742]
 2066 168a 0FE0     	 b .L191
 2067              	.L373:
 2068 168c 92F8DD16 	 ldrb r1,[r2,#1757]
 2069 1690 82F8CE16 	 strb r1,[r2,#1742]
 2070 1694 022B     	 cmp r3,#2
 2071 1696 06D0     	 beq .L190
 2072 1698 032B     	 cmp r3,#3
 2073 169a 07D0     	 beq .L191
 2074 169c 012B     	 cmp r3,#1
 2075 169e 0AD1     	 bne .L374
 2076              	.L189:
 2077 16a0 94F81737 	 ldrb r3,[r4,#1815]
 2078 16a4 04E0     	 b .L381
 2079              	.L190:
 2080 16a6 094B     	 ldr r3,.L402+4
 2081 16a8 DB7C     	 ldrb r3,[r3,#19]
 2082 16aa 01E0     	 b .L381
 2083              	.L191:
 2084 16ac 94F87437 	 ldrb r3,[r4,#1908]
 2085              	.L381:
 2086 16b0 84F8CF36 	 strb r3,[r4,#1743]
 2087 16b4 03E0     	 b .L4
 2088              	.L374:
 2089 16b6 92F81737 	 ldrb r3,[r2,#1815]
 2090 16ba 82F8CF36 	 strb r3,[r2,#1743]
 2091              	.L4:
 2092 16be 09B0     	 add sp,sp,#36
 2093              	 
 2094 16c0 BDEC028B 	 fldmfdd sp!,{d8}
 2095 16c4 BDE8F08F 	 pop {r4,r5,r6,r7,r8,r9,r10,fp,pc}
 2096              	.L403:
 2097              	 .align 2
 2098              	.L402:
 2099 16c8 00000000 	 .word VCU_B
 2100 16cc 00000000 	 .word VCU_ConstB
 2102              	 .ident "GCC: (GNU Tools for ARM Embedded Processors) 4.9.3 20141119 (release) [ARM/embedded-4_9-branch revision 218278]"
DEFINED SYMBOLS
                            *ABS*:00000000 Subsystem_Transmission.c
    {standard input}:17     .text.FUNC_Transmission_Init:00000000 $t
    {standard input}:22     .text.FUNC_Transmission_Init:00000000 FUNC_Transmission_Init
    {standard input}:38     .text.FUNC_Transmission_Init:00000020 $d
    {standard input}:51     .text.FUNC_Transmission:00000000 $t
    {standard input}:56     .text.FUNC_Transmission:00000000 FUNC_Transmission
    {standard input}:94     .text.FUNC_Transmission:00000054 $d
    {standard input}:97     .text.FUNC_Transmission:0000005c $t
    {standard input}:351    .text.FUNC_Transmission:00000358 $d
    {standard input}:370    .text.FUNC_Transmission:000003a0 $t
    {standard input}:641    .text.FUNC_Transmission:000006b8 $d
    {standard input}:652    .text.FUNC_Transmission:000006e0 $t
    {standard input}:706    .text.FUNC_Transmission:00000768 $d
    {standard input}:713    .text.FUNC_Transmission:00000780 $t
    {standard input}:998    .text.FUNC_Transmission:00000adc $d
    {standard input}:1011   .text.FUNC_Transmission:00000b0c $t
    {standard input}:1267   .text.FUNC_Transmission:00000e00 $d
    {standard input}:1289   .text.FUNC_Transmission:00000e54 $t
    {standard input}:1440   .text.FUNC_Transmission:00000ff0 $d
    {standard input}:1448   .text.FUNC_Transmission:0000100c $t
    {standard input}:1648   .text.FUNC_Transmission:00001258 $d
    {standard input}:1658   .text.FUNC_Transmission:0000127c $t
    {standard input}:1906   .text.FUNC_Transmission:00001500 $d
    {standard input}:1917   .text.FUNC_Transmission:00001528 $t
    {standard input}:2099   .text.FUNC_Transmission:000016c8 $d

UNDEFINED SYMBOLS
VCU_DW
__aeabi_dcmplt
__aeabi_d2uiz
__aeabi_dcmpgt
__aeabi_ui2d
__aeabi_dadd
__aeabi_dcmpge
__aeabi_i2d
__aeabi_dmul
__aeabi_dcmpeq
__aeabi_dsub
floor
rtIsNaN
rtIsInf
fmod
VCU_B
VCU_ConstP
look1_binlxpw
VCU_ConstB
