   1              	 .syntax unified
   2              	 .cpu cortex-m4
   3              	 .eabi_attribute 27,3
   4              	 .fpu fpv4-sp-d16
   5              	 .eabi_attribute 20,1
   6              	 .eabi_attribute 21,1
   7              	 .eabi_attribute 23,3
   8              	 .eabi_attribute 24,1
   9              	 .eabi_attribute 25,1
  10              	 .eabi_attribute 26,1
  11              	 .eabi_attribute 30,4
  12              	 .eabi_attribute 34,1
  13              	 .eabi_attribute 18,4
  14              	 .thumb
  15              	 .file "VCU_data.c"
  16              	 .global VCU_ConstP
  17              	 .global VCU_ConstB
  18              	 .section .rodata.VCU_ConstB,"a",%progbits
  19              	 .align 3
  22              	VCU_ConstB:
  23 0000 1EA7E848 	 .word 1223206686
  24 0004 2EFFEF3F 	 .word 1072693038
  25 0008 1EA7E848 	 .word 1223206686
  26 000c 2EFFEF3F 	 .word 1072693038
  27 0010 F8FF     	 .short -8
  28 0012 00       	 .byte 0
  29 0013 00       	 .byte 0
  30 0014 00000000 	 .space 4
  31              	 .section .rodata.VCU_ConstP,"a",%progbits
  32              	 .align 3
  35              	VCU_ConstP:
  36 0000 00000000 	 .word 0
  37 0004 00003940 	 .word 1077477376
  38 0008 00000000 	 .word 0
  39 000c 00000000 	 .word 0
  40 0010 00000000 	 .word 0
  41 0014 00000000 	 .word 0
  42 0018 00000000 	 .word 0
  43 001c 00001440 	 .word 1075052544
  44 0020 00000000 	 .word 0
  45 0024 00804B40 	 .word 1078689792
  46 0028 00000000 	 .word 0
  47 002c 00006440 	 .word 1080295424
  48 0030 7B14AE47 	 .word 1202590843
  49 0034 E17AB43F 	 .word 1068792545
  50 0038 F6285C8F 	 .word -1889785610
  51 003c C2F50840 	 .word 1074329026
  52 0040 7B14AE47 	 .word 1202590843
  53 0044 E17AB43F 	 .word 1068792545
  54 0048 52B81E85 	 .word -2061584302
  55 004c EB510840 	 .word 1074287083
  56 0050 00000000 	 .word 0
  57 0054 00000640 	 .word 1074135040
  58 0058 295C8FC2 	 .word -1030792151
  59 005c F5281040 	 .word 1074800885
  60 0060 00000000 	 .word 0
  61 0064 000044C0 	 .word -1069285376
  62 0068 00000000 	 .word 0
  63 006c 00C07240 	 .word 1081262080
  64 0070 4A0C022B 	 .word 721554506
  65 0074 8716B93F 	 .word 1069094535
  66 0078 6F1283C0 	 .word -1065151889
  67 007c CAA1C53F 	 .word 1069916618
  68 0080 00000000 	 .word 0
  69 0084 000044C0 	 .word -1069285376
  70 0088 00000000 	 .word 0
  71 008c 00A07740 	 .word 1081581568
  72 0090 C520B072 	 .word 1924145349
  73 0094 6891DD3F 	 .word 1071485288
  74 0098 CFF753E3 	 .word -481036337
  75 009c A59BE03F 	 .word 1071684517
  76 00a0 00000000 	 .word 0
  77 00a4 00189040 	 .word 1083185152
  78 00a8 00000000 	 .word 0
  79 00ac 00549F40 	 .word 1084183552
  80 00b0 00000000 	 .word 0
  81 00b4 0004AF40 	 .word 1085211648
  82 00b8 00000000 	 .word 0
  83 00bc 0034B740 	 .word 1085748224
  84 00c0 00000000 	 .word 0
  85 00c4 00E6BE40 	 .word 1086252544
  86 00c8 F853E3A5 	 .word -1511828488
  87 00cc 9BC4E83F 	 .word 1072219291
  88 00d0 CBA145B6 	 .word -1236950581
  89 00d4 F3FDF43F 	 .word 1073020403
  90 00d8 33333333 	 .word 858993459
  91 00dc 33330340 	 .word 1073951539
  92 00e0 EC51B81E 	 .word 515396076
  93 00e4 85EB0B40 	 .word 1074523013
  94 00e8 E7FBA9F1 	 .word -240518169
  95 00ec D24D1240 	 .word 1074941394
  96 00f0 00000000 	 .word 0
  97 00f4 00D08F40 	 .word 1083166720
  98 00f8 00000000 	 .word 0
  99 00fc 00189F40 	 .word 1084168192
 100 0100 00000000 	 .word 0
 101 0104 00BEAE40 	 .word 1085193728
 102 0108 00000000 	 .word 0
 103 010c 00F3B640 	 .word 1085731584
 104 0110 00000000 	 .word 0
 105 0114 0096BE40 	 .word 1086232064
 106 0118 08AC1C5A 	 .word 1511828488
 107 011c 643BEB3F 	 .word 1072380772
 108 0120 A8C64B37 	 .word 927712936
 109 0124 8941F63F 	 .word 1073103241
 110 0128 83C0CAA1 	 .word -1580547965
 111 012c 45B60340 	 .word 1073985093
 112 0130 52B81E85 	 .word -2061584302
 113 0134 EB510C40 	 .word 1074549227
 114 0138 7B14AE47 	 .word 1202590843
 115 013c E17A1240 	 .word 1074952929
 116 0140 00000000 	 .word 0
 117 0144 00000000 	 .word 0
 118 0148 00000000 	 .word 0
 119 014c 00000000 	 .word 0
 120 0150 00000000 	 .word 0
 121 0154 00000000 	 .word 0
 122 0158 00000000 	 .word 0
 123 015c 00000000 	 .word 0
 124 0160 00000000 	 .word 0
 125 0164 0000E03F 	 .word 1071644672
 126 0168 66666666 	 .word 1717986918
 127 016c 6666E63F 	 .word 1072064102
 128 0170 00000000 	 .word 0
 129 0174 0000F03F 	 .word 1072693248
 130 0178 00000000 	 .word 0
 131 017c 00000000 	 .word 0
 132 0180 00000000 	 .word 0
 133 0184 00000000 	 .word 0
 134 0188 00000000 	 .word 0
 135 018c 00000000 	 .word 0
 136 0190 00000000 	 .word 0
 137 0194 00000000 	 .word 0
 138 0198 00000000 	 .word 0
 139 019c 0000E03F 	 .word 1071644672
 140 01a0 66666666 	 .word 1717986918
 141 01a4 6666E63F 	 .word 1072064102
 142 01a8 00000000 	 .word 0
 143 01ac 0000F03F 	 .word 1072693248
 144 01b0 00000000 	 .word 0
 145 01b4 00000000 	 .word 0
 146 01b8 00000000 	 .word 0
 147 01bc 00000000 	 .word 0
 148 01c0 00000000 	 .word 0
 149 01c4 00000000 	 .word 0
 150 01c8 00000000 	 .word 0
 151 01cc 00000000 	 .word 0
 152 01d0 00000000 	 .word 0
 153 01d4 0000E03F 	 .word 1071644672
 154 01d8 66666666 	 .word 1717986918
 155 01dc 6666E63F 	 .word 1072064102
 156 01e0 00000000 	 .word 0
 157 01e4 0000F03F 	 .word 1072693248
 158 01e8 00000000 	 .word 0
 159 01ec 00000000 	 .word 0
 160 01f0 00000000 	 .word 0
 161 01f4 00004E40 	 .word 1078853632
 162 01f8 00000000 	 .word 0
 163 01fc 00805140 	 .word 1079083008
 164 0200 00000000 	 .word 0
 165 0204 00805240 	 .word 1079148544
 166 0208 00000000 	 .word 0
 167 020c 00C05240 	 .word 1079164928
 168 0210 00000000 	 .word 0
 169 0214 00005440 	 .word 1079246848
 170 0218 00000000 	 .word 0
 171 021c 00405540 	 .word 1079328768
 172 0220 00000000 	 .word 0
 173 0224 00000000 	 .word 0
 174 0228 00000000 	 .word 0
 175 022c 00002440 	 .word 1076101120
 176 0230 00000000 	 .word 0
 177 0234 00805640 	 .word 1079410688
 178 0238 00000000 	 .word 0
 179 023c 0000F03F 	 .word 1072693248
 180 0240 00000000 	 .word 0
 181 0244 0000E03F 	 .word 1071644672
 182 0248 9A999999 	 .word -1717986918
 183 024c 9999B93F 	 .word 1069128089
 184 0250 9A999999 	 .word -1717986918
 185 0254 9999A93F 	 .word 1068079513
 186 0258 9A999999 	 .word -1717986918
 187 025c 9999A93F 	 .word 1068079513
 188 0260 9A999999 	 .word -1717986918
 189 0264 9999A93F 	 .word 1068079513
 190 0268 B81E85EB 	 .word -343597384
 191 026c 51B89E3F 	 .word 1067366481
 192 0270 00000000 	 .word 0
 193 0274 00000000 	 .word 0
 194 0278 00000000 	 .word 0
 195 027c 00000000 	 .word 0
 196 0280 B81E85EB 	 .word -343597384
 197 0284 51B89E3F 	 .word 1067366481
 198 0288 B81E85EB 	 .word -343597384
 199 028c 51B89E3F 	 .word 1067366481
 200 0290 9A999999 	 .word -1717986918
 201 0294 9999A93F 	 .word 1068079513
 202 0298 9A999999 	 .word -1717986918
 203 029c 9999D93F 	 .word 1071225241
 204 02a0 9A999999 	 .word -1717986918
 205 02a4 9999E93F 	 .word 1072273817
 206 02a8 00000000 	 .word 0
 207 02ac 0000F03F 	 .word 1072693248
 208 02b0 00000000 	 .word 0
 209 02b4 000039C0 	 .word -1070006272
 210 02b8 00000000 	 .word 0
 211 02bc 000014C0 	 .word -1072431104
 212 02c0 00000000 	 .word 0
 213 02c4 000008C0 	 .word -1073217536
 214 02c8 00000000 	 .word 0
 215 02cc 000000C0 	 .word -1073741824
 216 02d0 00000000 	 .word 0
 217 02d4 0000F0BF 	 .word -1074790400
 218 02d8 00000000 	 .word 0
 219 02dc 0000E0BF 	 .word -1075838976
 220 02e0 9A999999 	 .word -1717986918
 221 02e4 9999B9BF 	 .word -1078355559
 222 02e8 00000000 	 .word 0
 223 02ec 00000000 	 .word 0
 224 02f0 9A999999 	 .word -1717986918
 225 02f4 9999B93F 	 .word 1069128089
 226 02f8 00000000 	 .word 0
 227 02fc 0000E03F 	 .word 1071644672
 228 0300 00000000 	 .word 0
 229 0304 0000F03F 	 .word 1072693248
 230 0308 00000000 	 .word 0
 231 030c 00000040 	 .word 1073741824
 232 0310 00000000 	 .word 0
 233 0314 00001440 	 .word 1075052544
 234 0318 00000000 	 .word 0
 235 031c 00001C40 	 .word 1075576832
 236 0320 00000000 	 .word 0
 237 0324 00003940 	 .word 1077477376
 238 0328 06000000 	 .word 6
 239 032c 02000000 	 .word 2
 240 0330 00       	 .byte 0
 241 0331 01       	 .byte 1
 242 0332 00       	 .byte 0
 243 0333 00       	 .byte 0
 244 0334 01       	 .byte 1
 245 0335 01       	 .byte 1
 246 0336 00       	 .byte 0
 247 0337 00       	 .byte 0
 248 0338 01       	 .byte 1
 249 0339 00       	 .byte 0
 250 033a 01       	 .byte 1
 251 033b 01       	 .byte 1
 252 033c 00       	 .byte 0
 253 033d 00       	 .byte 0
 254 033e 00       	 .byte 0
 255 033f 00       	 .byte 0
 256              	 .ident "GCC: (GNU Tools for ARM Embedded Processors) 4.9.3 20141119 (release) [ARM/embedded-4_9-branch revision 218278]"
DEFINED SYMBOLS
                            *ABS*:00000000 VCU_data.c
    {standard input}:35     .rodata.VCU_ConstP:00000000 VCU_ConstP
    {standard input}:22     .rodata.VCU_ConstB:00000000 VCU_ConstB
    {standard input}:19     .rodata.VCU_ConstB:00000000 $d
    {standard input}:32     .rodata.VCU_ConstP:00000000 $d

NO UNDEFINED SYMBOLS
