13:30:20 INFO  : Registering command handlers for SDK TCF services
13:30:20 INFO  : Launching XSCT server: xsct.bat -interactive C:\Users\Yoshi\Documents\GitHub\Software\02_FH\05_MBS\AWFG\temp_xsdb_launch_script.tcl
13:30:25 INFO  : XSCT server has started successfully.
13:30:25 INFO  : Successfully done setting XSCT server connection channel  
13:30:27 INFO  : Successfully done setting SDK workspace  
13:31:35 INFO  : Project 'c_top_wrapper_hw_platform_0' created. You can now create BSPs and application projects targeting this hardware platform.
13:47:16 INFO  : Connected to target on host '127.0.0.1' and port '3121'.
13:47:16 INFO  : Jtag cable 'Digilent Zybo 210279786719A' is selected.
13:47:16 INFO  : 'jtag frequency' command is executed.
13:47:16 INFO  : Sourcing of 'C:/Users/Yoshi/Documents/GitHub/Software/02_FH/05_MBS/AWFG/c_top_wrapper_hw_platform_0/ps7_init.tcl' is done.
13:47:16 INFO  : 'targets -set -filter {jtag_cable_name =~ "Digilent Zybo 210279786719A" && level==0} -index 1' command is executed.
13:47:18 INFO  : FPGA configured successfully with bitstream "C:/Users/Yoshi/Documents/GitHub/Software/02_FH/05_MBS/AWFG/c_top_wrapper_hw_platform_0/c_top_wrapper.bit"
13:47:18 INFO  : Context for 'APU' is selected.
13:47:18 INFO  : Hardware design information is loaded from 'C:/Users/Yoshi/Documents/GitHub/Software/02_FH/05_MBS/AWFG/c_top_wrapper_hw_platform_0/system.hdf'.
13:47:18 INFO  : 'configparams force-mem-access 1' command is executed.
13:47:18 INFO  : Context for 'APU' is selected.
13:47:18 INFO  : 'stop' command is executed.
13:47:19 INFO  : 'ps7_init' command is executed.
13:47:19 INFO  : 'ps7_post_config' command is executed.
13:47:19 INFO  : Context for processor 'ps7_cortexa9_0' is selected.
13:47:19 INFO  : Processor reset is completed for 'ps7_cortexa9_0'.
13:47:19 INFO  : Context for processor 'ps7_cortexa9_0' is selected.
13:47:19 INFO  : The application 'C:/Users/Yoshi/Documents/GitHub/Software/02_FH/05_MBS/AWFG/AWFG/Debug/AWFG.elf' is downloaded to processor 'ps7_cortexa9_0'.
13:47:19 INFO  : 'configparams force-mem-access 0' command is executed.
13:47:19 INFO  : ----------------XSDB Script----------------
connect -url tcp:127.0.0.1:3121
source C:/Users/Yoshi/Documents/GitHub/Software/02_FH/05_MBS/AWFG/c_top_wrapper_hw_platform_0/ps7_init.tcl
targets -set -filter {jtag_cable_name =~ "Digilent Zybo 210279786719A" && level==0} -index 1
fpga -file C:/Users/Yoshi/Documents/GitHub/Software/02_FH/05_MBS/AWFG/c_top_wrapper_hw_platform_0/c_top_wrapper.bit
targets -set -nocase -filter {name =~"APU*" && jtag_cable_name =~ "Digilent Zybo 210279786719A"} -index 0
loadhw -hw C:/Users/Yoshi/Documents/GitHub/Software/02_FH/05_MBS/AWFG/c_top_wrapper_hw_platform_0/system.hdf -mem-ranges [list {0x40000000 0xbfffffff}]
configparams force-mem-access 1
targets -set -nocase -filter {name =~"APU*" && jtag_cable_name =~ "Digilent Zybo 210279786719A"} -index 0
stop
ps7_init
ps7_post_config
targets -set -nocase -filter {name =~ "ARM*#0" && jtag_cable_name =~ "Digilent Zybo 210279786719A"} -index 0
rst -processor
targets -set -nocase -filter {name =~ "ARM*#0" && jtag_cable_name =~ "Digilent Zybo 210279786719A"} -index 0
dow C:/Users/Yoshi/Documents/GitHub/Software/02_FH/05_MBS/AWFG/AWFG/Debug/AWFG.elf
configparams force-mem-access 0
----------------End of Script----------------

13:47:19 INFO  : Memory regions updated for context APU
13:47:20 INFO  : Context for processor 'ps7_cortexa9_0' is selected.
13:47:20 INFO  : 'con' command is executed.
13:47:20 INFO  : ----------------XSDB Script (After Launch)----------------
targets -set -nocase -filter {name =~ "ARM*#0" && jtag_cable_name =~ "Digilent Zybo 210279786719A"} -index 0
con
----------------End of Script----------------

13:47:20 INFO  : Launch script is exported to file 'C:\Users\Yoshi\Documents\GitHub\Software\02_FH\05_MBS\AWFG\.sdk\launch_scripts\xilinx_c-c++_application_(system_debugger)\system_debugger_using_debug_awfg.elf_on_local.tcl'
15:32:56 INFO  : Disconnected from the channel tcfchan#1.
