#-----------------------------------------------------------
# Vivado v2019.1 (64-bit)
# SW Build 2552052 on Fri May 24 14:49:42 MDT 2019
# IP Build 2548770 on Fri May 24 18:01:18 MDT 2019
# Start of session at: Tue Mar 23 13:18:00 2021
# Process ID: 21456
# Current directory: C:/Users/Yoshi/Documents/FH/02_Master/01_DCD/ip_repo/common_lib_new/vivado/Encoder
# Command line: vivado.exe -mode gui -journal ./Encoder_Flow.jou -log ./Encoder_Flow.log -source ./HDS_Scripts/Encoder_Flow.tcl
# Log file: C:/Users/Yoshi/Documents/FH/02_Master/01_DCD/ip_repo/common_lib_new/vivado/Encoder/./Encoder_Flow.log
# Journal file: C:/Users/Yoshi/Documents/FH/02_Master/01_DCD/ip_repo/common_lib_new/vivado/Encoder\./Encoder_Flow.jou
#-----------------------------------------------------------
start_gui
source ./HDS_Scripts/Encoder_Flow.tcl
# lappend ::auto_path "$::env(HDS_HOME)/resources/tcl/tcllib1.4"
# set ::hdsDebug 0
# proc ::hdsDebugPuts {msg} {
#    if {$::hdsDebug} {
#       puts $msg
#    }
# }
# set normVars {HDS_PROJECT_DIR HDS_TEAM_HOME HDS_HOME XILINX_VIVADO}
# foreach varName $normVars {
#    if {[info exists ::env($varName)]} {
#       set ::env($varName) [file normalize [subst -nobackslash {$::env($varName)}]]
#    }
# }
# puts "## HDS #Running Vivado Project Creation/Update#"
## HDS #Running Vivado Project Creation/Update#
# set ::errorCount 0
# if {[catch {source ./HDS_Scripts/Encoder_Create.tcl} errMsg]} {
#    if {[regexp "(?q)$errMsg" $errorInfo]} {
#       puts "Error: $errorInfo"
#    } else {
#       puts "Error: $errMsg"
#    }
#    return
# }
Opening project ./Encoder.xpr
INFO: [ProjectBase 1-489] The host OS only allows 260 characters in a normal path. The project is stored in a path with more than 80 characters. If you experience issues with IP, Block Designs, or files not being found, please consider moving the project to a location with a shorter path. Alternately consider using the OS subst command to map part of the path to a drive letter.
Current project path is 'C:/Users/Yoshi/Documents/FH/02_Master/01_DCD/ip_repo/common_lib_new/vivado/Encoder'
CRITICAL WARNING: [Project 1-19] Could not find the file 'C:/Users/Yoshi/Documents/FH/02_Master/01_DCD/ip_repo/common_lib_new/hdl/Encoder_rtl.vhd'.
Scanning sources...
Finished scanning sources
INFO: [IP_Flow 19-234] Refreshing IP repositories
INFO: [IP_Flow 19-1704] No user IP repositories specified
INFO: [IP_Flow 19-2313] Loaded Vivado IP repository 'C:/Xilinx/Vivado/2019.1/data/ip'.
open_project: Time (s): cpu = 00:00:15 ; elapsed = 00:00:06 . Memory (MB): peak = 715.215 ; gain = 64.633
## get_filesets
## get_property DEFAULT_LIB [current_project]
## current_project
## current_project
## current_project
## current_project
Project HDL files to add stored in:
   ./HDS_Scripts/Encoder_fileList.tcl
## list
## list
## list
## join $vivadoCoresExtList "|"
## get_files -all -quiet
## join $nonIpFiles \n
## join $ipFiles \n
## join $coreIpFiles \n
### list
### list
### list
### list
# if {$::errorCount == 0} {
#    puts "Note: \"source ./HDS_Scripts/Encoder_Create.tcl\" completed successfully\n"
# } else {
#    puts "Error: \"source ./HDS_Scripts/Encoder_Create.tcl\" completed with errors\n"
# }
Note: "source ./HDS_Scripts/Encoder_Create.tcl" completed successfully

update_compile_order -fileset sources_1
reset_run synth_1
WARNING: [Vivado 12-1017] Problems encountered:
1. Failed to delete one or more files in run directory C:/Users/Yoshi/Documents/FH/02_Master/01_DCD/ip_repo/common_lib_new/vivado/Encoder/Encoder.runs/synth_1

launch_runs synth_1 -jobs 4
[Tue Mar 23 13:18:28 2021] Launched synth_1...
Run output will be captured here: C:/Users/Yoshi/Documents/FH/02_Master/01_DCD/ip_repo/common_lib_new/vivado/Encoder/Encoder.runs/synth_1/runme.log
launch_runs impl_1 -jobs 4
[Tue Mar 23 13:19:50 2021] Launched impl_1...
Run output will be captured here: C:/Users/Yoshi/Documents/FH/02_Master/01_DCD/ip_repo/common_lib_new/vivado/Encoder/Encoder.runs/impl_1/runme.log
launch_runs impl_1 -to_step write_bitstream -jobs 4
[Tue Mar 23 13:21:23 2021] Launched impl_1...
Run output will be captured here: C:/Users/Yoshi/Documents/FH/02_Master/01_DCD/ip_repo/common_lib_new/vivado/Encoder/Encoder.runs/impl_1/runme.log
open_hw
connect_hw_server
INFO: [Labtools 27-2285] Connecting to hw_server url TCP:localhost:3121
INFO: [Labtools 27-2222] Launching hw_server...
INFO: [Labtools 27-2221] Launch Output:

****** Xilinx hw_server v2019.1
  **** Build date : May 24 2019 at 15:13:31
    ** Copyright 1986-2019 Xilinx, Inc. All Rights Reserved.


connect_hw_server: Time (s): cpu = 00:00:01 ; elapsed = 00:00:05 . Memory (MB): peak = 800.141 ; gain = 0.000
open_hw_target
INFO: [Labtoolstcl 44-466] Opening hw_target localhost:3121/xilinx_tcf/Digilent/210279786719A
open_hw_target: Time (s): cpu = 00:00:06 ; elapsed = 00:00:09 . Memory (MB): peak = 1892.422 ; gain = 1092.281
set_property PROGRAM.FILE {C:/Users/Yoshi/Documents/FH/02_Master/01_DCD/ip_repo/common_lib_new/vivado/Encoder/Encoder.runs/impl_1/Encoder.bit} [get_hw_devices xc7z010_1]
current_hw_device [get_hw_devices xc7z010_1]
refresh_hw_device -update_hw_probes false [lindex [get_hw_devices xc7z010_1] 0]
INFO: [Labtools 27-1434] Device xc7z010 (JTAG device index = 1) is programmed with a design that has no supported debug core(s) in it.
set_property PROBES.FILE {} [get_hw_devices xc7z010_1]
set_property FULL_PROBES.FILE {} [get_hw_devices xc7z010_1]
set_property PROGRAM.FILE {C:/Users/Yoshi/Documents/FH/02_Master/01_DCD/ip_repo/common_lib_new/vivado/Encoder/Encoder.runs/impl_1/Encoder.bit} [get_hw_devices xc7z010_1]
program_hw_devices [get_hw_devices xc7z010_1]
INFO: [Labtools 27-3164] End of startup status: HIGH
refresh_hw_device [lindex [get_hw_devices xc7z010_1] 0]
INFO: [Labtools 27-1434] Device xc7z010 (JTAG device index = 1) is programmed with a design that has no supported debug core(s) in it.
reset_run synth_1
WARNING: [Vivado 12-1017] Problems encountered:
1. Failed to delete one or more files in run directory C:/Users/Yoshi/Documents/FH/02_Master/01_DCD/ip_repo/common_lib_new/vivado/Encoder/Encoder.runs/synth_1

launch_runs synth_1 -jobs 4
[Tue Mar 23 13:23:45 2021] Launched synth_1...
Run output will be captured here: C:/Users/Yoshi/Documents/FH/02_Master/01_DCD/ip_repo/common_lib_new/vivado/Encoder/Encoder.runs/synth_1/runme.log
launch_runs impl_1 -jobs 4
[Tue Mar 23 13:24:43 2021] Launched impl_1...
Run output will be captured here: C:/Users/Yoshi/Documents/FH/02_Master/01_DCD/ip_repo/common_lib_new/vivado/Encoder/Encoder.runs/impl_1/runme.log
launch_runs impl_1 -to_step write_bitstream -jobs 4
[Tue Mar 23 13:26:02 2021] Launched impl_1...
Run output will be captured here: C:/Users/Yoshi/Documents/FH/02_Master/01_DCD/ip_repo/common_lib_new/vivado/Encoder/Encoder.runs/impl_1/runme.log
set_property PROBES.FILE {} [get_hw_devices xc7z010_1]
set_property FULL_PROBES.FILE {} [get_hw_devices xc7z010_1]
set_property PROGRAM.FILE {C:/Users/Yoshi/Documents/FH/02_Master/01_DCD/ip_repo/common_lib_new/vivado/Encoder/Encoder.runs/impl_1/Encoder.bit} [get_hw_devices xc7z010_1]
program_hw_devices [get_hw_devices xc7z010_1]
INFO: [Labtools 27-3164] End of startup status: HIGH
refresh_hw_device [lindex [get_hw_devices xc7z010_1] 0]
INFO: [Labtools 27-1434] Device xc7z010 (JTAG device index = 1) is programmed with a design that has no supported debug core(s) in it.
reset_run synth_1
WARNING: [Vivado 12-1017] Problems encountered:
1. Failed to delete one or more files in run directory C:/Users/Yoshi/Documents/FH/02_Master/01_DCD/ip_repo/common_lib_new/vivado/Encoder/Encoder.runs/synth_1

launch_runs synth_1 -jobs 4
[Tue Mar 23 13:29:53 2021] Launched synth_1...
Run output will be captured here: C:/Users/Yoshi/Documents/FH/02_Master/01_DCD/ip_repo/common_lib_new/vivado/Encoder/Encoder.runs/synth_1/runme.log
launch_runs impl_1 -jobs 4
[Tue Mar 23 13:31:25 2021] Launched impl_1...
Run output will be captured here: C:/Users/Yoshi/Documents/FH/02_Master/01_DCD/ip_repo/common_lib_new/vivado/Encoder/Encoder.runs/impl_1/runme.log
reset_run synth_1
WARNING: [Vivado 12-1017] Problems encountered:
1. Failed to delete one or more files in run directory C:/Users/Yoshi/Documents/FH/02_Master/01_DCD/ip_repo/common_lib_new/vivado/Encoder/Encoder.runs/synth_1

launch_runs impl_1 -jobs 4
[Tue Mar 23 13:34:11 2021] Launched synth_1...
Run output will be captured here: C:/Users/Yoshi/Documents/FH/02_Master/01_DCD/ip_repo/common_lib_new/vivado/Encoder/Encoder.runs/synth_1/runme.log
[Tue Mar 23 13:34:11 2021] Launched impl_1...
Run output will be captured here: C:/Users/Yoshi/Documents/FH/02_Master/01_DCD/ip_repo/common_lib_new/vivado/Encoder/Encoder.runs/impl_1/runme.log
reset_run synth_1
WARNING: [Vivado 12-1017] Problems encountered:
1. Failed to delete one or more files in run directory C:/Users/Yoshi/Documents/FH/02_Master/01_DCD/ip_repo/common_lib_new/vivado/Encoder/Encoder.runs/synth_1

launch_runs synth_1 -jobs 4
[Tue Mar 23 13:37:22 2021] Launched synth_1...
Run output will be captured here: C:/Users/Yoshi/Documents/FH/02_Master/01_DCD/ip_repo/common_lib_new/vivado/Encoder/Encoder.runs/synth_1/runme.log
launch_runs impl_1 -jobs 4
[Tue Mar 23 13:38:11 2021] Launched impl_1...
Run output will be captured here: C:/Users/Yoshi/Documents/FH/02_Master/01_DCD/ip_repo/common_lib_new/vivado/Encoder/Encoder.runs/impl_1/runme.log
launch_runs impl_1 -to_step write_bitstream -jobs 4
[Tue Mar 23 13:39:17 2021] Launched impl_1...
Run output will be captured here: C:/Users/Yoshi/Documents/FH/02_Master/01_DCD/ip_repo/common_lib_new/vivado/Encoder/Encoder.runs/impl_1/runme.log
refresh_hw_device [lindex [get_hw_devices xc7z010_1] 0]
INFO: [Labtools 27-1434] Device xc7z010 (JTAG device index = 1) is programmed with a design that has no supported debug core(s) in it.
set_property PROBES.FILE {} [get_hw_devices xc7z010_1]
set_property FULL_PROBES.FILE {} [get_hw_devices xc7z010_1]
set_property PROGRAM.FILE {C:/Users/Yoshi/Documents/FH/02_Master/01_DCD/ip_repo/common_lib_new/vivado/Encoder/Encoder.runs/impl_1/Encoder.bit} [get_hw_devices xc7z010_1]
program_hw_devices [get_hw_devices xc7z010_1]
INFO: [Labtools 27-3164] End of startup status: HIGH
refresh_hw_device [lindex [get_hw_devices xc7z010_1] 0]
INFO: [Labtools 27-1434] Device xc7z010 (JTAG device index = 1) is programmed with a design that has no supported debug core(s) in it.
reset_run synth_1
WARNING: [Vivado 12-1017] Problems encountered:
1. Failed to delete one or more files in run directory C:/Users/Yoshi/Documents/FH/02_Master/01_DCD/ip_repo/common_lib_new/vivado/Encoder/Encoder.runs/synth_1

launch_runs synth_1 -jobs 4
[Tue Mar 23 13:44:06 2021] Launched synth_1...
Run output will be captured here: C:/Users/Yoshi/Documents/FH/02_Master/01_DCD/ip_repo/common_lib_new/vivado/Encoder/Encoder.runs/synth_1/runme.log
launch_runs impl_1 -jobs 4
[Tue Mar 23 13:44:58 2021] Launched impl_1...
Run output will be captured here: C:/Users/Yoshi/Documents/FH/02_Master/01_DCD/ip_repo/common_lib_new/vivado/Encoder/Encoder.runs/impl_1/runme.log
launch_runs impl_1 -to_step write_bitstream -jobs 4
[Tue Mar 23 13:46:15 2021] Launched impl_1...
Run output will be captured here: C:/Users/Yoshi/Documents/FH/02_Master/01_DCD/ip_repo/common_lib_new/vivado/Encoder/Encoder.runs/impl_1/runme.log
set_property PROBES.FILE {} [get_hw_devices xc7z010_1]
set_property FULL_PROBES.FILE {} [get_hw_devices xc7z010_1]
set_property PROGRAM.FILE {C:/Users/Yoshi/Documents/FH/02_Master/01_DCD/ip_repo/common_lib_new/vivado/Encoder/Encoder.runs/impl_1/Encoder.bit} [get_hw_devices xc7z010_1]
program_hw_devices [get_hw_devices xc7z010_1]
INFO: [Labtools 27-3164] End of startup status: HIGH
refresh_hw_device [lindex [get_hw_devices xc7z010_1] 0]
INFO: [Labtools 27-1434] Device xc7z010 (JTAG device index = 1) is programmed with a design that has no supported debug core(s) in it.
