   1              	 .syntax unified
   2              	 .cpu cortex-m4
   3              	 .eabi_attribute 27,3
   4              	 .fpu fpv4-sp-d16
   5              	 .eabi_attribute 20,1
   6              	 .eabi_attribute 21,1
   7              	 .eabi_attribute 23,3
   8              	 .eabi_attribute 24,1
   9              	 .eabi_attribute 25,1
  10              	 .eabi_attribute 26,1
  11              	 .eabi_attribute 30,4
  12              	 .eabi_attribute 34,1
  13              	 .eabi_attribute 18,4
  14              	 .thumb
  15              	 .file "getbits.c"
  16              	 .section .text.getbits,"ax",%progbits
  17              	 .align 1
  18              	 .global getbits
  19              	 .thumb
  20              	 .thumb_func
  22              	getbits:
  23              	 
  24              	 
  25              	 
  26 0000 0131     	 adds r1,r1,#1
  27 0002 891A     	 subs r1,r1,r2
  28 0004 4FF0FF33 	 mov r3,#-1
  29 0008 C840     	 lsrs r0,r0,r1
  30 000a 9340     	 lsls r3,r3,r2
  31 000c 20EA0300 	 bic r0,r0,r3
  32 0010 7047     	 bx lr
  34              	 .section .text.reverse,"ax",%progbits
  35              	 .align 1
  36              	 .global reverse
  37              	 .thumb
  38              	 .thumb_func
  40              	reverse:
  41              	 
  42              	 
  43              	 
  44 0000 0201     	 lsls r2,r0,#4
  45 0002 C0F30311 	 ubfx r1,r0,#4,#4
  46 0006 D2B2     	 uxtb r2,r2
  47 0008 0A43     	 orrs r2,r2,r1
  48 000a 02F0CC03 	 and r3,r2,#204
  49 000e 02F03302 	 and r2,r2,#51
  50 0012 9200     	 lsls r2,r2,#2
  51 0014 42EA9303 	 orr r3,r2,r3,lsr#2
  52 0018 03F0AA00 	 and r0,r3,#170
  53 001c 03F05503 	 and r3,r3,#85
  54 0020 5B00     	 lsls r3,r3,#1
  55 0022 43EA5000 	 orr r0,r3,r0,lsr#1
  56 0026 7047     	 bx lr
  58              	 .section .text.shift,"ax",%progbits
  59              	 .align 1
  60              	 .global shift
  61              	 .thumb
  62              	 .thumb_func
  64              	shift:
  65              	 
  66              	 
  67              	 
  68 0000 41EA0020 	 orr r0,r1,r0,lsl#8
  69 0004 7047     	 bx lr
  71              	 .ident "GCC: (GNU Tools for ARM Embedded Processors) 4.9.3 20141119 (release) [ARM/embedded-4_9-branch revision 218278]"
DEFINED SYMBOLS
                            *ABS*:00000000 getbits.c
    {standard input}:17     .text.getbits:00000000 $t
    {standard input}:22     .text.getbits:00000000 getbits
    {standard input}:35     .text.reverse:00000000 $t
    {standard input}:40     .text.reverse:00000000 reverse
    {standard input}:59     .text.shift:00000000 $t
    {standard input}:64     .text.shift:00000000 shift

NO UNDEFINED SYMBOLS
