   1              	 .syntax unified
   2              	 .cpu cortex-m4
   3              	 .eabi_attribute 27,3
   4              	 .fpu fpv4-sp-d16
   5              	 .eabi_attribute 20,1
   6              	 .eabi_attribute 21,1
   7              	 .eabi_attribute 23,3
   8              	 .eabi_attribute 24,1
   9              	 .eabi_attribute 25,1
  10              	 .eabi_attribute 26,1
  11              	 .eabi_attribute 30,6
  12              	 .eabi_attribute 34,1
  13              	 .eabi_attribute 18,4
  14              	 .thumb
  15              	 .file "main.c"
  16              	 .text
  17              	.Ltext0:
  18              	 .cfi_sections .debug_frame
  19              	 .comm time,4,4
  20              	 .comm T_Oil,44,4
  21              	 .comm T_Water,44,4
  22              	 .comm p_Oil,44,4
  23              	 .comm p_Pneu,44,4
  24              	 .comm x_DP_RL,44,4
  25              	 .comm x_DP_RR,44,4
  26              	 .comm x_RH_RL,44,4
  27              	 .comm x_RH_RR,44,4
  28              	 .comm f_LC_RL,44,4
  29              	 .comm f_LC_RR,44,4
  30              	 .comm T_Board,44,4
  31              	 .comm u_12V_Meas,44,4
  32              	 .comm u_5V_ANA_Meas,44,4
  33              	 .comm u_OUT1_Meas,44,4
  34              	 .comm u_OUT2_Meas,44,4
  35              	 .comm NTC1,44,4
  36              	 .comm Buffer_Average_Filter,10,4
  37              	 .comm i_Buffer_average,1,1
  38              	 .comm value,2,2
  39              	 .section .rodata
  40              	 .align 2
  41              	.LC0:
  42 0000 52656164 	 .ascii "Read_Task\000"
  42      5F546173 
  42      6B00
  43 000a 0000     	 .align 2
  44              	.LC1:
  45 000c 43616E32 	 .ascii "Can2_Receive_Task\000"
  45      5F526563 
  45      65697665 
  45      5F546173 
  45      6B00
  46 001e 0000     	 .align 2
  47              	.LC2:
  48 0020 43616E32 	 .ascii "Can2_Transmit_Task\000"
  48      5F547261 
  48      6E736D69 
  48      745F5461 
  48      736B00
  49 0033 00       	 .align 2
  50              	.LC3:
  51 0034 43616E31 	 .ascii "Can1_Transmit_Task\000"
  51      5F547261 
  51      6E736D69 
  51      745F5461 
  51      736B00
  52 0047 00       	 .section .text.main,"ax",%progbits
  53              	 .align 2
  54              	 .global main
  55              	 .thumb
  56              	 .thumb_func
  58              	main:
  59              	.LFB387:
  60              	 .file 1 "../main.c"
   1:../main.c     **** /*
   2:../main.c     ****  * main.c
   3:../main.c     ****  *
   4:../main.c     ****  *  Created on: 2019 Nov 29 11:32:40
   5:../main.c     ****  *  Author: Valentin Keck
   6:../main.c     ****  */
   7:../main.c     **** 
   8:../main.c     **** #include <stdio.h>
   9:../main.c     **** #include <stdbool.h>
  10:../main.c     **** #include <math.h>
  11:../main.c     **** #include "XMC4500.h"
  12:../main.c     **** #include "Header.h"
  13:../main.c     **** #include <DAVE.h>                 //Declarations from DAVE Code Generation (includes SFR declaratio
  14:../main.c     **** #include "ANA_Init.h"
  15:../main.c     **** #include "Average_Filter.h"
  16:../main.c     **** 
  17:../main.c     **** /**
  18:../main.c     **** 
  19:../main.c     ****  * @brief main() - Application entry point
  20:../main.c     ****  *
  21:../main.c     ****  * <b>Details of function</b><br>
  22:../main.c     ****  * This routine is the application entry point. It is invoked by the device startup code. It is res
  23:../main.c     ****  * invoking the APP initialization dispatcher routine - DAVE_Init() and hosting the place-holder fo
  24:../main.c     ****  * code.
  25:../main.c     ****  */
  26:../main.c     **** 
  27:../main.c     **** uint16_t value;
  28:../main.c     **** 
  29:../main.c     **** 
  30:../main.c     **** int main(void)
  31:../main.c     **** {
  61              	 .loc 1 31 0
  62              	 .cfi_startproc
  63              	 
  64              	 
  65 0000 80B5     	 push {r7,lr}
  66              	 .cfi_def_cfa_offset 8
  67              	 .cfi_offset 7,-8
  68              	 .cfi_offset 14,-4
  69 0002 84B0     	 sub sp,sp,#16
  70              	 .cfi_def_cfa_offset 24
  71 0004 02AF     	 add r7,sp,#8
  72              	 .cfi_def_cfa 7,16
  32:../main.c     **** 
  33:../main.c     ****   DAVE_STATUS_t status;
  34:../main.c     **** 
  35:../main.c     ****   status = DAVE_Init();           /* Initialization of DAVE APPs  */
  73              	 .loc 1 35 0
  74 0006 FFF7FEFF 	 bl DAVE_Init
  75 000a 0346     	 mov r3,r0
  76 000c FB71     	 strb r3,[r7,#7]
  36:../main.c     ****   ANA_Init();
  77              	 .loc 1 36 0
  78 000e FFF7FEFF 	 bl ANA_Init
  37:../main.c     **** 
  38:../main.c     ****   CAN1_INIT();
  79              	 .loc 1 38 0
  80 0012 FFF7FEFF 	 bl CAN1_INIT
  39:../main.c     ****   CAN2_INIT();
  81              	 .loc 1 39 0
  82 0016 FFF7FEFF 	 bl CAN2_INIT
  40:../main.c     **** 
  41:../main.c     ****   xTaskCreate(Task_ANA_Read, "Read_Task", 1000, NULL, 0, NULL);
  83              	 .loc 1 41 0
  84 001a 0023     	 movs r3,#0
  85 001c 0093     	 str r3,[sp]
  86 001e 0023     	 movs r3,#0
  87 0020 0193     	 str r3,[sp,#4]
  88 0022 1548     	 ldr r0,.L3
  89 0024 1549     	 ldr r1,.L3+4
  90 0026 4FF47A72 	 mov r2,#1000
  91 002a 0023     	 movs r3,#0
  92 002c FFF7FEFF 	 bl xTaskCreate
  42:../main.c     ****   xTaskCreate(Task_CAN_2_Receive, "Can2_Receive_Task", 1000, NULL, 1, NULL);
  93              	 .loc 1 42 0
  94 0030 0123     	 movs r3,#1
  95 0032 0093     	 str r3,[sp]
  96 0034 0023     	 movs r3,#0
  97 0036 0193     	 str r3,[sp,#4]
  98 0038 1148     	 ldr r0,.L3+8
  99 003a 1249     	 ldr r1,.L3+12
 100 003c 4FF47A72 	 mov r2,#1000
 101 0040 0023     	 movs r3,#0
 102 0042 FFF7FEFF 	 bl xTaskCreate
  43:../main.c     ****   xTaskCreate(Task_CAN_2_Transmit, "Can2_Transmit_Task", 1000, NULL, 2, NULL);
 103              	 .loc 1 43 0
 104 0046 0223     	 movs r3,#2
 105 0048 0093     	 str r3,[sp]
 106 004a 0023     	 movs r3,#0
 107 004c 0193     	 str r3,[sp,#4]
 108 004e 0E48     	 ldr r0,.L3+16
 109 0050 0E49     	 ldr r1,.L3+20
 110 0052 4FF47A72 	 mov r2,#1000
 111 0056 0023     	 movs r3,#0
 112 0058 FFF7FEFF 	 bl xTaskCreate
  44:../main.c     ****   xTaskCreate(Task_CAN_1_Transmit, "Can1_Transmit_Task", 1000, NULL, 2, NULL);
 113              	 .loc 1 44 0
 114 005c 0223     	 movs r3,#2
 115 005e 0093     	 str r3,[sp]
 116 0060 0023     	 movs r3,#0
 117 0062 0193     	 str r3,[sp,#4]
 118 0064 0A48     	 ldr r0,.L3+24
 119 0066 0B49     	 ldr r1,.L3+28
 120 0068 4FF47A72 	 mov r2,#1000
 121 006c 0023     	 movs r3,#0
 122 006e FFF7FEFF 	 bl xTaskCreate
  45:../main.c     **** 
  46:../main.c     ****   vTaskStartScheduler();
 123              	 .loc 1 46 0
 124 0072 FFF7FEFF 	 bl vTaskStartScheduler
 125              	.L2:
  47:../main.c     **** 
  48:../main.c     ****   if(status != DAVE_STATUS_SUCCESS)
  49:../main.c     ****   {
  50:../main.c     ****     /* Placeholder for error handler code. The while loop below can be replaced with an user error 
  51:../main.c     ****     XMC_DEBUG("DAVE APPs initialization failed\n");
  52:../main.c     ****   }
  53:../main.c     **** 
  54:../main.c     ****   /* Placeholder for user application code. The while loop below can be replaced with user applicat
  55:../main.c     **** 
  56:../main.c     **** 
  57:../main.c     ****   while(1U)
  58:../main.c     ****   {
  59:../main.c     **** 	  //Task_ANA_Read();
  60:../main.c     **** 	  //Task_CAN_2_Receive();
  61:../main.c     **** 	  //Task_CAN_2_Transmit();
  62:../main.c     **** 
  63:../main.c     **** }
 126              	 .loc 1 63 0 discriminator 1
 127 0076 FEE7     	 b .L2
 128              	.L4:
 129              	 .align 2
 130              	.L3:
 131 0078 00000000 	 .word Task_ANA_Read
 132 007c 00000000 	 .word .LC0
 133 0080 00000000 	 .word Task_CAN_2_Receive
 134 0084 0C000000 	 .word .LC1
 135 0088 00000000 	 .word Task_CAN_2_Transmit
 136 008c 20000000 	 .word .LC2
 137 0090 00000000 	 .word Task_CAN_1_Transmit
 138 0094 34000000 	 .word .LC3
 139              	 .cfi_endproc
 140              	.LFE387:
 142              	 .text
 143              	.Letext0:
 144              	 .file 2 "c:\\dave\\dave-ide-4.4.2-64bit\\eclipse\\arm-gcc-49\\arm-none-eabi\\include\\machine\\_default_types.h"
 145              	 .file 3 "c:\\dave\\dave-ide-4.4.2-64bit\\eclipse\\arm-gcc-49\\arm-none-eabi\\include\\stdint.h"
 146              	 .file 4 "C:/Users/Yoshi/Documents/GitHub/Software/01_jrg/04_CANModule/CAN_Modul_keckvale_AH/Libraries/CMSIS/Infineon/XMC4500_series/Include/XMC4500.h"
 147              	 .file 5 "C:/Users/Yoshi/Documents/GitHub/Software/01_jrg/04_CANModule/CAN_Modul_keckvale_AH/Libraries/XMCLib/inc/xmc4_gpio.h"
 148              	 .file 6 "C:/Users/Yoshi/Documents/GitHub/Software/01_jrg/04_CANModule/CAN_Modul_keckvale_AH/Libraries/XMCLib/inc/xmc_vadc.h"
 149              	 .file 7 "C:/Users/Yoshi/Documents/GitHub/Software/01_jrg/04_CANModule/CAN_Modul_keckvale_AH/Dave/Generated/ANALOG_IO/analog_io.h"
 150              	 .file 8 "C:/Users/Yoshi/Documents/GitHub/Software/01_jrg/04_CANModule/CAN_Modul_keckvale_AH/Dave/Generated/ADC_MEASUREMENT/adc_measurement.h"
 151              	 .file 9 "C:/Users/Yoshi/Documents/GitHub/Software/01_jrg/04_CANModule/CAN_Modul_keckvale_AH/Dave/Generated/DAVE.h"
 152              	 .file 10 "../Header.h"
 153              	 .file 11 "C:/Users/Yoshi/Documents/GitHub/Software/01_jrg/04_CANModule/CAN_Modul_keckvale_AH/Libraries/CMSIS/Include/cmsis_gcc.h"
 154              	 .file 12 "C:/Users/Yoshi/Documents/GitHub/Software/01_jrg/04_CANModule/CAN_Modul_keckvale_AH/Libraries/CMSIS/Include/core_cm4.h"
 155              	 .file 13 "C:/Users/Yoshi/Documents/GitHub/Software/01_jrg/04_CANModule/CAN_Modul_keckvale_AH/Libraries/CMSIS/Infineon/XMC4500_series/Include/system_XMC4500.h"
 156              	 .file 14 "../Average_Filter.h"
DEFINED SYMBOLS
                            *ABS*:00000000 main.c
                            *COM*:00000004 time
                            *COM*:0000002c T_Oil
                            *COM*:0000002c T_Water
                            *COM*:0000002c p_Oil
                            *COM*:0000002c p_Pneu
                            *COM*:0000002c x_DP_RL
                            *COM*:0000002c x_DP_RR
                            *COM*:0000002c x_RH_RL
                            *COM*:0000002c x_RH_RR
                            *COM*:0000002c f_LC_RL
                            *COM*:0000002c f_LC_RR
                            *COM*:0000002c T_Board
                            *COM*:0000002c u_12V_Meas
                            *COM*:0000002c u_5V_ANA_Meas
                            *COM*:0000002c u_OUT1_Meas
                            *COM*:0000002c u_OUT2_Meas
                            *COM*:0000002c NTC1
                            *COM*:0000000a Buffer_Average_Filter
                            *COM*:00000001 i_Buffer_average
                            *COM*:00000002 value
    {standard input}:40     .rodata:00000000 $d
    {standard input}:53     .text.main:00000000 $t
    {standard input}:58     .text.main:00000000 main
    {standard input}:131    .text.main:00000078 $d
                     .debug_frame:00000010 $d

UNDEFINED SYMBOLS
DAVE_Init
ANA_Init
CAN1_INIT
CAN2_INIT
xTaskCreate
vTaskStartScheduler
Task_ANA_Read
Task_CAN_2_Receive
Task_CAN_2_Transmit
Task_CAN_1_Transmit
