   1              	 .syntax unified
   2              	 .cpu cortex-m4
   3              	 .eabi_attribute 27,3
   4              	 .fpu fpv4-sp-d16
   5              	 .eabi_attribute 20,1
   6              	 .eabi_attribute 21,1
   7              	 .eabi_attribute 23,3
   8              	 .eabi_attribute 24,1
   9              	 .eabi_attribute 25,1
  10              	 .eabi_attribute 26,1
  11              	 .eabi_attribute 30,4
  12              	 .eabi_attribute 34,1
  13              	 .eabi_attribute 18,4
  14              	 .thumb
  15              	 .file "Powercycle_Calibration.c"
  16              	 .section .text.Powercycle_Calibration,"ax",%progbits
  17              	 .align 1
  18              	 .global Powercycle_Calibration
  19              	 .thumb
  20              	 .thumb_func
  22              	Powercycle_Calibration:
  23              	 
  24              	 
  25 0000 10B5     	 push {r4,lr}
  26 0002 90F82030 	 ldrb r3,[r0,#32]
  27 0006 012B     	 cmp r3,#1
  28 0008 0446     	 mov r4,r0
  29 000a 02D0     	 beq .L2
  30 000c 0023     	 movs r3,#0
  31 000e 4384     	 strh r3,[r0,#34]
  32 0010 10BD     	 pop {r4,pc}
  33              	.L2:
  34 0012 C069     	 ldr r0,[r0,#28]
  35 0014 FFF7FEFF 	 bl ADC_MEASUREMENT_GetResult
  36 0018 6084     	 strh r0,[r4,#34]
  37 001a 10BD     	 pop {r4,pc}
  39              	 .comm NTC1,44,4
  40              	 .comm u_OUT2_Meas,44,4
  41              	 .comm u_OUT1_Meas,44,4
  42              	 .comm u_5V_ANA_Meas,44,4
  43              	 .comm u_12V_Meas,44,4
  44              	 .comm T_Board,44,4
  45              	 .comm f_LC_RR,44,4
  46              	 .comm f_LC_RL,44,4
  47              	 .comm x_RH_RR,44,4
  48              	 .comm x_RH_RL,44,4
  49              	 .comm x_DP_RR,44,4
  50              	 .comm x_DP_RL,44,4
  51              	 .comm p_Pneu,44,4
  52              	 .comm p_Oil,44,4
  53              	 .comm T_Water,44,4
  54              	 .comm T_Oil,44,4
  55              	 .comm time,4,4
  56              	 .ident "GCC: (GNU Tools for ARM Embedded Processors) 4.9.3 20141119 (release) [ARM/embedded-4_9-branch revision 218278]"
DEFINED SYMBOLS
                            *ABS*:00000000 Powercycle_Calibration.c
    {standard input}:17     .text.Powercycle_Calibration:00000000 $t
    {standard input}:22     .text.Powercycle_Calibration:00000000 Powercycle_Calibration
                            *COM*:0000002c NTC1
                            *COM*:0000002c u_OUT2_Meas
                            *COM*:0000002c u_OUT1_Meas
                            *COM*:0000002c u_5V_ANA_Meas
                            *COM*:0000002c u_12V_Meas
                            *COM*:0000002c T_Board
                            *COM*:0000002c f_LC_RR
                            *COM*:0000002c f_LC_RL
                            *COM*:0000002c x_RH_RR
                            *COM*:0000002c x_RH_RL
                            *COM*:0000002c x_DP_RR
                            *COM*:0000002c x_DP_RL
                            *COM*:0000002c p_Pneu
                            *COM*:0000002c p_Oil
                            *COM*:0000002c T_Water
                            *COM*:0000002c T_Oil
                            *COM*:00000004 time

UNDEFINED SYMBOLS
ADC_MEASUREMENT_GetResult
