   1              	 .syntax unified
   2              	 .cpu cortex-m4
   3              	 .eabi_attribute 27,3
   4              	 .fpu fpv4-sp-d16
   5              	 .eabi_attribute 20,1
   6              	 .eabi_attribute 21,1
   7              	 .eabi_attribute 23,3
   8              	 .eabi_attribute 24,1
   9              	 .eabi_attribute 25,1
  10              	 .eabi_attribute 26,1
  11              	 .eabi_attribute 30,4
  12              	 .eabi_attribute 34,1
  13              	 .eabi_attribute 18,4
  14              	 .thumb
  15              	 .file "CAN_1.c"
  16              	 .section .text.CAN1_INIT,"ax",%progbits
  17              	 .align 1
  18              	 .global CAN1_INIT
  19              	 .thumb
  20              	 .thumb_func
  22              	CAN1_INIT:
  23              	 
  24              	 
  25              	 
  26 0000 034B     	 ldr r3,.L2
  27 0002 197C     	 ldrb r1,[r3,#16]
  28 0004 1A68     	 ldr r2,[r3]
  29 0006 0123     	 movs r3,#1
  30 0008 8B40     	 lsls r3,r3,r1
  31 000a 5360     	 str r3,[r2,#4]
  32 000c 7047     	 bx lr
  33              	.L3:
  34 000e 00BF     	 .align 2
  35              	.L2:
  36 0010 00000000 	 .word CAN_1_RES_CTRL
  38              	 .section .text.Task_CAN_1_Transmit,"ax",%progbits
  39              	 .align 1
  40              	 .global Task_CAN_1_Transmit
  41              	 .thumb
  42              	 .thumb_func
  44              	Task_CAN_1_Transmit:
  45              	 
  46              	 
  47              	 
  48 0000 80B5     	 push {r7,lr}
  49              	.L5:
  50 0002 224B     	 ldr r3,.L7
  51 0004 2249     	 ldr r1,.L7+4
  52 0006 987D     	 ldrb r0,[r3,#22]
  53 0008 1876     	 strb r0,[r3,#24]
  54 000a 224B     	 ldr r3,.L7+8
  55 000c 9D7D     	 ldrb r5,[r3,#22]
  56 000e 1D76     	 strb r5,[r3,#24]
  57 0010 214B     	 ldr r3,.L7+12
  58 0012 9A7D     	 ldrb r2,[r3,#22]
  59 0014 1A76     	 strb r2,[r3,#24]
  60 0016 214B     	 ldr r3,.L7+16
  61 0018 9C7D     	 ldrb r4,[r3,#22]
  62 001a 1C76     	 strb r4,[r3,#24]
  63 001c 204B     	 ldr r3,.L7+20
  64 001e 93F816E0 	 ldrb lr,[r3,#22]
  65 0022 83F818E0 	 strb lr,[r3,#24]
  66 0026 1F4B     	 ldr r3,.L7+24
  67 0028 9F7D     	 ldrb r7,[r3,#22]
  68 002a 1F76     	 strb r7,[r3,#24]
  69 002c 1E4B     	 ldr r3,.L7+28
  70 002e 9E7D     	 ldrb r6,[r3,#22]
  71 0030 1E76     	 strb r6,[r3,#24]
  72 0032 8B7D     	 ldrb r3,[r1,#22]
  73 0034 0B76     	 strb r3,[r1,#24]
  74 0036 1D49     	 ldr r1,.L7+32
  75 0038 B1F816C0 	 ldrh ip,[r1,#22]
  76 003c 81F818C0 	 strb ip,[r1,#24]
  77 0040 1B49     	 ldr r1,.L7+36
  78 0042 B1F816C0 	 ldrh ip,[r1,#22]
  79 0046 81F818C0 	 strb ip,[r1,#24]
  80 004a 1A49     	 ldr r1,.L7+40
  81 004c B1F816C0 	 ldrh ip,[r1,#22]
  82 0050 81F818C0 	 strb ip,[r1,#24]
  83 0054 1849     	 ldr r1,.L7+44
  84 0056 4871     	 strb r0,[r1,#5]
  85 0058 1848     	 ldr r0,.L7+48
  86 005a CB71     	 strb r3,[r1,#7]
  87 005c 81F800E0 	 strb lr,[r1]
  88 0060 4F70     	 strb r7,[r1,#1]
  89 0062 8E70     	 strb r6,[r1,#2]
  90 0064 CD70     	 strb r5,[r1,#3]
  91 0066 0C71     	 strb r4,[r1,#4]
  92 0068 8A71     	 strb r2,[r1,#6]
  93 006a FFF7FEFF 	 bl CAN_NODE_MO_UpdateData
  94 006e 1348     	 ldr r0,.L7+48
  95 0070 FFF7FEFF 	 bl CAN_NODE_MO_Transmit
  96 0074 124B     	 ldr r3,.L7+52
  97 0076 1878     	 ldrb r0,[r3]
  98 0078 42F21073 	 movw r3,#10000
  99 007c 4343     	 muls r3,r0,r3
 100 007e 4FF47A70 	 mov r0,#1000
 101 0082 B3FBF0F0 	 udiv r0,r3,r0
 102 0086 FFF7FEFF 	 bl vTaskDelay
 103 008a BAE7     	 b .L5
 104              	.L8:
 105              	 .align 2
 106              	.L7:
 107 008c 00000000 	 .word T_Oil
 108 0090 00000000 	 .word u_12V_Meas
 109 0094 00000000 	 .word T_Water
 110 0098 00000000 	 .word T_Board
 111 009c 00000000 	 .word p_Oil
 112 00a0 00000000 	 .word p_Pneu
 113 00a4 00000000 	 .word x_RH_RL
 114 00a8 00000000 	 .word x_RH_RR
 115 00ac 00000000 	 .word u_5V_ANA_Meas
 116 00b0 00000000 	 .word u_OUT1_Meas
 117 00b4 00000000 	 .word u_OUT2_Meas
 118 00b8 00000000 	 .word .LANCHOR0
 119 00bc 00000000 	 .word CAN_1_LMO_01_Config
 120 00c0 00000000 	 .word .LANCHOR1
 122              	 .global delay_for_CAN1_Transmit
 123              	 .global CAN1_data_Tx_LM01
 124              	 .comm NTC1,44,4
 125              	 .comm u_OUT2_Meas,44,4
 126              	 .comm u_OUT1_Meas,44,4
 127              	 .comm u_5V_ANA_Meas,44,4
 128              	 .comm u_12V_Meas,44,4
 129              	 .comm T_Board,44,4
 130              	 .comm f_LC_RR,44,4
 131              	 .comm f_LC_RL,44,4
 132              	 .comm x_RH_RR,44,4
 133              	 .comm x_RH_RL,44,4
 134              	 .comm x_DP_RR,44,4
 135              	 .comm x_DP_RL,44,4
 136              	 .comm p_Pneu,44,4
 137              	 .comm p_Oil,44,4
 138              	 .comm T_Water,44,4
 139              	 .comm T_Oil,44,4
 140              	 .comm time,4,4
 141              	 .section .bss.CAN1_data_Tx_LM01,"aw",%nobits
 142              	 .set .LANCHOR0,.+0
 145              	CAN1_data_Tx_LM01:
 146 0000 00000000 	 .space 8
 146      00000000 
 147              	 .section .data.delay_for_CAN1_Transmit,"aw",%progbits
 148              	 .set .LANCHOR1,.+0
 151              	delay_for_CAN1_Transmit:
 152 0000 05       	 .byte 5
 153              	 .ident "GCC: (GNU Tools for ARM Embedded Processors) 4.9.3 20141119 (release) [ARM/embedded-4_9-branch revision 218278]"
DEFINED SYMBOLS
                            *ABS*:00000000 CAN_1.c
    {standard input}:17     .text.CAN1_INIT:00000000 $t
    {standard input}:22     .text.CAN1_INIT:00000000 CAN1_INIT
    {standard input}:36     .text.CAN1_INIT:00000010 $d
    {standard input}:39     .text.Task_CAN_1_Transmit:00000000 $t
    {standard input}:44     .text.Task_CAN_1_Transmit:00000000 Task_CAN_1_Transmit
    {standard input}:107    .text.Task_CAN_1_Transmit:0000008c $d
                            *COM*:0000002c T_Oil
                            *COM*:0000002c u_12V_Meas
                            *COM*:0000002c T_Water
                            *COM*:0000002c T_Board
                            *COM*:0000002c p_Oil
                            *COM*:0000002c p_Pneu
                            *COM*:0000002c x_RH_RL
                            *COM*:0000002c x_RH_RR
                            *COM*:0000002c u_5V_ANA_Meas
                            *COM*:0000002c u_OUT1_Meas
                            *COM*:0000002c u_OUT2_Meas
    {standard input}:151    .data.delay_for_CAN1_Transmit:00000000 delay_for_CAN1_Transmit
    {standard input}:145    .bss.CAN1_data_Tx_LM01:00000000 CAN1_data_Tx_LM01
                            *COM*:0000002c NTC1
                            *COM*:0000002c f_LC_RR
                            *COM*:0000002c f_LC_RL
                            *COM*:0000002c x_DP_RR
                            *COM*:0000002c x_DP_RL
                            *COM*:00000004 time
    {standard input}:146    .bss.CAN1_data_Tx_LM01:00000000 $d

UNDEFINED SYMBOLS
CAN_1_RES_CTRL
CAN_NODE_MO_UpdateData
CAN_NODE_MO_Transmit
vTaskDelay
CAN_1_LMO_01_Config
