   1              	 .syntax unified
   2              	 .cpu cortex-m4
   3              	 .eabi_attribute 27,3
   4              	 .fpu fpv4-sp-d16
   5              	 .eabi_attribute 20,1
   6              	 .eabi_attribute 21,1
   7              	 .eabi_attribute 23,3
   8              	 .eabi_attribute 24,1
   9              	 .eabi_attribute 25,1
  10              	 .eabi_attribute 26,1
  11              	 .eabi_attribute 30,6
  12              	 .eabi_attribute 34,1
  13              	 .eabi_attribute 18,4
  14              	 .thumb
  15              	 .file "clock_xmc4.c"
  16              	 .text
  17              	.Ltext0:
  18              	 .cfi_sections .debug_frame
  19              	 .section .text.CLOCK_XMC4_GetAppVersion,"ax",%progbits
  20              	 .align 2
  21              	 .global CLOCK_XMC4_GetAppVersion
  22              	 .thumb
  23              	 .thumb_func
  25              	CLOCK_XMC4_GetAppVersion:
  26              	.LFB185:
  27              	 .file 1 "../Dave/Generated/CLOCK_XMC4/clock_xmc4.c"
   1:../Dave/Generated/CLOCK_XMC4/clock_xmc4.c **** /**
   2:../Dave/Generated/CLOCK_XMC4/clock_xmc4.c ****  * @file clock_xmc4.c
   3:../Dave/Generated/CLOCK_XMC4/clock_xmc4.c ****  * @date 2016-07-08
   4:../Dave/Generated/CLOCK_XMC4/clock_xmc4.c ****  *
   5:../Dave/Generated/CLOCK_XMC4/clock_xmc4.c ****  * NOTE:
   6:../Dave/Generated/CLOCK_XMC4/clock_xmc4.c ****  * This file is generated by DAVE. Any manual modification done to this file will be lost when the 
   7:../Dave/Generated/CLOCK_XMC4/clock_xmc4.c ****  *
   8:../Dave/Generated/CLOCK_XMC4/clock_xmc4.c ****  * @cond
   9:../Dave/Generated/CLOCK_XMC4/clock_xmc4.c ****  **************************************************************************************************
  10:../Dave/Generated/CLOCK_XMC4/clock_xmc4.c ****  * CLOCK_XMC4 v4.0.22 - APP to configure System and Peripheral Clocks.
  11:../Dave/Generated/CLOCK_XMC4/clock_xmc4.c ****  *
  12:../Dave/Generated/CLOCK_XMC4/clock_xmc4.c ****  * Copyright (c) 2015-2016, Infineon Technologies AG
  13:../Dave/Generated/CLOCK_XMC4/clock_xmc4.c ****  * All rights reserved.                        
  14:../Dave/Generated/CLOCK_XMC4/clock_xmc4.c ****  *                                             
  15:../Dave/Generated/CLOCK_XMC4/clock_xmc4.c ****  * Redistribution and use in source and binary forms, with or without modification,are permitted pr
  16:../Dave/Generated/CLOCK_XMC4/clock_xmc4.c ****  * following conditions are met:   
  17:../Dave/Generated/CLOCK_XMC4/clock_xmc4.c ****  *                                                                              
  18:../Dave/Generated/CLOCK_XMC4/clock_xmc4.c ****  *   Redistributions of source code must retain the above copyright notice, this list of conditions
  19:../Dave/Generated/CLOCK_XMC4/clock_xmc4.c ****  *   disclaimer.                        
  20:../Dave/Generated/CLOCK_XMC4/clock_xmc4.c ****  * 
  21:../Dave/Generated/CLOCK_XMC4/clock_xmc4.c ****  *   Redistributions in binary form must reproduce the above copyright notice, this list of conditi
  22:../Dave/Generated/CLOCK_XMC4/clock_xmc4.c ****  *   following disclaimer in the documentation and/or other materials provided with the distributio
  23:../Dave/Generated/CLOCK_XMC4/clock_xmc4.c ****  *                         
  24:../Dave/Generated/CLOCK_XMC4/clock_xmc4.c ****  *   Neither the name of the copyright holders nor the names of its contributors may be used to end
  25:../Dave/Generated/CLOCK_XMC4/clock_xmc4.c ****  *   products derived from this software without specific prior written permission. 
  26:../Dave/Generated/CLOCK_XMC4/clock_xmc4.c ****  *                                             
  27:../Dave/Generated/CLOCK_XMC4/clock_xmc4.c ****  * THIS SOFTWARE IS PROVIDED BY THE COPYRIGHT HOLDERS AND CONTRIBUTORS "AS IS" AND ANY EXPRESS OR I
  28:../Dave/Generated/CLOCK_XMC4/clock_xmc4.c ****  * INCLUDING, BUT NOT LIMITED TO, THE IMPLIED WARRANTIES OF MERCHANTABILITY AND FITNESS FOR A PARTI
  29:../Dave/Generated/CLOCK_XMC4/clock_xmc4.c ****  * DISCLAIMED. IN NO EVENT SHALL THE COPYRIGHT HOLDER OR CONTRIBUTORS BE LIABLE  FOR ANY DIRECT, IN
  30:../Dave/Generated/CLOCK_XMC4/clock_xmc4.c ****  * SPECIAL, EXEMPLARY, OR CONSEQUENTIAL DAMAGES (INCLUDING, BUT NOT LIMITED TO, PROCUREMENT OF SUBS
  31:../Dave/Generated/CLOCK_XMC4/clock_xmc4.c ****  * SERVICES; LOSS OF USE, DATA, OR PROFITS; OR BUSINESS INTERRUPTION) HOWEVER CAUSED AND ON ANY THE
  32:../Dave/Generated/CLOCK_XMC4/clock_xmc4.c ****  * WHETHER IN CONTRACT, STRICT LIABILITY,OR TORT (INCLUDING NEGLIGENCE OR OTHERWISE) ARISING IN ANY
  33:../Dave/Generated/CLOCK_XMC4/clock_xmc4.c ****  * USE OF THIS SOFTWARE, EVEN IF ADVISED OF THE POSSIBILITY OF SUCH DAMAGE.    
  34:../Dave/Generated/CLOCK_XMC4/clock_xmc4.c ****  *                                                                              
  35:../Dave/Generated/CLOCK_XMC4/clock_xmc4.c ****  * To improve the quality of the software, users are encouraged to share modifications, enhancement
  36:../Dave/Generated/CLOCK_XMC4/clock_xmc4.c ****  * with Infineon Technologies AG (dave@infineon.com).        
  37:../Dave/Generated/CLOCK_XMC4/clock_xmc4.c ****  **************************************************************************************************
  38:../Dave/Generated/CLOCK_XMC4/clock_xmc4.c ****  *
  39:../Dave/Generated/CLOCK_XMC4/clock_xmc4.c ****  * Change History
  40:../Dave/Generated/CLOCK_XMC4/clock_xmc4.c ****  * --------------
  41:../Dave/Generated/CLOCK_XMC4/clock_xmc4.c ****  * 2015-02-16:
  42:../Dave/Generated/CLOCK_XMC4/clock_xmc4.c ****  *     - Initial version for DAVEv4. <BR>
  43:../Dave/Generated/CLOCK_XMC4/clock_xmc4.c ****  * 2015-05-08:
  44:../Dave/Generated/CLOCK_XMC4/clock_xmc4.c ****  *     - Typo mistake corrected in _GetAppVersion(). <BR>
  45:../Dave/Generated/CLOCK_XMC4/clock_xmc4.c ****  * 2015-09-22:
  46:../Dave/Generated/CLOCK_XMC4/clock_xmc4.c ****  *     - CLOCK_XMC4_Init and CLOCK_XMC4_StepSystemPllFrequency() APIs are provided. <BR>
  47:../Dave/Generated/CLOCK_XMC4/clock_xmc4.c ****  * 2015-11-20:
  48:../Dave/Generated/CLOCK_XMC4/clock_xmc4.c ****  *     - XMC_ASSERT is added for debugging purpose. <BR>
  49:../Dave/Generated/CLOCK_XMC4/clock_xmc4.c ****  * 2015-12-20:
  50:../Dave/Generated/CLOCK_XMC4/clock_xmc4.c ****  *     - Comments are improved. <BR>
  51:../Dave/Generated/CLOCK_XMC4/clock_xmc4.c ****  * 2015-12-24:
  52:../Dave/Generated/CLOCK_XMC4/clock_xmc4.c ****  *     - TRAP event settings are moved to SystemCoreClockSetup API from CLOCK_XMC4_Init. <BR>
  53:../Dave/Generated/CLOCK_XMC4/clock_xmc4.c ****  *     - Code size is improved. <BR>
  54:../Dave/Generated/CLOCK_XMC4/clock_xmc4.c ****  *     - OSCHP_GetFrequency API is made to available to user only when high precision oscillator is
  55:../Dave/Generated/CLOCK_XMC4/clock_xmc4.c ****  * 2016-07-08:
  56:../Dave/Generated/CLOCK_XMC4/clock_xmc4.c ****  *     - Fixed incorrect case for an included header.<br>
  57:../Dave/Generated/CLOCK_XMC4/clock_xmc4.c ****  *
  58:../Dave/Generated/CLOCK_XMC4/clock_xmc4.c ****  * @endcond 
  59:../Dave/Generated/CLOCK_XMC4/clock_xmc4.c ****  *
  60:../Dave/Generated/CLOCK_XMC4/clock_xmc4.c ****  */
  61:../Dave/Generated/CLOCK_XMC4/clock_xmc4.c **** 
  62:../Dave/Generated/CLOCK_XMC4/clock_xmc4.c **** /**************************************************************************************************
  63:../Dave/Generated/CLOCK_XMC4/clock_xmc4.c ****  * HEADER FILES                                                                                    
  64:../Dave/Generated/CLOCK_XMC4/clock_xmc4.c ****  **************************************************************************************************
  65:../Dave/Generated/CLOCK_XMC4/clock_xmc4.c **** #include "clock_xmc4.h"
  66:../Dave/Generated/CLOCK_XMC4/clock_xmc4.c **** 
  67:../Dave/Generated/CLOCK_XMC4/clock_xmc4.c **** /**************************************************************************************************
  68:../Dave/Generated/CLOCK_XMC4/clock_xmc4.c ****  * MACROS
  69:../Dave/Generated/CLOCK_XMC4/clock_xmc4.c ****  **************************************************************************************************
  70:../Dave/Generated/CLOCK_XMC4/clock_xmc4.c **** 
  71:../Dave/Generated/CLOCK_XMC4/clock_xmc4.c **** /**************************************************************************************************
  72:../Dave/Generated/CLOCK_XMC4/clock_xmc4.c ****  * LOCAL DATA
  73:../Dave/Generated/CLOCK_XMC4/clock_xmc4.c ****  **************************************************************************************************
  74:../Dave/Generated/CLOCK_XMC4/clock_xmc4.c **** 
  75:../Dave/Generated/CLOCK_XMC4/clock_xmc4.c **** /**************************************************************************************************
  76:../Dave/Generated/CLOCK_XMC4/clock_xmc4.c ****  * LOCAL ROUTINES
  77:../Dave/Generated/CLOCK_XMC4/clock_xmc4.c ****  **************************************************************************************************
  78:../Dave/Generated/CLOCK_XMC4/clock_xmc4.c **** 
  79:../Dave/Generated/CLOCK_XMC4/clock_xmc4.c **** /**************************************************************************************************
  80:../Dave/Generated/CLOCK_XMC4/clock_xmc4.c **** * API IMPLEMENTATION
  81:../Dave/Generated/CLOCK_XMC4/clock_xmc4.c **** ***************************************************************************************************
  82:../Dave/Generated/CLOCK_XMC4/clock_xmc4.c **** /*  API to retrieve version of the APP */
  83:../Dave/Generated/CLOCK_XMC4/clock_xmc4.c **** DAVE_APP_VERSION_t CLOCK_XMC4_GetAppVersion(void)
  84:../Dave/Generated/CLOCK_XMC4/clock_xmc4.c **** {
  28              	 .loc 1 84 0
  29              	 .cfi_startproc
  30              	 
  31              	 
  32              	 
  33 0000 80B4     	 push {r7}
  34              	 .cfi_def_cfa_offset 4
  35              	 .cfi_offset 7,-4
  36 0002 83B0     	 sub sp,sp,#12
  37              	 .cfi_def_cfa_offset 16
  38 0004 00AF     	 add r7,sp,#0
  39              	 .cfi_def_cfa_register 7
  85:../Dave/Generated/CLOCK_XMC4/clock_xmc4.c ****   DAVE_APP_VERSION_t version;
  86:../Dave/Generated/CLOCK_XMC4/clock_xmc4.c ****   version.major = (uint8_t)CLOCK_XMC4_MAJOR_VERSION;
  40              	 .loc 1 86 0
  41 0006 0423     	 movs r3,#4
  42 0008 3B70     	 strb r3,[r7]
  87:../Dave/Generated/CLOCK_XMC4/clock_xmc4.c ****   version.minor = (uint8_t)CLOCK_XMC4_MINOR_VERSION;
  43              	 .loc 1 87 0
  44 000a 0023     	 movs r3,#0
  45 000c 7B70     	 strb r3,[r7,#1]
  88:../Dave/Generated/CLOCK_XMC4/clock_xmc4.c ****   version.patch = (uint8_t)CLOCK_XMC4_PATCH_VERSION;
  46              	 .loc 1 88 0
  47 000e 1623     	 movs r3,#22
  48 0010 BB70     	 strb r3,[r7,#2]
  89:../Dave/Generated/CLOCK_XMC4/clock_xmc4.c **** 
  90:../Dave/Generated/CLOCK_XMC4/clock_xmc4.c ****   return (version);
  49              	 .loc 1 90 0
  50 0012 3B1D     	 adds r3,r7,#4
  51 0014 3A46     	 mov r2,r7
  52 0016 1268     	 ldr r2,[r2]
  53 0018 1146     	 mov r1,r2
  54 001a 1980     	 strh r1,[r3]
  55 001c 0233     	 adds r3,r3,#2
  56 001e 120C     	 lsrs r2,r2,#16
  57 0020 1A70     	 strb r2,[r3]
  58 0022 0023     	 movs r3,#0
  59 0024 3A79     	 ldrb r2,[r7,#4]
  60 0026 62F30703 	 bfi r3,r2,#0,#8
  61 002a 7A79     	 ldrb r2,[r7,#5]
  62 002c 62F30F23 	 bfi r3,r2,#8,#8
  63 0030 BA79     	 ldrb r2,[r7,#6]
  64 0032 62F31743 	 bfi r3,r2,#16,#8
  91:../Dave/Generated/CLOCK_XMC4/clock_xmc4.c **** }
  65              	 .loc 1 91 0
  66 0036 1846     	 mov r0,r3
  67 0038 0C37     	 adds r7,r7,#12
  68              	 .cfi_def_cfa_offset 4
  69 003a BD46     	 mov sp,r7
  70              	 .cfi_def_cfa_register 13
  71              	 
  72 003c 5DF8047B 	 ldr r7,[sp],#4
  73              	 .cfi_restore 7
  74              	 .cfi_def_cfa_offset 0
  75 0040 7047     	 bx lr
  76              	 .cfi_endproc
  77              	.LFE185:
  79 0042 00BF     	 .section .text.CLOCK_XMC4_Init,"ax",%progbits
  80              	 .align 2
  81              	 .global CLOCK_XMC4_Init
  82              	 .thumb
  83              	 .thumb_func
  85              	CLOCK_XMC4_Init:
  86              	.LFB186:
  92:../Dave/Generated/CLOCK_XMC4/clock_xmc4.c **** 
  93:../Dave/Generated/CLOCK_XMC4/clock_xmc4.c **** /*
  94:../Dave/Generated/CLOCK_XMC4/clock_xmc4.c ****  * API to initialize the CLOCK_XMC4 APP TRAP events
  95:../Dave/Generated/CLOCK_XMC4/clock_xmc4.c ****  */
  96:../Dave/Generated/CLOCK_XMC4/clock_xmc4.c **** CLOCK_XMC4_STATUS_t CLOCK_XMC4_Init(CLOCK_XMC4_t *handle)
  97:../Dave/Generated/CLOCK_XMC4/clock_xmc4.c **** {
  87              	 .loc 1 97 0
  88              	 .cfi_startproc
  89              	 
  90              	 
  91              	 
  92 0000 80B4     	 push {r7}
  93              	 .cfi_def_cfa_offset 4
  94              	 .cfi_offset 7,-4
  95 0002 85B0     	 sub sp,sp,#20
  96              	 .cfi_def_cfa_offset 24
  97 0004 00AF     	 add r7,sp,#0
  98              	 .cfi_def_cfa_register 7
  99 0006 7860     	 str r0,[r7,#4]
  98:../Dave/Generated/CLOCK_XMC4/clock_xmc4.c ****   CLOCK_XMC4_STATUS_t status = CLOCK_XMC4_STATUS_SUCCESS;
 100              	 .loc 1 98 0
 101 0008 0023     	 movs r3,#0
 102 000a FB73     	 strb r3,[r7,#15]
  99:../Dave/Generated/CLOCK_XMC4/clock_xmc4.c **** 
 100:../Dave/Generated/CLOCK_XMC4/clock_xmc4.c ****   XMC_ASSERT("CLOCK_XMC4 APP handle function pointer uninitialized", (handle != NULL));
 101:../Dave/Generated/CLOCK_XMC4/clock_xmc4.c **** 
 102:../Dave/Generated/CLOCK_XMC4/clock_xmc4.c ****   handle->init_status = true;
 103              	 .loc 1 102 0
 104 000c 7B68     	 ldr r3,[r7,#4]
 105 000e 0122     	 movs r2,#1
 106 0010 1A70     	 strb r2,[r3]
 103:../Dave/Generated/CLOCK_XMC4/clock_xmc4.c **** 
 104:../Dave/Generated/CLOCK_XMC4/clock_xmc4.c ****   return (status);
 107              	 .loc 1 104 0
 108 0012 FB7B     	 ldrb r3,[r7,#15]
 105:../Dave/Generated/CLOCK_XMC4/clock_xmc4.c **** }
 109              	 .loc 1 105 0
 110 0014 1846     	 mov r0,r3
 111 0016 1437     	 adds r7,r7,#20
 112              	 .cfi_def_cfa_offset 4
 113 0018 BD46     	 mov sp,r7
 114              	 .cfi_def_cfa_register 13
 115              	 
 116 001a 5DF8047B 	 ldr r7,[sp],#4
 117              	 .cfi_restore 7
 118              	 .cfi_def_cfa_offset 0
 119 001e 7047     	 bx lr
 120              	 .cfi_endproc
 121              	.LFE186:
 123              	 .section .text.OSCHP_GetFrequency,"ax",%progbits
 124              	 .align 2
 125              	 .global OSCHP_GetFrequency
 126              	 .thumb
 127              	 .thumb_func
 129              	OSCHP_GetFrequency:
 130              	.LFB187:
 106:../Dave/Generated/CLOCK_XMC4/clock_xmc4.c **** 
 107:../Dave/Generated/CLOCK_XMC4/clock_xmc4.c **** #ifdef CLOCK_XMC4_OSCHP_ENABLED
 108:../Dave/Generated/CLOCK_XMC4/clock_xmc4.c **** /*  API to retrieve high precision external oscillator frequency */
 109:../Dave/Generated/CLOCK_XMC4/clock_xmc4.c **** uint32_t OSCHP_GetFrequency(void)
 110:../Dave/Generated/CLOCK_XMC4/clock_xmc4.c **** {
 131              	 .loc 1 110 0
 132              	 .cfi_startproc
 133              	 
 134              	 
 135              	 
 136 0000 80B4     	 push {r7}
 137              	 .cfi_def_cfa_offset 4
 138              	 .cfi_offset 7,-4
 139 0002 00AF     	 add r7,sp,#0
 140              	 .cfi_def_cfa_register 7
 111:../Dave/Generated/CLOCK_XMC4/clock_xmc4.c ****   return (CLOCK_XMC4_OSCHP_FREQUENCY);
 141              	 .loc 1 111 0
 142 0004 024B     	 ldr r3,.L7
 112:../Dave/Generated/CLOCK_XMC4/clock_xmc4.c **** }
 143              	 .loc 1 112 0
 144 0006 1846     	 mov r0,r3
 145 0008 BD46     	 mov sp,r7
 146              	 .cfi_def_cfa_register 13
 147              	 
 148 000a 5DF8047B 	 ldr r7,[sp],#4
 149              	 .cfi_restore 7
 150              	 .cfi_def_cfa_offset 0
 151 000e 7047     	 bx lr
 152              	.L8:
 153              	 .align 2
 154              	.L7:
 155 0010 001BB700 	 .word 12000000
 156              	 .cfi_endproc
 157              	.LFE187:
 159              	 .section .text.CLOCK_XMC4_StepSystemPllFrequency,"ax",%progbits
 160              	 .align 2
 161              	 .global CLOCK_XMC4_StepSystemPllFrequency
 162              	 .thumb
 163              	 .thumb_func
 165              	CLOCK_XMC4_StepSystemPllFrequency:
 166              	.LFB188:
 113:../Dave/Generated/CLOCK_XMC4/clock_xmc4.c **** #endif
 114:../Dave/Generated/CLOCK_XMC4/clock_xmc4.c **** 
 115:../Dave/Generated/CLOCK_XMC4/clock_xmc4.c **** /*  API for ramping down the system PLL clock frequency */
 116:../Dave/Generated/CLOCK_XMC4/clock_xmc4.c **** void CLOCK_XMC4_StepSystemPllFrequency(uint32_t kdiv)
 117:../Dave/Generated/CLOCK_XMC4/clock_xmc4.c **** {
 167              	 .loc 1 117 0
 168              	 .cfi_startproc
 169              	 
 170              	 
 171 0000 80B5     	 push {r7,lr}
 172              	 .cfi_def_cfa_offset 8
 173              	 .cfi_offset 7,-8
 174              	 .cfi_offset 14,-4
 175 0002 82B0     	 sub sp,sp,#8
 176              	 .cfi_def_cfa_offset 16
 177 0004 00AF     	 add r7,sp,#0
 178              	 .cfi_def_cfa_register 7
 179 0006 7860     	 str r0,[r7,#4]
 118:../Dave/Generated/CLOCK_XMC4/clock_xmc4.c ****   XMC_ASSERT("Incorrect kdiv value", ((kdiv >= 1) && (kdiv >= 128)));
 119:../Dave/Generated/CLOCK_XMC4/clock_xmc4.c ****   XMC_SCU_CLOCK_StepSystemPllFrequency(kdiv);
 180              	 .loc 1 119 0
 181 0008 7868     	 ldr r0,[r7,#4]
 182 000a FFF7FEFF 	 bl XMC_SCU_CLOCK_StepSystemPllFrequency
 120:../Dave/Generated/CLOCK_XMC4/clock_xmc4.c **** }
 183              	 .loc 1 120 0
 184 000e 0837     	 adds r7,r7,#8
 185              	 .cfi_def_cfa_offset 8
 186 0010 BD46     	 mov sp,r7
 187              	 .cfi_def_cfa_register 13
 188              	 
 189 0012 80BD     	 pop {r7,pc}
 190              	 .cfi_endproc
 191              	.LFE188:
 193              	 .text
 194              	.Letext0:
 195              	 .file 2 "c:\\dave\\dave-ide-4.4.2-64bit\\eclipse\\arm-gcc-49\\arm-none-eabi\\include\\machine\\_default_types.h"
 196              	 .file 3 "c:\\dave\\dave-ide-4.4.2-64bit\\eclipse\\arm-gcc-49\\arm-none-eabi\\include\\stdint.h"
 197              	 .file 4 "C:/Users/Yoshi/Documents/GitHub/Software/01_jrg/04_CANModule/CAN_Modul_keckvale_AH/Dave/Generated/DAVE_Common.h"
 198              	 .file 5 "../Dave/Generated/CLOCK_XMC4/clock_xmc4.h"
 199              	 .file 6 "C:/Users/Yoshi/Documents/GitHub/Software/01_jrg/04_CANModule/CAN_Modul_keckvale_AH/Libraries/CMSIS/Include/cmsis_gcc.h"
 200              	 .file 7 "C:/Users/Yoshi/Documents/GitHub/Software/01_jrg/04_CANModule/CAN_Modul_keckvale_AH/Libraries/CMSIS/Include/core_cm4.h"
 201              	 .file 8 "C:/Users/Yoshi/Documents/GitHub/Software/01_jrg/04_CANModule/CAN_Modul_keckvale_AH/Libraries/CMSIS/Infineon/XMC4500_series/Include/system_XMC4500.h"
DEFINED SYMBOLS
                            *ABS*:00000000 clock_xmc4.c
    {standard input}:20     .text.CLOCK_XMC4_GetAppVersion:00000000 $t
    {standard input}:25     .text.CLOCK_XMC4_GetAppVersion:00000000 CLOCK_XMC4_GetAppVersion
    {standard input}:80     .text.CLOCK_XMC4_Init:00000000 $t
    {standard input}:85     .text.CLOCK_XMC4_Init:00000000 CLOCK_XMC4_Init
    {standard input}:124    .text.OSCHP_GetFrequency:00000000 $t
    {standard input}:129    .text.OSCHP_GetFrequency:00000000 OSCHP_GetFrequency
    {standard input}:155    .text.OSCHP_GetFrequency:00000010 $d
    {standard input}:160    .text.CLOCK_XMC4_StepSystemPllFrequency:00000000 $t
    {standard input}:165    .text.CLOCK_XMC4_StepSystemPllFrequency:00000000 CLOCK_XMC4_StepSystemPllFrequency
                     .debug_frame:00000010 $d

UNDEFINED SYMBOLS
XMC_SCU_CLOCK_StepSystemPllFrequency
