   1              	 .syntax unified
   2              	 .cpu cortex-m4
   3              	 .eabi_attribute 27,3
   4              	 .fpu fpv4-sp-d16
   5              	 .eabi_attribute 20,1
   6              	 .eabi_attribute 21,1
   7              	 .eabi_attribute 23,3
   8              	 .eabi_attribute 24,1
   9              	 .eabi_attribute 25,1
  10              	 .eabi_attribute 26,1
  11              	 .eabi_attribute 30,4
  12              	 .eabi_attribute 34,1
  13              	 .eabi_attribute 18,4
  14              	 .thumb
  15              	 .file "xmc_eth_mac.c"
  16              	 .section .text.XMC_ETH_MAC_InitRxDescriptors,"ax",%progbits
  17              	 .align 1
  18              	 .global XMC_ETH_MAC_InitRxDescriptors
  19              	 .thumb
  20              	 .thumb_func
  22              	XMC_ETH_MAC_InitRxDescriptors:
  23              	 
  24              	 
  25 0000 30B5     	 push {r4,r5,lr}
  26 0002 0023     	 movs r3,#0
  27              	.L2:
  28 0004 90F82420 	 ldrb r2,[r0,#36]
  29 0008 9342     	 cmp r3,r2
  30 000a 0269     	 ldr r2,[r0,#16]
  31 000c 18D2     	 bcs .L7
  32 000e 5C01     	 lsls r4,r3,#5
  33 0010 1119     	 adds r1,r2,r4
  34 0012 4FF00045 	 mov r5,#-2147483648
  35 0016 1551     	 str r5,[r2,r4]
  36 0018 8569     	 ldr r5,[r0,#24]
  37 001a 44F2F454 	 movw r4,#17908
  38 001e 4C60     	 str r4,[r1,#4]
  39 0020 40F2F454 	 movw r4,#1524
  40 0024 04FB0354 	 mla r4,r4,r3,r5
  41 0028 8C60     	 str r4,[r1,#8]
  42 002a 90F82440 	 ldrb r4,[r0,#36]
  43 002e 0133     	 adds r3,r3,#1
  44 0030 A342     	 cmp r3,r4
  45 0032 14BF     	 ite ne
  46 0034 1C46     	 movne r4,r3
  47 0036 0024     	 moveq r4,#0
  48 0038 02EB4412 	 add r2,r2,r4,lsl#5
  49 003c CA60     	 str r2,[r1,#12]
  50 003e E1E7     	 b .L2
  51              	.L7:
  52 0040 41F20C03 	 movw r3,#4108
  53 0044 0168     	 ldr r1,[r0]
  54 0046 CA50     	 str r2,[r1,r3]
  55 0048 0023     	 movs r3,#0
  56 004a 80F82730 	 strb r3,[r0,#39]
  57 004e 30BD     	 pop {r4,r5,pc}
  59              	 .section .text.XMC_ETH_MAC_InitTxDescriptors,"ax",%progbits
  60              	 .align 1
  61              	 .global XMC_ETH_MAC_InitTxDescriptors
  62              	 .thumb
  63              	 .thumb_func
  65              	XMC_ETH_MAC_InitTxDescriptors:
  66              	 
  67              	 
  68 0000 30B5     	 push {r4,r5,lr}
  69 0002 0023     	 movs r3,#0
  70              	.L9:
  71 0004 90F82520 	 ldrb r2,[r0,#37]
  72 0008 9342     	 cmp r3,r2
  73 000a 4269     	 ldr r2,[r0,#20]
  74 000c 14D2     	 bcs .L13
  75 000e 5901     	 lsls r1,r3,#5
  76 0010 0D4D     	 ldr r5,.L14
  77 0012 5550     	 str r5,[r2,r1]
  78 0014 C569     	 ldr r5,[r0,#28]
  79 0016 5418     	 adds r4,r2,r1
  80 0018 40F2F451 	 movw r1,#1524
  81 001c 01FB0351 	 mla r1,r1,r3,r5
  82 0020 A160     	 str r1,[r4,#8]
  83 0022 90F82510 	 ldrb r1,[r0,#37]
  84 0026 0133     	 adds r3,r3,#1
  85 0028 8B42     	 cmp r3,r1
  86 002a 14BF     	 ite ne
  87 002c 1946     	 movne r1,r3
  88 002e 0021     	 moveq r1,#0
  89 0030 02EB4112 	 add r2,r2,r1,lsl#5
  90 0034 E260     	 str r2,[r4,#12]
  91 0036 E5E7     	 b .L9
  92              	.L13:
  93 0038 41F21003 	 movw r3,#4112
  94 003c 0168     	 ldr r1,[r0]
  95 003e CA50     	 str r2,[r1,r3]
  96 0040 0023     	 movs r3,#0
  97 0042 80F82630 	 strb r3,[r0,#38]
  98 0046 30BD     	 pop {r4,r5,pc}
  99              	.L15:
 100              	 .align 2
 101              	.L14:
 102 0048 00001030 	 .word 806354944
 104              	 .section .text.XMC_ETH_MAC_InitEx,"ax",%progbits
 105              	 .align 1
 106              	 .global XMC_ETH_MAC_InitEx
 107              	 .thumb
 108              	 .thumb_func
 110              	XMC_ETH_MAC_InitEx:
 111              	 
 112              	 
 113 0000 0268     	 ldr r2,[r0]
 114 0002 38B5     	 push {r3,r4,r5,lr}
 115 0004 02F58053 	 add r3,r2,#4096
 116 0008 0446     	 mov r4,r0
 117 000a 1968     	 ldr r1,[r3]
 118 000c 41F00101 	 orr r1,r1,#1
 119 0010 1960     	 str r1,[r3]
 120              	.L17:
 121 0012 1968     	 ldr r1,[r3]
 122 0014 11F00105 	 ands r5,r1,#1
 123 0018 FBD1     	 bne .L17
 124 001a 4FF48061 	 mov r1,#1024
 125 001e 1160     	 str r1,[r2]
 126 0020 8021     	 movs r1,#128
 127 0022 9161     	 str r1,[r2,#24]
 128 0024 41F21801 	 movw r1,#4120
 129 0028 0F48     	 ldr r0,.L19
 130 002a 5050     	 str r0,[r2,r1]
 131 002c 0F4A     	 ldr r2,.L19+4
 132 002e 1A60     	 str r2,[r3]
 133 0030 2046     	 mov r0,r4
 134 0032 FFF7FEFF 	 bl XMC_ETH_MAC_InitRxDescriptors
 135 0036 2046     	 mov r0,r4
 136 0038 FFF7FEFF 	 bl XMC_ETH_MAC_InitTxDescriptors
 137 003c 2368     	 ldr r3,[r4]
 138 003e 41F21402 	 movw r2,#4116
 139 0042 4FF0FF31 	 mov r1,#-1
 140 0046 9950     	 str r1,[r3,r2]
 141 0048 6FF07C42 	 mvn r2,#-67108864
 142 004c C3F81021 	 str r2,[r3,#272]
 143 0050 C3F80C21 	 str r2,[r3,#268]
 144 0054 6FF0C022 	 mvn r2,#-1073692672
 145 0058 C3F80022 	 str r2,[r3,#512]
 146 005c 4FF40272 	 mov r2,#520
 147 0060 DA63     	 str r2,[r3,#60]
 148 0062 2562     	 str r5,[r4,#32]
 149 0064 38BD     	 pop {r3,r4,r5,pc}
 150              	.L20:
 151 0066 00BF     	 .align 2
 152              	.L19:
 153 0068 04002002 	 .word 35651588
 154 006c 80200102 	 .word 33628288
 156              	 .section .text.XMC_ETH_MAC_SetAddressEx,"ax",%progbits
 157              	 .align 1
 158              	 .global XMC_ETH_MAC_SetAddressEx
 159              	 .thumb
 160              	 .thumb_func
 162              	XMC_ETH_MAC_SetAddressEx:
 163              	 
 164              	 
 165              	 
 166 0000 4A79     	 ldrb r2,[r1,#5]
 167 0002 0B79     	 ldrb r3,[r1,#4]
 168 0004 0068     	 ldr r0,[r0]
 169 0006 43EA0223 	 orr r3,r3,r2,lsl#8
 170 000a 0364     	 str r3,[r0,#64]
 171 000c 8B78     	 ldrb r3,[r1,#2]
 172 000e 4A78     	 ldrb r2,[r1,#1]
 173 0010 1B04     	 lsls r3,r3,#16
 174 0012 43EA0223 	 orr r3,r3,r2,lsl#8
 175 0016 0A78     	 ldrb r2,[r1]
 176 0018 1343     	 orrs r3,r3,r2
 177 001a CA78     	 ldrb r2,[r1,#3]
 178 001c 43EA0263 	 orr r3,r3,r2,lsl#24
 179 0020 4364     	 str r3,[r0,#68]
 180 0022 7047     	 bx lr
 182              	 .section .text.XMC_ETH_MAC_GetAddressEx,"ax",%progbits
 183              	 .align 1
 184              	 .global XMC_ETH_MAC_GetAddressEx
 185              	 .thumb
 186              	 .thumb_func
 188              	XMC_ETH_MAC_GetAddressEx:
 189              	 
 190              	 
 191              	 
 192 0000 0268     	 ldr r2,[r0]
 193 0002 536C     	 ldr r3,[r2,#68]
 194 0004 126C     	 ldr r2,[r2,#64]
 195 0006 0A71     	 strb r2,[r1,#4]
 196 0008 180A     	 lsrs r0,r3,#8
 197 000a 0B70     	 strb r3,[r1]
 198 000c 4870     	 strb r0,[r1,#1]
 199 000e 120A     	 lsrs r2,r2,#8
 200 0010 180C     	 lsrs r0,r3,#16
 201 0012 1B0E     	 lsrs r3,r3,#24
 202 0014 8870     	 strb r0,[r1,#2]
 203 0016 CB70     	 strb r3,[r1,#3]
 204 0018 4A71     	 strb r2,[r1,#5]
 205 001a 7047     	 bx lr
 207              	 .section .text.XMC_ETH_MAC_SetAddressPerfectFilter,"ax",%progbits
 208              	 .align 1
 209              	 .global XMC_ETH_MAC_SetAddressPerfectFilter
 210              	 .thumb
 211              	 .thumb_func
 213              	XMC_ETH_MAC_SetAddressPerfectFilter:
 214              	 
 215              	 
 216 0000 30B5     	 push {r4,r5,lr}
 217 0002 0068     	 ldr r0,[r0]
 218 0004 039D     	 ldr r5,[sp,#12]
 219 0006 8C00     	 lsls r4,r1,#2
 220 0008 4030     	 adds r0,r0,#64
 221 000a 0434     	 adds r4,r4,#4
 222 000c 2B43     	 orrs r3,r3,r5
 223 000e 40F82130 	 str r3,[r0,r1,lsl#2]
 224 0012 0251     	 str r2,[r0,r4]
 225 0014 30BD     	 pop {r4,r5,pc}
 227              	 .section .text.XMC_ETH_MAC_SetAddressPerfectFilterEx,"ax",%progbits
 228              	 .align 1
 229              	 .global XMC_ETH_MAC_SetAddressPerfectFilterEx
 230              	 .thumb
 231              	 .thumb_func
 233              	XMC_ETH_MAC_SetAddressPerfectFilterEx:
 234              	 
 235              	 
 236 0000 70B5     	 push {r4,r5,r6,lr}
 237 0002 0468     	 ldr r4,[r0]
 238 0004 5679     	 ldrb r6,[r2,#5]
 239 0006 1079     	 ldrb r0,[r2,#4]
 240 0008 4034     	 adds r4,r4,#64
 241 000a 40EA0620 	 orr r0,r0,r6,lsl#8
 242 000e 0343     	 orrs r3,r3,r0
 243 0010 44F82130 	 str r3,[r4,r1,lsl#2]
 244 0014 9378     	 ldrb r3,[r2,#2]
 245 0016 8D00     	 lsls r5,r1,#2
 246 0018 5178     	 ldrb r1,[r2,#1]
 247 001a 1B04     	 lsls r3,r3,#16
 248 001c 43EA0123 	 orr r3,r3,r1,lsl#8
 249 0020 1178     	 ldrb r1,[r2]
 250 0022 D278     	 ldrb r2,[r2,#3]
 251 0024 0435     	 adds r5,r5,#4
 252 0026 0B43     	 orrs r3,r3,r1
 253 0028 43EA0263 	 orr r3,r3,r2,lsl#24
 254 002c 6351     	 str r3,[r4,r5]
 255 002e 70BD     	 pop {r4,r5,r6,pc}
 257              	 .section .text.XMC_ETH_MAC_SetAddressHashFilter,"ax",%progbits
 258              	 .align 1
 259              	 .global XMC_ETH_MAC_SetAddressHashFilter
 260              	 .thumb
 261              	 .thumb_func
 263              	XMC_ETH_MAC_SetAddressHashFilter:
 264              	 
 265              	 
 266              	 
 267 0000 0168     	 ldr r1,[r0]
 268 0002 8B60     	 str r3,[r1,#8]
 269 0004 CA60     	 str r2,[r1,#12]
 270 0006 7047     	 bx lr
 272              	 .section .text.XMC_ETH_MAC_SendFrame,"ax",%progbits
 273              	 .align 1
 274              	 .global XMC_ETH_MAC_SendFrame
 275              	 .thumb
 276              	 .thumb_func
 278              	XMC_ETH_MAC_SendFrame:
 279              	 
 280              	 
 281 0000 F8B5     	 push {r3,r4,r5,r6,r7,lr}
 282 0002 90F82660 	 ldrb r6,[r0,#38]
 283 0006 056A     	 ldr r5,[r0,#32]
 284 0008 7601     	 lsls r6,r6,#5
 285 000a 1F46     	 mov r7,r3
 286 000c 4369     	 ldr r3,[r0,#20]
 287 000e 0446     	 mov r4,r0
 288 0010 9819     	 adds r0,r3,r6
 289 0012 9B59     	 ldr r3,[r3,r6]
 290 0014 002B     	 cmp r3,#0
 291 0016 0CDA     	 bge .L27
 292 0018 2368     	 ldr r3,[r4]
 293 001a 41F21402 	 movw r2,#4116
 294 001e 9958     	 ldr r1,[r3,r2]
 295 0020 4907     	 lsls r1,r1,#29
 296 0022 46D5     	 bpl .L36
 297 0024 0421     	 movs r1,#4
 298 0026 9950     	 str r1,[r3,r2]
 299 0028 41F20402 	 movw r2,#4100
 300 002c 0021     	 movs r1,#0
 301 002e 9950     	 str r1,[r3,r2]
 302 0030 3FE0     	 b .L36
 303              	.L27:
 304 0032 15B9     	 cbnz r5,.L29
 305 0034 8568     	 ldr r5,[r0,#8]
 306 0036 4260     	 str r2,[r0,#4]
 307 0038 02E0     	 b .L30
 308              	.L29:
 309 003a 4368     	 ldr r3,[r0,#4]
 310 003c 1344     	 add r3,r3,r2
 311 003e 4360     	 str r3,[r0,#4]
 312              	.L30:
 313 0040 2846     	 mov r0,r5
 314 0042 FFF7FEFF 	 bl memcpy
 315 0046 FB07     	 lsls r3,r7,#31
 316 0048 01D5     	 bpl .L31
 317 004a 2562     	 str r5,[r4,#32]
 318 004c 2FE0     	 b .L40
 319              	.L31:
 320 004e 94F82600 	 ldrb r0,[r4,#38]
 321 0052 6169     	 ldr r1,[r4,#20]
 322 0054 4301     	 lsls r3,r0,#5
 323 0056 BE07     	 lsls r6,r7,#30
 324 0058 CA58     	 ldr r2,[r1,r3]
 325 005a 84F82800 	 strb r0,[r4,#40]
 326 005e 22F08442 	 bic r2,r2,#1107296256
 327 0062 46BF     	 itte mi
 328 0064 42F08142 	 orrmi r2,r2,#1082130432
 329 0068 42F48002 	 orrmi r2,r2,#4194304
 330 006c 42F44002 	 orrpl r2,r2,#12582912
 331 0070 7D07     	 lsls r5,r7,#29
 332 0072 48BF     	 it mi
 333 0074 42F00072 	 orrmi r2,r2,#33554432
 334 0078 42F00042 	 orr r2,r2,#-2147483648
 335 007c CA50     	 str r2,[r1,r3]
 336 007e 94F82630 	 ldrb r3,[r4,#38]
 337 0082 94F82520 	 ldrb r2,[r4,#37]
 338 0086 0133     	 adds r3,r3,#1
 339 0088 DBB2     	 uxtb r3,r3
 340 008a 9A42     	 cmp r2,r3
 341 008c 41F21401 	 movw r1,#4116
 342 0090 2268     	 ldr r2,[r4]
 343 0092 84F82630 	 strb r3,[r4,#38]
 344 0096 4FF00200 	 mov r0,#2
 345 009a 4FF00003 	 mov r3,#0
 346 009e 08BF     	 it eq
 347 00a0 84F82630 	 strbeq r3,[r4,#38]
 348 00a4 2362     	 str r3,[r4,#32]
 349 00a6 5050     	 str r0,[r2,r1]
 350 00a8 41F20401 	 movw r1,#4100
 351 00ac 5350     	 str r3,[r2,r1]
 352              	.L40:
 353 00ae 0020     	 movs r0,#0
 354 00b0 F8BD     	 pop {r3,r4,r5,r6,r7,pc}
 355              	.L36:
 356 00b2 0120     	 movs r0,#1
 357 00b4 F8BD     	 pop {r3,r4,r5,r6,r7,pc}
 359              	 .section .text.XMC_ETH_MAC_ReadFrame,"ax",%progbits
 360              	 .align 1
 361              	 .global XMC_ETH_MAC_ReadFrame
 362              	 .thumb
 363              	 .thumb_func
 365              	XMC_ETH_MAC_ReadFrame:
 366              	 
 367              	 
 368 0000 38B5     	 push {r3,r4,r5,lr}
 369 0002 0446     	 mov r4,r0
 370 0004 90F82700 	 ldrb r0,[r0,#39]
 371 0008 2369     	 ldr r3,[r4,#16]
 372 000a 03EB4013 	 add r3,r3,r0,lsl#5
 373 000e 0846     	 mov r0,r1
 374 0010 9B68     	 ldr r3,[r3,#8]
 375 0012 1946     	 mov r1,r3
 376 0014 1546     	 mov r5,r2
 377 0016 FFF7FEFF 	 bl memcpy
 378 001a 94F82730 	 ldrb r3,[r4,#39]
 379 001e 2269     	 ldr r2,[r4,#16]
 380 0020 5B01     	 lsls r3,r3,#5
 381 0022 4FF00041 	 mov r1,#-2147483648
 382 0026 D150     	 str r1,[r2,r3]
 383 0028 94F82730 	 ldrb r3,[r4,#39]
 384 002c 94F82420 	 ldrb r2,[r4,#36]
 385 0030 0133     	 adds r3,r3,#1
 386 0032 DBB2     	 uxtb r3,r3
 387 0034 9A42     	 cmp r2,r3
 388 0036 84F82730 	 strb r3,[r4,#39]
 389 003a 04BF     	 itt eq
 390 003c 0023     	 moveq r3,#0
 391 003e 84F82730 	 strbeq r3,[r4,#39]
 392 0042 41F21402 	 movw r2,#4116
 393 0046 2368     	 ldr r3,[r4]
 394 0048 9958     	 ldr r1,[r3,r2]
 395 004a 0906     	 lsls r1,r1,#24
 396 004c 41BF     	 itttt mi
 397 004e 8021     	 movmi r1,#128
 398 0050 9950     	 strmi r1,[r3,r2]
 399 0052 41F20802 	 movwmi r2,#4104
 400 0056 0021     	 movmi r1,#0
 401 0058 48BF     	 it mi
 402 005a 9950     	 strmi r1,[r3,r2]
 403 005c 2846     	 mov r0,r5
 404 005e 38BD     	 pop {r3,r4,r5,pc}
 406              	 .section .text.XMC_ETH_MAC_GetRxFrameSize,"ax",%progbits
 407              	 .align 1
 408              	 .global XMC_ETH_MAC_GetRxFrameSize
 409              	 .thumb
 410              	 .thumb_func
 412              	XMC_ETH_MAC_GetRxFrameSize:
 413              	 
 414              	 
 415              	 
 416 0000 90F82730 	 ldrb r3,[r0,#39]
 417 0004 0269     	 ldr r2,[r0,#16]
 418 0006 5B01     	 lsls r3,r3,#5
 419 0008 D058     	 ldr r0,[r2,r3]
 420 000a 0028     	 cmp r0,#0
 421 000c 08DB     	 blt .L49
 422 000e 00F40343 	 and r3,r0,#33536
 423 0012 B3F5407F 	 cmp r3,#768
 424 0016 05D1     	 bne .L50
 425 0018 C0F30D40 	 ubfx r0,r0,#16,#14
 426 001c 0438     	 subs r0,r0,#4
 427 001e 7047     	 bx lr
 428              	.L49:
 429 0020 0020     	 movs r0,#0
 430 0022 7047     	 bx lr
 431              	.L50:
 432 0024 4FF0FF30 	 mov r0,#-1
 433 0028 7047     	 bx lr
 435              	 .section .text.XMC_ETH_MAC_SetManagmentClockDivider,"ax",%progbits
 436              	 .align 1
 437              	 .global XMC_ETH_MAC_SetManagmentClockDivider
 438              	 .thumb
 439              	 .thumb_func
 441              	XMC_ETH_MAC_SetManagmentClockDivider:
 442              	 
 443              	 
 444              	 
 445 0000 154B     	 ldr r3,.L60
 446 0002 1649     	 ldr r1,.L60+4
 447 0004 1A69     	 ldr r2,[r3,#16]
 448 0006 164B     	 ldr r3,.L60+8
 449 0008 1B68     	 ldr r3,[r3]
 450 000a 02F00102 	 and r2,r2,#1
 451 000e 9340     	 lsls r3,r3,r2
 452 0010 5B08     	 lsrs r3,r3,#1
 453 0012 8B42     	 cmp r3,r1
 454 0014 0268     	 ldr r2,[r0]
 455 0016 01D8     	 bhi .L52
 456 0018 0823     	 movs r3,#8
 457 001a 18E0     	 b .L59
 458              	.L52:
 459 001c 1149     	 ldr r1,.L60+12
 460 001e 8B42     	 cmp r3,r1
 461 0020 01D8     	 bhi .L54
 462 0022 0C23     	 movs r3,#12
 463 0024 13E0     	 b .L59
 464              	.L54:
 465 0026 1049     	 ldr r1,.L60+16
 466 0028 8B42     	 cmp r3,r1
 467 002a 02D8     	 bhi .L55
 468 002c 0020     	 movs r0,#0
 469 002e 1061     	 str r0,[r2,#16]
 470 0030 7047     	 bx lr
 471              	.L55:
 472 0032 0E49     	 ldr r1,.L60+20
 473 0034 8B42     	 cmp r3,r1
 474 0036 01D8     	 bhi .L56
 475 0038 0423     	 movs r3,#4
 476 003a 08E0     	 b .L59
 477              	.L56:
 478 003c 0C49     	 ldr r1,.L60+24
 479 003e 8B42     	 cmp r3,r1
 480 0040 01D8     	 bhi .L57
 481 0042 1023     	 movs r3,#16
 482 0044 03E0     	 b .L59
 483              	.L57:
 484 0046 0B49     	 ldr r1,.L60+28
 485 0048 8B42     	 cmp r3,r1
 486 004a 03D8     	 bhi .L58
 487 004c 1423     	 movs r3,#20
 488              	.L59:
 489 004e 1361     	 str r3,[r2,#16]
 490 0050 0020     	 movs r0,#0
 491 0052 7047     	 bx lr
 492              	.L58:
 493 0054 0220     	 movs r0,#2
 494 0056 7047     	 bx lr
 495              	.L61:
 496              	 .align 2
 497              	.L60:
 498 0058 00460050 	 .word 1342195200
 499 005c C00E1602 	 .word 35000000
 500 0060 00000000 	 .word SystemCoreClock
 501 0064 00879303 	 .word 60000000
 502 0068 00E1F505 	 .word 100000000
 503 006c 80D1F008 	 .word 150000000
 504 0070 00C2EB0B 	 .word 200000000
 505 0074 80B2E60E 	 .word 250000000
 507              	 .section .text.XMC_ETH_MAC_Enable,"ax",%progbits
 508              	 .align 1
 509              	 .global XMC_ETH_MAC_Enable
 510              	 .thumb
 511              	 .thumb_func
 513              	XMC_ETH_MAC_Enable:
 514              	 
 515              	 
 516 0000 08B5     	 push {r3,lr}
 517 0002 0420     	 movs r0,#4
 518 0004 FFF7FEFF 	 bl XMC_SCU_CLOCK_EnableClock
 519 0008 0248     	 ldr r0,.L63
 520 000a BDE80840 	 pop {r3,lr}
 521 000e FFF7FEBF 	 b XMC_SCU_RESET_DeassertPeripheralReset
 522              	.L64:
 523 0012 00BF     	 .align 2
 524              	.L63:
 525 0014 04000020 	 .word 536870916
 527              	 .section .text.XMC_ETH_MAC_Init,"ax",%progbits
 528              	 .align 1
 529              	 .global XMC_ETH_MAC_Init
 530              	 .thumb
 531              	 .thumb_func
 533              	XMC_ETH_MAC_Init:
 534              	 
 535              	 
 536 0000 38B5     	 push {r3,r4,r5,lr}
 537 0002 0446     	 mov r4,r0
 538 0004 FFF7FEFF 	 bl XMC_ETH_MAC_Enable
 539 0008 2046     	 mov r0,r4
 540 000a FFF7FEFF 	 bl XMC_ETH_MAC_SetManagmentClockDivider
 541 000e 0546     	 mov r5,r0
 542 0010 2046     	 mov r0,r4
 543 0012 FFF7FEFF 	 bl XMC_ETH_MAC_InitEx
 544 0016 2368     	 ldr r3,[r4]
 545 0018 A268     	 ldr r2,[r4,#8]
 546 001a E168     	 ldr r1,[r4,#12]
 547 001c 1964     	 str r1,[r3,#64]
 548 001e 2846     	 mov r0,r5
 549 0020 5A64     	 str r2,[r3,#68]
 550 0022 38BD     	 pop {r3,r4,r5,pc}
 552              	 .section .text.XMC_ETH_MAC_Disable,"ax",%progbits
 553              	 .align 1
 554              	 .global XMC_ETH_MAC_Disable
 555              	 .thumb
 556              	 .thumb_func
 558              	XMC_ETH_MAC_Disable:
 559              	 
 560              	 
 561 0000 08B5     	 push {r3,lr}
 562 0002 0448     	 ldr r0,.L67
 563 0004 FFF7FEFF 	 bl XMC_SCU_RESET_AssertPeripheralReset
 564 0008 0420     	 movs r0,#4
 565 000a BDE80840 	 pop {r3,lr}
 566 000e FFF7FEBF 	 b XMC_SCU_CLOCK_DisableClock
 567              	.L68:
 568 0012 00BF     	 .align 2
 569              	.L67:
 570 0014 04000020 	 .word 536870916
 572              	 .section .text.XMC_ETH_MAC_ReadPhy,"ax",%progbits
 573              	 .align 1
 574              	 .global XMC_ETH_MAC_ReadPhy
 575              	 .thumb
 576              	 .thumb_func
 578              	XMC_ETH_MAC_ReadPhy:
 579              	 
 580              	 
 581 0000 10B5     	 push {r4,lr}
 582 0002 0468     	 ldr r4,[r0]
 583 0004 2069     	 ldr r0,[r4,#16]
 584 0006 00F03C00 	 and r0,r0,#60
 585 000a 40F00100 	 orr r0,r0,#1
 586 000e 40EA8212 	 orr r2,r0,r2,lsl#6
 587 0012 42EAC121 	 orr r1,r2,r1,lsl#11
 588 0016 2161     	 str r1,[r4,#16]
 589 0018 4FF6FF72 	 movw r2,#65535
 590              	.L72:
 591 001c 2069     	 ldr r0,[r4,#16]
 592 001e 10F00100 	 ands r0,r0,#1
 593 0022 02D1     	 bne .L70
 594 0024 6269     	 ldr r2,[r4,#20]
 595 0026 1A80     	 strh r2,[r3]
 596 0028 10BD     	 pop {r4,pc}
 597              	.L70:
 598 002a 013A     	 subs r2,r2,#1
 599 002c F6D1     	 bne .L72
 600 002e 0220     	 movs r0,#2
 601 0030 10BD     	 pop {r4,pc}
 603              	 .section .text.XMC_ETH_MAC_WritePhy,"ax",%progbits
 604              	 .align 1
 605              	 .global XMC_ETH_MAC_WritePhy
 606              	 .thumb
 607              	 .thumb_func
 609              	XMC_ETH_MAC_WritePhy:
 610              	 
 611              	 
 612 0000 10B5     	 push {r4,lr}
 613 0002 0468     	 ldr r4,[r0]
 614 0004 6361     	 str r3,[r4,#20]
 615 0006 2369     	 ldr r3,[r4,#16]
 616 0008 03F03C03 	 and r3,r3,#60
 617 000c 43F00303 	 orr r3,r3,#3
 618 0010 43EA8212 	 orr r2,r3,r2,lsl#6
 619 0014 42EAC121 	 orr r1,r2,r1,lsl#11
 620 0018 2161     	 str r1,[r4,#16]
 621 001a 4FF6FF73 	 movw r3,#65535
 622              	.L76:
 623 001e 2069     	 ldr r0,[r4,#16]
 624 0020 10F00100 	 ands r0,r0,#1
 625 0024 02D0     	 beq .L75
 626 0026 013B     	 subs r3,r3,#1
 627 0028 F9D1     	 bne .L76
 628 002a 0220     	 movs r0,#2
 629              	.L75:
 630 002c 10BD     	 pop {r4,pc}
 632              	 .section .text.XMC_ETH_MAC_FlushTx,"ax",%progbits
 633              	 .align 1
 634              	 .global XMC_ETH_MAC_FlushTx
 635              	 .thumb
 636              	 .thumb_func
 638              	XMC_ETH_MAC_FlushTx:
 639              	 
 640              	 
 641 0000 38B5     	 push {r3,r4,r5,lr}
 642 0002 0268     	 ldr r2,[r0]
 643 0004 41F21804 	 movw r4,#4120
 644 0008 0546     	 mov r5,r0
 645 000a 1359     	 ldr r3,[r2,r4]
 646 000c 23F40053 	 bic r3,r3,#8192
 647 0010 1351     	 str r3,[r2,r4]
 648 0012 FFF7FEFF 	 bl XMC_ETH_MAC_InitTxDescriptors
 649 0016 2A68     	 ldr r2,[r5]
 650 0018 1359     	 ldr r3,[r2,r4]
 651 001a 43F40053 	 orr r3,r3,#8192
 652 001e 1351     	 str r3,[r2,r4]
 653 0020 38BD     	 pop {r3,r4,r5,pc}
 655              	 .section .text.XMC_ETH_MAC_FlushRx,"ax",%progbits
 656              	 .align 1
 657              	 .global XMC_ETH_MAC_FlushRx
 658              	 .thumb
 659              	 .thumb_func
 661              	XMC_ETH_MAC_FlushRx:
 662              	 
 663              	 
 664 0000 38B5     	 push {r3,r4,r5,lr}
 665 0002 0268     	 ldr r2,[r0]
 666 0004 41F21804 	 movw r4,#4120
 667 0008 0546     	 mov r5,r0
 668 000a 1359     	 ldr r3,[r2,r4]
 669 000c 23F00203 	 bic r3,r3,#2
 670 0010 1351     	 str r3,[r2,r4]
 671 0012 FFF7FEFF 	 bl XMC_ETH_MAC_InitRxDescriptors
 672 0016 2A68     	 ldr r2,[r5]
 673 0018 1359     	 ldr r3,[r2,r4]
 674 001a 43F00203 	 orr r3,r3,#2
 675 001e 1351     	 str r3,[r2,r4]
 676 0020 38BD     	 pop {r3,r4,r5,pc}
 678              	 .section .text.XMC_ETH_MAC_SetWakeUpFrameFilter,"ax",%progbits
 679              	 .align 1
 680              	 .global XMC_ETH_MAC_SetWakeUpFrameFilter
 681              	 .thumb
 682              	 .thumb_func
 684              	XMC_ETH_MAC_SetWakeUpFrameFilter:
 685              	 
 686              	 
 687              	 
 688 0000 0268     	 ldr r2,[r0]
 689 0002 0B1F     	 subs r3,r1,#4
 690 0004 1C31     	 adds r1,r1,#28
 691              	.L82:
 692 0006 53F8040F 	 ldr r0,[r3,#4]!
 693 000a 9062     	 str r0,[r2,#40]
 694 000c 8B42     	 cmp r3,r1
 695 000e FAD1     	 bne .L82
 696 0010 7047     	 bx lr
 698              	 .section .text.XMC_ETH_MAC_EnableEvent,"ax",%progbits
 699              	 .align 1
 700              	 .global XMC_ETH_MAC_EnableEvent
 701              	 .thumb
 702              	 .thumb_func
 704              	XMC_ETH_MAC_EnableEvent:
 705              	 
 706              	 
 707              	 
 708 0000 0268     	 ldr r2,[r0]
 709 0002 D36B     	 ldr r3,[r2,#60]
 710 0004 44F24500 	 movw r0,#16453
 711 0008 23EA1143 	 bic r3,r3,r1,lsr#16
 712 000c 0840     	 ands r0,r0,r1
 713 000e D363     	 str r3,[r2,#60]
 714 0010 C1F30E03 	 ubfx r3,r1,#0,#15
 715 0014 08B1     	 cbz r0,.L85
 716 0016 43F48033 	 orr r3,r3,#65536
 717              	.L85:
 718 001a 42F2BA71 	 movw r1,#10170
 719 001e 1940     	 ands r1,r1,r3
 720 0020 09B1     	 cbz r1,.L86
 721 0022 43F40043 	 orr r3,r3,#32768
 722              	.L86:
 723 0026 41F21C00 	 movw r0,#4124
 724 002a 1158     	 ldr r1,[r2,r0]
 725 002c 0B43     	 orrs r3,r3,r1
 726 002e 1350     	 str r3,[r2,r0]
 727 0030 7047     	 bx lr
 729              	 .section .text.XMC_ETH_MAC_DisableEvent,"ax",%progbits
 730              	 .align 1
 731              	 .global XMC_ETH_MAC_DisableEvent
 732              	 .thumb
 733              	 .thumb_func
 735              	XMC_ETH_MAC_DisableEvent:
 736              	 
 737              	 
 738              	 
 739 0000 0368     	 ldr r3,[r0]
 740 0002 DA6B     	 ldr r2,[r3,#60]
 741 0004 41F21C00 	 movw r0,#4124
 742 0008 42EA1142 	 orr r2,r2,r1,lsr#16
 743 000c DA63     	 str r2,[r3,#60]
 744 000e 1A58     	 ldr r2,[r3,r0]
 745 0010 C1F30E01 	 ubfx r1,r1,#0,#15
 746 0014 22EA0101 	 bic r1,r2,r1
 747 0018 1950     	 str r1,[r3,r0]
 748 001a 7047     	 bx lr
 750              	 .section .text.XMC_ETH_MAC_ClearEventStatus,"ax",%progbits
 751              	 .align 1
 752              	 .global XMC_ETH_MAC_ClearEventStatus
 753              	 .thumb
 754              	 .thumb_func
 756              	XMC_ETH_MAC_ClearEventStatus:
 757              	 
 758              	 
 759              	 
 760 0000 0268     	 ldr r2,[r0]
 761 0002 41F21403 	 movw r3,#4116
 762 0006 D058     	 ldr r0,[r2,r3]
 763 0008 D358     	 ldr r3,[r2,r3]
 764 000a C003     	 lsls r0,r0,#15
 765 000c 48BF     	 it mi
 766 000e 41F48031 	 orrmi r1,r1,#65536
 767 0012 1B04     	 lsls r3,r3,#16
 768 0014 48BF     	 it mi
 769 0016 41F40041 	 orrmi r1,r1,#32768
 770 001a 41F21403 	 movw r3,#4116
 771 001e C1F31001 	 ubfx r1,r1,#0,#17
 772 0022 D150     	 str r1,[r2,r3]
 773 0024 7047     	 bx lr
 775              	 .section .text.XMC_ETH_MAC_GetEventStatus,"ax",%progbits
 776              	 .align 1
 777              	 .global XMC_ETH_MAC_GetEventStatus
 778              	 .thumb
 779              	 .thumb_func
 781              	XMC_ETH_MAC_GetEventStatus:
 782              	 
 783              	 
 784              	 
 785 0000 0268     	 ldr r2,[r0]
 786 0002 41F21403 	 movw r3,#4116
 787 0006 D358     	 ldr r3,[r2,r3]
 788 0008 906B     	 ldr r0,[r2,#56]
 789 000a C3F30A03 	 ubfx r3,r3,#0,#11
 790 000e 00F40270 	 and r0,r0,#520
 791 0012 43EA0040 	 orr r0,r3,r0,lsl#16
 792 0016 7047     	 bx lr
 794              	 .section .text.XMC_ETH_MAC_ReturnRxDescriptor,"ax",%progbits
 795              	 .align 1
 796              	 .global XMC_ETH_MAC_ReturnRxDescriptor
 797              	 .thumb
 798              	 .thumb_func
 800              	XMC_ETH_MAC_ReturnRxDescriptor:
 801              	 
 802              	 
 803              	 
 804 0000 90F82730 	 ldrb r3,[r0,#39]
 805 0004 0169     	 ldr r1,[r0,#16]
 806 0006 5B01     	 lsls r3,r3,#5
 807 0008 CA58     	 ldr r2,[r1,r3]
 808 000a 42F00042 	 orr r2,r2,#-2147483648
 809 000e CA50     	 str r2,[r1,r3]
 810 0010 90F82730 	 ldrb r3,[r0,#39]
 811 0014 90F82420 	 ldrb r2,[r0,#36]
 812 0018 0133     	 adds r3,r3,#1
 813 001a DBB2     	 uxtb r3,r3
 814 001c 9A42     	 cmp r2,r3
 815 001e 80F82730 	 strb r3,[r0,#39]
 816 0022 04BF     	 itt eq
 817 0024 0023     	 moveq r3,#0
 818 0026 80F82730 	 strbeq r3,[r0,#39]
 819 002a 7047     	 bx lr
 821              	 .section .text.XMC_ETH_MAC_ReturnTxDescriptor,"ax",%progbits
 822              	 .align 1
 823              	 .global XMC_ETH_MAC_ReturnTxDescriptor
 824              	 .thumb
 825              	 .thumb_func
 827              	XMC_ETH_MAC_ReturnTxDescriptor:
 828              	 
 829              	 
 830              	 
 831 0000 90F82630 	 ldrb r3,[r0,#38]
 832 0004 80F82830 	 strb r3,[r0,#40]
 833 0008 4169     	 ldr r1,[r0,#20]
 834 000a 5B01     	 lsls r3,r3,#5
 835 000c CA58     	 ldr r2,[r1,r3]
 836 000e 42F00042 	 orr r2,r2,#-2147483648
 837 0012 42F44002 	 orr r2,r2,#12582912
 838 0016 CA50     	 str r2,[r1,r3]
 839 0018 90F82630 	 ldrb r3,[r0,#38]
 840 001c 90F82520 	 ldrb r2,[r0,#37]
 841 0020 0133     	 adds r3,r3,#1
 842 0022 DBB2     	 uxtb r3,r3
 843 0024 80F82630 	 strb r3,[r0,#38]
 844 0028 9A42     	 cmp r2,r3
 845 002a 4FF00003 	 mov r3,#0
 846 002e 08BF     	 it eq
 847 0030 80F82630 	 strbeq r3,[r0,#38]
 848 0034 0362     	 str r3,[r0,#32]
 849 0036 7047     	 bx lr
 851              	 .section .text.XMC_ETH_MAC_SetVLANTag,"ax",%progbits
 852              	 .align 1
 853              	 .global XMC_ETH_MAC_SetVLANTag
 854              	 .thumb
 855              	 .thumb_func
 857              	XMC_ETH_MAC_SetVLANTag:
 858              	 
 859              	 
 860              	 
 861 0000 0368     	 ldr r3,[r0]
 862 0002 D961     	 str r1,[r3,#28]
 863 0004 7047     	 bx lr
 865              	 .section .text.XMC_ETH_MAC_InitPTP,"ax",%progbits
 866              	 .align 1
 867              	 .global XMC_ETH_MAC_InitPTP
 868              	 .thumb
 869              	 .thumb_func
 871              	XMC_ETH_MAC_InitPTP:
 872              	 
 873              	 
 874              	 
 875 0000 0368     	 ldr r3,[r0]
 876 0002 DA6B     	 ldr r2,[r3,#60]
 877 0004 42F40072 	 orr r2,r2,#512
 878 0008 DA63     	 str r2,[r3,#60]
 879 000a 41F40072 	 orr r2,r1,#512
 880 000e 42F00102 	 orr r2,r2,#1
 881 0012 11F0020F 	 tst r1,#2
 882 0016 C3F80027 	 str r2,[r3,#1792]
 883 001a 2649     	 ldr r1,.L116
 884 001c 264A     	 ldr r2,.L116+4
 885 001e B6EE006A 	 fconsts s12,#96
 886 0022 26D0     	 beq .L110
 887 0024 1420     	 movs r0,#20
 888 0026 C3F80407 	 str r0,[r3,#1796]
 889 002a 0969     	 ldr r1,[r1,#16]
 890 002c 1268     	 ldr r2,[r2]
 891 002e DFED236A 	 flds s13,.L116+8
 892 0032 01F00101 	 and r1,r1,#1
 893 0036 8A40     	 lsls r2,r2,r1
 894 0038 07EE902A 	 fmsr s15,r2
 895 003c B8EE677A 	 fuitos s14,s15
 896 0040 C7EE266A 	 fdivs s13,s14,s13
 897 0044 9FED1E7A 	 flds s14,.L116+12
 898 0048 87EE267A 	 fdivs s14,s14,s13
 899 004c 77EE067A 	 fadds s15,s14,s12
 900 0050 FCEEE77A 	 ftouizs s15,s15
 901 0054 17EE902A 	 fmrs r2,s15
 902 0058 C3F81827 	 str r2,[r3,#1816]
 903 005c D3F80027 	 ldr r2,[r3,#1792]
 904 0060 42F02002 	 orr r2,r2,#32
 905 0064 C3F80027 	 str r2,[r3,#1792]
 906              	.L111:
 907 0068 D3F80027 	 ldr r2,[r3,#1792]
 908 006c 9106     	 lsls r1,r2,#26
 909 006e FBD4     	 bmi .L111
 910 0070 14E0     	 b .L112
 911              	.L110:
 912 0072 0969     	 ldr r1,[r1,#16]
 913 0074 1268     	 ldr r2,[r2]
 914 0076 9FED137A 	 flds s14,.L116+16
 915 007a 01F00101 	 and r1,r1,#1
 916 007e 8A40     	 lsls r2,r2,r1
 917 0080 07EE902A 	 fmsr s15,r2
 918 0084 F8EE677A 	 fuitos s15,s15
 919 0088 C7EE277A 	 fdivs s15,s14,s15
 920 008c 77EE867A 	 fadds s15,s15,s12
 921 0090 FCEEE77A 	 ftouizs s15,s15
 922 0094 17EE902A 	 fmrs r2,s15
 923 0098 C3F80427 	 str r2,[r3,#1796]
 924              	.L112:
 925 009c D3F80027 	 ldr r2,[r3,#1792]
 926 00a0 42F00402 	 orr r2,r2,#4
 927 00a4 C3F80027 	 str r2,[r3,#1792]
 928              	.L113:
 929 00a8 D3F80027 	 ldr r2,[r3,#1792]
 930 00ac 5207     	 lsls r2,r2,#29
 931 00ae FBD4     	 bmi .L113
 932 00b0 7047     	 bx lr
 933              	.L117:
 934 00b2 00BF     	 .align 2
 935              	.L116:
 936 00b4 00460050 	 .word 1342195200
 937 00b8 00000000 	 .word SystemCoreClock
 938 00bc 20BC3E4C 	 .word 1279179808
 939 00c0 0000804F 	 .word 1333788672
 940 00c4 286B6E4E 	 .word 1315859240
 942              	 .section .text.XMC_ETH_MAC_InitPTPEx,"ax",%progbits
 943              	 .align 1
 944              	 .global XMC_ETH_MAC_InitPTPEx
 945              	 .thumb
 946              	 .thumb_func
 948              	XMC_ETH_MAC_InitPTPEx:
 949              	 
 950              	 
 951 0000 10B5     	 push {r4,lr}
 952 0002 0368     	 ldr r3,[r0]
 953 0004 5468     	 ldr r4,[r2,#4]
 954 0006 1268     	 ldr r2,[r2]
 955 0008 C3F81447 	 str r4,[r3,#1812]
 956 000c C3F81027 	 str r2,[r3,#1808]
 957 0010 BDE81040 	 pop {r4,lr}
 958 0014 FFF7FEBF 	 b XMC_ETH_MAC_InitPTP
 960              	 .section .text.XMC_ETH_MAC_GetPTPTime,"ax",%progbits
 961              	 .align 1
 962              	 .global XMC_ETH_MAC_GetPTPTime
 963              	 .thumb
 964              	 .thumb_func
 966              	XMC_ETH_MAC_GetPTPTime:
 967              	 
 968              	 
 969              	 
 970 0000 0368     	 ldr r3,[r0]
 971 0002 D3F80C27 	 ldr r2,[r3,#1804]
 972 0006 D3F80837 	 ldr r3,[r3,#1800]
 973 000a 4A60     	 str r2,[r1,#4]
 974 000c 0B60     	 str r3,[r1]
 975 000e 7047     	 bx lr
 977              	 .section .text.XMC_ETH_MAC_SetPTPTime,"ax",%progbits
 978              	 .align 1
 979              	 .global XMC_ETH_MAC_SetPTPTime
 980              	 .thumb
 981              	 .thumb_func
 983              	XMC_ETH_MAC_SetPTPTime:
 984              	 
 985              	 
 986              	 
 987 0000 0368     	 ldr r3,[r0]
 988 0002 0A68     	 ldr r2,[r1]
 989 0004 C3F81027 	 str r2,[r3,#1808]
 990 0008 4A68     	 ldr r2,[r1,#4]
 991 000a 0749     	 ldr r1,.L123
 992 000c C3F81427 	 str r2,[r3,#1812]
 993 0010 D1F80027 	 ldr r2,[r1,#1792]
 994 0014 42F00402 	 orr r2,r2,#4
 995 0018 C1F80027 	 str r2,[r1,#1792]
 996              	.L121:
 997 001c D3F80027 	 ldr r2,[r3,#1792]
 998 0020 5207     	 lsls r2,r2,#29
 999 0022 FBD4     	 bmi .L121
 1000 0024 7047     	 bx lr
 1001              	.L124:
 1002 0026 00BF     	 .align 2
 1003              	.L123:
 1004 0028 00C00050 	 .word 1342226432
 1006              	 .section .text.XMC_ETH_MAC_UpdatePTPTime,"ax",%progbits
 1007              	 .align 1
 1008              	 .global XMC_ETH_MAC_UpdatePTPTime
 1009              	 .thumb
 1010              	 .thumb_func
 1012              	XMC_ETH_MAC_UpdatePTPTime:
 1013              	 
 1014              	 
 1015              	 
 1016 0000 4B68     	 ldr r3,[r1,#4]
 1017 0002 83EAE372 	 eor r2,r3,r3,asr#31
 1018 0006 A2EBE372 	 sub r2,r2,r3,asr#31
 1019 000a 002B     	 cmp r3,#0
 1020 000c 0368     	 ldr r3,[r0]
 1021 000e B8BF     	 it lt
 1022 0010 42F00042 	 orrlt r2,r2,#-2147483648
 1023 0014 C3F81427 	 str r2,[r3,#1812]
 1024 0018 0A68     	 ldr r2,[r1]
 1025 001a C3F81027 	 str r2,[r3,#1808]
 1026 001e D3F80027 	 ldr r2,[r3,#1792]
 1027 0022 42F00802 	 orr r2,r2,#8
 1028 0026 C3F80027 	 str r2,[r3,#1792]
 1029 002a 7047     	 bx lr
 1031              	 .section .text.XMC_ETH_MAC_SetPTPAlarm,"ax",%progbits
 1032              	 .align 1
 1033              	 .global XMC_ETH_MAC_SetPTPAlarm
 1034              	 .thumb
 1035              	 .thumb_func
 1037              	XMC_ETH_MAC_SetPTPAlarm:
 1038              	 
 1039              	 
 1040              	 
 1041 0000 0368     	 ldr r3,[r0]
 1042 0002 4A68     	 ldr r2,[r1,#4]
 1043 0004 C3F82027 	 str r2,[r3,#1824]
 1044 0008 0A68     	 ldr r2,[r1]
 1045 000a C3F81C27 	 str r2,[r3,#1820]
 1046 000e 7047     	 bx lr
 1048              	 .section .text.XMC_ETH_MAC_AdjustPTPClock,"ax",%progbits
 1049              	 .align 1
 1050              	 .global XMC_ETH_MAC_AdjustPTPClock
 1051              	 .thumb
 1052              	 .thumb_func
 1054              	XMC_ETH_MAC_AdjustPTPClock:
 1055              	 
 1056              	 
 1057              	 
 1058 0000 0368     	 ldr r3,[r0]
 1059 0002 D3F81807 	 ldr r0,[r3,#1816]
 1060 0006 A1FB0001 	 umull r0,r1,r1,r0
 1061 000a C20F     	 lsrs r2,r0,#31
 1062 000c 42EA4102 	 orr r2,r2,r1,lsl#1
 1063 0010 C3F81827 	 str r2,[r3,#1816]
 1064 0014 D3F80027 	 ldr r2,[r3,#1792]
 1065 0018 42F02002 	 orr r2,r2,#32
 1066 001c C3F80027 	 str r2,[r3,#1792]
 1067              	.L129:
 1068 0020 D3F80027 	 ldr r2,[r3,#1792]
 1069 0024 9206     	 lsls r2,r2,#26
 1070 0026 FBD4     	 bmi .L129
 1071 0028 7047     	 bx lr
 1073              	 .section .text.XMC_ETH_MAC_UpdateAddend,"ax",%progbits
 1074              	 .align 1
 1075              	 .global XMC_ETH_MAC_UpdateAddend
 1076              	 .thumb
 1077              	 .thumb_func
 1079              	XMC_ETH_MAC_UpdateAddend:
 1080              	 
 1081              	 
 1082              	 
 1083 0000 0368     	 ldr r3,[r0]
 1084 0002 C3F81817 	 str r1,[r3,#1816]
 1085 0006 D3F80027 	 ldr r2,[r3,#1792]
 1086 000a 42F02002 	 orr r2,r2,#32
 1087 000e C3F80027 	 str r2,[r3,#1792]
 1088              	.L132:
 1089 0012 D3F80027 	 ldr r2,[r3,#1792]
 1090 0016 9206     	 lsls r2,r2,#26
 1091 0018 FBD4     	 bmi .L132
 1092 001a 7047     	 bx lr
 1094              	 .section .text.XMC_ETH_MAC_GetPTPStatus,"ax",%progbits
 1095              	 .align 1
 1096              	 .global XMC_ETH_MAC_GetPTPStatus
 1097              	 .thumb
 1098              	 .thumb_func
 1100              	XMC_ETH_MAC_GetPTPStatus:
 1101              	 
 1102              	 
 1103              	 
 1104 0000 0368     	 ldr r3,[r0]
 1105 0002 D3F82807 	 ldr r0,[r3,#1832]
 1106 0006 7047     	 bx lr
 1108              	 .section .text.XMC_ETH_MAC_GetRxTimeStamp,"ax",%progbits
 1109              	 .align 1
 1110              	 .global XMC_ETH_MAC_GetRxTimeStamp
 1111              	 .thumb
 1112              	 .thumb_func
 1114              	XMC_ETH_MAC_GetRxTimeStamp:
 1115              	 
 1116              	 
 1117 0000 10B5     	 push {r4,lr}
 1118 0002 90F82730 	 ldrb r3,[r0,#39]
 1119 0006 0269     	 ldr r2,[r0,#16]
 1120 0008 5B01     	 lsls r3,r3,#5
 1121 000a D018     	 adds r0,r2,r3
 1122 000c D458     	 ldr r4,[r2,r3]
 1123 000e 002C     	 cmp r4,#0
 1124 0010 0BDB     	 blt .L137
 1125 0012 D358     	 ldr r3,[r2,r3]
 1126 0014 03F4C073 	 and r3,r3,#384
 1127 0018 B3F5C07F 	 cmp r3,#384
 1128 001c 07D1     	 bne .L138
 1129 001e 8369     	 ldr r3,[r0,#24]
 1130 0020 4B60     	 str r3,[r1,#4]
 1131 0022 C369     	 ldr r3,[r0,#28]
 1132 0024 0B60     	 str r3,[r1]
 1133 0026 0020     	 movs r0,#0
 1134 0028 10BD     	 pop {r4,pc}
 1135              	.L137:
 1136 002a 0120     	 movs r0,#1
 1137 002c 10BD     	 pop {r4,pc}
 1138              	.L138:
 1139 002e 0220     	 movs r0,#2
 1140 0030 10BD     	 pop {r4,pc}
 1142              	 .section .text.XMC_ETH_MAC_GetTxTimeStamp,"ax",%progbits
 1143              	 .align 1
 1144              	 .global XMC_ETH_MAC_GetTxTimeStamp
 1145              	 .thumb
 1146              	 .thumb_func
 1148              	XMC_ETH_MAC_GetTxTimeStamp:
 1149              	 
 1150              	 
 1151 0000 10B5     	 push {r4,lr}
 1152 0002 90F82830 	 ldrb r3,[r0,#40]
 1153 0006 4269     	 ldr r2,[r0,#20]
 1154 0008 5B01     	 lsls r3,r3,#5
 1155 000a D018     	 adds r0,r2,r3
 1156 000c D458     	 ldr r4,[r2,r3]
 1157 000e 002C     	 cmp r4,#0
 1158 0010 0BDB     	 blt .L141
 1159 0012 D258     	 ldr r2,[r2,r3]
 1160 0014 074B     	 ldr r3,.L143
 1161 0016 1340     	 ands r3,r3,r2
 1162 0018 064A     	 ldr r2,.L143
 1163 001a 9342     	 cmp r3,r2
 1164 001c 07D1     	 bne .L142
 1165 001e 8369     	 ldr r3,[r0,#24]
 1166 0020 4B60     	 str r3,[r1,#4]
 1167 0022 C369     	 ldr r3,[r0,#28]
 1168 0024 0B60     	 str r3,[r1]
 1169 0026 0020     	 movs r0,#0
 1170 0028 10BD     	 pop {r4,pc}
 1171              	.L141:
 1172 002a 0120     	 movs r0,#1
 1173 002c 10BD     	 pop {r4,pc}
 1174              	.L142:
 1175 002e 0220     	 movs r0,#2
 1176 0030 10BD     	 pop {r4,pc}
 1177              	.L144:
 1178 0032 00BF     	 .align 2
 1179              	.L143:
 1180 0034 00000220 	 .word 537001984
 1182              	 .ident "GCC: (GNU Tools for ARM Embedded Processors) 4.9.3 20141119 (release) [ARM/embedded-4_9-branch revision 218278]"
DEFINED SYMBOLS
                            *ABS*:00000000 xmc_eth_mac.c
    {standard input}:17     .text.XMC_ETH_MAC_InitRxDescriptors:00000000 $t
    {standard input}:22     .text.XMC_ETH_MAC_InitRxDescriptors:00000000 XMC_ETH_MAC_InitRxDescriptors
    {standard input}:60     .text.XMC_ETH_MAC_InitTxDescriptors:00000000 $t
    {standard input}:65     .text.XMC_ETH_MAC_InitTxDescriptors:00000000 XMC_ETH_MAC_InitTxDescriptors
    {standard input}:102    .text.XMC_ETH_MAC_InitTxDescriptors:00000048 $d
    {standard input}:105    .text.XMC_ETH_MAC_InitEx:00000000 $t
    {standard input}:110    .text.XMC_ETH_MAC_InitEx:00000000 XMC_ETH_MAC_InitEx
    {standard input}:153    .text.XMC_ETH_MAC_InitEx:00000068 $d
    {standard input}:157    .text.XMC_ETH_MAC_SetAddressEx:00000000 $t
    {standard input}:162    .text.XMC_ETH_MAC_SetAddressEx:00000000 XMC_ETH_MAC_SetAddressEx
    {standard input}:183    .text.XMC_ETH_MAC_GetAddressEx:00000000 $t
    {standard input}:188    .text.XMC_ETH_MAC_GetAddressEx:00000000 XMC_ETH_MAC_GetAddressEx
    {standard input}:208    .text.XMC_ETH_MAC_SetAddressPerfectFilter:00000000 $t
    {standard input}:213    .text.XMC_ETH_MAC_SetAddressPerfectFilter:00000000 XMC_ETH_MAC_SetAddressPerfectFilter
    {standard input}:228    .text.XMC_ETH_MAC_SetAddressPerfectFilterEx:00000000 $t
    {standard input}:233    .text.XMC_ETH_MAC_SetAddressPerfectFilterEx:00000000 XMC_ETH_MAC_SetAddressPerfectFilterEx
    {standard input}:258    .text.XMC_ETH_MAC_SetAddressHashFilter:00000000 $t
    {standard input}:263    .text.XMC_ETH_MAC_SetAddressHashFilter:00000000 XMC_ETH_MAC_SetAddressHashFilter
    {standard input}:273    .text.XMC_ETH_MAC_SendFrame:00000000 $t
    {standard input}:278    .text.XMC_ETH_MAC_SendFrame:00000000 XMC_ETH_MAC_SendFrame
    {standard input}:360    .text.XMC_ETH_MAC_ReadFrame:00000000 $t
    {standard input}:365    .text.XMC_ETH_MAC_ReadFrame:00000000 XMC_ETH_MAC_ReadFrame
    {standard input}:407    .text.XMC_ETH_MAC_GetRxFrameSize:00000000 $t
    {standard input}:412    .text.XMC_ETH_MAC_GetRxFrameSize:00000000 XMC_ETH_MAC_GetRxFrameSize
    {standard input}:436    .text.XMC_ETH_MAC_SetManagmentClockDivider:00000000 $t
    {standard input}:441    .text.XMC_ETH_MAC_SetManagmentClockDivider:00000000 XMC_ETH_MAC_SetManagmentClockDivider
    {standard input}:498    .text.XMC_ETH_MAC_SetManagmentClockDivider:00000058 $d
    {standard input}:508    .text.XMC_ETH_MAC_Enable:00000000 $t
    {standard input}:513    .text.XMC_ETH_MAC_Enable:00000000 XMC_ETH_MAC_Enable
    {standard input}:525    .text.XMC_ETH_MAC_Enable:00000014 $d
    {standard input}:528    .text.XMC_ETH_MAC_Init:00000000 $t
    {standard input}:533    .text.XMC_ETH_MAC_Init:00000000 XMC_ETH_MAC_Init
    {standard input}:553    .text.XMC_ETH_MAC_Disable:00000000 $t
    {standard input}:558    .text.XMC_ETH_MAC_Disable:00000000 XMC_ETH_MAC_Disable
    {standard input}:570    .text.XMC_ETH_MAC_Disable:00000014 $d
    {standard input}:573    .text.XMC_ETH_MAC_ReadPhy:00000000 $t
    {standard input}:578    .text.XMC_ETH_MAC_ReadPhy:00000000 XMC_ETH_MAC_ReadPhy
    {standard input}:604    .text.XMC_ETH_MAC_WritePhy:00000000 $t
    {standard input}:609    .text.XMC_ETH_MAC_WritePhy:00000000 XMC_ETH_MAC_WritePhy
    {standard input}:633    .text.XMC_ETH_MAC_FlushTx:00000000 $t
    {standard input}:638    .text.XMC_ETH_MAC_FlushTx:00000000 XMC_ETH_MAC_FlushTx
    {standard input}:656    .text.XMC_ETH_MAC_FlushRx:00000000 $t
    {standard input}:661    .text.XMC_ETH_MAC_FlushRx:00000000 XMC_ETH_MAC_FlushRx
    {standard input}:679    .text.XMC_ETH_MAC_SetWakeUpFrameFilter:00000000 $t
    {standard input}:684    .text.XMC_ETH_MAC_SetWakeUpFrameFilter:00000000 XMC_ETH_MAC_SetWakeUpFrameFilter
    {standard input}:699    .text.XMC_ETH_MAC_EnableEvent:00000000 $t
    {standard input}:704    .text.XMC_ETH_MAC_EnableEvent:00000000 XMC_ETH_MAC_EnableEvent
    {standard input}:730    .text.XMC_ETH_MAC_DisableEvent:00000000 $t
    {standard input}:735    .text.XMC_ETH_MAC_DisableEvent:00000000 XMC_ETH_MAC_DisableEvent
    {standard input}:751    .text.XMC_ETH_MAC_ClearEventStatus:00000000 $t
    {standard input}:756    .text.XMC_ETH_MAC_ClearEventStatus:00000000 XMC_ETH_MAC_ClearEventStatus
    {standard input}:776    .text.XMC_ETH_MAC_GetEventStatus:00000000 $t
    {standard input}:781    .text.XMC_ETH_MAC_GetEventStatus:00000000 XMC_ETH_MAC_GetEventStatus
    {standard input}:795    .text.XMC_ETH_MAC_ReturnRxDescriptor:00000000 $t
    {standard input}:800    .text.XMC_ETH_MAC_ReturnRxDescriptor:00000000 XMC_ETH_MAC_ReturnRxDescriptor
    {standard input}:822    .text.XMC_ETH_MAC_ReturnTxDescriptor:00000000 $t
    {standard input}:827    .text.XMC_ETH_MAC_ReturnTxDescriptor:00000000 XMC_ETH_MAC_ReturnTxDescriptor
    {standard input}:852    .text.XMC_ETH_MAC_SetVLANTag:00000000 $t
    {standard input}:857    .text.XMC_ETH_MAC_SetVLANTag:00000000 XMC_ETH_MAC_SetVLANTag
    {standard input}:866    .text.XMC_ETH_MAC_InitPTP:00000000 $t
    {standard input}:871    .text.XMC_ETH_MAC_InitPTP:00000000 XMC_ETH_MAC_InitPTP
    {standard input}:936    .text.XMC_ETH_MAC_InitPTP:000000b4 $d
    {standard input}:943    .text.XMC_ETH_MAC_InitPTPEx:00000000 $t
    {standard input}:948    .text.XMC_ETH_MAC_InitPTPEx:00000000 XMC_ETH_MAC_InitPTPEx
    {standard input}:961    .text.XMC_ETH_MAC_GetPTPTime:00000000 $t
    {standard input}:966    .text.XMC_ETH_MAC_GetPTPTime:00000000 XMC_ETH_MAC_GetPTPTime
    {standard input}:978    .text.XMC_ETH_MAC_SetPTPTime:00000000 $t
    {standard input}:983    .text.XMC_ETH_MAC_SetPTPTime:00000000 XMC_ETH_MAC_SetPTPTime
    {standard input}:1004   .text.XMC_ETH_MAC_SetPTPTime:00000028 $d
    {standard input}:1007   .text.XMC_ETH_MAC_UpdatePTPTime:00000000 $t
    {standard input}:1012   .text.XMC_ETH_MAC_UpdatePTPTime:00000000 XMC_ETH_MAC_UpdatePTPTime
    {standard input}:1032   .text.XMC_ETH_MAC_SetPTPAlarm:00000000 $t
    {standard input}:1037   .text.XMC_ETH_MAC_SetPTPAlarm:00000000 XMC_ETH_MAC_SetPTPAlarm
    {standard input}:1049   .text.XMC_ETH_MAC_AdjustPTPClock:00000000 $t
    {standard input}:1054   .text.XMC_ETH_MAC_AdjustPTPClock:00000000 XMC_ETH_MAC_AdjustPTPClock
    {standard input}:1074   .text.XMC_ETH_MAC_UpdateAddend:00000000 $t
    {standard input}:1079   .text.XMC_ETH_MAC_UpdateAddend:00000000 XMC_ETH_MAC_UpdateAddend
    {standard input}:1095   .text.XMC_ETH_MAC_GetPTPStatus:00000000 $t
    {standard input}:1100   .text.XMC_ETH_MAC_GetPTPStatus:00000000 XMC_ETH_MAC_GetPTPStatus
    {standard input}:1109   .text.XMC_ETH_MAC_GetRxTimeStamp:00000000 $t
    {standard input}:1114   .text.XMC_ETH_MAC_GetRxTimeStamp:00000000 XMC_ETH_MAC_GetRxTimeStamp
    {standard input}:1143   .text.XMC_ETH_MAC_GetTxTimeStamp:00000000 $t
    {standard input}:1148   .text.XMC_ETH_MAC_GetTxTimeStamp:00000000 XMC_ETH_MAC_GetTxTimeStamp
    {standard input}:1180   .text.XMC_ETH_MAC_GetTxTimeStamp:00000034 $d

UNDEFINED SYMBOLS
memcpy
SystemCoreClock
XMC_SCU_CLOCK_EnableClock
XMC_SCU_RESET_DeassertPeripheralReset
XMC_SCU_RESET_AssertPeripheralReset
XMC_SCU_CLOCK_DisableClock
