   1              	 .syntax unified
   2              	 .cpu cortex-m4
   3              	 .eabi_attribute 27,3
   4              	 .fpu fpv4-sp-d16
   5              	 .eabi_attribute 20,1
   6              	 .eabi_attribute 21,1
   7              	 .eabi_attribute 23,3
   8              	 .eabi_attribute 24,1
   9              	 .eabi_attribute 25,1
  10              	 .eabi_attribute 26,1
  11              	 .eabi_attribute 30,4
  12              	 .eabi_attribute 34,1
  13              	 .eabi_attribute 18,4
  14              	 .thumb
  15              	 .file "uart_conf.c"
  16              	 .section .text.UART_0_init,"ax",%progbits
  17              	 .align 1
  18              	 .global UART_0_init
  19              	 .thumb
  20              	 .thumb_func
  22              	UART_0_init:
  23              	 
  24              	 
  25 0000 10B5     	 push {r4,lr}
  26 0002 264C     	 ldr r4,.L5
  27 0004 264A     	 ldr r2,.L5+4
  28 0006 2748     	 ldr r0,.L5+8
  29 0008 0021     	 movs r1,#0
  30 000a FFF7FEFF 	 bl XMC_GPIO_Init
  31 000e 2046     	 mov r0,r4
  32 0010 2549     	 ldr r1,.L5+12
  33 0012 FFF7FEFF 	 bl XMC_UART_CH_Init
  34 0016 E369     	 ldr r3,[r4,#28]
  35 0018 23F00703 	 bic r3,r3,#7
  36 001c 0021     	 movs r1,#0
  37 001e 43F00303 	 orr r3,r3,#3
  38 0022 E361     	 str r3,[r4,#28]
  39 0024 2046     	 mov r0,r4
  40 0026 0B46     	 mov r3,r1
  41 0028 0422     	 movs r2,#4
  42 002a FFF7FEFF 	 bl XMC_USIC_CH_RXFIFO_Configure
  43 002e 236C     	 ldr r3,[r4,#64]
  44 0030 1C48     	 ldr r0,.L5+8
  45 0032 1E4A     	 ldr r2,.L5+16
  46 0034 23F00F03 	 bic r3,r3,#15
  47 0038 43F00203 	 orr r3,r3,#2
  48 003c 2364     	 str r3,[r4,#64]
  49 003e 0121     	 movs r1,#1
  50 0040 FFF7FEFF 	 bl XMC_GPIO_Init
  51 0044 2046     	 mov r0,r4
  52 0046 1021     	 movs r1,#16
  53 0048 0122     	 movs r2,#1
  54 004a FFF7FEFF 	 bl XMC_USIC_CH_SetInterruptNodePointer
  55 004e 2046     	 mov r0,r4
  56 0050 1021     	 movs r1,#16
  57 0052 0022     	 movs r2,#0
  58 0054 FFF7FEFF 	 bl XMC_USIC_CH_RXFIFO_SetInterruptNodePointer
  59 0058 1321     	 movs r1,#19
  60 005a 2046     	 mov r0,r4
  61 005c 0022     	 movs r2,#0
  62 005e FFF7FEFF 	 bl XMC_USIC_CH_RXFIFO_SetInterruptNodePointer
  63 0062 134B     	 ldr r3,.L5+20
  64 0064 DB68     	 ldr r3,[r3,#12]
  65 0066 C3F30223 	 ubfx r3,r3,#8,#3
  66 006a C3F10701 	 rsb r1,r3,#7
  67 006e 0629     	 cmp r1,#6
  68 0070 28BF     	 it cs
  69 0072 0621     	 movcs r1,#6
  70 0074 0BB1     	 cbz r3,.L3
  71 0076 5A1E     	 subs r2,r3,#1
  72 0078 00E0     	 b .L2
  73              	.L3:
  74 007a 1A46     	 mov r2,r3
  75              	.L2:
  76 007c 0123     	 movs r3,#1
  77 007e 8B40     	 lsls r3,r3,r1
  78 0080 013B     	 subs r3,r3,#1
  79 0082 03F00503 	 and r3,r3,#5
  80 0086 9340     	 lsls r3,r3,r2
  81 0088 9B00     	 lsls r3,r3,#2
  82 008a 0A4A     	 ldr r2,.L5+24
  83 008c DBB2     	 uxtb r3,r3
  84 008e 82F85A33 	 strb r3,[r2,#858]
  85 0092 4FF08063 	 mov r3,#67108864
  86 0096 9360     	 str r3,[r2,#8]
  87 0098 0020     	 movs r0,#0
  88 009a 10BD     	 pop {r4,pc}
  89              	.L6:
  90              	 .align 2
  91              	.L5:
  92 009c 00020248 	 .word 1208091136
  93 00a0 00000000 	 .word .LANCHOR0
  94 00a4 00800248 	 .word 1208123392
  95 00a8 00000000 	 .word .LANCHOR1
  96 00ac 00000000 	 .word .LANCHOR2
  97 00b0 00ED00E0 	 .word -536810240
  98 00b4 00E100E0 	 .word -536813312
 100              	 .section .text.USIC1_0_IRQHandler,"ax",%progbits
 101              	 .align 1
 102              	 .global USIC1_0_IRQHandler
 103              	 .thumb
 104              	 .thumb_func
 106              	USIC1_0_IRQHandler:
 107              	 
 108              	 
 109              	 
 110 0000 0148     	 ldr r0,.L8
 111 0002 FFF7FEBF 	 b UART_lReceiveHandler
 112              	.L9:
 113 0006 00BF     	 .align 2
 114              	.L8:
 115 0008 00000000 	 .word .LANCHOR3
 117              	 .global UART_0_rx_pin_config
 118              	 .global UART_0
 119              	 .global UART_0_runtime
 120              	 .global UART_0_config
 121              	 .global UART_0_tx_pin
 122              	 .global UART_0_tx_pin_config
 123              	 .global UART_0_channel_config
 124              	 .section .data.UART_0,"aw",%progbits
 125              	 .align 2
 126              	 .set .LANCHOR3,.+0
 129              	UART_0:
 130 0000 00020248 	 .word 1208091136
 131 0004 00000000 	 .word UART_0_config
 132 0008 00000000 	 .word UART_0_runtime
 133              	 .section .rodata.UART_0_config,"a",%progbits
 134              	 .align 2
 137              	UART_0_config:
 138 0000 00000000 	 .word UART_0_channel_config
 139 0004 00000000 	 .word UART_0_init
 140 0008 00000000 	 .word uartreceive
 141 000c 00000000 	 .word 0
 142 0010 00000000 	 .word 0
 143 0014 00000000 	 .word 0
 144 0018 00000000 	 .word 0
 145 001c 00000000 	 .word 0
 146 0020 00000000 	 .word UART_0_tx_pin
 147 0024 00       	 .byte 0
 148 0025 02       	 .byte 2
 149 0026 00       	 .byte 0
 150 0027 00       	 .byte 0
 151 0028 04       	 .byte 4
 152 0029 000000   	 .space 3
 153              	 .section .rodata.UART_0_rx_pin_config,"a",%progbits
 154              	 .align 2
 155              	 .set .LANCHOR0,.+0
 158              	UART_0_rx_pin_config:
 159 0000 00       	 .byte 0
 160 0001 000000   	 .space 3
 161 0004 01000000 	 .word 1
 162 0008 02       	 .byte 2
 163 0009 000000   	 .space 3
 164              	 .section .bss.UART_0_runtime,"aw",%nobits
 165              	 .align 2
 168              	UART_0_runtime:
 169 0000 00000000 	 .space 28
 169      00000000 
 169      00000000 
 169      00000000 
 169      00000000 
 170              	 .section .rodata.UART_0_tx_pin,"a",%progbits
 171              	 .align 2
 174              	UART_0_tx_pin:
 175 0000 00800248 	 .word 1208123392
 176 0004 01       	 .byte 1
 177 0005 000000   	 .space 3
 178 0008 00000000 	 .word UART_0_tx_pin_config
 179              	 .section .rodata.UART_0_tx_pin_config,"a",%progbits
 180              	 .align 2
 181              	 .set .LANCHOR2,.+0
 184              	UART_0_tx_pin_config:
 185 0000 90       	 .byte -112
 186 0001 000000   	 .space 3
 187 0004 01000000 	 .word 1
 188 0008 02       	 .byte 2
 189 0009 000000   	 .space 3
 190              	 .section .rodata.UART_0_channel_config,"a",%progbits
 191              	 .align 2
 192              	 .set .LANCHOR1,.+0
 195              	UART_0_channel_config:
 196 0000 00E10000 	 .word 57600
 197 0004 08       	 .byte 8
 198 0005 08       	 .byte 8
 199 0006 01       	 .byte 1
 200 0007 08       	 .byte 8
 201 0008 0000     	 .short 0
 202 000a 0000     	 .space 2
 203              	 .ident "GCC: (GNU Tools for ARM Embedded Processors) 4.9.3 20141119 (release) [ARM/embedded-4_9-branch revision 218278]"
DEFINED SYMBOLS
                            *ABS*:00000000 uart_conf.c
    {standard input}:17     .text.UART_0_init:00000000 $t
    {standard input}:22     .text.UART_0_init:00000000 UART_0_init
    {standard input}:92     .text.UART_0_init:0000009c $d
    {standard input}:101    .text.USIC1_0_IRQHandler:00000000 $t
    {standard input}:106    .text.USIC1_0_IRQHandler:00000000 USIC1_0_IRQHandler
    {standard input}:115    .text.USIC1_0_IRQHandler:00000008 $d
    {standard input}:158    .rodata.UART_0_rx_pin_config:00000000 UART_0_rx_pin_config
    {standard input}:129    .data.UART_0:00000000 UART_0
    {standard input}:168    .bss.UART_0_runtime:00000000 UART_0_runtime
    {standard input}:137    .rodata.UART_0_config:00000000 UART_0_config
    {standard input}:174    .rodata.UART_0_tx_pin:00000000 UART_0_tx_pin
    {standard input}:184    .rodata.UART_0_tx_pin_config:00000000 UART_0_tx_pin_config
    {standard input}:195    .rodata.UART_0_channel_config:00000000 UART_0_channel_config
    {standard input}:125    .data.UART_0:00000000 $d
    {standard input}:134    .rodata.UART_0_config:00000000 $d
    {standard input}:154    .rodata.UART_0_rx_pin_config:00000000 $d
    {standard input}:165    .bss.UART_0_runtime:00000000 $d
    {standard input}:171    .rodata.UART_0_tx_pin:00000000 $d
    {standard input}:180    .rodata.UART_0_tx_pin_config:00000000 $d
    {standard input}:191    .rodata.UART_0_channel_config:00000000 $d

UNDEFINED SYMBOLS
XMC_GPIO_Init
XMC_UART_CH_Init
XMC_USIC_CH_RXFIFO_Configure
XMC_USIC_CH_SetInterruptNodePointer
XMC_USIC_CH_RXFIFO_SetInterruptNodePointer
UART_lReceiveHandler
uartreceive
