   1              	 .syntax unified
   2              	 .cpu cortex-m4
   3              	 .eabi_attribute 27,3
   4              	 .fpu fpv4-sp-d16
   5              	 .eabi_attribute 20,1
   6              	 .eabi_attribute 21,1
   7              	 .eabi_attribute 23,3
   8              	 .eabi_attribute 24,1
   9              	 .eabi_attribute 25,1
  10              	 .eabi_attribute 26,1
  11              	 .eabi_attribute 30,6
  12              	 .eabi_attribute 34,1
  13              	 .eabi_attribute 18,4
  14              	 .thumb
  15              	 .file "VCU_data.c"
  16              	 .text
  17              	.Ltext0:
  18              	 .cfi_sections .debug_frame
  19              	 .global VCU_ConstB
  20              	 .section .rodata.VCU_ConstB,"a",%progbits
  21              	 .align 3
  24              	VCU_ConstB:
  25 0000 1EA7E848 	 .word 1223206686
  26 0004 2EFFEF3F 	 .word 1072693038
  27 0008 1EA7E848 	 .word 1223206686
  28 000c 2EFFEF3F 	 .word 1072693038
  29 0010 F8FF     	 .short -8
  30 0012 00       	 .byte 0
  31 0013 00       	 .byte 0
  32 0014 00000000 	 .space 4
  33              	 .global VCU_ConstP
  34              	 .section .rodata.VCU_ConstP,"a",%progbits
  35              	 .align 3
  38              	VCU_ConstP:
  39 0000 00000000 	 .word 0
  40 0004 00003940 	 .word 1077477376
  41 0008 00000000 	 .word 0
  42 000c 00000000 	 .word 0
  43 0010 00000000 	 .word 0
  44 0014 00000000 	 .word 0
  45 0018 00000000 	 .word 0
  46 001c 00001440 	 .word 1075052544
  47 0020 00000000 	 .word 0
  48 0024 00804B40 	 .word 1078689792
  49 0028 00000000 	 .word 0
  50 002c 00006440 	 .word 1080295424
  51 0030 7B14AE47 	 .word 1202590843
  52 0034 E17AB43F 	 .word 1068792545
  53 0038 F6285C8F 	 .word -1889785610
  54 003c C2F50840 	 .word 1074329026
  55 0040 7B14AE47 	 .word 1202590843
  56 0044 E17AB43F 	 .word 1068792545
  57 0048 52B81E85 	 .word -2061584302
  58 004c EB510840 	 .word 1074287083
  59 0050 295C8FC2 	 .word -1030792151
  60 0054 F5280440 	 .word 1074014453
  61 0058 3D0AD7A3 	 .word -1546188227
  62 005c 703D1040 	 .word 1074806128
  63 0060 00000000 	 .word 0
  64 0064 000044C0 	 .word -1069285376
  65 0068 00000000 	 .word 0
  66 006c 00C07240 	 .word 1081262080
  67 0070 4A0C022B 	 .word 721554506
  68 0074 8716B93F 	 .word 1069094535
  69 0078 6F1283C0 	 .word -1065151889
  70 007c CAA1C53F 	 .word 1069916618
  71 0080 00000000 	 .word 0
  72 0084 000044C0 	 .word -1069285376
  73 0088 00000000 	 .word 0
  74 008c 00A07740 	 .word 1081581568
  75 0090 C520B072 	 .word 1924145349
  76 0094 6891DD3F 	 .word 1071485288
  77 0098 CFF753E3 	 .word -481036337
  78 009c A59BE03F 	 .word 1071684517
  79 00a0 00000000 	 .word 0
  80 00a4 00189040 	 .word 1083185152
  81 00a8 00000000 	 .word 0
  82 00ac 00549F40 	 .word 1084183552
  83 00b0 00000000 	 .word 0
  84 00b4 0004AF40 	 .word 1085211648
  85 00b8 00000000 	 .word 0
  86 00bc 0034B740 	 .word 1085748224
  87 00c0 00000000 	 .word 0
  88 00c4 00E6BE40 	 .word 1086252544
  89 00c8 F853E3A5 	 .word -1511828488
  90 00cc 9BC4E83F 	 .word 1072219291
  91 00d0 CBA145B6 	 .word -1236950581
  92 00d4 F3FDF43F 	 .word 1073020403
  93 00d8 33333333 	 .word 858993459
  94 00dc 33330340 	 .word 1073951539
  95 00e0 EC51B81E 	 .word 515396076
  96 00e4 85EB0B40 	 .word 1074523013
  97 00e8 E7FBA9F1 	 .word -240518169
  98 00ec D24D1240 	 .word 1074941394
  99 00f0 00000000 	 .word 0
 100 00f4 00D08F40 	 .word 1083166720
 101 00f8 00000000 	 .word 0
 102 00fc 00189F40 	 .word 1084168192
 103 0100 00000000 	 .word 0
 104 0104 00BEAE40 	 .word 1085193728
 105 0108 00000000 	 .word 0
 106 010c 00F3B640 	 .word 1085731584
 107 0110 00000000 	 .word 0
 108 0114 0096BE40 	 .word 1086232064
 109 0118 08AC1C5A 	 .word 1511828488
 110 011c 643BEB3F 	 .word 1072380772
 111 0120 A8C64B37 	 .word 927712936
 112 0124 8941F63F 	 .word 1073103241
 113 0128 83C0CAA1 	 .word -1580547965
 114 012c 45B60340 	 .word 1073985093
 115 0130 52B81E85 	 .word -2061584302
 116 0134 EB510C40 	 .word 1074549227
 117 0138 7B14AE47 	 .word 1202590843
 118 013c E17A1240 	 .word 1074952929
 119 0140 00000000 	 .word 0
 120 0144 00000000 	 .word 0
 121 0148 00000000 	 .word 0
 122 014c 00000000 	 .word 0
 123 0150 00000000 	 .word 0
 124 0154 00000000 	 .word 0
 125 0158 00000000 	 .word 0
 126 015c 00000000 	 .word 0
 127 0160 00000000 	 .word 0
 128 0164 0000E03F 	 .word 1071644672
 129 0168 66666666 	 .word 1717986918
 130 016c 6666E63F 	 .word 1072064102
 131 0170 00000000 	 .word 0
 132 0174 0000F03F 	 .word 1072693248
 133 0178 00000000 	 .word 0
 134 017c 00000000 	 .word 0
 135 0180 00000000 	 .word 0
 136 0184 00000000 	 .word 0
 137 0188 00000000 	 .word 0
 138 018c 00000000 	 .word 0
 139 0190 00000000 	 .word 0
 140 0194 00000000 	 .word 0
 141 0198 00000000 	 .word 0
 142 019c 0000E03F 	 .word 1071644672
 143 01a0 66666666 	 .word 1717986918
 144 01a4 6666E63F 	 .word 1072064102
 145 01a8 00000000 	 .word 0
 146 01ac 0000F03F 	 .word 1072693248
 147 01b0 00000000 	 .word 0
 148 01b4 00000000 	 .word 0
 149 01b8 00000000 	 .word 0
 150 01bc 00000000 	 .word 0
 151 01c0 00000000 	 .word 0
 152 01c4 00000000 	 .word 0
 153 01c8 00000000 	 .word 0
 154 01cc 00000000 	 .word 0
 155 01d0 00000000 	 .word 0
 156 01d4 0000E03F 	 .word 1071644672
 157 01d8 66666666 	 .word 1717986918
 158 01dc 6666E63F 	 .word 1072064102
 159 01e0 00000000 	 .word 0
 160 01e4 0000F03F 	 .word 1072693248
 161 01e8 00000000 	 .word 0
 162 01ec 00000000 	 .word 0
 163 01f0 00000000 	 .word 0
 164 01f4 00004E40 	 .word 1078853632
 165 01f8 00000000 	 .word 0
 166 01fc 00805140 	 .word 1079083008
 167 0200 00000000 	 .word 0
 168 0204 00805240 	 .word 1079148544
 169 0208 00000000 	 .word 0
 170 020c 00C05240 	 .word 1079164928
 171 0210 00000000 	 .word 0
 172 0214 00005440 	 .word 1079246848
 173 0218 00000000 	 .word 0
 174 021c 00405540 	 .word 1079328768
 175 0220 00000000 	 .word 0
 176 0224 00000000 	 .word 0
 177 0228 00000000 	 .word 0
 178 022c 00002440 	 .word 1076101120
 179 0230 00000000 	 .word 0
 180 0234 00805640 	 .word 1079410688
 181 0238 00000000 	 .word 0
 182 023c 0000F03F 	 .word 1072693248
 183 0240 00000000 	 .word 0
 184 0244 0000E03F 	 .word 1071644672
 185 0248 9A999999 	 .word -1717986918
 186 024c 9999B93F 	 .word 1069128089
 187 0250 9A999999 	 .word -1717986918
 188 0254 9999A93F 	 .word 1068079513
 189 0258 9A999999 	 .word -1717986918
 190 025c 9999A93F 	 .word 1068079513
 191 0260 9A999999 	 .word -1717986918
 192 0264 9999A93F 	 .word 1068079513
 193 0268 B81E85EB 	 .word -343597384
 194 026c 51B89E3F 	 .word 1067366481
 195 0270 00000000 	 .word 0
 196 0274 00000000 	 .word 0
 197 0278 00000000 	 .word 0
 198 027c 00000000 	 .word 0
 199 0280 B81E85EB 	 .word -343597384
 200 0284 51B89E3F 	 .word 1067366481
 201 0288 B81E85EB 	 .word -343597384
 202 028c 51B89E3F 	 .word 1067366481
 203 0290 9A999999 	 .word -1717986918
 204 0294 9999A93F 	 .word 1068079513
 205 0298 9A999999 	 .word -1717986918
 206 029c 9999D93F 	 .word 1071225241
 207 02a0 9A999999 	 .word -1717986918
 208 02a4 9999E93F 	 .word 1072273817
 209 02a8 00000000 	 .word 0
 210 02ac 0000F03F 	 .word 1072693248
 211 02b0 00000000 	 .word 0
 212 02b4 000039C0 	 .word -1070006272
 213 02b8 00000000 	 .word 0
 214 02bc 000014C0 	 .word -1072431104
 215 02c0 00000000 	 .word 0
 216 02c4 000008C0 	 .word -1073217536
 217 02c8 00000000 	 .word 0
 218 02cc 000000C0 	 .word -1073741824
 219 02d0 00000000 	 .word 0
 220 02d4 0000F0BF 	 .word -1074790400
 221 02d8 00000000 	 .word 0
 222 02dc 0000E0BF 	 .word -1075838976
 223 02e0 9A999999 	 .word -1717986918
 224 02e4 9999B9BF 	 .word -1078355559
 225 02e8 00000000 	 .word 0
 226 02ec 00000000 	 .word 0
 227 02f0 9A999999 	 .word -1717986918
 228 02f4 9999B93F 	 .word 1069128089
 229 02f8 00000000 	 .word 0
 230 02fc 0000E03F 	 .word 1071644672
 231 0300 00000000 	 .word 0
 232 0304 0000F03F 	 .word 1072693248
 233 0308 00000000 	 .word 0
 234 030c 00000040 	 .word 1073741824
 235 0310 00000000 	 .word 0
 236 0314 00001440 	 .word 1075052544
 237 0318 00000000 	 .word 0
 238 031c 00001C40 	 .word 1075576832
 239 0320 00000000 	 .word 0
 240 0324 00003940 	 .word 1077477376
 241 0328 06000000 	 .word 6
 242 032c 02000000 	 .word 2
 243 0330 00       	 .byte 0
 244 0331 01       	 .byte 1
 245 0332 00       	 .byte 0
 246 0333 00       	 .byte 0
 247 0334 01       	 .byte 1
 248 0335 01       	 .byte 1
 249 0336 00       	 .byte 0
 250 0337 00       	 .byte 0
 251 0338 01       	 .byte 1
 252 0339 00       	 .byte 0
 253 033a 01       	 .byte 1
 254 033b 01       	 .byte 1
 255 033c 00       	 .byte 0
 256 033d 00       	 .byte 0
 257 033e 00       	 .byte 0
 258 033f 00       	 .byte 0
 259              	 .text
 260              	.Letext0:
 261              	 .file 1 "c:\\dave\\dave-ide-4.4.2-64bit\\eclipse\\arm-gcc-49\\arm-none-eabi\\include\\machine\\_default_types.h"
 262              	 .file 2 "c:\\dave\\dave-ide-4.4.2-64bit\\eclipse\\arm-gcc-49\\arm-none-eabi\\include\\stdint.h"
 263              	 .file 3 "../Simulink/rtwtypes.h"
 264              	 .file 4 "../Simulink/VCU.h"
 265              	 .file 5 "C:/Users/Yoshi/Documents/GitHub/Software/01_jrg/03_VCUJR20/2021_06_17_VCU_jr20_Source/2021_06_17_VCU_jr20_Source/Libraries/CMSIS/Include/cmsis_gcc.h"
 266              	 .file 6 "C:/Users/Yoshi/Documents/GitHub/Software/01_jrg/03_VCUJR20/2021_06_17_VCU_jr20_Source/2021_06_17_VCU_jr20_Source/Libraries/CMSIS/Include/core_cm4.h"
 267              	 .file 7 "C:/Users/Yoshi/Documents/GitHub/Software/01_jrg/03_VCUJR20/2021_06_17_VCU_jr20_Source/2021_06_17_VCU_jr20_Source/Libraries/CMSIS/Infineon/XMC4500_series/Include/system_XMC4500.h"
 268              	 .file 8 "../Simulink/VCU_data.c"
DEFINED SYMBOLS
                            *ABS*:00000000 VCU_data.c
    {standard input}:24     .rodata.VCU_ConstB:00000000 VCU_ConstB
    {standard input}:21     .rodata.VCU_ConstB:00000000 $d
    {standard input}:38     .rodata.VCU_ConstP:00000000 VCU_ConstP
    {standard input}:35     .rodata.VCU_ConstP:00000000 $d

NO UNDEFINED SYMBOLS
