   1              	 .syntax unified
   2              	 .cpu cortex-m4
   3              	 .eabi_attribute 27,3
   4              	 .fpu fpv4-sp-d16
   5              	 .eabi_attribute 20,1
   6              	 .eabi_attribute 21,1
   7              	 .eabi_attribute 23,3
   8              	 .eabi_attribute 24,1
   9              	 .eabi_attribute 25,1
  10              	 .eabi_attribute 26,1
  11              	 .eabi_attribute 30,4
  12              	 .eabi_attribute 34,1
  13              	 .eabi_attribute 18,4
  14              	 .thumb
  15              	 .file "Subsystem_Safety.c"
  16              	 .global __aeabi_dcmpgt
  17              	 .section .text.FUNC_Safety,"ax",%progbits
  18              	 .align 1
  19              	 .global FUNC_Safety
  20              	 .thumb
  21              	 .thumb_func
  23              	FUNC_Safety:
  24              	 
  25              	 
  26 0000 38B5     	 push {r3,r4,r5,lr}
  27 0002 0F4C     	 ldr r4,.L4
  28 0004 94F86D37 	 ldrb r3,[r4,#1901]
  29 0008 9A1E     	 subs r2,r3,#2
  30 000a 5342     	 rsbs r3,r2,#0
  31 000c 5341     	 adcs r3,r3,r2
  32 000e 84F80838 	 strb r3,[r4,#2056]
  33 0012 04F5C763 	 add r3,r4,#1592
  34 0016 D3E90001 	 ldrd r0,[r3]
  35 001a 0022     	 movs r2,#0
  36 001c 094B     	 ldr r3,.L4+4
  37 001e FFF7FEFF 	 bl __aeabi_dcmpgt
  38 0022 4FF00105 	 mov r5,#1
  39 0026 2246     	 mov r2,r4
  40 0028 00B9     	 cbnz r0,.L2
  41 002a 0546     	 mov r5,r0
  42              	.L2:
  43 002c 84F80958 	 strb r5,[r4,#2057]
  44 0030 B2F80838 	 ldrh r3,[r2,#2056]
  45 0034 0033     	 adds r3,r3,#0
  46 0036 18BF     	 it ne
  47 0038 0123     	 movne r3,#1
  48 003a 82F80A38 	 strb r3,[r2,#2058]
  49 003e 38BD     	 pop {r3,r4,r5,pc}
  50              	.L5:
  51              	 .align 2
  52              	.L4:
  53 0040 00000000 	 .word VCU_B
  54 0044 00006940 	 .word 1080623104
  56              	 .ident "GCC: (GNU Tools for ARM Embedded Processors) 4.9.3 20141119 (release) [ARM/embedded-4_9-branch revision 218278]"
DEFINED SYMBOLS
                            *ABS*:00000000 Subsystem_Safety.c
    {standard input}:18     .text.FUNC_Safety:00000000 $t
    {standard input}:23     .text.FUNC_Safety:00000000 FUNC_Safety
    {standard input}:53     .text.FUNC_Safety:00000040 $d

UNDEFINED SYMBOLS
__aeabi_dcmpgt
VCU_B
